-- Found ament_cmake: 0.9.12 (/opt/ros/foxy/share/ament_cmake/cmake)
-- Using PYTHON_EXECUTABLE: /usr/bin/python3
-- Override CMake install command with custom implementation using symlinks instead of copying resources
-- Found ament_lint_auto: 0.9.8 (/opt/ros/foxy/share/ament_lint_auto/cmake)
-- Added test 'lint_cmake' to check CMake code style
-- Added test 'xmllint' to check XML markup files
-- Configuring done
-- Generating done
-- Build files have been written to: /home/marvin/marvin/marvin_sim_ws/build/marvin
-- Install configuration: ""
-- Execute custom install script
-- Symlinking: /home/marvin/marvin/marvin_sim_ws/install/marvin/share/ament_index/resource_index/package_run_dependencies/marvin
-- Symlinking: /home/marvin/marvin/marvin_sim_ws/install/marvin/share/ament_index/resource_index/parent_prefix_path/marvin
-- Symlinking: /home/marvin/marvin/marvin_sim_ws/install/marvin/share/marvin/environment/ament_prefix_path.sh
-- Symlinking: /home/marvin/marvin/marvin_sim_ws/install/marvin/share/marvin/environment/ament_prefix_path.dsv
-- Symlinking: /home/marvin/marvin/marvin_sim_ws/install/marvin/share/marvin/environment/path.sh
-- Symlinking: /home/marvin/marvin/marvin_sim_ws/install/marvin/share/marvin/environment/path.dsv
-- Symlinking: /home/marvin/marvin/marvin_sim_ws/install/marvin/share/marvin/local_setup.bash
-- Symlinking: /home/marvin/marvin/marvin_sim_ws/install/marvin/share/marvin/local_setup.sh
-- Symlinking: /home/marvin/marvin/marvin_sim_ws/install/marvin/share/marvin/local_setup.zsh
-- Symlinking: /home/marvin/marvin/marvin_sim_ws/install/marvin/share/marvin/local_setup.dsv
-- Symlinking: /home/marvin/marvin/marvin_sim_ws/install/marvin/share/marvin/package.dsv
-- Symlinking: /home/marvin/marvin/marvin_sim_ws/install/marvin/share/ament_index/resource_index/packages/marvin
-- Symlinking: /home/marvin/marvin/marvin_sim_ws/install/marvin/share/marvin/cmake/marvinConfig.cmake
-- Symlinking: /home/marvin/marvin/marvin_sim_ws/install/marvin/share/marvin/cmake/marvinConfig-version.cmake
-- Symlinking: /home/marvin/marvin/marvin_sim_ws/install/marvin/share/marvin/package.xml
