[0.497s] DEBUG:colcon:Command line arguments: ['/usr/bin/colcon', 'build', '--symlink-install']
[0.498s] DEBUG:colcon:Parsed command line arguments: Namespace(allow_overriding=[], ament_cmake_args=None, base_paths=['.'], build_base='build', catkin_cmake_args=None, catkin_skip_building_tests=False, cmake_args=None, cmake_clean_cache=False, cmake_clean_first=False, cmake_force_configure=False, cmake_target=None, cmake_target_skip_unavailable=False, continue_on_error=False, event_handlers=None, executor='parallel', ignore_user_meta=False, install_base='install', log_base=None, log_level=None, main=<bound method BuildVerb.main of <colcon_core.verb.build.BuildVerb object at 0x7f329e432b20>>, merge_install=False, metas=['./colcon.meta'], packages_above=None, packages_above_and_dependencies=None, packages_above_depth=None, packages_end=None, packages_ignore=None, packages_ignore_regex=None, packages_select=None, packages_select_build_failed=False, packages_select_by_dep=None, packages_select_regex=None, packages_select_test_failures=False, packages_skip=None, packages_skip_build_finished=False, packages_skip_by_dep=None, packages_skip_regex=None, packages_skip_test_passed=False, packages_skip_up_to=None, packages_start=None, packages_up_to=None, packages_up_to_regex=None, parallel_workers=6, paths=None, symlink_install=True, test_result_base=None, verb_extension=<colcon_core.verb.build.BuildVerb object at 0x7f329e432b20>, verb_name='build', verb_parser=<colcon_defaults.argument_parser.defaults.DefaultArgumentsDecorator object at 0x7f329e3bc0d0>)
[0.542s] Level 1:colcon.colcon_core.package_discovery:discover_packages(colcon_meta) check parameters
[0.542s] Level 1:colcon.colcon_core.package_discovery:discover_packages(recursive) check parameters
[0.542s] Level 1:colcon.colcon_core.package_discovery:discover_packages(ignore) check parameters
[0.542s] Level 1:colcon.colcon_core.package_discovery:discover_packages(path) check parameters
[0.542s] Level 1:colcon.colcon_core.package_discovery:discover_packages(colcon_meta) discover
[0.542s] Level 1:colcon.colcon_core.package_discovery:discover_packages(recursive) discover
[0.542s] INFO:colcon.colcon_core.package_discovery:Crawling recursively for packages in '/home/marvin/marvin/marvin_sim_ws'
[0.542s] Level 1:colcon.colcon_core.package_identification:_identify(.) by extensions ['ignore', 'ignore_ament_install']
[0.542s] Level 1:colcon.colcon_core.package_identification:_identify(.) by extension 'ignore'
[0.542s] Level 1:colcon.colcon_core.package_identification:_identify(.) by extension 'ignore_ament_install'
[0.542s] Level 1:colcon.colcon_core.package_identification:_identify(.) by extensions ['colcon_pkg']
[0.542s] Level 1:colcon.colcon_core.package_identification:_identify(.) by extension 'colcon_pkg'
[0.543s] Level 1:colcon.colcon_core.package_identification:_identify(.) by extensions ['colcon_meta']
[0.543s] Level 1:colcon.colcon_core.package_identification:_identify(.) by extension 'colcon_meta'
[0.543s] Level 1:colcon.colcon_core.package_identification:_identify(.) by extensions ['ros']
[0.543s] Level 1:colcon.colcon_core.package_identification:_identify(.) by extension 'ros'
[0.570s] Level 1:colcon.colcon_core.package_identification:_identify(.) by extensions ['cmake', 'python']
[0.570s] Level 1:colcon.colcon_core.package_identification:_identify(.) by extension 'cmake'
[0.570s] Level 1:colcon.colcon_core.package_identification:_identify(.) by extension 'python'
[0.570s] Level 1:colcon.colcon_core.package_identification:_identify(.) by extensions ['python_setup_py']
[0.570s] Level 1:colcon.colcon_core.package_identification:_identify(.) by extension 'python_setup_py'
[0.570s] Level 1:colcon.colcon_core.package_identification:_identify(build) by extensions ['ignore', 'ignore_ament_install']
[0.571s] Level 1:colcon.colcon_core.package_identification:_identify(build) by extension 'ignore'
[0.571s] Level 1:colcon.colcon_core.package_identification:_identify(build) ignored
[0.571s] Level 1:colcon.colcon_core.package_identification:_identify(install) by extensions ['ignore', 'ignore_ament_install']
[0.571s] Level 1:colcon.colcon_core.package_identification:_identify(install) by extension 'ignore'
[0.571s] Level 1:colcon.colcon_core.package_identification:_identify(install) ignored
[0.571s] Level 1:colcon.colcon_core.package_identification:_identify(log) by extensions ['ignore', 'ignore_ament_install']
[0.571s] Level 1:colcon.colcon_core.package_identification:_identify(log) by extension 'ignore'
[0.571s] Level 1:colcon.colcon_core.package_identification:_identify(log) ignored
[0.572s] Level 1:colcon.colcon_core.package_identification:_identify(src) by extensions ['ignore', 'ignore_ament_install']
[0.572s] Level 1:colcon.colcon_core.package_identification:_identify(src) by extension 'ignore'
[0.572s] Level 1:colcon.colcon_core.package_identification:_identify(src) by extension 'ignore_ament_install'
[0.572s] Level 1:colcon.colcon_core.package_identification:_identify(src) by extensions ['colcon_pkg']
[0.572s] Level 1:colcon.colcon_core.package_identification:_identify(src) by extension 'colcon_pkg'
[0.572s] Level 1:colcon.colcon_core.package_identification:_identify(src) by extensions ['colcon_meta']
[0.572s] Level 1:colcon.colcon_core.package_identification:_identify(src) by extension 'colcon_meta'
[0.572s] Level 1:colcon.colcon_core.package_identification:_identify(src) by extensions ['ros']
[0.572s] Level 1:colcon.colcon_core.package_identification:_identify(src) by extension 'ros'
[0.572s] Level 1:colcon.colcon_core.package_identification:_identify(src) by extensions ['cmake', 'python']
[0.572s] Level 1:colcon.colcon_core.package_identification:_identify(src) by extension 'cmake'
[0.572s] Level 1:colcon.colcon_core.package_identification:_identify(src) by extension 'python'
[0.572s] Level 1:colcon.colcon_core.package_identification:_identify(src) by extensions ['python_setup_py']
[0.572s] Level 1:colcon.colcon_core.package_identification:_identify(src) by extension 'python_setup_py'
[0.573s] Level 1:colcon.colcon_core.package_identification:_identify(src/marvin) by extensions ['ignore', 'ignore_ament_install']
[0.573s] Level 1:colcon.colcon_core.package_identification:_identify(src/marvin) by extension 'ignore'
[0.573s] Level 1:colcon.colcon_core.package_identification:_identify(src/marvin) by extension 'ignore_ament_install'
[0.573s] Level 1:colcon.colcon_core.package_identification:_identify(src/marvin) by extensions ['colcon_pkg']
[0.573s] Level 1:colcon.colcon_core.package_identification:_identify(src/marvin) by extension 'colcon_pkg'
[0.573s] Level 1:colcon.colcon_core.package_identification:_identify(src/marvin) by extensions ['colcon_meta']
[0.573s] Level 1:colcon.colcon_core.package_identification:_identify(src/marvin) by extension 'colcon_meta'
[0.573s] Level 1:colcon.colcon_core.package_identification:_identify(src/marvin) by extensions ['ros']
[0.573s] Level 1:colcon.colcon_core.package_identification:_identify(src/marvin) by extension 'ros'
[0.578s] DEBUG:colcon.colcon_core.package_identification:Package 'src/marvin' with type 'ros.ament_cmake' and name 'marvin'
[0.578s] Level 1:colcon.colcon_core.package_identification:_identify(src/marvin_description) by extensions ['ignore', 'ignore_ament_install']
[0.578s] Level 1:colcon.colcon_core.package_identification:_identify(src/marvin_description) by extension 'ignore'
[0.578s] Level 1:colcon.colcon_core.package_identification:_identify(src/marvin_description) by extension 'ignore_ament_install'
[0.578s] Level 1:colcon.colcon_core.package_identification:_identify(src/marvin_description) by extensions ['colcon_pkg']
[0.578s] Level 1:colcon.colcon_core.package_identification:_identify(src/marvin_description) by extension 'colcon_pkg'
[0.578s] Level 1:colcon.colcon_core.package_identification:_identify(src/marvin_description) by extensions ['colcon_meta']
[0.579s] Level 1:colcon.colcon_core.package_identification:_identify(src/marvin_description) by extension 'colcon_meta'
[0.579s] Level 1:colcon.colcon_core.package_identification:_identify(src/marvin_description) by extensions ['ros']
[0.579s] Level 1:colcon.colcon_core.package_identification:_identify(src/marvin_description) by extension 'ros'
[0.580s] DEBUG:colcon.colcon_core.package_identification:Package 'src/marvin_description' with type 'ros.ament_cmake' and name 'marvin_description'
[0.580s] Level 1:colcon.colcon_core.package_identification:_identify(src/marvin_navigation) by extensions ['ignore', 'ignore_ament_install']
[0.580s] Level 1:colcon.colcon_core.package_identification:_identify(src/marvin_navigation) by extension 'ignore'
[0.580s] Level 1:colcon.colcon_core.package_identification:_identify(src/marvin_navigation) by extension 'ignore_ament_install'
[0.580s] Level 1:colcon.colcon_core.package_identification:_identify(src/marvin_navigation) by extensions ['colcon_pkg']
[0.580s] Level 1:colcon.colcon_core.package_identification:_identify(src/marvin_navigation) by extension 'colcon_pkg'
[0.580s] Level 1:colcon.colcon_core.package_identification:_identify(src/marvin_navigation) by extensions ['colcon_meta']
[0.580s] Level 1:colcon.colcon_core.package_identification:_identify(src/marvin_navigation) by extension 'colcon_meta'
[0.580s] Level 1:colcon.colcon_core.package_identification:_identify(src/marvin_navigation) by extensions ['ros']
[0.580s] Level 1:colcon.colcon_core.package_identification:_identify(src/marvin_navigation) by extension 'ros'
[0.581s] DEBUG:colcon.colcon_core.package_identification:Package 'src/marvin_navigation' with type 'ros.ament_cmake' and name 'marvin_navigation'
[0.581s] Level 1:colcon.colcon_core.package_identification:_identify(src/marvin_sim_bringup) by extensions ['ignore', 'ignore_ament_install']
[0.582s] Level 1:colcon.colcon_core.package_identification:_identify(src/marvin_sim_bringup) by extension 'ignore'
[0.582s] Level 1:colcon.colcon_core.package_identification:_identify(src/marvin_sim_bringup) by extension 'ignore_ament_install'
[0.582s] Level 1:colcon.colcon_core.package_identification:_identify(src/marvin_sim_bringup) by extensions ['colcon_pkg']
[0.582s] Level 1:colcon.colcon_core.package_identification:_identify(src/marvin_sim_bringup) by extension 'colcon_pkg'
[0.582s] Level 1:colcon.colcon_core.package_identification:_identify(src/marvin_sim_bringup) by extensions ['colcon_meta']
[0.582s] Level 1:colcon.colcon_core.package_identification:_identify(src/marvin_sim_bringup) by extension 'colcon_meta'
[0.582s] Level 1:colcon.colcon_core.package_identification:_identify(src/marvin_sim_bringup) by extensions ['ros']
[0.582s] Level 1:colcon.colcon_core.package_identification:_identify(src/marvin_sim_bringup) by extension 'ros'
[0.583s] DEBUG:colcon.colcon_core.package_identification:Package 'src/marvin_sim_bringup' with type 'ros.ament_cmake' and name 'marvin_sim_bringup'
[0.583s] Level 1:colcon.colcon_core.package_identification:_identify(src/marvin_sim_gazebo) by extensions ['ignore', 'ignore_ament_install']
[0.583s] Level 1:colcon.colcon_core.package_identification:_identify(src/marvin_sim_gazebo) by extension 'ignore'
[0.583s] Level 1:colcon.colcon_core.package_identification:_identify(src/marvin_sim_gazebo) by extension 'ignore_ament_install'
[0.583s] Level 1:colcon.colcon_core.package_identification:_identify(src/marvin_sim_gazebo) by extensions ['colcon_pkg']
[0.583s] Level 1:colcon.colcon_core.package_identification:_identify(src/marvin_sim_gazebo) by extension 'colcon_pkg'
[0.584s] Level 1:colcon.colcon_core.package_identification:_identify(src/marvin_sim_gazebo) by extensions ['colcon_meta']
[0.584s] Level 1:colcon.colcon_core.package_identification:_identify(src/marvin_sim_gazebo) by extension 'colcon_meta'
[0.584s] Level 1:colcon.colcon_core.package_identification:_identify(src/marvin_sim_gazebo) by extensions ['ros']
[0.584s] Level 1:colcon.colcon_core.package_identification:_identify(src/marvin_sim_gazebo) by extension 'ros'
[0.584s] DEBUG:colcon.colcon_core.package_identification:Package 'src/marvin_sim_gazebo' with type 'ros.ament_cmake' and name 'marvin_sim_gazebo'
[0.585s] Level 1:colcon.colcon_core.package_discovery:discover_packages(recursive) using defaults
[0.585s] Level 1:colcon.colcon_core.package_discovery:discover_packages(ignore) discover
[0.585s] Level 1:colcon.colcon_core.package_discovery:discover_packages(ignore) using defaults
[0.585s] Level 1:colcon.colcon_core.package_discovery:discover_packages(path) discover
[0.585s] Level 1:colcon.colcon_core.package_discovery:discover_packages(path) using defaults
[0.639s] Level 1:colcon.colcon_core.package_discovery:discover_packages(prefix_path) check parameters
[0.639s] Level 1:colcon.colcon_core.package_discovery:discover_packages(prefix_path) discover
[0.645s] DEBUG:colcon.colcon_installed_package_information.package_discovery:Found 311 installed packages in /opt/ros/foxy
[0.648s] Level 1:colcon.colcon_core.package_discovery:discover_packages(prefix_path) using defaults
[0.750s] Level 5:colcon.colcon_core.verb:set package 'marvin' build argument 'cmake_args' from command line to 'None'
[0.751s] Level 5:colcon.colcon_core.verb:set package 'marvin' build argument 'cmake_target' from command line to 'None'
[0.751s] Level 5:colcon.colcon_core.verb:set package 'marvin' build argument 'cmake_target_skip_unavailable' from command line to 'False'
[0.751s] Level 5:colcon.colcon_core.verb:set package 'marvin' build argument 'cmake_clean_cache' from command line to 'False'
[0.751s] Level 5:colcon.colcon_core.verb:set package 'marvin' build argument 'cmake_clean_first' from command line to 'False'
[0.751s] Level 5:colcon.colcon_core.verb:set package 'marvin' build argument 'cmake_force_configure' from command line to 'False'
[0.751s] Level 5:colcon.colcon_core.verb:set package 'marvin' build argument 'ament_cmake_args' from command line to 'None'
[0.751s] Level 5:colcon.colcon_core.verb:set package 'marvin' build argument 'catkin_cmake_args' from command line to 'None'
[0.751s] Level 5:colcon.colcon_core.verb:set package 'marvin' build argument 'catkin_skip_building_tests' from command line to 'False'
[0.751s] DEBUG:colcon.colcon_core.verb:Building package 'marvin' with the following arguments: {'ament_cmake_args': None, 'build_base': '/home/marvin/marvin/marvin_sim_ws/build/marvin', 'catkin_cmake_args': None, 'catkin_skip_building_tests': False, 'cmake_args': None, 'cmake_clean_cache': False, 'cmake_clean_first': False, 'cmake_force_configure': False, 'cmake_target': None, 'cmake_target_skip_unavailable': False, 'install_base': '/home/marvin/marvin/marvin_sim_ws/install/marvin', 'merge_install': False, 'path': '/home/marvin/marvin/marvin_sim_ws/src/marvin', 'symlink_install': True, 'test_result_base': None}
[0.752s] Level 5:colcon.colcon_core.verb:set package 'marvin_description' build argument 'cmake_args' from command line to 'None'
[0.752s] Level 5:colcon.colcon_core.verb:set package 'marvin_description' build argument 'cmake_target' from command line to 'None'
[0.752s] Level 5:colcon.colcon_core.verb:set package 'marvin_description' build argument 'cmake_target_skip_unavailable' from command line to 'False'
[0.752s] Level 5:colcon.colcon_core.verb:set package 'marvin_description' build argument 'cmake_clean_cache' from command line to 'False'
[0.752s] Level 5:colcon.colcon_core.verb:set package 'marvin_description' build argument 'cmake_clean_first' from command line to 'False'
[0.752s] Level 5:colcon.colcon_core.verb:set package 'marvin_description' build argument 'cmake_force_configure' from command line to 'False'
[0.752s] Level 5:colcon.colcon_core.verb:set package 'marvin_description' build argument 'ament_cmake_args' from command line to 'None'
[0.752s] Level 5:colcon.colcon_core.verb:set package 'marvin_description' build argument 'catkin_cmake_args' from command line to 'None'
[0.752s] Level 5:colcon.colcon_core.verb:set package 'marvin_description' build argument 'catkin_skip_building_tests' from command line to 'False'
[0.752s] DEBUG:colcon.colcon_core.verb:Building package 'marvin_description' with the following arguments: {'ament_cmake_args': None, 'build_base': '/home/marvin/marvin/marvin_sim_ws/build/marvin_description', 'catkin_cmake_args': None, 'catkin_skip_building_tests': False, 'cmake_args': None, 'cmake_clean_cache': False, 'cmake_clean_first': False, 'cmake_force_configure': False, 'cmake_target': None, 'cmake_target_skip_unavailable': False, 'install_base': '/home/marvin/marvin/marvin_sim_ws/install/marvin_description', 'merge_install': False, 'path': '/home/marvin/marvin/marvin_sim_ws/src/marvin_description', 'symlink_install': True, 'test_result_base': None}
[0.753s] Level 5:colcon.colcon_core.verb:set package 'marvin_navigation' build argument 'cmake_args' from command line to 'None'
[0.753s] Level 5:colcon.colcon_core.verb:set package 'marvin_navigation' build argument 'cmake_target' from command line to 'None'
[0.753s] Level 5:colcon.colcon_core.verb:set package 'marvin_navigation' build argument 'cmake_target_skip_unavailable' from command line to 'False'
[0.753s] Level 5:colcon.colcon_core.verb:set package 'marvin_navigation' build argument 'cmake_clean_cache' from command line to 'False'
[0.753s] Level 5:colcon.colcon_core.verb:set package 'marvin_navigation' build argument 'cmake_clean_first' from command line to 'False'
[0.753s] Level 5:colcon.colcon_core.verb:set package 'marvin_navigation' build argument 'cmake_force_configure' from command line to 'False'
[0.753s] Level 5:colcon.colcon_core.verb:set package 'marvin_navigation' build argument 'ament_cmake_args' from command line to 'None'
[0.753s] Level 5:colcon.colcon_core.verb:set package 'marvin_navigation' build argument 'catkin_cmake_args' from command line to 'None'
[0.753s] Level 5:colcon.colcon_core.verb:set package 'marvin_navigation' build argument 'catkin_skip_building_tests' from command line to 'False'
[0.753s] DEBUG:colcon.colcon_core.verb:Building package 'marvin_navigation' with the following arguments: {'ament_cmake_args': None, 'build_base': '/home/marvin/marvin/marvin_sim_ws/build/marvin_navigation', 'catkin_cmake_args': None, 'catkin_skip_building_tests': False, 'cmake_args': None, 'cmake_clean_cache': False, 'cmake_clean_first': False, 'cmake_force_configure': False, 'cmake_target': None, 'cmake_target_skip_unavailable': False, 'install_base': '/home/marvin/marvin/marvin_sim_ws/install/marvin_navigation', 'merge_install': False, 'path': '/home/marvin/marvin/marvin_sim_ws/src/marvin_navigation', 'symlink_install': True, 'test_result_base': None}
[0.754s] Level 5:colcon.colcon_core.verb:set package 'marvin_sim_bringup' build argument 'cmake_args' from command line to 'None'
[0.754s] Level 5:colcon.colcon_core.verb:set package 'marvin_sim_bringup' build argument 'cmake_target' from command line to 'None'
[0.754s] Level 5:colcon.colcon_core.verb:set package 'marvin_sim_bringup' build argument 'cmake_target_skip_unavailable' from command line to 'False'
[0.754s] Level 5:colcon.colcon_core.verb:set package 'marvin_sim_bringup' build argument 'cmake_clean_cache' from command line to 'False'
[0.754s] Level 5:colcon.colcon_core.verb:set package 'marvin_sim_bringup' build argument 'cmake_clean_first' from command line to 'False'
[0.754s] Level 5:colcon.colcon_core.verb:set package 'marvin_sim_bringup' build argument 'cmake_force_configure' from command line to 'False'
[0.754s] Level 5:colcon.colcon_core.verb:set package 'marvin_sim_bringup' build argument 'ament_cmake_args' from command line to 'None'
[0.754s] Level 5:colcon.colcon_core.verb:set package 'marvin_sim_bringup' build argument 'catkin_cmake_args' from command line to 'None'
[0.754s] Level 5:colcon.colcon_core.verb:set package 'marvin_sim_bringup' build argument 'catkin_skip_building_tests' from command line to 'False'
[0.754s] DEBUG:colcon.colcon_core.verb:Building package 'marvin_sim_bringup' with the following arguments: {'ament_cmake_args': None, 'build_base': '/home/marvin/marvin/marvin_sim_ws/build/marvin_sim_bringup', 'catkin_cmake_args': None, 'catkin_skip_building_tests': False, 'cmake_args': None, 'cmake_clean_cache': False, 'cmake_clean_first': False, 'cmake_force_configure': False, 'cmake_target': None, 'cmake_target_skip_unavailable': False, 'install_base': '/home/marvin/marvin/marvin_sim_ws/install/marvin_sim_bringup', 'merge_install': False, 'path': '/home/marvin/marvin/marvin_sim_ws/src/marvin_sim_bringup', 'symlink_install': True, 'test_result_base': None}
[0.756s] Level 5:colcon.colcon_core.verb:set package 'marvin_sim_gazebo' build argument 'cmake_args' from command line to 'None'
[0.756s] Level 5:colcon.colcon_core.verb:set package 'marvin_sim_gazebo' build argument 'cmake_target' from command line to 'None'
[0.756s] Level 5:colcon.colcon_core.verb:set package 'marvin_sim_gazebo' build argument 'cmake_target_skip_unavailable' from command line to 'False'
[0.756s] Level 5:colcon.colcon_core.verb:set package 'marvin_sim_gazebo' build argument 'cmake_clean_cache' from command line to 'False'
[0.756s] Level 5:colcon.colcon_core.verb:set package 'marvin_sim_gazebo' build argument 'cmake_clean_first' from command line to 'False'
[0.756s] Level 5:colcon.colcon_core.verb:set package 'marvin_sim_gazebo' build argument 'cmake_force_configure' from command line to 'False'
[0.756s] Level 5:colcon.colcon_core.verb:set package 'marvin_sim_gazebo' build argument 'ament_cmake_args' from command line to 'None'
[0.756s] Level 5:colcon.colcon_core.verb:set package 'marvin_sim_gazebo' build argument 'catkin_cmake_args' from command line to 'None'
[0.756s] Level 5:colcon.colcon_core.verb:set package 'marvin_sim_gazebo' build argument 'catkin_skip_building_tests' from command line to 'False'
[0.756s] DEBUG:colcon.colcon_core.verb:Building package 'marvin_sim_gazebo' with the following arguments: {'ament_cmake_args': None, 'build_base': '/home/marvin/marvin/marvin_sim_ws/build/marvin_sim_gazebo', 'catkin_cmake_args': None, 'catkin_skip_building_tests': False, 'cmake_args': None, 'cmake_clean_cache': False, 'cmake_clean_first': False, 'cmake_force_configure': False, 'cmake_target': None, 'cmake_target_skip_unavailable': False, 'install_base': '/home/marvin/marvin/marvin_sim_ws/install/marvin_sim_gazebo', 'merge_install': False, 'path': '/home/marvin/marvin/marvin_sim_ws/src/marvin_sim_gazebo', 'symlink_install': True, 'test_result_base': None}
[0.756s] INFO:colcon.colcon_core.executor:Executing jobs using 'parallel' executor
[0.760s] DEBUG:colcon.colcon_parallel_executor.executor.parallel:run_until_complete
[0.760s] INFO:colcon.colcon_ros.task.ament_cmake.build:Building ROS package in '/home/marvin/marvin/marvin_sim_ws/src/marvin' with build type 'ament_cmake'
[0.760s] INFO:colcon.colcon_cmake.task.cmake.build:Building CMake package in '/home/marvin/marvin/marvin_sim_ws/src/marvin'
[0.769s] INFO:colcon.colcon_core.plugin_system:Skipping extension 'colcon_core.shell.bat': Not used on non-Windows systems
[0.769s] INFO:colcon.colcon_core.shell:Skip shell extension 'powershell' for command environment: Not usable outside of PowerShell
[0.770s] DEBUG:colcon.colcon_core.shell:Skip shell extension 'dsv' for command environment
[0.775s] INFO:colcon.colcon_ros.task.ament_cmake.build:Building ROS package in '/home/marvin/marvin/marvin_sim_ws/src/marvin_description' with build type 'ament_cmake'
[0.775s] INFO:colcon.colcon_cmake.task.cmake.build:Building CMake package in '/home/marvin/marvin/marvin_sim_ws/src/marvin_description'
[0.780s] INFO:colcon.colcon_core.shell:Skip shell extension 'powershell' for command environment: Not usable outside of PowerShell
[0.780s] DEBUG:colcon.colcon_core.shell:Skip shell extension 'dsv' for command environment
[0.787s] INFO:colcon.colcon_ros.task.ament_cmake.build:Building ROS package in '/home/marvin/marvin/marvin_sim_ws/src/marvin_navigation' with build type 'ament_cmake'
[0.788s] INFO:colcon.colcon_cmake.task.cmake.build:Building CMake package in '/home/marvin/marvin/marvin_sim_ws/src/marvin_navigation'
[0.790s] INFO:colcon.colcon_core.shell:Skip shell extension 'powershell' for command environment: Not usable outside of PowerShell
[0.790s] DEBUG:colcon.colcon_core.shell:Skip shell extension 'dsv' for command environment
[0.796s] INFO:colcon.colcon_ros.task.ament_cmake.build:Building ROS package in '/home/marvin/marvin/marvin_sim_ws/src/marvin_sim_bringup' with build type 'ament_cmake'
[0.797s] INFO:colcon.colcon_cmake.task.cmake.build:Building CMake package in '/home/marvin/marvin/marvin_sim_ws/src/marvin_sim_bringup'
[0.798s] INFO:colcon.colcon_core.shell:Skip shell extension 'powershell' for command environment: Not usable outside of PowerShell
[0.799s] DEBUG:colcon.colcon_core.shell:Skip shell extension 'dsv' for command environment
[0.804s] INFO:colcon.colcon_ros.task.ament_cmake.build:Building ROS package in '/home/marvin/marvin/marvin_sim_ws/src/marvin_sim_gazebo' with build type 'ament_cmake'
[0.805s] INFO:colcon.colcon_cmake.task.cmake.build:Building CMake package in '/home/marvin/marvin/marvin_sim_ws/src/marvin_sim_gazebo'
[0.806s] INFO:colcon.colcon_core.shell:Skip shell extension 'powershell' for command environment: Not usable outside of PowerShell
[0.806s] DEBUG:colcon.colcon_core.shell:Skip shell extension 'dsv' for command environment
[0.822s] DEBUG:colcon.colcon_core.event_handler.log_command:Invoking command in '/home/marvin/marvin/marvin_sim_ws/build/marvin': CMAKE_PREFIX_PATH=/opt/ros/foxy /usr/bin/cmake --build /home/marvin/marvin/marvin_sim_ws/build/marvin -- -j6 -l6
[0.840s] DEBUG:colcon.colcon_core.event_handler.log_command:Invoking command in '/home/marvin/marvin/marvin_sim_ws/build/marvin_description': CMAKE_PREFIX_PATH=/opt/ros/foxy /usr/bin/cmake --build /home/marvin/marvin/marvin_sim_ws/build/marvin_description -- -j6 -l6
[0.847s] DEBUG:colcon.colcon_core.event_handler.log_command:Invoking command in '/home/marvin/marvin/marvin_sim_ws/build/marvin_navigation': CMAKE_PREFIX_PATH=/opt/ros/foxy /usr/bin/cmake --build /home/marvin/marvin/marvin_sim_ws/build/marvin_navigation -- -j6 -l6
[0.858s] DEBUG:colcon.colcon_core.event_handler.log_command:Invoking command in '/home/marvin/marvin/marvin_sim_ws/build/marvin_sim_bringup': CMAKE_PREFIX_PATH=/opt/ros/foxy /usr/bin/cmake --build /home/marvin/marvin/marvin_sim_ws/build/marvin_sim_bringup -- -j6 -l6
[0.864s] DEBUG:colcon.colcon_core.event_handler.log_command:Invoking command in '/home/marvin/marvin/marvin_sim_ws/build/marvin_sim_gazebo': CMAKE_PREFIX_PATH=/opt/ros/foxy /usr/bin/cmake --build /home/marvin/marvin/marvin_sim_ws/build/marvin_sim_gazebo -- -j6 -l6
[0.928s] DEBUG:colcon.colcon_core.event_handler.log_command:Invoked command in '/home/marvin/marvin/marvin_sim_ws/build/marvin' returned '0': CMAKE_PREFIX_PATH=/opt/ros/foxy /usr/bin/cmake --build /home/marvin/marvin/marvin_sim_ws/build/marvin -- -j6 -l6
[0.933s] DEBUG:colcon.colcon_core.event_handler.log_command:Invoked command in '/home/marvin/marvin/marvin_sim_ws/build/marvin_description' returned '0': CMAKE_PREFIX_PATH=/opt/ros/foxy /usr/bin/cmake --build /home/marvin/marvin/marvin_sim_ws/build/marvin_description -- -j6 -l6
[0.948s] DEBUG:colcon.colcon_core.event_handler.log_command:Invoked command in '/home/marvin/marvin/marvin_sim_ws/build/marvin_navigation' returned '0': CMAKE_PREFIX_PATH=/opt/ros/foxy /usr/bin/cmake --build /home/marvin/marvin/marvin_sim_ws/build/marvin_navigation -- -j6 -l6
[0.951s] DEBUG:colcon.colcon_core.event_handler.log_command:Invoked command in '/home/marvin/marvin/marvin_sim_ws/build/marvin_sim_bringup' returned '0': CMAKE_PREFIX_PATH=/opt/ros/foxy /usr/bin/cmake --build /home/marvin/marvin/marvin_sim_ws/build/marvin_sim_bringup -- -j6 -l6
[0.958s] DEBUG:colcon.colcon_core.event_handler.log_command:Invoked command in '/home/marvin/marvin/marvin_sim_ws/build/marvin_sim_gazebo' returned '0': CMAKE_PREFIX_PATH=/opt/ros/foxy /usr/bin/cmake --build /home/marvin/marvin/marvin_sim_ws/build/marvin_sim_gazebo -- -j6 -l6
[0.984s] DEBUG:colcon.colcon_core.event_handler.log_command:Invoking command in '/home/marvin/marvin/marvin_sim_ws/build/marvin': CMAKE_PREFIX_PATH=/opt/ros/foxy /usr/bin/cmake --install /home/marvin/marvin/marvin_sim_ws/build/marvin
[0.989s] DEBUG:colcon.colcon_core.event_handler.log_command:Invoking command in '/home/marvin/marvin/marvin_sim_ws/build/marvin_description': CMAKE_PREFIX_PATH=/opt/ros/foxy /usr/bin/cmake --install /home/marvin/marvin/marvin_sim_ws/build/marvin_description
[0.996s] DEBUG:colcon.colcon_core.event_handler.log_command:Invoking command in '/home/marvin/marvin/marvin_sim_ws/build/marvin_navigation': CMAKE_PREFIX_PATH=/opt/ros/foxy /usr/bin/cmake --install /home/marvin/marvin/marvin_sim_ws/build/marvin_navigation
[1.002s] DEBUG:colcon.colcon_core.event_handler.log_command:Invoking command in '/home/marvin/marvin/marvin_sim_ws/build/marvin_sim_bringup': CMAKE_PREFIX_PATH=/opt/ros/foxy /usr/bin/cmake --install /home/marvin/marvin/marvin_sim_ws/build/marvin_sim_bringup
[1.010s] DEBUG:colcon.colcon_core.event_handler.log_command:Invoking command in '/home/marvin/marvin/marvin_sim_ws/build/marvin_sim_gazebo': CMAKE_PREFIX_PATH=/opt/ros/foxy /usr/bin/cmake --install /home/marvin/marvin/marvin_sim_ws/build/marvin_sim_gazebo
[1.038s] Level 1:colcon.colcon_core.environment:create_environment_scripts_only(marvin)
[1.042s] DEBUG:colcon.colcon_core.event_handler.log_command:Invoked command in '/home/marvin/marvin/marvin_sim_ws/build/marvin' returned '0': CMAKE_PREFIX_PATH=/opt/ros/foxy /usr/bin/cmake --install /home/marvin/marvin/marvin_sim_ws/build/marvin
[1.060s] Level 1:colcon.colcon_core.environment:checking '/home/marvin/marvin/marvin_sim_ws/install/marvin' for CMake module files
[1.062s] Level 1:colcon.colcon_core.environment:checking '/home/marvin/marvin/marvin_sim_ws/install/marvin' for CMake config files
[1.063s] Level 1:colcon.colcon_core.shell:create_environment_hook('marvin', 'cmake_prefix_path')
[1.065s] INFO:colcon.colcon_core.shell:Creating environment hook '/home/marvin/marvin/marvin_sim_ws/install/marvin/share/marvin/hook/cmake_prefix_path.ps1'
[1.067s] INFO:colcon.colcon_core.shell:Creating environment descriptor '/home/marvin/marvin/marvin_sim_ws/install/marvin/share/marvin/hook/cmake_prefix_path.dsv'
[1.069s] INFO:colcon.colcon_core.shell:Creating environment hook '/home/marvin/marvin/marvin_sim_ws/install/marvin/share/marvin/hook/cmake_prefix_path.sh'
[1.071s] Level 1:colcon.colcon_core.environment:checking '/home/marvin/marvin/marvin_sim_ws/install/marvin/bin'
[1.071s] Level 1:colcon.colcon_core.environment:checking '/home/marvin/marvin/marvin_sim_ws/install/marvin/lib/pkgconfig/marvin.pc'
[1.072s] Level 1:colcon.colcon_core.environment:checking '/home/marvin/marvin/marvin_sim_ws/install/marvin/lib/python3.8/site-packages'
[1.072s] Level 1:colcon.colcon_core.environment:checking '/home/marvin/marvin/marvin_sim_ws/install/marvin/bin'
[1.074s] INFO:colcon.colcon_core.shell:Creating package script '/home/marvin/marvin/marvin_sim_ws/install/marvin/share/marvin/package.ps1'
[1.075s] INFO:colcon.colcon_core.shell:Creating package descriptor '/home/marvin/marvin/marvin_sim_ws/install/marvin/share/marvin/package.dsv'
[1.077s] INFO:colcon.colcon_core.shell:Creating package script '/home/marvin/marvin/marvin_sim_ws/install/marvin/share/marvin/package.sh'
[1.078s] INFO:colcon.colcon_core.shell:Creating package script '/home/marvin/marvin/marvin_sim_ws/install/marvin/share/marvin/package.bash'
[1.079s] INFO:colcon.colcon_core.shell:Creating package script '/home/marvin/marvin/marvin_sim_ws/install/marvin/share/marvin/package.zsh'
[1.080s] Level 1:colcon.colcon_core.environment:create_file_with_runtime_dependencies(/home/marvin/marvin/marvin_sim_ws/install/marvin/share/colcon-core/packages/marvin)
[1.086s] Level 1:colcon.colcon_core.environment:create_environment_scripts_only(marvin_navigation)
[1.089s] Level 1:colcon.colcon_core.environment:checking '/home/marvin/marvin/marvin_sim_ws/install/marvin_navigation' for CMake module files
[1.091s] DEBUG:colcon.colcon_core.event_handler.log_command:Invoked command in '/home/marvin/marvin/marvin_sim_ws/build/marvin_navigation' returned '0': CMAKE_PREFIX_PATH=/opt/ros/foxy /usr/bin/cmake --install /home/marvin/marvin/marvin_sim_ws/build/marvin_navigation
[1.092s] Level 1:colcon.colcon_core.environment:checking '/home/marvin/marvin/marvin_sim_ws/install/marvin_navigation' for CMake config files
[1.093s] Level 1:colcon.colcon_core.shell:create_environment_hook('marvin_navigation', 'cmake_prefix_path')
[1.095s] INFO:colcon.colcon_core.shell:Creating environment hook '/home/marvin/marvin/marvin_sim_ws/install/marvin_navigation/share/marvin_navigation/hook/cmake_prefix_path.ps1'
[1.096s] INFO:colcon.colcon_core.shell:Creating environment descriptor '/home/marvin/marvin/marvin_sim_ws/install/marvin_navigation/share/marvin_navigation/hook/cmake_prefix_path.dsv'
[1.096s] INFO:colcon.colcon_core.shell:Creating environment hook '/home/marvin/marvin/marvin_sim_ws/install/marvin_navigation/share/marvin_navigation/hook/cmake_prefix_path.sh'
[1.097s] Level 1:colcon.colcon_core.environment:checking '/home/marvin/marvin/marvin_sim_ws/install/marvin_navigation/bin'
[1.098s] Level 1:colcon.colcon_core.environment:checking '/home/marvin/marvin/marvin_sim_ws/install/marvin_navigation/lib/pkgconfig/marvin_navigation.pc'
[1.098s] Level 1:colcon.colcon_core.environment:checking '/home/marvin/marvin/marvin_sim_ws/install/marvin_navigation/lib/python3.8/site-packages'
[1.098s] Level 1:colcon.colcon_core.environment:checking '/home/marvin/marvin/marvin_sim_ws/install/marvin_navigation/bin'
[1.103s] INFO:colcon.colcon_core.shell:Creating package script '/home/marvin/marvin/marvin_sim_ws/install/marvin_navigation/share/marvin_navigation/package.ps1'
[1.103s] INFO:colcon.colcon_core.shell:Creating package descriptor '/home/marvin/marvin/marvin_sim_ws/install/marvin_navigation/share/marvin_navigation/package.dsv'
[1.104s] INFO:colcon.colcon_core.shell:Creating package script '/home/marvin/marvin/marvin_sim_ws/install/marvin_navigation/share/marvin_navigation/package.sh'
[1.104s] INFO:colcon.colcon_core.shell:Creating package script '/home/marvin/marvin/marvin_sim_ws/install/marvin_navigation/share/marvin_navigation/package.bash'
[1.105s] INFO:colcon.colcon_core.shell:Creating package script '/home/marvin/marvin/marvin_sim_ws/install/marvin_navigation/share/marvin_navigation/package.zsh'
[1.105s] Level 1:colcon.colcon_core.environment:create_file_with_runtime_dependencies(/home/marvin/marvin/marvin_sim_ws/install/marvin_navigation/share/colcon-core/packages/marvin_navigation)
[1.110s] Level 1:colcon.colcon_core.environment:create_environment_scripts_only(marvin_sim_bringup)
[1.113s] Level 1:colcon.colcon_core.environment:checking '/home/marvin/marvin/marvin_sim_ws/install/marvin_sim_bringup' for CMake module files
[1.117s] DEBUG:colcon.colcon_core.event_handler.log_command:Invoked command in '/home/marvin/marvin/marvin_sim_ws/build/marvin_sim_bringup' returned '0': CMAKE_PREFIX_PATH=/opt/ros/foxy /usr/bin/cmake --install /home/marvin/marvin/marvin_sim_ws/build/marvin_sim_bringup
[1.118s] Level 1:colcon.colcon_core.environment:checking '/home/marvin/marvin/marvin_sim_ws/install/marvin_sim_bringup' for CMake config files
[1.119s] Level 1:colcon.colcon_core.shell:create_environment_hook('marvin_sim_bringup', 'cmake_prefix_path')
[1.121s] INFO:colcon.colcon_core.shell:Creating environment hook '/home/marvin/marvin/marvin_sim_ws/install/marvin_sim_bringup/share/marvin_sim_bringup/hook/cmake_prefix_path.ps1'
[1.122s] INFO:colcon.colcon_core.shell:Creating environment descriptor '/home/marvin/marvin/marvin_sim_ws/install/marvin_sim_bringup/share/marvin_sim_bringup/hook/cmake_prefix_path.dsv'
[1.122s] INFO:colcon.colcon_core.shell:Creating environment hook '/home/marvin/marvin/marvin_sim_ws/install/marvin_sim_bringup/share/marvin_sim_bringup/hook/cmake_prefix_path.sh'
[1.123s] Level 1:colcon.colcon_core.environment:checking '/home/marvin/marvin/marvin_sim_ws/install/marvin_sim_bringup/bin'
[1.123s] Level 1:colcon.colcon_core.environment:checking '/home/marvin/marvin/marvin_sim_ws/install/marvin_sim_bringup/lib/pkgconfig/marvin_sim_bringup.pc'
[1.123s] Level 1:colcon.colcon_core.environment:checking '/home/marvin/marvin/marvin_sim_ws/install/marvin_sim_bringup/lib/python3.8/site-packages'
[1.124s] Level 1:colcon.colcon_core.environment:checking '/home/marvin/marvin/marvin_sim_ws/install/marvin_sim_bringup/bin'
[1.126s] INFO:colcon.colcon_core.shell:Creating package script '/home/marvin/marvin/marvin_sim_ws/install/marvin_sim_bringup/share/marvin_sim_bringup/package.ps1'
[1.126s] INFO:colcon.colcon_core.shell:Creating package descriptor '/home/marvin/marvin/marvin_sim_ws/install/marvin_sim_bringup/share/marvin_sim_bringup/package.dsv'
[1.127s] INFO:colcon.colcon_core.shell:Creating package script '/home/marvin/marvin/marvin_sim_ws/install/marvin_sim_bringup/share/marvin_sim_bringup/package.sh'
[1.127s] INFO:colcon.colcon_core.shell:Creating package script '/home/marvin/marvin/marvin_sim_ws/install/marvin_sim_bringup/share/marvin_sim_bringup/package.bash'
[1.128s] INFO:colcon.colcon_core.shell:Creating package script '/home/marvin/marvin/marvin_sim_ws/install/marvin_sim_bringup/share/marvin_sim_bringup/package.zsh'
[1.128s] Level 1:colcon.colcon_core.environment:create_file_with_runtime_dependencies(/home/marvin/marvin/marvin_sim_ws/install/marvin_sim_bringup/share/colcon-core/packages/marvin_sim_bringup)
[1.132s] Level 1:colcon.colcon_core.environment:create_environment_scripts_only(marvin_description)
[1.135s] Level 1:colcon.colcon_core.environment:checking '/home/marvin/marvin/marvin_sim_ws/install/marvin_description' for CMake module files
[1.136s] DEBUG:colcon.colcon_core.event_handler.log_command:Invoked command in '/home/marvin/marvin/marvin_sim_ws/build/marvin_description' returned '0': CMAKE_PREFIX_PATH=/opt/ros/foxy /usr/bin/cmake --install /home/marvin/marvin/marvin_sim_ws/build/marvin_description
[1.137s] Level 1:colcon.colcon_core.environment:checking '/home/marvin/marvin/marvin_sim_ws/install/marvin_description' for CMake config files
[1.138s] Level 1:colcon.colcon_core.shell:create_environment_hook('marvin_description', 'cmake_prefix_path')
[1.139s] INFO:colcon.colcon_core.shell:Creating environment hook '/home/marvin/marvin/marvin_sim_ws/install/marvin_description/share/marvin_description/hook/cmake_prefix_path.ps1'
[1.140s] INFO:colcon.colcon_core.shell:Creating environment descriptor '/home/marvin/marvin/marvin_sim_ws/install/marvin_description/share/marvin_description/hook/cmake_prefix_path.dsv'
[1.141s] INFO:colcon.colcon_core.shell:Creating environment hook '/home/marvin/marvin/marvin_sim_ws/install/marvin_description/share/marvin_description/hook/cmake_prefix_path.sh'
[1.141s] Level 1:colcon.colcon_core.environment:checking '/home/marvin/marvin/marvin_sim_ws/install/marvin_description/bin'
[1.142s] Level 1:colcon.colcon_core.environment:checking '/home/marvin/marvin/marvin_sim_ws/install/marvin_description/lib/pkgconfig/marvin_description.pc'
[1.142s] Level 1:colcon.colcon_core.environment:checking '/home/marvin/marvin/marvin_sim_ws/install/marvin_description/lib/python3.8/site-packages'
[1.142s] Level 1:colcon.colcon_core.environment:checking '/home/marvin/marvin/marvin_sim_ws/install/marvin_description/bin'
[1.144s] INFO:colcon.colcon_core.shell:Creating package script '/home/marvin/marvin/marvin_sim_ws/install/marvin_description/share/marvin_description/package.ps1'
[1.144s] INFO:colcon.colcon_core.shell:Creating package descriptor '/home/marvin/marvin/marvin_sim_ws/install/marvin_description/share/marvin_description/package.dsv'
[1.145s] INFO:colcon.colcon_core.shell:Creating package script '/home/marvin/marvin/marvin_sim_ws/install/marvin_description/share/marvin_description/package.sh'
[1.145s] INFO:colcon.colcon_core.shell:Creating package script '/home/marvin/marvin/marvin_sim_ws/install/marvin_description/share/marvin_description/package.bash'
[1.146s] INFO:colcon.colcon_core.shell:Creating package script '/home/marvin/marvin/marvin_sim_ws/install/marvin_description/share/marvin_description/package.zsh'
[1.146s] Level 1:colcon.colcon_core.environment:create_file_with_runtime_dependencies(/home/marvin/marvin/marvin_sim_ws/install/marvin_description/share/colcon-core/packages/marvin_description)
[1.155s] Level 1:colcon.colcon_core.environment:create_environment_scripts_only(marvin)
[1.157s] Level 1:colcon.colcon_core.environment:checking '/home/marvin/marvin/marvin_sim_ws/install/marvin' for CMake module files
[1.158s] Level 1:colcon.colcon_core.environment:checking '/home/marvin/marvin/marvin_sim_ws/install/marvin' for CMake config files
[1.159s] Level 1:colcon.colcon_core.shell:create_environment_hook('marvin', 'cmake_prefix_path')
[1.161s] INFO:colcon.colcon_core.shell:Creating environment hook '/home/marvin/marvin/marvin_sim_ws/install/marvin/share/marvin/hook/cmake_prefix_path.ps1'
[1.162s] INFO:colcon.colcon_core.shell:Creating environment descriptor '/home/marvin/marvin/marvin_sim_ws/install/marvin/share/marvin/hook/cmake_prefix_path.dsv'
[1.162s] INFO:colcon.colcon_core.shell:Creating environment hook '/home/marvin/marvin/marvin_sim_ws/install/marvin/share/marvin/hook/cmake_prefix_path.sh'
[1.163s] Level 1:colcon.colcon_core.environment:checking '/home/marvin/marvin/marvin_sim_ws/install/marvin/bin'
[1.164s] Level 1:colcon.colcon_core.environment:checking '/home/marvin/marvin/marvin_sim_ws/install/marvin/lib/pkgconfig/marvin.pc'
[1.164s] Level 1:colcon.colcon_core.environment:checking '/home/marvin/marvin/marvin_sim_ws/install/marvin/lib/python3.8/site-packages'
[1.165s] Level 1:colcon.colcon_core.environment:checking '/home/marvin/marvin/marvin_sim_ws/install/marvin/bin'
[1.167s] INFO:colcon.colcon_core.shell:Creating package script '/home/marvin/marvin/marvin_sim_ws/install/marvin/share/marvin/package.ps1'
[1.168s] INFO:colcon.colcon_core.shell:Creating package descriptor '/home/marvin/marvin/marvin_sim_ws/install/marvin/share/marvin/package.dsv'
[1.169s] INFO:colcon.colcon_core.shell:Creating package script '/home/marvin/marvin/marvin_sim_ws/install/marvin/share/marvin/package.sh'
[1.169s] INFO:colcon.colcon_core.shell:Creating package script '/home/marvin/marvin/marvin_sim_ws/install/marvin/share/marvin/package.bash'
[1.170s] INFO:colcon.colcon_core.shell:Creating package script '/home/marvin/marvin/marvin_sim_ws/install/marvin/share/marvin/package.zsh'
[1.170s] Level 1:colcon.colcon_core.environment:create_file_with_runtime_dependencies(/home/marvin/marvin/marvin_sim_ws/install/marvin/share/colcon-core/packages/marvin)
[1.172s] Level 1:colcon.colcon_core.environment:create_environment_scripts_only(marvin_navigation)
[1.174s] Level 1:colcon.colcon_core.environment:checking '/home/marvin/marvin/marvin_sim_ws/install/marvin_navigation' for CMake module files
[1.176s] Level 1:colcon.colcon_core.environment:checking '/home/marvin/marvin/marvin_sim_ws/install/marvin_navigation' for CMake config files
[1.176s] Level 1:colcon.colcon_core.shell:create_environment_hook('marvin_navigation', 'cmake_prefix_path')
[1.178s] INFO:colcon.colcon_core.shell:Creating environment hook '/home/marvin/marvin/marvin_sim_ws/install/marvin_navigation/share/marvin_navigation/hook/cmake_prefix_path.ps1'
[1.178s] INFO:colcon.colcon_core.shell:Creating environment descriptor '/home/marvin/marvin/marvin_sim_ws/install/marvin_navigation/share/marvin_navigation/hook/cmake_prefix_path.dsv'
[1.178s] INFO:colcon.colcon_core.shell:Creating environment hook '/home/marvin/marvin/marvin_sim_ws/install/marvin_navigation/share/marvin_navigation/hook/cmake_prefix_path.sh'
[1.179s] Level 1:colcon.colcon_core.environment:checking '/home/marvin/marvin/marvin_sim_ws/install/marvin_navigation/bin'
[1.179s] Level 1:colcon.colcon_core.environment:checking '/home/marvin/marvin/marvin_sim_ws/install/marvin_navigation/lib/pkgconfig/marvin_navigation.pc'
[1.179s] Level 1:colcon.colcon_core.environment:checking '/home/marvin/marvin/marvin_sim_ws/install/marvin_navigation/lib/python3.8/site-packages'
[1.179s] Level 1:colcon.colcon_core.environment:checking '/home/marvin/marvin/marvin_sim_ws/install/marvin_navigation/bin'
[1.181s] INFO:colcon.colcon_core.shell:Creating package script '/home/marvin/marvin/marvin_sim_ws/install/marvin_navigation/share/marvin_navigation/package.ps1'
[1.181s] INFO:colcon.colcon_core.shell:Creating package descriptor '/home/marvin/marvin/marvin_sim_ws/install/marvin_navigation/share/marvin_navigation/package.dsv'
[1.182s] INFO:colcon.colcon_core.shell:Creating package script '/home/marvin/marvin/marvin_sim_ws/install/marvin_navigation/share/marvin_navigation/package.sh'
[1.182s] INFO:colcon.colcon_core.shell:Creating package script '/home/marvin/marvin/marvin_sim_ws/install/marvin_navigation/share/marvin_navigation/package.bash'
[1.183s] INFO:colcon.colcon_core.shell:Creating package script '/home/marvin/marvin/marvin_sim_ws/install/marvin_navigation/share/marvin_navigation/package.zsh'
[1.183s] Level 1:colcon.colcon_core.environment:create_file_with_runtime_dependencies(/home/marvin/marvin/marvin_sim_ws/install/marvin_navigation/share/colcon-core/packages/marvin_navigation)
[1.184s] Level 1:colcon.colcon_core.environment:create_environment_scripts_only(marvin_sim_gazebo)
[1.186s] Level 1:colcon.colcon_core.environment:checking '/home/marvin/marvin/marvin_sim_ws/install/marvin_sim_gazebo' for CMake module files
[1.188s] DEBUG:colcon.colcon_core.event_handler.log_command:Invoked command in '/home/marvin/marvin/marvin_sim_ws/build/marvin_sim_gazebo' returned '0': CMAKE_PREFIX_PATH=/opt/ros/foxy /usr/bin/cmake --install /home/marvin/marvin/marvin_sim_ws/build/marvin_sim_gazebo
[1.188s] Level 1:colcon.colcon_core.environment:checking '/home/marvin/marvin/marvin_sim_ws/install/marvin_sim_gazebo' for CMake config files
[1.189s] Level 1:colcon.colcon_core.shell:create_environment_hook('marvin_sim_gazebo', 'cmake_prefix_path')
[1.190s] INFO:colcon.colcon_core.shell:Creating environment hook '/home/marvin/marvin/marvin_sim_ws/install/marvin_sim_gazebo/share/marvin_sim_gazebo/hook/cmake_prefix_path.ps1'
[1.191s] INFO:colcon.colcon_core.shell:Creating environment descriptor '/home/marvin/marvin/marvin_sim_ws/install/marvin_sim_gazebo/share/marvin_sim_gazebo/hook/cmake_prefix_path.dsv'
[1.191s] INFO:colcon.colcon_core.shell:Creating environment hook '/home/marvin/marvin/marvin_sim_ws/install/marvin_sim_gazebo/share/marvin_sim_gazebo/hook/cmake_prefix_path.sh'
[1.192s] Level 1:colcon.colcon_core.environment:checking '/home/marvin/marvin/marvin_sim_ws/install/marvin_sim_gazebo/lib'
[1.192s] Level 1:colcon.colcon_core.environment:checking '/home/marvin/marvin/marvin_sim_ws/install/marvin_sim_gazebo/bin'
[1.192s] Level 1:colcon.colcon_core.environment:checking '/home/marvin/marvin/marvin_sim_ws/install/marvin_sim_gazebo/lib/pkgconfig/marvin_sim_gazebo.pc'
[1.192s] Level 1:colcon.colcon_core.environment:checking '/home/marvin/marvin/marvin_sim_ws/install/marvin_sim_gazebo/lib/python3.8/site-packages'
[1.192s] Level 1:colcon.colcon_core.shell:create_environment_hook('marvin_sim_gazebo', 'pythonpath')
[1.195s] INFO:colcon.colcon_core.shell:Creating environment hook '/home/marvin/marvin/marvin_sim_ws/install/marvin_sim_gazebo/share/marvin_sim_gazebo/hook/pythonpath.ps1'
[1.195s] INFO:colcon.colcon_core.shell:Creating environment descriptor '/home/marvin/marvin/marvin_sim_ws/install/marvin_sim_gazebo/share/marvin_sim_gazebo/hook/pythonpath.dsv'
[1.196s] INFO:colcon.colcon_core.shell:Creating environment hook '/home/marvin/marvin/marvin_sim_ws/install/marvin_sim_gazebo/share/marvin_sim_gazebo/hook/pythonpath.sh'
[1.196s] Level 1:colcon.colcon_core.environment:checking '/home/marvin/marvin/marvin_sim_ws/install/marvin_sim_gazebo/bin'
[1.197s] INFO:colcon.colcon_core.shell:Creating package script '/home/marvin/marvin/marvin_sim_ws/install/marvin_sim_gazebo/share/marvin_sim_gazebo/package.ps1'
[1.198s] INFO:colcon.colcon_core.shell:Creating package descriptor '/home/marvin/marvin/marvin_sim_ws/install/marvin_sim_gazebo/share/marvin_sim_gazebo/package.dsv'
[1.198s] INFO:colcon.colcon_core.shell:Creating package script '/home/marvin/marvin/marvin_sim_ws/install/marvin_sim_gazebo/share/marvin_sim_gazebo/package.sh'
[1.199s] INFO:colcon.colcon_core.shell:Creating package script '/home/marvin/marvin/marvin_sim_ws/install/marvin_sim_gazebo/share/marvin_sim_gazebo/package.bash'
[1.199s] INFO:colcon.colcon_core.shell:Creating package script '/home/marvin/marvin/marvin_sim_ws/install/marvin_sim_gazebo/share/marvin_sim_gazebo/package.zsh'
[1.201s] Level 1:colcon.colcon_core.environment:create_file_with_runtime_dependencies(/home/marvin/marvin/marvin_sim_ws/install/marvin_sim_gazebo/share/colcon-core/packages/marvin_sim_gazebo)
[1.206s] Level 1:colcon.colcon_core.environment:create_environment_scripts_only(marvin_sim_bringup)
[1.208s] Level 1:colcon.colcon_core.environment:checking '/home/marvin/marvin/marvin_sim_ws/install/marvin_sim_bringup' for CMake module files
[1.209s] Level 1:colcon.colcon_core.environment:checking '/home/marvin/marvin/marvin_sim_ws/install/marvin_sim_bringup' for CMake config files
[1.209s] Level 1:colcon.colcon_core.shell:create_environment_hook('marvin_sim_bringup', 'cmake_prefix_path')
[1.211s] INFO:colcon.colcon_core.shell:Creating environment hook '/home/marvin/marvin/marvin_sim_ws/install/marvin_sim_bringup/share/marvin_sim_bringup/hook/cmake_prefix_path.ps1'
[1.211s] INFO:colcon.colcon_core.shell:Creating environment descriptor '/home/marvin/marvin/marvin_sim_ws/install/marvin_sim_bringup/share/marvin_sim_bringup/hook/cmake_prefix_path.dsv'
[1.212s] INFO:colcon.colcon_core.shell:Creating environment hook '/home/marvin/marvin/marvin_sim_ws/install/marvin_sim_bringup/share/marvin_sim_bringup/hook/cmake_prefix_path.sh'
[1.213s] Level 1:colcon.colcon_core.environment:checking '/home/marvin/marvin/marvin_sim_ws/install/marvin_sim_bringup/bin'
[1.213s] Level 1:colcon.colcon_core.environment:checking '/home/marvin/marvin/marvin_sim_ws/install/marvin_sim_bringup/lib/pkgconfig/marvin_sim_bringup.pc'
[1.213s] Level 1:colcon.colcon_core.environment:checking '/home/marvin/marvin/marvin_sim_ws/install/marvin_sim_bringup/lib/python3.8/site-packages'
[1.213s] Level 1:colcon.colcon_core.environment:checking '/home/marvin/marvin/marvin_sim_ws/install/marvin_sim_bringup/bin'
[1.215s] INFO:colcon.colcon_core.shell:Creating package script '/home/marvin/marvin/marvin_sim_ws/install/marvin_sim_bringup/share/marvin_sim_bringup/package.ps1'
[1.215s] INFO:colcon.colcon_core.shell:Creating package descriptor '/home/marvin/marvin/marvin_sim_ws/install/marvin_sim_bringup/share/marvin_sim_bringup/package.dsv'
[1.216s] INFO:colcon.colcon_core.shell:Creating package script '/home/marvin/marvin/marvin_sim_ws/install/marvin_sim_bringup/share/marvin_sim_bringup/package.sh'
[1.216s] INFO:colcon.colcon_core.shell:Creating package script '/home/marvin/marvin/marvin_sim_ws/install/marvin_sim_bringup/share/marvin_sim_bringup/package.bash'
[1.217s] INFO:colcon.colcon_core.shell:Creating package script '/home/marvin/marvin/marvin_sim_ws/install/marvin_sim_bringup/share/marvin_sim_bringup/package.zsh'
[1.217s] Level 1:colcon.colcon_core.environment:create_file_with_runtime_dependencies(/home/marvin/marvin/marvin_sim_ws/install/marvin_sim_bringup/share/colcon-core/packages/marvin_sim_bringup)
[1.219s] Level 1:colcon.colcon_core.environment:create_environment_scripts_only(marvin_description)
[1.221s] Level 1:colcon.colcon_core.environment:checking '/home/marvin/marvin/marvin_sim_ws/install/marvin_description' for CMake module files
[1.222s] Level 1:colcon.colcon_core.environment:checking '/home/marvin/marvin/marvin_sim_ws/install/marvin_description' for CMake config files
[1.223s] Level 1:colcon.colcon_core.shell:create_environment_hook('marvin_description', 'cmake_prefix_path')
[1.224s] INFO:colcon.colcon_core.shell:Creating environment hook '/home/marvin/marvin/marvin_sim_ws/install/marvin_description/share/marvin_description/hook/cmake_prefix_path.ps1'
[1.225s] INFO:colcon.colcon_core.shell:Creating environment descriptor '/home/marvin/marvin/marvin_sim_ws/install/marvin_description/share/marvin_description/hook/cmake_prefix_path.dsv'
[1.225s] INFO:colcon.colcon_core.shell:Creating environment hook '/home/marvin/marvin/marvin_sim_ws/install/marvin_description/share/marvin_description/hook/cmake_prefix_path.sh'
[1.225s] Level 1:colcon.colcon_core.environment:checking '/home/marvin/marvin/marvin_sim_ws/install/marvin_description/bin'
[1.226s] Level 1:colcon.colcon_core.environment:checking '/home/marvin/marvin/marvin_sim_ws/install/marvin_description/lib/pkgconfig/marvin_description.pc'
[1.226s] Level 1:colcon.colcon_core.environment:checking '/home/marvin/marvin/marvin_sim_ws/install/marvin_description/lib/python3.8/site-packages'
[1.226s] Level 1:colcon.colcon_core.environment:checking '/home/marvin/marvin/marvin_sim_ws/install/marvin_description/bin'
[1.227s] INFO:colcon.colcon_core.shell:Creating package script '/home/marvin/marvin/marvin_sim_ws/install/marvin_description/share/marvin_description/package.ps1'
[1.229s] INFO:colcon.colcon_core.shell:Creating package descriptor '/home/marvin/marvin/marvin_sim_ws/install/marvin_description/share/marvin_description/package.dsv'
[1.229s] INFO:colcon.colcon_core.shell:Creating package script '/home/marvin/marvin/marvin_sim_ws/install/marvin_description/share/marvin_description/package.sh'
[1.230s] INFO:colcon.colcon_core.shell:Creating package script '/home/marvin/marvin/marvin_sim_ws/install/marvin_description/share/marvin_description/package.bash'
[1.230s] INFO:colcon.colcon_core.shell:Creating package script '/home/marvin/marvin/marvin_sim_ws/install/marvin_description/share/marvin_description/package.zsh'
[1.230s] Level 1:colcon.colcon_core.environment:create_file_with_runtime_dependencies(/home/marvin/marvin/marvin_sim_ws/install/marvin_description/share/colcon-core/packages/marvin_description)
[1.233s] Level 1:colcon.colcon_core.environment:create_environment_scripts_only(marvin_sim_gazebo)
[1.235s] Level 1:colcon.colcon_core.environment:checking '/home/marvin/marvin/marvin_sim_ws/install/marvin_sim_gazebo' for CMake module files
[1.236s] Level 1:colcon.colcon_core.environment:checking '/home/marvin/marvin/marvin_sim_ws/install/marvin_sim_gazebo' for CMake config files
[1.236s] Level 1:colcon.colcon_core.shell:create_environment_hook('marvin_sim_gazebo', 'cmake_prefix_path')
[1.237s] INFO:colcon.colcon_core.shell:Creating environment hook '/home/marvin/marvin/marvin_sim_ws/install/marvin_sim_gazebo/share/marvin_sim_gazebo/hook/cmake_prefix_path.ps1'
[1.238s] INFO:colcon.colcon_core.shell:Creating environment descriptor '/home/marvin/marvin/marvin_sim_ws/install/marvin_sim_gazebo/share/marvin_sim_gazebo/hook/cmake_prefix_path.dsv'
[1.238s] INFO:colcon.colcon_core.shell:Creating environment hook '/home/marvin/marvin/marvin_sim_ws/install/marvin_sim_gazebo/share/marvin_sim_gazebo/hook/cmake_prefix_path.sh'
[1.239s] Level 1:colcon.colcon_core.environment:checking '/home/marvin/marvin/marvin_sim_ws/install/marvin_sim_gazebo/lib'
[1.239s] Level 1:colcon.colcon_core.environment:checking '/home/marvin/marvin/marvin_sim_ws/install/marvin_sim_gazebo/bin'
[1.239s] Level 1:colcon.colcon_core.environment:checking '/home/marvin/marvin/marvin_sim_ws/install/marvin_sim_gazebo/lib/pkgconfig/marvin_sim_gazebo.pc'
[1.239s] Level 1:colcon.colcon_core.environment:checking '/home/marvin/marvin/marvin_sim_ws/install/marvin_sim_gazebo/lib/python3.8/site-packages'
[1.239s] Level 1:colcon.colcon_core.shell:create_environment_hook('marvin_sim_gazebo', 'pythonpath')
[1.240s] INFO:colcon.colcon_core.shell:Creating environment hook '/home/marvin/marvin/marvin_sim_ws/install/marvin_sim_gazebo/share/marvin_sim_gazebo/hook/pythonpath.ps1'
[1.241s] INFO:colcon.colcon_core.shell:Creating environment descriptor '/home/marvin/marvin/marvin_sim_ws/install/marvin_sim_gazebo/share/marvin_sim_gazebo/hook/pythonpath.dsv'
[1.241s] INFO:colcon.colcon_core.shell:Creating environment hook '/home/marvin/marvin/marvin_sim_ws/install/marvin_sim_gazebo/share/marvin_sim_gazebo/hook/pythonpath.sh'
[1.242s] Level 1:colcon.colcon_core.environment:checking '/home/marvin/marvin/marvin_sim_ws/install/marvin_sim_gazebo/bin'
[1.244s] INFO:colcon.colcon_core.shell:Creating package script '/home/marvin/marvin/marvin_sim_ws/install/marvin_sim_gazebo/share/marvin_sim_gazebo/package.ps1'
[1.244s] INFO:colcon.colcon_core.shell:Creating package descriptor '/home/marvin/marvin/marvin_sim_ws/install/marvin_sim_gazebo/share/marvin_sim_gazebo/package.dsv'
[1.245s] INFO:colcon.colcon_core.shell:Creating package script '/home/marvin/marvin/marvin_sim_ws/install/marvin_sim_gazebo/share/marvin_sim_gazebo/package.sh'
[1.245s] INFO:colcon.colcon_core.shell:Creating package script '/home/marvin/marvin/marvin_sim_ws/install/marvin_sim_gazebo/share/marvin_sim_gazebo/package.bash'
[1.246s] INFO:colcon.colcon_core.shell:Creating package script '/home/marvin/marvin/marvin_sim_ws/install/marvin_sim_gazebo/share/marvin_sim_gazebo/package.zsh'
[1.246s] Level 1:colcon.colcon_core.environment:create_file_with_runtime_dependencies(/home/marvin/marvin/marvin_sim_ws/install/marvin_sim_gazebo/share/colcon-core/packages/marvin_sim_gazebo)
[1.247s] DEBUG:colcon.colcon_parallel_executor.executor.parallel:closing loop
[1.247s] DEBUG:colcon.colcon_parallel_executor.executor.parallel:loop closed
[1.247s] DEBUG:colcon.colcon_parallel_executor.executor.parallel:run_until_complete finished with '0'
[1.247s] DEBUG:colcon.colcon_core.event_reactor:joining thread
[1.256s] INFO:colcon.colcon_core.plugin_system:Skipping extension 'colcon_notification.desktop_notification.terminal_notifier': Not used on non-Darwin systems
[1.256s] INFO:colcon.colcon_core.plugin_system:Skipping extension 'colcon_notification.desktop_notification.win32': Not used on non-Windows systems
[1.257s] INFO:colcon.colcon_notification.desktop_notification:Sending desktop notification using 'notify2'
[1.274s] DEBUG:colcon.colcon_core.event_reactor:joined thread
[1.276s] INFO:colcon.colcon_core.shell:Creating prefix script '/home/marvin/marvin/marvin_sim_ws/install/local_setup.ps1'
[1.278s] INFO:colcon.colcon_core.shell:Creating prefix util module '/home/marvin/marvin/marvin_sim_ws/install/_local_setup_util_ps1.py'
[1.280s] INFO:colcon.colcon_core.shell:Creating prefix chain script '/home/marvin/marvin/marvin_sim_ws/install/setup.ps1'
[1.281s] INFO:colcon.colcon_core.shell:Creating prefix script '/home/marvin/marvin/marvin_sim_ws/install/local_setup.sh'
[1.282s] INFO:colcon.colcon_core.shell:Creating prefix util module '/home/marvin/marvin/marvin_sim_ws/install/_local_setup_util_sh.py'
[1.283s] INFO:colcon.colcon_core.shell:Creating prefix chain script '/home/marvin/marvin/marvin_sim_ws/install/setup.sh'
[1.284s] INFO:colcon.colcon_core.shell:Creating prefix script '/home/marvin/marvin/marvin_sim_ws/install/local_setup.bash'
[1.285s] INFO:colcon.colcon_core.shell:Creating prefix chain script '/home/marvin/marvin/marvin_sim_ws/install/setup.bash'
[1.286s] INFO:colcon.colcon_core.shell:Creating prefix script '/home/marvin/marvin/marvin_sim_ws/install/local_setup.zsh'
[1.287s] INFO:colcon.colcon_core.shell:Creating prefix chain script '/home/marvin/marvin/marvin_sim_ws/install/setup.zsh'
