[0.118s] Invoking command in '/home/marvin/marvin/marvin_sim_ws/build/marvin_navigation': CMAKE_PREFIX_PATH=${CMAKE_PREFIX_PATH}:/opt/ros/foxy /usr/bin/cmake /home/marvin/marvin/marvin_sim_ws/src/marvin_navigation -DAMENT_CMAKE_SYMLINK_INSTALL=1 -DCMAKE_INSTALL_PREFIX=/home/marvin/marvin/marvin_sim_ws/install/marvin_navigation
[0.177s] -- Found ament_cmake: 0.9.12 (/opt/ros/foxy/share/ament_cmake/cmake)
[0.202s] -- Using PYTHON_EXECUTABLE: /usr/bin/python3
[0.582s] -- Override CMake install command with custom implementation using symlinks instead of copying resources
[0.592s] -- Found ament_lint_auto: 0.9.8 (/opt/ros/foxy/share/ament_lint_auto/cmake)
[0.706s] -- Added test 'copyright' to check source files copyright and LICENSE
[0.718s] -- Added test 'flake8' to check Python code syntax and style conventions
[0.719s] -- Added test 'lint_cmake' to check CMake code style
[0.719s] -- Added test 'pep257' to check Python code against some of the style conventions in PEP 257
[0.719s] -- Added test 'xmllint' to check XML markup files
[0.721s] -- Configuring done
[0.728s] -- Generating done
[0.736s] -- Build files have been written to: /home/marvin/marvin/marvin_sim_ws/build/marvin_navigation
[0.751s] Invoked command in '/home/marvin/marvin/marvin_sim_ws/build/marvin_navigation' returned '0': CMAKE_PREFIX_PATH=${CMAKE_PREFIX_PATH}:/opt/ros/foxy /usr/bin/cmake /home/marvin/marvin/marvin_sim_ws/src/marvin_navigation -DAMENT_CMAKE_SYMLINK_INSTALL=1 -DCMAKE_INSTALL_PREFIX=/home/marvin/marvin/marvin_sim_ws/install/marvin_navigation
[0.759s] Invoking command in '/home/marvin/marvin/marvin_sim_ws/build/marvin_navigation': CMAKE_PREFIX_PATH=${CMAKE_PREFIX_PATH}:/opt/ros/foxy /usr/bin/cmake --build /home/marvin/marvin/marvin_sim_ws/build/marvin_navigation -- -j6 -l6
[0.865s] Invoked command in '/home/marvin/marvin/marvin_sim_ws/build/marvin_navigation' returned '0': CMAKE_PREFIX_PATH=${CMAKE_PREFIX_PATH}:/opt/ros/foxy /usr/bin/cmake --build /home/marvin/marvin/marvin_sim_ws/build/marvin_navigation -- -j6 -l6
[0.931s] Invoking command in '/home/marvin/marvin/marvin_sim_ws/build/marvin_navigation': CMAKE_PREFIX_PATH=${CMAKE_PREFIX_PATH}:/opt/ros/foxy /usr/bin/cmake --install /home/marvin/marvin/marvin_sim_ws/build/marvin_navigation
[0.952s] -- Install configuration: ""
[0.953s] -- Execute custom install script
[0.954s] -- Up-to-date symlink: /home/marvin/marvin/marvin_sim_ws/install/marvin_navigation/share/marvin_navigation/launch/localization.launch.py
[0.954s] -- Up-to-date symlink: /home/marvin/marvin/marvin_sim_ws/install/marvin_navigation/share/marvin_navigation/launch/navigation.launch.py
[0.955s] -- Up-to-date symlink: /home/marvin/marvin/marvin_sim_ws/install/marvin_navigation/share/marvin_navigation/launch/slam.launch.py
[0.956s] -- Up-to-date symlink: /home/marvin/marvin/marvin_sim_ws/install/marvin_navigation/share/marvin_navigation/config/localization.yaml
[0.958s] -- Up-to-date symlink: /home/marvin/marvin/marvin_sim_ws/install/marvin_navigation/share/marvin_navigation/config/slam.yaml
[0.959s] -- Up-to-date symlink: /home/marvin/marvin/marvin_sim_ws/install/marvin_navigation/share/ament_index/resource_index/package_run_dependencies/marvin_navigation
[0.961s] -- Up-to-date symlink: /home/marvin/marvin/marvin_sim_ws/install/marvin_navigation/share/ament_index/resource_index/parent_prefix_path/marvin_navigation
[0.961s] -- Up-to-date symlink: /home/marvin/marvin/marvin_sim_ws/install/marvin_navigation/share/marvin_navigation/environment/ament_prefix_path.sh
[0.962s] -- Up-to-date symlink: /home/marvin/marvin/marvin_sim_ws/install/marvin_navigation/share/marvin_navigation/environment/ament_prefix_path.dsv
[0.962s] -- Up-to-date symlink: /home/marvin/marvin/marvin_sim_ws/install/marvin_navigation/share/marvin_navigation/environment/path.sh
[0.962s] -- Up-to-date symlink: /home/marvin/marvin/marvin_sim_ws/install/marvin_navigation/share/marvin_navigation/environment/path.dsv
[0.963s] -- Up-to-date symlink: /home/marvin/marvin/marvin_sim_ws/install/marvin_navigation/share/marvin_navigation/local_setup.bash
[0.963s] -- Up-to-date symlink: /home/marvin/marvin/marvin_sim_ws/install/marvin_navigation/share/marvin_navigation/local_setup.sh
[0.965s] -- Up-to-date symlink: /home/marvin/marvin/marvin_sim_ws/install/marvin_navigation/share/marvin_navigation/local_setup.zsh
[0.965s] -- Up-to-date symlink: /home/marvin/marvin/marvin_sim_ws/install/marvin_navigation/share/marvin_navigation/local_setup.dsv
[0.965s] -- Symlinking: /home/marvin/marvin/marvin_sim_ws/install/marvin_navigation/share/marvin_navigation/package.dsv
[0.984s] -- Up-to-date symlink: /home/marvin/marvin/marvin_sim_ws/install/marvin_navigation/share/ament_index/resource_index/packages/marvin_navigation
[0.984s] -- Up-to-date symlink: /home/marvin/marvin/marvin_sim_ws/install/marvin_navigation/share/marvin_navigation/cmake/marvin_navigationConfig.cmake
[0.984s] -- Up-to-date symlink: /home/marvin/marvin/marvin_sim_ws/install/marvin_navigation/share/marvin_navigation/cmake/marvin_navigationConfig-version.cmake
[0.985s] -- Up-to-date symlink: /home/marvin/marvin/marvin_sim_ws/install/marvin_navigation/share/marvin_navigation/package.xml
[1.034s] Invoked command in '/home/marvin/marvin/marvin_sim_ws/build/marvin_navigation' returned '0': CMAKE_PREFIX_PATH=${CMAKE_PREFIX_PATH}:/opt/ros/foxy /usr/bin/cmake --install /home/marvin/marvin/marvin_sim_ws/build/marvin_navigation
