[0.288s] DEBUG:colcon:Command line arguments: ['/usr/bin/colcon', 'build', '--symlink-install']
[0.289s] DEBUG:colcon:Parsed command line arguments: Namespace(allow_overriding=[], ament_cmake_args=None, base_paths=['.'], build_base='build', catkin_cmake_args=None, catkin_skip_building_tests=False, cmake_args=None, cmake_clean_cache=False, cmake_clean_first=False, cmake_force_configure=False, cmake_target=None, cmake_target_skip_unavailable=False, continue_on_error=False, event_handlers=None, executor='parallel', ignore_user_meta=False, install_base='install', log_base=None, log_level=None, main=<bound method BuildVerb.main of <colcon_core.verb.build.BuildVerb object at 0x7ff7dbcd6250>>, merge_install=False, metas=['./colcon.meta'], packages_above=None, packages_above_and_dependencies=None, packages_above_depth=None, packages_end=None, packages_ignore=None, packages_ignore_regex=None, packages_select=None, packages_select_build_failed=False, packages_select_by_dep=None, packages_select_regex=None, packages_select_test_failures=False, packages_skip=None, packages_skip_build_finished=False, packages_skip_by_dep=None, packages_skip_regex=None, packages_skip_test_passed=False, packages_skip_up_to=None, packages_start=None, packages_up_to=None, packages_up_to_regex=None, parallel_workers=6, paths=None, symlink_install=True, test_result_base=None, verb_extension=<colcon_core.verb.build.BuildVerb object at 0x7ff7dbcd6250>, verb_name='build', verb_parser=<colcon_defaults.argument_parser.defaults.DefaultArgumentsDecorator object at 0x7ff7dbcd6790>)
[0.313s] Level 1:colcon.colcon_core.package_discovery:discover_packages(colcon_meta) check parameters
[0.314s] Level 1:colcon.colcon_core.package_discovery:discover_packages(recursive) check parameters
[0.314s] Level 1:colcon.colcon_core.package_discovery:discover_packages(ignore) check parameters
[0.314s] Level 1:colcon.colcon_core.package_discovery:discover_packages(path) check parameters
[0.314s] Level 1:colcon.colcon_core.package_discovery:discover_packages(colcon_meta) discover
[0.314s] Level 1:colcon.colcon_core.package_discovery:discover_packages(recursive) discover
[0.314s] INFO:colcon.colcon_core.package_discovery:Crawling recursively for packages in '/home/marvin/marvin/marvin_sim_ws'
[0.314s] Level 1:colcon.colcon_core.package_identification:_identify(.) by extensions ['ignore', 'ignore_ament_install']
[0.314s] Level 1:colcon.colcon_core.package_identification:_identify(.) by extension 'ignore'
[0.314s] Level 1:colcon.colcon_core.package_identification:_identify(.) by extension 'ignore_ament_install'
[0.314s] Level 1:colcon.colcon_core.package_identification:_identify(.) by extensions ['colcon_pkg']
[0.314s] Level 1:colcon.colcon_core.package_identification:_identify(.) by extension 'colcon_pkg'
[0.314s] Level 1:colcon.colcon_core.package_identification:_identify(.) by extensions ['colcon_meta']
[0.314s] Level 1:colcon.colcon_core.package_identification:_identify(.) by extension 'colcon_meta'
[0.314s] Level 1:colcon.colcon_core.package_identification:_identify(.) by extensions ['ros']
[0.314s] Level 1:colcon.colcon_core.package_identification:_identify(.) by extension 'ros'
[0.331s] Level 1:colcon.colcon_core.package_identification:_identify(.) by extensions ['cmake', 'python']
[0.331s] Level 1:colcon.colcon_core.package_identification:_identify(.) by extension 'cmake'
[0.331s] Level 1:colcon.colcon_core.package_identification:_identify(.) by extension 'python'
[0.332s] Level 1:colcon.colcon_core.package_identification:_identify(.) by extensions ['python_setup_py']
[0.332s] Level 1:colcon.colcon_core.package_identification:_identify(.) by extension 'python_setup_py'
[0.332s] Level 1:colcon.colcon_core.package_identification:_identify(build) by extensions ['ignore', 'ignore_ament_install']
[0.332s] Level 1:colcon.colcon_core.package_identification:_identify(build) by extension 'ignore'
[0.332s] Level 1:colcon.colcon_core.package_identification:_identify(build) ignored
[0.332s] Level 1:colcon.colcon_core.package_identification:_identify(install) by extensions ['ignore', 'ignore_ament_install']
[0.332s] Level 1:colcon.colcon_core.package_identification:_identify(install) by extension 'ignore'
[0.332s] Level 1:colcon.colcon_core.package_identification:_identify(install) ignored
[0.332s] Level 1:colcon.colcon_core.package_identification:_identify(log) by extensions ['ignore', 'ignore_ament_install']
[0.332s] Level 1:colcon.colcon_core.package_identification:_identify(log) by extension 'ignore'
[0.332s] Level 1:colcon.colcon_core.package_identification:_identify(log) ignored
[0.333s] Level 1:colcon.colcon_core.package_identification:_identify(src) by extensions ['ignore', 'ignore_ament_install']
[0.333s] Level 1:colcon.colcon_core.package_identification:_identify(src) by extension 'ignore'
[0.333s] Level 1:colcon.colcon_core.package_identification:_identify(src) by extension 'ignore_ament_install'
[0.333s] Level 1:colcon.colcon_core.package_identification:_identify(src) by extensions ['colcon_pkg']
[0.333s] Level 1:colcon.colcon_core.package_identification:_identify(src) by extension 'colcon_pkg'
[0.333s] Level 1:colcon.colcon_core.package_identification:_identify(src) by extensions ['colcon_meta']
[0.333s] Level 1:colcon.colcon_core.package_identification:_identify(src) by extension 'colcon_meta'
[0.333s] Level 1:colcon.colcon_core.package_identification:_identify(src) by extensions ['ros']
[0.333s] Level 1:colcon.colcon_core.package_identification:_identify(src) by extension 'ros'
[0.333s] Level 1:colcon.colcon_core.package_identification:_identify(src) by extensions ['cmake', 'python']
[0.333s] Level 1:colcon.colcon_core.package_identification:_identify(src) by extension 'cmake'
[0.333s] Level 1:colcon.colcon_core.package_identification:_identify(src) by extension 'python'
[0.333s] Level 1:colcon.colcon_core.package_identification:_identify(src) by extensions ['python_setup_py']
[0.333s] Level 1:colcon.colcon_core.package_identification:_identify(src) by extension 'python_setup_py'
[0.333s] Level 1:colcon.colcon_core.package_identification:_identify(src/marvin) by extensions ['ignore', 'ignore_ament_install']
[0.333s] Level 1:colcon.colcon_core.package_identification:_identify(src/marvin) by extension 'ignore'
[0.333s] Level 1:colcon.colcon_core.package_identification:_identify(src/marvin) by extension 'ignore_ament_install'
[0.334s] Level 1:colcon.colcon_core.package_identification:_identify(src/marvin) by extensions ['colcon_pkg']
[0.334s] Level 1:colcon.colcon_core.package_identification:_identify(src/marvin) by extension 'colcon_pkg'
[0.334s] Level 1:colcon.colcon_core.package_identification:_identify(src/marvin) by extensions ['colcon_meta']
[0.334s] Level 1:colcon.colcon_core.package_identification:_identify(src/marvin) by extension 'colcon_meta'
[0.334s] Level 1:colcon.colcon_core.package_identification:_identify(src/marvin) by extensions ['ros']
[0.334s] Level 1:colcon.colcon_core.package_identification:_identify(src/marvin) by extension 'ros'
[0.336s] DEBUG:colcon.colcon_core.package_identification:Package 'src/marvin' with type 'ros.ament_cmake' and name 'marvin'
[0.336s] Level 1:colcon.colcon_core.package_identification:_identify(src/marvin_description) by extensions ['ignore', 'ignore_ament_install']
[0.336s] Level 1:colcon.colcon_core.package_identification:_identify(src/marvin_description) by extension 'ignore'
[0.336s] Level 1:colcon.colcon_core.package_identification:_identify(src/marvin_description) by extension 'ignore_ament_install'
[0.336s] Level 1:colcon.colcon_core.package_identification:_identify(src/marvin_description) by extensions ['colcon_pkg']
[0.336s] Level 1:colcon.colcon_core.package_identification:_identify(src/marvin_description) by extension 'colcon_pkg'
[0.336s] Level 1:colcon.colcon_core.package_identification:_identify(src/marvin_description) by extensions ['colcon_meta']
[0.336s] Level 1:colcon.colcon_core.package_identification:_identify(src/marvin_description) by extension 'colcon_meta'
[0.336s] Level 1:colcon.colcon_core.package_identification:_identify(src/marvin_description) by extensions ['ros']
[0.336s] Level 1:colcon.colcon_core.package_identification:_identify(src/marvin_description) by extension 'ros'
[0.337s] DEBUG:colcon.colcon_core.package_identification:Package 'src/marvin_description' with type 'ros.ament_cmake' and name 'marvin_description'
[0.337s] Level 1:colcon.colcon_core.package_identification:_identify(src/marvin_navigation) by extensions ['ignore', 'ignore_ament_install']
[0.337s] Level 1:colcon.colcon_core.package_identification:_identify(src/marvin_navigation) by extension 'ignore'
[0.337s] Level 1:colcon.colcon_core.package_identification:_identify(src/marvin_navigation) by extension 'ignore_ament_install'
[0.337s] Level 1:colcon.colcon_core.package_identification:_identify(src/marvin_navigation) by extensions ['colcon_pkg']
[0.337s] Level 1:colcon.colcon_core.package_identification:_identify(src/marvin_navigation) by extension 'colcon_pkg'
[0.337s] Level 1:colcon.colcon_core.package_identification:_identify(src/marvin_navigation) by extensions ['colcon_meta']
[0.337s] Level 1:colcon.colcon_core.package_identification:_identify(src/marvin_navigation) by extension 'colcon_meta'
[0.337s] Level 1:colcon.colcon_core.package_identification:_identify(src/marvin_navigation) by extensions ['ros']
[0.337s] Level 1:colcon.colcon_core.package_identification:_identify(src/marvin_navigation) by extension 'ros'
[0.338s] DEBUG:colcon.colcon_core.package_identification:Package 'src/marvin_navigation' with type 'ros.ament_cmake' and name 'marvin_navigation'
[0.338s] Level 1:colcon.colcon_core.package_identification:_identify(src/marvin_sim_bringup) by extensions ['ignore', 'ignore_ament_install']
[0.338s] Level 1:colcon.colcon_core.package_identification:_identify(src/marvin_sim_bringup) by extension 'ignore'
[0.338s] Level 1:colcon.colcon_core.package_identification:_identify(src/marvin_sim_bringup) by extension 'ignore_ament_install'
[0.338s] Level 1:colcon.colcon_core.package_identification:_identify(src/marvin_sim_bringup) by extensions ['colcon_pkg']
[0.338s] Level 1:colcon.colcon_core.package_identification:_identify(src/marvin_sim_bringup) by extension 'colcon_pkg'
[0.338s] Level 1:colcon.colcon_core.package_identification:_identify(src/marvin_sim_bringup) by extensions ['colcon_meta']
[0.338s] Level 1:colcon.colcon_core.package_identification:_identify(src/marvin_sim_bringup) by extension 'colcon_meta'
[0.338s] Level 1:colcon.colcon_core.package_identification:_identify(src/marvin_sim_bringup) by extensions ['ros']
[0.338s] Level 1:colcon.colcon_core.package_identification:_identify(src/marvin_sim_bringup) by extension 'ros'
[0.339s] DEBUG:colcon.colcon_core.package_identification:Package 'src/marvin_sim_bringup' with type 'ros.ament_cmake' and name 'marvin_sim_bringup'
[0.339s] Level 1:colcon.colcon_core.package_identification:_identify(src/marvin_sim_gazebo) by extensions ['ignore', 'ignore_ament_install']
[0.339s] Level 1:colcon.colcon_core.package_identification:_identify(src/marvin_sim_gazebo) by extension 'ignore'
[0.339s] Level 1:colcon.colcon_core.package_identification:_identify(src/marvin_sim_gazebo) by extension 'ignore_ament_install'
[0.339s] Level 1:colcon.colcon_core.package_identification:_identify(src/marvin_sim_gazebo) by extensions ['colcon_pkg']
[0.339s] Level 1:colcon.colcon_core.package_identification:_identify(src/marvin_sim_gazebo) by extension 'colcon_pkg'
[0.339s] Level 1:colcon.colcon_core.package_identification:_identify(src/marvin_sim_gazebo) by extensions ['colcon_meta']
[0.339s] Level 1:colcon.colcon_core.package_identification:_identify(src/marvin_sim_gazebo) by extension 'colcon_meta'
[0.339s] Level 1:colcon.colcon_core.package_identification:_identify(src/marvin_sim_gazebo) by extensions ['ros']
[0.339s] Level 1:colcon.colcon_core.package_identification:_identify(src/marvin_sim_gazebo) by extension 'ros'
[0.340s] DEBUG:colcon.colcon_core.package_identification:Package 'src/marvin_sim_gazebo' with type 'ros.ament_cmake' and name 'marvin_sim_gazebo'
[0.340s] Level 1:colcon.colcon_core.package_discovery:discover_packages(recursive) using defaults
[0.340s] Level 1:colcon.colcon_core.package_discovery:discover_packages(ignore) discover
[0.340s] Level 1:colcon.colcon_core.package_discovery:discover_packages(ignore) using defaults
[0.340s] Level 1:colcon.colcon_core.package_discovery:discover_packages(path) discover
[0.340s] Level 1:colcon.colcon_core.package_discovery:discover_packages(path) using defaults
[0.359s] Level 1:colcon.colcon_core.package_discovery:discover_packages(prefix_path) check parameters
[0.359s] Level 1:colcon.colcon_core.package_discovery:discover_packages(prefix_path) discover
[0.362s] DEBUG:colcon.colcon_installed_package_information.package_discovery:Found 5 installed packages in /home/marvin/marvin/marvin_sim_ws/install
[0.363s] DEBUG:colcon.colcon_installed_package_information.package_discovery:Found 7 installed packages in /home/marvin/marvin/marvin_ws/install
[0.365s] DEBUG:colcon.colcon_installed_package_information.package_discovery:Found 311 installed packages in /opt/ros/foxy
[0.366s] Level 1:colcon.colcon_core.package_discovery:discover_packages(prefix_path) using defaults
[0.438s] Level 5:colcon.colcon_core.verb:set package 'marvin' build argument 'cmake_args' from command line to 'None'
[0.438s] Level 5:colcon.colcon_core.verb:set package 'marvin' build argument 'cmake_target' from command line to 'None'
[0.438s] Level 5:colcon.colcon_core.verb:set package 'marvin' build argument 'cmake_target_skip_unavailable' from command line to 'False'
[0.438s] Level 5:colcon.colcon_core.verb:set package 'marvin' build argument 'cmake_clean_cache' from command line to 'False'
[0.438s] Level 5:colcon.colcon_core.verb:set package 'marvin' build argument 'cmake_clean_first' from command line to 'False'
[0.438s] Level 5:colcon.colcon_core.verb:set package 'marvin' build argument 'cmake_force_configure' from command line to 'False'
[0.438s] Level 5:colcon.colcon_core.verb:set package 'marvin' build argument 'ament_cmake_args' from command line to 'None'
[0.438s] Level 5:colcon.colcon_core.verb:set package 'marvin' build argument 'catkin_cmake_args' from command line to 'None'
[0.438s] Level 5:colcon.colcon_core.verb:set package 'marvin' build argument 'catkin_skip_building_tests' from command line to 'False'
[0.438s] DEBUG:colcon.colcon_core.verb:Building package 'marvin' with the following arguments: {'ament_cmake_args': None, 'build_base': '/home/marvin/marvin/marvin_sim_ws/build/marvin', 'catkin_cmake_args': None, 'catkin_skip_building_tests': False, 'cmake_args': None, 'cmake_clean_cache': False, 'cmake_clean_first': False, 'cmake_force_configure': False, 'cmake_target': None, 'cmake_target_skip_unavailable': False, 'install_base': '/home/marvin/marvin/marvin_sim_ws/install/marvin', 'merge_install': False, 'path': '/home/marvin/marvin/marvin_sim_ws/src/marvin', 'symlink_install': True, 'test_result_base': None}
[0.439s] Level 5:colcon.colcon_core.verb:set package 'marvin_description' build argument 'cmake_args' from command line to 'None'
[0.439s] Level 5:colcon.colcon_core.verb:set package 'marvin_description' build argument 'cmake_target' from command line to 'None'
[0.439s] Level 5:colcon.colcon_core.verb:set package 'marvin_description' build argument 'cmake_target_skip_unavailable' from command line to 'False'
[0.439s] Level 5:colcon.colcon_core.verb:set package 'marvin_description' build argument 'cmake_clean_cache' from command line to 'False'
[0.439s] Level 5:colcon.colcon_core.verb:set package 'marvin_description' build argument 'cmake_clean_first' from command line to 'False'
[0.439s] Level 5:colcon.colcon_core.verb:set package 'marvin_description' build argument 'cmake_force_configure' from command line to 'False'
[0.439s] Level 5:colcon.colcon_core.verb:set package 'marvin_description' build argument 'ament_cmake_args' from command line to 'None'
[0.439s] Level 5:colcon.colcon_core.verb:set package 'marvin_description' build argument 'catkin_cmake_args' from command line to 'None'
[0.439s] Level 5:colcon.colcon_core.verb:set package 'marvin_description' build argument 'catkin_skip_building_tests' from command line to 'False'
[0.439s] DEBUG:colcon.colcon_core.verb:Building package 'marvin_description' with the following arguments: {'ament_cmake_args': None, 'build_base': '/home/marvin/marvin/marvin_sim_ws/build/marvin_description', 'catkin_cmake_args': None, 'catkin_skip_building_tests': False, 'cmake_args': None, 'cmake_clean_cache': False, 'cmake_clean_first': False, 'cmake_force_configure': False, 'cmake_target': None, 'cmake_target_skip_unavailable': False, 'install_base': '/home/marvin/marvin/marvin_sim_ws/install/marvin_description', 'merge_install': False, 'path': '/home/marvin/marvin/marvin_sim_ws/src/marvin_description', 'symlink_install': True, 'test_result_base': None}
[0.440s] Level 5:colcon.colcon_core.verb:set package 'marvin_navigation' build argument 'cmake_args' from command line to 'None'
[0.440s] Level 5:colcon.colcon_core.verb:set package 'marvin_navigation' build argument 'cmake_target' from command line to 'None'
[0.440s] Level 5:colcon.colcon_core.verb:set package 'marvin_navigation' build argument 'cmake_target_skip_unavailable' from command line to 'False'
[0.441s] Level 5:colcon.colcon_core.verb:set package 'marvin_navigation' build argument 'cmake_clean_cache' from command line to 'False'
[0.441s] Level 5:colcon.colcon_core.verb:set package 'marvin_navigation' build argument 'cmake_clean_first' from command line to 'False'
[0.441s] Level 5:colcon.colcon_core.verb:set package 'marvin_navigation' build argument 'cmake_force_configure' from command line to 'False'
[0.441s] Level 5:colcon.colcon_core.verb:set package 'marvin_navigation' build argument 'ament_cmake_args' from command line to 'None'
[0.441s] Level 5:colcon.colcon_core.verb:set package 'marvin_navigation' build argument 'catkin_cmake_args' from command line to 'None'
[0.441s] Level 5:colcon.colcon_core.verb:set package 'marvin_navigation' build argument 'catkin_skip_building_tests' from command line to 'False'
[0.441s] DEBUG:colcon.colcon_core.verb:Building package 'marvin_navigation' with the following arguments: {'ament_cmake_args': None, 'build_base': '/home/marvin/marvin/marvin_sim_ws/build/marvin_navigation', 'catkin_cmake_args': None, 'catkin_skip_building_tests': False, 'cmake_args': None, 'cmake_clean_cache': False, 'cmake_clean_first': False, 'cmake_force_configure': False, 'cmake_target': None, 'cmake_target_skip_unavailable': False, 'install_base': '/home/marvin/marvin/marvin_sim_ws/install/marvin_navigation', 'merge_install': False, 'path': '/home/marvin/marvin/marvin_sim_ws/src/marvin_navigation', 'symlink_install': True, 'test_result_base': None}
[0.442s] Level 5:colcon.colcon_core.verb:set package 'marvin_sim_bringup' build argument 'cmake_args' from command line to 'None'
[0.442s] Level 5:colcon.colcon_core.verb:set package 'marvin_sim_bringup' build argument 'cmake_target' from command line to 'None'
[0.442s] Level 5:colcon.colcon_core.verb:set package 'marvin_sim_bringup' build argument 'cmake_target_skip_unavailable' from command line to 'False'
[0.442s] Level 5:colcon.colcon_core.verb:set package 'marvin_sim_bringup' build argument 'cmake_clean_cache' from command line to 'False'
[0.442s] Level 5:colcon.colcon_core.verb:set package 'marvin_sim_bringup' build argument 'cmake_clean_first' from command line to 'False'
[0.442s] Level 5:colcon.colcon_core.verb:set package 'marvin_sim_bringup' build argument 'cmake_force_configure' from command line to 'False'
[0.442s] Level 5:colcon.colcon_core.verb:set package 'marvin_sim_bringup' build argument 'ament_cmake_args' from command line to 'None'
[0.442s] Level 5:colcon.colcon_core.verb:set package 'marvin_sim_bringup' build argument 'catkin_cmake_args' from command line to 'None'
[0.442s] Level 5:colcon.colcon_core.verb:set package 'marvin_sim_bringup' build argument 'catkin_skip_building_tests' from command line to 'False'
[0.442s] DEBUG:colcon.colcon_core.verb:Building package 'marvin_sim_bringup' with the following arguments: {'ament_cmake_args': None, 'build_base': '/home/marvin/marvin/marvin_sim_ws/build/marvin_sim_bringup', 'catkin_cmake_args': None, 'catkin_skip_building_tests': False, 'cmake_args': None, 'cmake_clean_cache': False, 'cmake_clean_first': False, 'cmake_force_configure': False, 'cmake_target': None, 'cmake_target_skip_unavailable': False, 'install_base': '/home/marvin/marvin/marvin_sim_ws/install/marvin_sim_bringup', 'merge_install': False, 'path': '/home/marvin/marvin/marvin_sim_ws/src/marvin_sim_bringup', 'symlink_install': True, 'test_result_base': None}
[0.443s] Level 5:colcon.colcon_core.verb:set package 'marvin_sim_gazebo' build argument 'cmake_args' from command line to 'None'
[0.443s] Level 5:colcon.colcon_core.verb:set package 'marvin_sim_gazebo' build argument 'cmake_target' from command line to 'None'
[0.443s] Level 5:colcon.colcon_core.verb:set package 'marvin_sim_gazebo' build argument 'cmake_target_skip_unavailable' from command line to 'False'
[0.443s] Level 5:colcon.colcon_core.verb:set package 'marvin_sim_gazebo' build argument 'cmake_clean_cache' from command line to 'False'
[0.443s] Level 5:colcon.colcon_core.verb:set package 'marvin_sim_gazebo' build argument 'cmake_clean_first' from command line to 'False'
[0.443s] Level 5:colcon.colcon_core.verb:set package 'marvin_sim_gazebo' build argument 'cmake_force_configure' from command line to 'False'
[0.443s] Level 5:colcon.colcon_core.verb:set package 'marvin_sim_gazebo' build argument 'ament_cmake_args' from command line to 'None'
[0.443s] Level 5:colcon.colcon_core.verb:set package 'marvin_sim_gazebo' build argument 'catkin_cmake_args' from command line to 'None'
[0.443s] Level 5:colcon.colcon_core.verb:set package 'marvin_sim_gazebo' build argument 'catkin_skip_building_tests' from command line to 'False'
[0.443s] DEBUG:colcon.colcon_core.verb:Building package 'marvin_sim_gazebo' with the following arguments: {'ament_cmake_args': None, 'build_base': '/home/marvin/marvin/marvin_sim_ws/build/marvin_sim_gazebo', 'catkin_cmake_args': None, 'catkin_skip_building_tests': False, 'cmake_args': None, 'cmake_clean_cache': False, 'cmake_clean_first': False, 'cmake_force_configure': False, 'cmake_target': None, 'cmake_target_skip_unavailable': False, 'install_base': '/home/marvin/marvin/marvin_sim_ws/install/marvin_sim_gazebo', 'merge_install': False, 'path': '/home/marvin/marvin/marvin_sim_ws/src/marvin_sim_gazebo', 'symlink_install': True, 'test_result_base': None}
[0.444s] INFO:colcon.colcon_core.executor:Executing jobs using 'parallel' executor
[0.447s] DEBUG:colcon.colcon_parallel_executor.executor.parallel:run_until_complete
[0.447s] INFO:colcon.colcon_ros.task.ament_cmake.build:Building ROS package in '/home/marvin/marvin/marvin_sim_ws/src/marvin' with build type 'ament_cmake'
[0.447s] INFO:colcon.colcon_cmake.task.cmake.build:Building CMake package in '/home/marvin/marvin/marvin_sim_ws/src/marvin'
[0.452s] INFO:colcon.colcon_core.plugin_system:Skipping extension 'colcon_core.shell.bat': Not used on non-Windows systems
[0.452s] INFO:colcon.colcon_core.shell:Skip shell extension 'powershell' for command environment: Not usable outside of PowerShell
[0.452s] DEBUG:colcon.colcon_core.shell:Skip shell extension 'dsv' for command environment
[0.460s] INFO:colcon.colcon_ros.task.ament_cmake.build:Building ROS package in '/home/marvin/marvin/marvin_sim_ws/src/marvin_description' with build type 'ament_cmake'
[0.460s] INFO:colcon.colcon_cmake.task.cmake.build:Building CMake package in '/home/marvin/marvin/marvin_sim_ws/src/marvin_description'
[0.462s] INFO:colcon.colcon_core.shell:Skip shell extension 'powershell' for command environment: Not usable outside of PowerShell
[0.463s] DEBUG:colcon.colcon_core.shell:Skip shell extension 'dsv' for command environment
[0.472s] INFO:colcon.colcon_ros.task.ament_cmake.build:Building ROS package in '/home/marvin/marvin/marvin_sim_ws/src/marvin_navigation' with build type 'ament_cmake'
[0.472s] INFO:colcon.colcon_cmake.task.cmake.build:Building CMake package in '/home/marvin/marvin/marvin_sim_ws/src/marvin_navigation'
[0.474s] INFO:colcon.colcon_core.shell:Skip shell extension 'powershell' for command environment: Not usable outside of PowerShell
[0.474s] DEBUG:colcon.colcon_core.shell:Skip shell extension 'dsv' for command environment
[0.484s] INFO:colcon.colcon_ros.task.ament_cmake.build:Building ROS package in '/home/marvin/marvin/marvin_sim_ws/src/marvin_sim_bringup' with build type 'ament_cmake'
[0.484s] INFO:colcon.colcon_cmake.task.cmake.build:Building CMake package in '/home/marvin/marvin/marvin_sim_ws/src/marvin_sim_bringup'
[0.486s] INFO:colcon.colcon_core.shell:Skip shell extension 'powershell' for command environment: Not usable outside of PowerShell
[0.486s] DEBUG:colcon.colcon_core.shell:Skip shell extension 'dsv' for command environment
[0.495s] INFO:colcon.colcon_ros.task.ament_cmake.build:Building ROS package in '/home/marvin/marvin/marvin_sim_ws/src/marvin_sim_gazebo' with build type 'ament_cmake'
[0.496s] INFO:colcon.colcon_cmake.task.cmake.build:Building CMake package in '/home/marvin/marvin/marvin_sim_ws/src/marvin_sim_gazebo'
[0.498s] INFO:colcon.colcon_core.shell:Skip shell extension 'powershell' for command environment: Not usable outside of PowerShell
[0.498s] DEBUG:colcon.colcon_core.shell:Skip shell extension 'dsv' for command environment
[0.518s] DEBUG:colcon.colcon_core.event_handler.log_command:Invoking command in '/home/marvin/marvin/marvin_sim_ws/build/marvin': CMAKE_PREFIX_PATH=${CMAKE_PREFIX_PATH}:/home/marvin/marvin/marvin_ws/install/marvincar_nav:/home/marvin/marvin/marvin_ws/install/marvincar_laser:/home/marvin/marvin/marvin_ws/install/marvincar_description:/home/marvin/marvin/marvin_ws/install/marvincar_ctrl:/home/marvin/marvin/marvin_ws/install/marvincar_bringup:/opt/ros/foxy /usr/bin/cmake --build /home/marvin/marvin/marvin_sim_ws/build/marvin -- -j6 -l6
[0.527s] DEBUG:colcon.colcon_core.event_handler.log_command:Invoking command in '/home/marvin/marvin/marvin_sim_ws/build/marvin_description': CMAKE_PREFIX_PATH=${CMAKE_PREFIX_PATH}:/home/marvin/marvin/marvin_ws/install/marvincar_nav:/home/marvin/marvin/marvin_ws/install/marvincar_laser:/home/marvin/marvin/marvin_ws/install/marvincar_description:/home/marvin/marvin/marvin_ws/install/marvincar_ctrl:/home/marvin/marvin/marvin_ws/install/marvincar_bringup:/opt/ros/foxy /usr/bin/cmake --build /home/marvin/marvin/marvin_sim_ws/build/marvin_description -- -j6 -l6
[0.537s] DEBUG:colcon.colcon_core.event_handler.log_command:Invoking command in '/home/marvin/marvin/marvin_sim_ws/build/marvin_navigation': CMAKE_PREFIX_PATH=${CMAKE_PREFIX_PATH}:/home/marvin/marvin/marvin_ws/install/marvincar_nav:/home/marvin/marvin/marvin_ws/install/marvincar_laser:/home/marvin/marvin/marvin_ws/install/marvincar_description:/home/marvin/marvin/marvin_ws/install/marvincar_ctrl:/home/marvin/marvin/marvin_ws/install/marvincar_bringup:/opt/ros/foxy /usr/bin/cmake --build /home/marvin/marvin/marvin_sim_ws/build/marvin_navigation -- -j6 -l6
[0.538s] DEBUG:colcon.colcon_core.event_handler.log_command:Invoking command in '/home/marvin/marvin/marvin_sim_ws/build/marvin_sim_bringup': CMAKE_PREFIX_PATH=${CMAKE_PREFIX_PATH}:/home/marvin/marvin/marvin_ws/install/marvincar_nav:/home/marvin/marvin/marvin_ws/install/marvincar_laser:/home/marvin/marvin/marvin_ws/install/marvincar_description:/home/marvin/marvin/marvin_ws/install/marvincar_ctrl:/home/marvin/marvin/marvin_ws/install/marvincar_bringup:/opt/ros/foxy /usr/bin/cmake --build /home/marvin/marvin/marvin_sim_ws/build/marvin_sim_bringup -- -j6 -l6
[0.545s] DEBUG:colcon.colcon_core.event_handler.log_command:Invoking command in '/home/marvin/marvin/marvin_sim_ws/build/marvin_sim_gazebo': CMAKE_PREFIX_PATH=${CMAKE_PREFIX_PATH}:/home/marvin/marvin/marvin_ws/install/marvincar_nav:/home/marvin/marvin/marvin_ws/install/marvincar_laser:/home/marvin/marvin/marvin_ws/install/marvincar_description:/home/marvin/marvin/marvin_ws/install/marvincar_ctrl:/home/marvin/marvin/marvin_ws/install/marvincar_bringup:/opt/ros/foxy /usr/bin/cmake --build /home/marvin/marvin/marvin_sim_ws/build/marvin_sim_gazebo -- -j6 -l6
[0.582s] DEBUG:colcon.colcon_core.event_handler.log_command:Invoked command in '/home/marvin/marvin/marvin_sim_ws/build/marvin' returned '0': CMAKE_PREFIX_PATH=${CMAKE_PREFIX_PATH}:/home/marvin/marvin/marvin_ws/install/marvincar_nav:/home/marvin/marvin/marvin_ws/install/marvincar_laser:/home/marvin/marvin/marvin_ws/install/marvincar_description:/home/marvin/marvin/marvin_ws/install/marvincar_ctrl:/home/marvin/marvin/marvin_ws/install/marvincar_bringup:/opt/ros/foxy /usr/bin/cmake --build /home/marvin/marvin/marvin_sim_ws/build/marvin -- -j6 -l6
[0.586s] DEBUG:colcon.colcon_core.event_handler.log_command:Invoked command in '/home/marvin/marvin/marvin_sim_ws/build/marvin_description' returned '0': CMAKE_PREFIX_PATH=${CMAKE_PREFIX_PATH}:/home/marvin/marvin/marvin_ws/install/marvincar_nav:/home/marvin/marvin/marvin_ws/install/marvincar_laser:/home/marvin/marvin/marvin_ws/install/marvincar_description:/home/marvin/marvin/marvin_ws/install/marvincar_ctrl:/home/marvin/marvin/marvin_ws/install/marvincar_bringup:/opt/ros/foxy /usr/bin/cmake --build /home/marvin/marvin/marvin_sim_ws/build/marvin_description -- -j6 -l6
[0.595s] DEBUG:colcon.colcon_core.event_handler.log_command:Invoked command in '/home/marvin/marvin/marvin_sim_ws/build/marvin_navigation' returned '0': CMAKE_PREFIX_PATH=${CMAKE_PREFIX_PATH}:/home/marvin/marvin/marvin_ws/install/marvincar_nav:/home/marvin/marvin/marvin_ws/install/marvincar_laser:/home/marvin/marvin/marvin_ws/install/marvincar_description:/home/marvin/marvin/marvin_ws/install/marvincar_ctrl:/home/marvin/marvin/marvin_ws/install/marvincar_bringup:/opt/ros/foxy /usr/bin/cmake --build /home/marvin/marvin/marvin_sim_ws/build/marvin_navigation -- -j6 -l6
[0.601s] DEBUG:colcon.colcon_core.event_handler.log_command:Invoked command in '/home/marvin/marvin/marvin_sim_ws/build/marvin_sim_gazebo' returned '0': CMAKE_PREFIX_PATH=${CMAKE_PREFIX_PATH}:/home/marvin/marvin/marvin_ws/install/marvincar_nav:/home/marvin/marvin/marvin_ws/install/marvincar_laser:/home/marvin/marvin/marvin_ws/install/marvincar_description:/home/marvin/marvin/marvin_ws/install/marvincar_ctrl:/home/marvin/marvin/marvin_ws/install/marvincar_bringup:/opt/ros/foxy /usr/bin/cmake --build /home/marvin/marvin/marvin_sim_ws/build/marvin_sim_gazebo -- -j6 -l6
[0.607s] DEBUG:colcon.colcon_core.event_handler.log_command:Invoked command in '/home/marvin/marvin/marvin_sim_ws/build/marvin_sim_bringup' returned '0': CMAKE_PREFIX_PATH=${CMAKE_PREFIX_PATH}:/home/marvin/marvin/marvin_ws/install/marvincar_nav:/home/marvin/marvin/marvin_ws/install/marvincar_laser:/home/marvin/marvin/marvin_ws/install/marvincar_description:/home/marvin/marvin/marvin_ws/install/marvincar_ctrl:/home/marvin/marvin/marvin_ws/install/marvincar_bringup:/opt/ros/foxy /usr/bin/cmake --build /home/marvin/marvin/marvin_sim_ws/build/marvin_sim_bringup -- -j6 -l6
[0.630s] DEBUG:colcon.colcon_core.event_handler.log_command:Invoking command in '/home/marvin/marvin/marvin_sim_ws/build/marvin': CMAKE_PREFIX_PATH=${CMAKE_PREFIX_PATH}:/home/marvin/marvin/marvin_ws/install/marvincar_nav:/home/marvin/marvin/marvin_ws/install/marvincar_laser:/home/marvin/marvin/marvin_ws/install/marvincar_description:/home/marvin/marvin/marvin_ws/install/marvincar_ctrl:/home/marvin/marvin/marvin_ws/install/marvincar_bringup:/opt/ros/foxy /usr/bin/cmake --install /home/marvin/marvin/marvin_sim_ws/build/marvin
[0.637s] DEBUG:colcon.colcon_core.event_handler.log_command:Invoking command in '/home/marvin/marvin/marvin_sim_ws/build/marvin_navigation': CMAKE_PREFIX_PATH=${CMAKE_PREFIX_PATH}:/home/marvin/marvin/marvin_ws/install/marvincar_nav:/home/marvin/marvin/marvin_ws/install/marvincar_laser:/home/marvin/marvin/marvin_ws/install/marvincar_description:/home/marvin/marvin/marvin_ws/install/marvincar_ctrl:/home/marvin/marvin/marvin_ws/install/marvincar_bringup:/opt/ros/foxy /usr/bin/cmake --install /home/marvin/marvin/marvin_sim_ws/build/marvin_navigation
[0.640s] DEBUG:colcon.colcon_core.event_handler.log_command:Invoking command in '/home/marvin/marvin/marvin_sim_ws/build/marvin_description': CMAKE_PREFIX_PATH=${CMAKE_PREFIX_PATH}:/home/marvin/marvin/marvin_ws/install/marvincar_nav:/home/marvin/marvin/marvin_ws/install/marvincar_laser:/home/marvin/marvin/marvin_ws/install/marvincar_description:/home/marvin/marvin/marvin_ws/install/marvincar_ctrl:/home/marvin/marvin/marvin_ws/install/marvincar_bringup:/opt/ros/foxy /usr/bin/cmake --install /home/marvin/marvin/marvin_sim_ws/build/marvin_description
[0.646s] DEBUG:colcon.colcon_core.event_handler.log_command:Invoking command in '/home/marvin/marvin/marvin_sim_ws/build/marvin_sim_gazebo': CMAKE_PREFIX_PATH=${CMAKE_PREFIX_PATH}:/home/marvin/marvin/marvin_ws/install/marvincar_nav:/home/marvin/marvin/marvin_ws/install/marvincar_laser:/home/marvin/marvin/marvin_ws/install/marvincar_description:/home/marvin/marvin/marvin_ws/install/marvincar_ctrl:/home/marvin/marvin/marvin_ws/install/marvincar_bringup:/opt/ros/foxy /usr/bin/cmake --install /home/marvin/marvin/marvin_sim_ws/build/marvin_sim_gazebo
[0.657s] DEBUG:colcon.colcon_core.event_handler.log_command:Invoking command in '/home/marvin/marvin/marvin_sim_ws/build/marvin_sim_bringup': CMAKE_PREFIX_PATH=${CMAKE_PREFIX_PATH}:/home/marvin/marvin/marvin_ws/install/marvincar_nav:/home/marvin/marvin/marvin_ws/install/marvincar_laser:/home/marvin/marvin/marvin_ws/install/marvincar_description:/home/marvin/marvin/marvin_ws/install/marvincar_ctrl:/home/marvin/marvin/marvin_ws/install/marvincar_bringup:/opt/ros/foxy /usr/bin/cmake --install /home/marvin/marvin/marvin_sim_ws/build/marvin_sim_bringup
[0.668s] Level 1:colcon.colcon_core.environment:create_environment_scripts_only(marvin_navigation)
[0.680s] DEBUG:colcon.colcon_core.event_handler.log_command:Invoked command in '/home/marvin/marvin/marvin_sim_ws/build/marvin_navigation' returned '0': CMAKE_PREFIX_PATH=${CMAKE_PREFIX_PATH}:/home/marvin/marvin/marvin_ws/install/marvincar_nav:/home/marvin/marvin/marvin_ws/install/marvincar_laser:/home/marvin/marvin/marvin_ws/install/marvincar_description:/home/marvin/marvin/marvin_ws/install/marvincar_ctrl:/home/marvin/marvin/marvin_ws/install/marvincar_bringup:/opt/ros/foxy /usr/bin/cmake --install /home/marvin/marvin/marvin_sim_ws/build/marvin_navigation
[0.688s] Level 1:colcon.colcon_core.environment:checking '/home/marvin/marvin/marvin_sim_ws/install/marvin_navigation' for CMake module files
[0.690s] Level 1:colcon.colcon_core.environment:checking '/home/marvin/marvin/marvin_sim_ws/install/marvin_navigation' for CMake config files
[0.690s] Level 1:colcon.colcon_core.shell:create_environment_hook('marvin_navigation', 'cmake_prefix_path')
[0.692s] INFO:colcon.colcon_core.shell:Creating environment hook '/home/marvin/marvin/marvin_sim_ws/install/marvin_navigation/share/marvin_navigation/hook/cmake_prefix_path.ps1'
[0.692s] INFO:colcon.colcon_core.shell:Creating environment descriptor '/home/marvin/marvin/marvin_sim_ws/install/marvin_navigation/share/marvin_navigation/hook/cmake_prefix_path.dsv'
[0.693s] INFO:colcon.colcon_core.shell:Creating environment hook '/home/marvin/marvin/marvin_sim_ws/install/marvin_navigation/share/marvin_navigation/hook/cmake_prefix_path.sh'
[0.694s] Level 1:colcon.colcon_core.environment:checking '/home/marvin/marvin/marvin_sim_ws/install/marvin_navigation/bin'
[0.694s] Level 1:colcon.colcon_core.environment:checking '/home/marvin/marvin/marvin_sim_ws/install/marvin_navigation/lib/pkgconfig/marvin_navigation.pc'
[0.694s] Level 1:colcon.colcon_core.environment:checking '/home/marvin/marvin/marvin_sim_ws/install/marvin_navigation/lib/python3.8/site-packages'
[0.694s] Level 1:colcon.colcon_core.environment:checking '/home/marvin/marvin/marvin_sim_ws/install/marvin_navigation/bin'
[0.696s] INFO:colcon.colcon_core.shell:Creating package script '/home/marvin/marvin/marvin_sim_ws/install/marvin_navigation/share/marvin_navigation/package.ps1'
[0.696s] INFO:colcon.colcon_core.shell:Creating package descriptor '/home/marvin/marvin/marvin_sim_ws/install/marvin_navigation/share/marvin_navigation/package.dsv'
[0.697s] INFO:colcon.colcon_core.shell:Creating package script '/home/marvin/marvin/marvin_sim_ws/install/marvin_navigation/share/marvin_navigation/package.sh'
[0.698s] INFO:colcon.colcon_core.shell:Creating package script '/home/marvin/marvin/marvin_sim_ws/install/marvin_navigation/share/marvin_navigation/package.bash'
[0.698s] INFO:colcon.colcon_core.shell:Creating package script '/home/marvin/marvin/marvin_sim_ws/install/marvin_navigation/share/marvin_navigation/package.zsh'
[0.699s] Level 1:colcon.colcon_core.environment:create_file_with_runtime_dependencies(/home/marvin/marvin/marvin_sim_ws/install/marvin_navigation/share/colcon-core/packages/marvin_navigation)
[0.706s] Level 1:colcon.colcon_core.environment:create_environment_scripts_only(marvin)
[0.708s] Level 1:colcon.colcon_core.environment:checking '/home/marvin/marvin/marvin_sim_ws/install/marvin' for CMake module files
[0.709s] DEBUG:colcon.colcon_core.event_handler.log_command:Invoked command in '/home/marvin/marvin/marvin_sim_ws/build/marvin' returned '0': CMAKE_PREFIX_PATH=${CMAKE_PREFIX_PATH}:/home/marvin/marvin/marvin_ws/install/marvincar_nav:/home/marvin/marvin/marvin_ws/install/marvincar_laser:/home/marvin/marvin/marvin_ws/install/marvincar_description:/home/marvin/marvin/marvin_ws/install/marvincar_ctrl:/home/marvin/marvin/marvin_ws/install/marvincar_bringup:/opt/ros/foxy /usr/bin/cmake --install /home/marvin/marvin/marvin_sim_ws/build/marvin
[0.709s] Level 1:colcon.colcon_core.environment:checking '/home/marvin/marvin/marvin_sim_ws/install/marvin' for CMake config files
[0.710s] Level 1:colcon.colcon_core.shell:create_environment_hook('marvin', 'cmake_prefix_path')
[0.711s] INFO:colcon.colcon_core.shell:Creating environment hook '/home/marvin/marvin/marvin_sim_ws/install/marvin/share/marvin/hook/cmake_prefix_path.ps1'
[0.712s] INFO:colcon.colcon_core.shell:Creating environment descriptor '/home/marvin/marvin/marvin_sim_ws/install/marvin/share/marvin/hook/cmake_prefix_path.dsv'
[0.713s] INFO:colcon.colcon_core.shell:Creating environment hook '/home/marvin/marvin/marvin_sim_ws/install/marvin/share/marvin/hook/cmake_prefix_path.sh'
[0.713s] Level 1:colcon.colcon_core.environment:checking '/home/marvin/marvin/marvin_sim_ws/install/marvin/bin'
[0.713s] Level 1:colcon.colcon_core.environment:checking '/home/marvin/marvin/marvin_sim_ws/install/marvin/lib/pkgconfig/marvin.pc'
[0.714s] Level 1:colcon.colcon_core.environment:checking '/home/marvin/marvin/marvin_sim_ws/install/marvin/lib/python3.8/site-packages'
[0.714s] Level 1:colcon.colcon_core.environment:checking '/home/marvin/marvin/marvin_sim_ws/install/marvin/bin'
[0.715s] INFO:colcon.colcon_core.shell:Creating package script '/home/marvin/marvin/marvin_sim_ws/install/marvin/share/marvin/package.ps1'
[0.716s] INFO:colcon.colcon_core.shell:Creating package descriptor '/home/marvin/marvin/marvin_sim_ws/install/marvin/share/marvin/package.dsv'
[0.716s] INFO:colcon.colcon_core.shell:Creating package script '/home/marvin/marvin/marvin_sim_ws/install/marvin/share/marvin/package.sh'
[0.717s] INFO:colcon.colcon_core.shell:Creating package script '/home/marvin/marvin/marvin_sim_ws/install/marvin/share/marvin/package.bash'
[0.717s] INFO:colcon.colcon_core.shell:Creating package script '/home/marvin/marvin/marvin_sim_ws/install/marvin/share/marvin/package.zsh'
[0.718s] Level 1:colcon.colcon_core.environment:create_file_with_runtime_dependencies(/home/marvin/marvin/marvin_sim_ws/install/marvin/share/colcon-core/packages/marvin)
[0.722s] Level 1:colcon.colcon_core.environment:create_environment_scripts_only(marvin_description)
[0.723s] DEBUG:colcon.colcon_core.event_handler.log_command:Invoked command in '/home/marvin/marvin/marvin_sim_ws/build/marvin_description' returned '0': CMAKE_PREFIX_PATH=${CMAKE_PREFIX_PATH}:/home/marvin/marvin/marvin_ws/install/marvincar_nav:/home/marvin/marvin/marvin_ws/install/marvincar_laser:/home/marvin/marvin/marvin_ws/install/marvincar_description:/home/marvin/marvin/marvin_ws/install/marvincar_ctrl:/home/marvin/marvin/marvin_ws/install/marvincar_bringup:/opt/ros/foxy /usr/bin/cmake --install /home/marvin/marvin/marvin_sim_ws/build/marvin_description
[0.725s] Level 1:colcon.colcon_core.environment:checking '/home/marvin/marvin/marvin_sim_ws/install/marvin_description' for CMake module files
[0.726s] Level 1:colcon.colcon_core.environment:checking '/home/marvin/marvin/marvin_sim_ws/install/marvin_description' for CMake config files
[0.726s] Level 1:colcon.colcon_core.shell:create_environment_hook('marvin_description', 'cmake_prefix_path')
[0.728s] INFO:colcon.colcon_core.shell:Creating environment hook '/home/marvin/marvin/marvin_sim_ws/install/marvin_description/share/marvin_description/hook/cmake_prefix_path.ps1'
[0.729s] INFO:colcon.colcon_core.shell:Creating environment descriptor '/home/marvin/marvin/marvin_sim_ws/install/marvin_description/share/marvin_description/hook/cmake_prefix_path.dsv'
[0.729s] INFO:colcon.colcon_core.shell:Creating environment hook '/home/marvin/marvin/marvin_sim_ws/install/marvin_description/share/marvin_description/hook/cmake_prefix_path.sh'
[0.730s] Level 1:colcon.colcon_core.environment:checking '/home/marvin/marvin/marvin_sim_ws/install/marvin_description/bin'
[0.730s] Level 1:colcon.colcon_core.environment:checking '/home/marvin/marvin/marvin_sim_ws/install/marvin_description/lib/pkgconfig/marvin_description.pc'
[0.730s] Level 1:colcon.colcon_core.environment:checking '/home/marvin/marvin/marvin_sim_ws/install/marvin_description/lib/python3.8/site-packages'
[0.730s] Level 1:colcon.colcon_core.environment:checking '/home/marvin/marvin/marvin_sim_ws/install/marvin_description/bin'
[0.732s] INFO:colcon.colcon_core.shell:Creating package script '/home/marvin/marvin/marvin_sim_ws/install/marvin_description/share/marvin_description/package.ps1'
[0.732s] INFO:colcon.colcon_core.shell:Creating package descriptor '/home/marvin/marvin/marvin_sim_ws/install/marvin_description/share/marvin_description/package.dsv'
[0.732s] INFO:colcon.colcon_core.shell:Creating package script '/home/marvin/marvin/marvin_sim_ws/install/marvin_description/share/marvin_description/package.sh'
[0.733s] INFO:colcon.colcon_core.shell:Creating package script '/home/marvin/marvin/marvin_sim_ws/install/marvin_description/share/marvin_description/package.bash'
[0.733s] INFO:colcon.colcon_core.shell:Creating package script '/home/marvin/marvin/marvin_sim_ws/install/marvin_description/share/marvin_description/package.zsh'
[0.734s] Level 1:colcon.colcon_core.environment:create_file_with_runtime_dependencies(/home/marvin/marvin/marvin_sim_ws/install/marvin_description/share/colcon-core/packages/marvin_description)
[0.737s] Level 1:colcon.colcon_core.environment:create_environment_scripts_only(marvin_sim_bringup)
[0.740s] Level 1:colcon.colcon_core.environment:checking '/home/marvin/marvin/marvin_sim_ws/install/marvin_sim_bringup' for CMake module files
[0.740s] DEBUG:colcon.colcon_core.event_handler.log_command:Invoked command in '/home/marvin/marvin/marvin_sim_ws/build/marvin_sim_bringup' returned '0': CMAKE_PREFIX_PATH=${CMAKE_PREFIX_PATH}:/home/marvin/marvin/marvin_ws/install/marvincar_nav:/home/marvin/marvin/marvin_ws/install/marvincar_laser:/home/marvin/marvin/marvin_ws/install/marvincar_description:/home/marvin/marvin/marvin_ws/install/marvincar_ctrl:/home/marvin/marvin/marvin_ws/install/marvincar_bringup:/opt/ros/foxy /usr/bin/cmake --install /home/marvin/marvin/marvin_sim_ws/build/marvin_sim_bringup
[0.741s] Level 1:colcon.colcon_core.environment:checking '/home/marvin/marvin/marvin_sim_ws/install/marvin_sim_bringup' for CMake config files
[0.741s] Level 1:colcon.colcon_core.shell:create_environment_hook('marvin_sim_bringup', 'cmake_prefix_path')
[0.743s] INFO:colcon.colcon_core.shell:Creating environment hook '/home/marvin/marvin/marvin_sim_ws/install/marvin_sim_bringup/share/marvin_sim_bringup/hook/cmake_prefix_path.ps1'
[0.744s] INFO:colcon.colcon_core.shell:Creating environment descriptor '/home/marvin/marvin/marvin_sim_ws/install/marvin_sim_bringup/share/marvin_sim_bringup/hook/cmake_prefix_path.dsv'
[0.744s] INFO:colcon.colcon_core.shell:Creating environment hook '/home/marvin/marvin/marvin_sim_ws/install/marvin_sim_bringup/share/marvin_sim_bringup/hook/cmake_prefix_path.sh'
[0.745s] Level 1:colcon.colcon_core.environment:checking '/home/marvin/marvin/marvin_sim_ws/install/marvin_sim_bringup/bin'
[0.745s] Level 1:colcon.colcon_core.environment:checking '/home/marvin/marvin/marvin_sim_ws/install/marvin_sim_bringup/lib/pkgconfig/marvin_sim_bringup.pc'
[0.745s] Level 1:colcon.colcon_core.environment:checking '/home/marvin/marvin/marvin_sim_ws/install/marvin_sim_bringup/lib/python3.8/site-packages'
[0.745s] Level 1:colcon.colcon_core.environment:checking '/home/marvin/marvin/marvin_sim_ws/install/marvin_sim_bringup/bin'
[0.747s] INFO:colcon.colcon_core.shell:Creating package script '/home/marvin/marvin/marvin_sim_ws/install/marvin_sim_bringup/share/marvin_sim_bringup/package.ps1'
[0.747s] INFO:colcon.colcon_core.shell:Creating package descriptor '/home/marvin/marvin/marvin_sim_ws/install/marvin_sim_bringup/share/marvin_sim_bringup/package.dsv'
[0.748s] INFO:colcon.colcon_core.shell:Creating package script '/home/marvin/marvin/marvin_sim_ws/install/marvin_sim_bringup/share/marvin_sim_bringup/package.sh'
[0.748s] INFO:colcon.colcon_core.shell:Creating package script '/home/marvin/marvin/marvin_sim_ws/install/marvin_sim_bringup/share/marvin_sim_bringup/package.bash'
[0.749s] INFO:colcon.colcon_core.shell:Creating package script '/home/marvin/marvin/marvin_sim_ws/install/marvin_sim_bringup/share/marvin_sim_bringup/package.zsh'
[0.749s] Level 1:colcon.colcon_core.environment:create_file_with_runtime_dependencies(/home/marvin/marvin/marvin_sim_ws/install/marvin_sim_bringup/share/colcon-core/packages/marvin_sim_bringup)
[0.754s] Level 1:colcon.colcon_core.environment:create_environment_scripts_only(marvin_sim_gazebo)
[0.755s] DEBUG:colcon.colcon_core.event_handler.log_command:Invoked command in '/home/marvin/marvin/marvin_sim_ws/build/marvin_sim_gazebo' returned '0': CMAKE_PREFIX_PATH=${CMAKE_PREFIX_PATH}:/home/marvin/marvin/marvin_ws/install/marvincar_nav:/home/marvin/marvin/marvin_ws/install/marvincar_laser:/home/marvin/marvin/marvin_ws/install/marvincar_description:/home/marvin/marvin/marvin_ws/install/marvincar_ctrl:/home/marvin/marvin/marvin_ws/install/marvincar_bringup:/opt/ros/foxy /usr/bin/cmake --install /home/marvin/marvin/marvin_sim_ws/build/marvin_sim_gazebo
[0.757s] Level 1:colcon.colcon_core.environment:checking '/home/marvin/marvin/marvin_sim_ws/install/marvin_sim_gazebo' for CMake module files
[0.758s] Level 1:colcon.colcon_core.environment:checking '/home/marvin/marvin/marvin_sim_ws/install/marvin_sim_gazebo' for CMake config files
[0.758s] Level 1:colcon.colcon_core.shell:create_environment_hook('marvin_sim_gazebo', 'cmake_prefix_path')
[0.760s] INFO:colcon.colcon_core.shell:Creating environment hook '/home/marvin/marvin/marvin_sim_ws/install/marvin_sim_gazebo/share/marvin_sim_gazebo/hook/cmake_prefix_path.ps1'
[0.761s] INFO:colcon.colcon_core.shell:Creating environment descriptor '/home/marvin/marvin/marvin_sim_ws/install/marvin_sim_gazebo/share/marvin_sim_gazebo/hook/cmake_prefix_path.dsv'
[0.761s] INFO:colcon.colcon_core.shell:Creating environment hook '/home/marvin/marvin/marvin_sim_ws/install/marvin_sim_gazebo/share/marvin_sim_gazebo/hook/cmake_prefix_path.sh'
[0.762s] Level 1:colcon.colcon_core.environment:checking '/home/marvin/marvin/marvin_sim_ws/install/marvin_sim_gazebo/lib'
[0.762s] Level 1:colcon.colcon_core.environment:checking '/home/marvin/marvin/marvin_sim_ws/install/marvin_sim_gazebo/bin'
[0.762s] Level 1:colcon.colcon_core.environment:checking '/home/marvin/marvin/marvin_sim_ws/install/marvin_sim_gazebo/lib/pkgconfig/marvin_sim_gazebo.pc'
[0.762s] Level 1:colcon.colcon_core.environment:checking '/home/marvin/marvin/marvin_sim_ws/install/marvin_sim_gazebo/lib/python3.8/site-packages'
[0.762s] Level 1:colcon.colcon_core.shell:create_environment_hook('marvin_sim_gazebo', 'pythonpath')
[0.764s] INFO:colcon.colcon_core.shell:Creating environment hook '/home/marvin/marvin/marvin_sim_ws/install/marvin_sim_gazebo/share/marvin_sim_gazebo/hook/pythonpath.ps1'
[0.764s] INFO:colcon.colcon_core.shell:Creating environment descriptor '/home/marvin/marvin/marvin_sim_ws/install/marvin_sim_gazebo/share/marvin_sim_gazebo/hook/pythonpath.dsv'
[0.764s] INFO:colcon.colcon_core.shell:Creating environment hook '/home/marvin/marvin/marvin_sim_ws/install/marvin_sim_gazebo/share/marvin_sim_gazebo/hook/pythonpath.sh'
[0.765s] Level 1:colcon.colcon_core.environment:checking '/home/marvin/marvin/marvin_sim_ws/install/marvin_sim_gazebo/bin'
[0.766s] INFO:colcon.colcon_core.shell:Creating package script '/home/marvin/marvin/marvin_sim_ws/install/marvin_sim_gazebo/share/marvin_sim_gazebo/package.ps1'
[0.767s] INFO:colcon.colcon_core.shell:Creating package descriptor '/home/marvin/marvin/marvin_sim_ws/install/marvin_sim_gazebo/share/marvin_sim_gazebo/package.dsv'
[0.768s] INFO:colcon.colcon_core.shell:Creating package script '/home/marvin/marvin/marvin_sim_ws/install/marvin_sim_gazebo/share/marvin_sim_gazebo/package.sh'
[0.768s] INFO:colcon.colcon_core.shell:Creating package script '/home/marvin/marvin/marvin_sim_ws/install/marvin_sim_gazebo/share/marvin_sim_gazebo/package.bash'
[0.768s] INFO:colcon.colcon_core.shell:Creating package script '/home/marvin/marvin/marvin_sim_ws/install/marvin_sim_gazebo/share/marvin_sim_gazebo/package.zsh'
[0.769s] Level 1:colcon.colcon_core.environment:create_file_with_runtime_dependencies(/home/marvin/marvin/marvin_sim_ws/install/marvin_sim_gazebo/share/colcon-core/packages/marvin_sim_gazebo)
[0.774s] Level 1:colcon.colcon_core.environment:create_environment_scripts_only(marvin_navigation)
[0.776s] Level 1:colcon.colcon_core.environment:checking '/home/marvin/marvin/marvin_sim_ws/install/marvin_navigation' for CMake module files
[0.777s] Level 1:colcon.colcon_core.environment:checking '/home/marvin/marvin/marvin_sim_ws/install/marvin_navigation' for CMake config files
[0.777s] Level 1:colcon.colcon_core.shell:create_environment_hook('marvin_navigation', 'cmake_prefix_path')
[0.779s] INFO:colcon.colcon_core.shell:Creating environment hook '/home/marvin/marvin/marvin_sim_ws/install/marvin_navigation/share/marvin_navigation/hook/cmake_prefix_path.ps1'
[0.779s] INFO:colcon.colcon_core.shell:Creating environment descriptor '/home/marvin/marvin/marvin_sim_ws/install/marvin_navigation/share/marvin_navigation/hook/cmake_prefix_path.dsv'
[0.780s] INFO:colcon.colcon_core.shell:Creating environment hook '/home/marvin/marvin/marvin_sim_ws/install/marvin_navigation/share/marvin_navigation/hook/cmake_prefix_path.sh'
[0.780s] Level 1:colcon.colcon_core.environment:checking '/home/marvin/marvin/marvin_sim_ws/install/marvin_navigation/bin'
[0.780s] Level 1:colcon.colcon_core.environment:checking '/home/marvin/marvin/marvin_sim_ws/install/marvin_navigation/lib/pkgconfig/marvin_navigation.pc'
[0.781s] Level 1:colcon.colcon_core.environment:checking '/home/marvin/marvin/marvin_sim_ws/install/marvin_navigation/lib/python3.8/site-packages'
[0.781s] Level 1:colcon.colcon_core.environment:checking '/home/marvin/marvin/marvin_sim_ws/install/marvin_navigation/bin'
[0.782s] INFO:colcon.colcon_core.shell:Creating package script '/home/marvin/marvin/marvin_sim_ws/install/marvin_navigation/share/marvin_navigation/package.ps1'
[0.783s] INFO:colcon.colcon_core.shell:Creating package descriptor '/home/marvin/marvin/marvin_sim_ws/install/marvin_navigation/share/marvin_navigation/package.dsv'
[0.784s] INFO:colcon.colcon_core.shell:Creating package script '/home/marvin/marvin/marvin_sim_ws/install/marvin_navigation/share/marvin_navigation/package.sh'
[0.784s] INFO:colcon.colcon_core.shell:Creating package script '/home/marvin/marvin/marvin_sim_ws/install/marvin_navigation/share/marvin_navigation/package.bash'
[0.785s] INFO:colcon.colcon_core.shell:Creating package script '/home/marvin/marvin/marvin_sim_ws/install/marvin_navigation/share/marvin_navigation/package.zsh'
[0.785s] Level 1:colcon.colcon_core.environment:create_file_with_runtime_dependencies(/home/marvin/marvin/marvin_sim_ws/install/marvin_navigation/share/colcon-core/packages/marvin_navigation)
[0.788s] Level 1:colcon.colcon_core.environment:create_environment_scripts_only(marvin)
[0.789s] Level 1:colcon.colcon_core.environment:checking '/home/marvin/marvin/marvin_sim_ws/install/marvin' for CMake module files
[0.790s] Level 1:colcon.colcon_core.environment:checking '/home/marvin/marvin/marvin_sim_ws/install/marvin' for CMake config files
[0.790s] Level 1:colcon.colcon_core.shell:create_environment_hook('marvin', 'cmake_prefix_path')
[0.791s] INFO:colcon.colcon_core.shell:Creating environment hook '/home/marvin/marvin/marvin_sim_ws/install/marvin/share/marvin/hook/cmake_prefix_path.ps1'
[0.792s] INFO:colcon.colcon_core.shell:Creating environment descriptor '/home/marvin/marvin/marvin_sim_ws/install/marvin/share/marvin/hook/cmake_prefix_path.dsv'
[0.792s] INFO:colcon.colcon_core.shell:Creating environment hook '/home/marvin/marvin/marvin_sim_ws/install/marvin/share/marvin/hook/cmake_prefix_path.sh'
[0.793s] Level 1:colcon.colcon_core.environment:checking '/home/marvin/marvin/marvin_sim_ws/install/marvin/bin'
[0.793s] Level 1:colcon.colcon_core.environment:checking '/home/marvin/marvin/marvin_sim_ws/install/marvin/lib/pkgconfig/marvin.pc'
[0.793s] Level 1:colcon.colcon_core.environment:checking '/home/marvin/marvin/marvin_sim_ws/install/marvin/lib/python3.8/site-packages'
[0.793s] Level 1:colcon.colcon_core.environment:checking '/home/marvin/marvin/marvin_sim_ws/install/marvin/bin'
[0.795s] INFO:colcon.colcon_core.shell:Creating package script '/home/marvin/marvin/marvin_sim_ws/install/marvin/share/marvin/package.ps1'
[0.795s] INFO:colcon.colcon_core.shell:Creating package descriptor '/home/marvin/marvin/marvin_sim_ws/install/marvin/share/marvin/package.dsv'
[0.796s] INFO:colcon.colcon_core.shell:Creating package script '/home/marvin/marvin/marvin_sim_ws/install/marvin/share/marvin/package.sh'
[0.796s] INFO:colcon.colcon_core.shell:Creating package script '/home/marvin/marvin/marvin_sim_ws/install/marvin/share/marvin/package.bash'
[0.797s] INFO:colcon.colcon_core.shell:Creating package script '/home/marvin/marvin/marvin_sim_ws/install/marvin/share/marvin/package.zsh'
[0.797s] Level 1:colcon.colcon_core.environment:create_file_with_runtime_dependencies(/home/marvin/marvin/marvin_sim_ws/install/marvin/share/colcon-core/packages/marvin)
[0.800s] Level 1:colcon.colcon_core.environment:create_environment_scripts_only(marvin_description)
[0.802s] Level 1:colcon.colcon_core.environment:checking '/home/marvin/marvin/marvin_sim_ws/install/marvin_description' for CMake module files
[0.803s] Level 1:colcon.colcon_core.environment:checking '/home/marvin/marvin/marvin_sim_ws/install/marvin_description' for CMake config files
[0.803s] Level 1:colcon.colcon_core.shell:create_environment_hook('marvin_description', 'cmake_prefix_path')
[0.805s] INFO:colcon.colcon_core.shell:Creating environment hook '/home/marvin/marvin/marvin_sim_ws/install/marvin_description/share/marvin_description/hook/cmake_prefix_path.ps1'
[0.805s] INFO:colcon.colcon_core.shell:Creating environment descriptor '/home/marvin/marvin/marvin_sim_ws/install/marvin_description/share/marvin_description/hook/cmake_prefix_path.dsv'
[0.806s] INFO:colcon.colcon_core.shell:Creating environment hook '/home/marvin/marvin/marvin_sim_ws/install/marvin_description/share/marvin_description/hook/cmake_prefix_path.sh'
[0.806s] Level 1:colcon.colcon_core.environment:checking '/home/marvin/marvin/marvin_sim_ws/install/marvin_description/bin'
[0.806s] Level 1:colcon.colcon_core.environment:checking '/home/marvin/marvin/marvin_sim_ws/install/marvin_description/lib/pkgconfig/marvin_description.pc'
[0.806s] Level 1:colcon.colcon_core.environment:checking '/home/marvin/marvin/marvin_sim_ws/install/marvin_description/lib/python3.8/site-packages'
[0.807s] Level 1:colcon.colcon_core.environment:checking '/home/marvin/marvin/marvin_sim_ws/install/marvin_description/bin'
[0.808s] INFO:colcon.colcon_core.shell:Creating package script '/home/marvin/marvin/marvin_sim_ws/install/marvin_description/share/marvin_description/package.ps1'
[0.809s] INFO:colcon.colcon_core.shell:Creating package descriptor '/home/marvin/marvin/marvin_sim_ws/install/marvin_description/share/marvin_description/package.dsv'
[0.810s] INFO:colcon.colcon_core.shell:Creating package script '/home/marvin/marvin/marvin_sim_ws/install/marvin_description/share/marvin_description/package.sh'
[0.810s] INFO:colcon.colcon_core.shell:Creating package script '/home/marvin/marvin/marvin_sim_ws/install/marvin_description/share/marvin_description/package.bash'
[0.811s] INFO:colcon.colcon_core.shell:Creating package script '/home/marvin/marvin/marvin_sim_ws/install/marvin_description/share/marvin_description/package.zsh'
[0.811s] Level 1:colcon.colcon_core.environment:create_file_with_runtime_dependencies(/home/marvin/marvin/marvin_sim_ws/install/marvin_description/share/colcon-core/packages/marvin_description)
[0.813s] Level 1:colcon.colcon_core.environment:create_environment_scripts_only(marvin_sim_bringup)
[0.815s] Level 1:colcon.colcon_core.environment:checking '/home/marvin/marvin/marvin_sim_ws/install/marvin_sim_bringup' for CMake module files
[0.816s] Level 1:colcon.colcon_core.environment:checking '/home/marvin/marvin/marvin_sim_ws/install/marvin_sim_bringup' for CMake config files
[0.817s] Level 1:colcon.colcon_core.shell:create_environment_hook('marvin_sim_bringup', 'cmake_prefix_path')
[0.818s] INFO:colcon.colcon_core.shell:Creating environment hook '/home/marvin/marvin/marvin_sim_ws/install/marvin_sim_bringup/share/marvin_sim_bringup/hook/cmake_prefix_path.ps1'
[0.818s] INFO:colcon.colcon_core.shell:Creating environment descriptor '/home/marvin/marvin/marvin_sim_ws/install/marvin_sim_bringup/share/marvin_sim_bringup/hook/cmake_prefix_path.dsv'
[0.819s] INFO:colcon.colcon_core.shell:Creating environment hook '/home/marvin/marvin/marvin_sim_ws/install/marvin_sim_bringup/share/marvin_sim_bringup/hook/cmake_prefix_path.sh'
[0.819s] Level 1:colcon.colcon_core.environment:checking '/home/marvin/marvin/marvin_sim_ws/install/marvin_sim_bringup/bin'
[0.819s] Level 1:colcon.colcon_core.environment:checking '/home/marvin/marvin/marvin_sim_ws/install/marvin_sim_bringup/lib/pkgconfig/marvin_sim_bringup.pc'
[0.820s] Level 1:colcon.colcon_core.environment:checking '/home/marvin/marvin/marvin_sim_ws/install/marvin_sim_bringup/lib/python3.8/site-packages'
[0.820s] Level 1:colcon.colcon_core.environment:checking '/home/marvin/marvin/marvin_sim_ws/install/marvin_sim_bringup/bin'
[0.821s] INFO:colcon.colcon_core.shell:Creating package script '/home/marvin/marvin/marvin_sim_ws/install/marvin_sim_bringup/share/marvin_sim_bringup/package.ps1'
[0.822s] INFO:colcon.colcon_core.shell:Creating package descriptor '/home/marvin/marvin/marvin_sim_ws/install/marvin_sim_bringup/share/marvin_sim_bringup/package.dsv'
[0.822s] INFO:colcon.colcon_core.shell:Creating package script '/home/marvin/marvin/marvin_sim_ws/install/marvin_sim_bringup/share/marvin_sim_bringup/package.sh'
[0.823s] INFO:colcon.colcon_core.shell:Creating package script '/home/marvin/marvin/marvin_sim_ws/install/marvin_sim_bringup/share/marvin_sim_bringup/package.bash'
[0.823s] INFO:colcon.colcon_core.shell:Creating package script '/home/marvin/marvin/marvin_sim_ws/install/marvin_sim_bringup/share/marvin_sim_bringup/package.zsh'
[0.824s] Level 1:colcon.colcon_core.environment:create_file_with_runtime_dependencies(/home/marvin/marvin/marvin_sim_ws/install/marvin_sim_bringup/share/colcon-core/packages/marvin_sim_bringup)
[0.825s] Level 1:colcon.colcon_core.environment:create_environment_scripts_only(marvin_sim_gazebo)
[0.827s] Level 1:colcon.colcon_core.environment:checking '/home/marvin/marvin/marvin_sim_ws/install/marvin_sim_gazebo' for CMake module files
[0.828s] Level 1:colcon.colcon_core.environment:checking '/home/marvin/marvin/marvin_sim_ws/install/marvin_sim_gazebo' for CMake config files
[0.829s] Level 1:colcon.colcon_core.shell:create_environment_hook('marvin_sim_gazebo', 'cmake_prefix_path')
[0.830s] INFO:colcon.colcon_core.shell:Creating environment hook '/home/marvin/marvin/marvin_sim_ws/install/marvin_sim_gazebo/share/marvin_sim_gazebo/hook/cmake_prefix_path.ps1'
[0.830s] INFO:colcon.colcon_core.shell:Creating environment descriptor '/home/marvin/marvin/marvin_sim_ws/install/marvin_sim_gazebo/share/marvin_sim_gazebo/hook/cmake_prefix_path.dsv'
[0.831s] INFO:colcon.colcon_core.shell:Creating environment hook '/home/marvin/marvin/marvin_sim_ws/install/marvin_sim_gazebo/share/marvin_sim_gazebo/hook/cmake_prefix_path.sh'
[0.832s] Level 1:colcon.colcon_core.environment:checking '/home/marvin/marvin/marvin_sim_ws/install/marvin_sim_gazebo/lib'
[0.832s] Level 1:colcon.colcon_core.environment:checking '/home/marvin/marvin/marvin_sim_ws/install/marvin_sim_gazebo/bin'
[0.832s] Level 1:colcon.colcon_core.environment:checking '/home/marvin/marvin/marvin_sim_ws/install/marvin_sim_gazebo/lib/pkgconfig/marvin_sim_gazebo.pc'
[0.832s] Level 1:colcon.colcon_core.environment:checking '/home/marvin/marvin/marvin_sim_ws/install/marvin_sim_gazebo/lib/python3.8/site-packages'
[0.832s] Level 1:colcon.colcon_core.shell:create_environment_hook('marvin_sim_gazebo', 'pythonpath')
[0.833s] INFO:colcon.colcon_core.shell:Creating environment hook '/home/marvin/marvin/marvin_sim_ws/install/marvin_sim_gazebo/share/marvin_sim_gazebo/hook/pythonpath.ps1'
[0.834s] INFO:colcon.colcon_core.shell:Creating environment descriptor '/home/marvin/marvin/marvin_sim_ws/install/marvin_sim_gazebo/share/marvin_sim_gazebo/hook/pythonpath.dsv'
[0.834s] INFO:colcon.colcon_core.shell:Creating environment hook '/home/marvin/marvin/marvin_sim_ws/install/marvin_sim_gazebo/share/marvin_sim_gazebo/hook/pythonpath.sh'
[0.835s] Level 1:colcon.colcon_core.environment:checking '/home/marvin/marvin/marvin_sim_ws/install/marvin_sim_gazebo/bin'
[0.836s] INFO:colcon.colcon_core.shell:Creating package script '/home/marvin/marvin/marvin_sim_ws/install/marvin_sim_gazebo/share/marvin_sim_gazebo/package.ps1'
[0.837s] INFO:colcon.colcon_core.shell:Creating package descriptor '/home/marvin/marvin/marvin_sim_ws/install/marvin_sim_gazebo/share/marvin_sim_gazebo/package.dsv'
[0.838s] INFO:colcon.colcon_core.shell:Creating package script '/home/marvin/marvin/marvin_sim_ws/install/marvin_sim_gazebo/share/marvin_sim_gazebo/package.sh'
[0.838s] INFO:colcon.colcon_core.shell:Creating package script '/home/marvin/marvin/marvin_sim_ws/install/marvin_sim_gazebo/share/marvin_sim_gazebo/package.bash'
[0.839s] INFO:colcon.colcon_core.shell:Creating package script '/home/marvin/marvin/marvin_sim_ws/install/marvin_sim_gazebo/share/marvin_sim_gazebo/package.zsh'
[0.840s] Level 1:colcon.colcon_core.environment:create_file_with_runtime_dependencies(/home/marvin/marvin/marvin_sim_ws/install/marvin_sim_gazebo/share/colcon-core/packages/marvin_sim_gazebo)
[0.841s] DEBUG:colcon.colcon_parallel_executor.executor.parallel:closing loop
[0.842s] DEBUG:colcon.colcon_parallel_executor.executor.parallel:loop closed
[0.842s] DEBUG:colcon.colcon_parallel_executor.executor.parallel:run_until_complete finished with '0'
[0.842s] DEBUG:colcon.colcon_core.event_reactor:joining thread
[0.850s] INFO:colcon.colcon_core.plugin_system:Skipping extension 'colcon_notification.desktop_notification.terminal_notifier': Not used on non-Darwin systems
[0.850s] INFO:colcon.colcon_core.plugin_system:Skipping extension 'colcon_notification.desktop_notification.win32': Not used on non-Windows systems
[0.850s] INFO:colcon.colcon_notification.desktop_notification:Sending desktop notification using 'notify2'
[0.871s] DEBUG:colcon.colcon_core.event_reactor:joined thread
[0.873s] INFO:colcon.colcon_core.shell:Creating prefix script '/home/marvin/marvin/marvin_sim_ws/install/local_setup.ps1'
[0.874s] INFO:colcon.colcon_core.shell:Creating prefix util module '/home/marvin/marvin/marvin_sim_ws/install/_local_setup_util_ps1.py'
[0.875s] INFO:colcon.colcon_core.shell:Creating prefix chain script '/home/marvin/marvin/marvin_sim_ws/install/setup.ps1'
[0.878s] INFO:colcon.colcon_core.shell:Creating prefix script '/home/marvin/marvin/marvin_sim_ws/install/local_setup.sh'
[0.879s] INFO:colcon.colcon_core.shell:Creating prefix util module '/home/marvin/marvin/marvin_sim_ws/install/_local_setup_util_sh.py'
[0.879s] INFO:colcon.colcon_core.shell:Creating prefix chain script '/home/marvin/marvin/marvin_sim_ws/install/setup.sh'
[0.881s] INFO:colcon.colcon_core.shell:Creating prefix script '/home/marvin/marvin/marvin_sim_ws/install/local_setup.bash'
[0.882s] INFO:colcon.colcon_core.shell:Creating prefix chain script '/home/marvin/marvin/marvin_sim_ws/install/setup.bash'
[0.883s] INFO:colcon.colcon_core.shell:Creating prefix script '/home/marvin/marvin/marvin_sim_ws/install/local_setup.zsh'
[0.884s] INFO:colcon.colcon_core.shell:Creating prefix chain script '/home/marvin/marvin/marvin_sim_ws/install/setup.zsh'
