[0.060s] Invoking command in '/home/marvin/marvin/marvin_sim_ws/build/marvin_navigation': CMAKE_PREFIX_PATH=${CMAKE_PREFIX_PATH}:/home/marvin/marvin/marvin_ws/install/marvincar_nav:/home/marvin/marvin/marvin_ws/install/marvincar_laser:/home/marvin/marvin/marvin_ws/install/marvincar_description:/home/marvin/marvin/marvin_ws/install/marvincar_ctrl:/home/marvin/marvin/marvin_ws/install/marvincar_bringup:/opt/ros/foxy /usr/bin/cmake --build /home/marvin/marvin/marvin_sim_ws/build/marvin_navigation -- -j6 -l6
[0.124s] Invoked command in '/home/marvin/marvin/marvin_sim_ws/build/marvin_navigation' returned '0': CMAKE_PREFIX_PATH=${CMAKE_PREFIX_PATH}:/home/marvin/marvin/marvin_ws/install/marvincar_nav:/home/marvin/marvin/marvin_ws/install/marvincar_laser:/home/marvin/marvin/marvin_ws/install/marvincar_description:/home/marvin/marvin/marvin_ws/install/marvincar_ctrl:/home/marvin/marvin/marvin_ws/install/marvincar_bringup:/opt/ros/foxy /usr/bin/cmake --build /home/marvin/marvin/marvin_sim_ws/build/marvin_navigation -- -j6 -l6
[0.174s] Invoking command in '/home/marvin/marvin/marvin_sim_ws/build/marvin_navigation': CMAKE_PREFIX_PATH=${CMAKE_PREFIX_PATH}:/home/marvin/marvin/marvin_ws/install/marvincar_nav:/home/marvin/marvin/marvin_ws/install/marvincar_laser:/home/marvin/marvin/marvin_ws/install/marvincar_description:/home/marvin/marvin/marvin_ws/install/marvincar_ctrl:/home/marvin/marvin/marvin_ws/install/marvincar_bringup:/opt/ros/foxy /usr/bin/cmake --install /home/marvin/marvin/marvin_sim_ws/build/marvin_navigation
[0.186s] -- Install configuration: ""
[0.186s] -- Execute custom install script
[0.187s] -- Up-to-date symlink: /home/marvin/marvin/marvin_sim_ws/install/marvin_navigation/share/marvin_navigation/launch/localization.launch.py
[0.188s] -- Up-to-date symlink: /home/marvin/marvin/marvin_sim_ws/install/marvin_navigation/share/marvin_navigation/launch/navigation.launch.py
[0.190s] -- Up-to-date symlink: /home/marvin/marvin/marvin_sim_ws/install/marvin_navigation/share/marvin_navigation/launch/slam.launch.py
[0.190s] -- Up-to-date symlink: /home/marvin/marvin/marvin_sim_ws/install/marvin_navigation/share/marvin_navigation/config/localization.yaml
[0.190s] -- Up-to-date symlink: /home/marvin/marvin/marvin_sim_ws/install/marvin_navigation/share/marvin_navigation/config/slam.yaml
[0.191s] -- Up-to-date symlink: /home/marvin/marvin/marvin_sim_ws/install/marvin_navigation/share/ament_index/resource_index/package_run_dependencies/marvin_navigation
[0.191s] -- Up-to-date symlink: /home/marvin/marvin/marvin_sim_ws/install/marvin_navigation/share/ament_index/resource_index/parent_prefix_path/marvin_navigation
[0.191s] -- Up-to-date symlink: /home/marvin/marvin/marvin_sim_ws/install/marvin_navigation/share/marvin_navigation/environment/ament_prefix_path.sh
[0.191s] -- Up-to-date symlink: /home/marvin/marvin/marvin_sim_ws/install/marvin_navigation/share/marvin_navigation/environment/ament_prefix_path.dsv
[0.191s] -- Up-to-date symlink: /home/marvin/marvin/marvin_sim_ws/install/marvin_navigation/share/marvin_navigation/environment/path.sh
[0.192s] -- Up-to-date symlink: /home/marvin/marvin/marvin_sim_ws/install/marvin_navigation/share/marvin_navigation/environment/path.dsv
[0.192s] -- Up-to-date symlink: /home/marvin/marvin/marvin_sim_ws/install/marvin_navigation/share/marvin_navigation/local_setup.bash
[0.193s] -- Up-to-date symlink: /home/marvin/marvin/marvin_sim_ws/install/marvin_navigation/share/marvin_navigation/local_setup.sh
[0.194s] -- Up-to-date symlink: /home/marvin/marvin/marvin_sim_ws/install/marvin_navigation/share/marvin_navigation/local_setup.zsh
[0.196s] -- Up-to-date symlink: /home/marvin/marvin/marvin_sim_ws/install/marvin_navigation/share/marvin_navigation/local_setup.dsv
[0.197s] -- Symlinking: /home/marvin/marvin/marvin_sim_ws/install/marvin_navigation/share/marvin_navigation/package.dsv
[0.212s] -- Up-to-date symlink: /home/marvin/marvin/marvin_sim_ws/install/marvin_navigation/share/ament_index/resource_index/packages/marvin_navigation
[0.213s] -- Up-to-date symlink: /home/marvin/marvin/marvin_sim_ws/install/marvin_navigation/share/marvin_navigation/cmake/marvin_navigationConfig.cmake
[0.213s] -- Up-to-date symlink: /home/marvin/marvin/marvin_sim_ws/install/marvin_navigation/share/marvin_navigation/cmake/marvin_navigationConfig-version.cmake
[0.213s] -- Up-to-date symlink: /home/marvin/marvin/marvin_sim_ws/install/marvin_navigation/share/marvin_navigation/package.xml
[0.290s] Invoked command in '/home/marvin/marvin/marvin_sim_ws/build/marvin_navigation' returned '0': CMAKE_PREFIX_PATH=${CMAKE_PREFIX_PATH}:/home/marvin/marvin/marvin_ws/install/marvincar_nav:/home/marvin/marvin/marvin_ws/install/marvincar_laser:/home/marvin/marvin/marvin_ws/install/marvincar_description:/home/marvin/marvin/marvin_ws/install/marvincar_ctrl:/home/marvin/marvin/marvin_ws/install/marvincar_bringup:/opt/ros/foxy /usr/bin/cmake --install /home/marvin/marvin/marvin_sim_ws/build/marvin_navigation
