[0.124s] Invoking command in '/home/marvin/marvin/marvin_sim_ws/build/marvin_sim_bringup': CMAKE_PREFIX_PATH=${CMAKE_PREFIX_PATH}:/opt/ros/foxy /usr/bin/cmake /home/marvin/marvin/marvin_sim_ws/src/marvin_sim_bringup -DCMAKE_INSTALL_PREFIX=/home/marvin/marvin/marvin_sim_ws/install/marvin_sim_bringup
[0.171s] -- Found ament_cmake: 0.9.12 (/opt/ros/foxy/share/ament_cmake/cmake)
[0.226s] -- Using PYTHON_EXECUTABLE: /usr/bin/python3
[0.632s] -- Override CMake install command with custom implementation using symlinks instead of copying resources
[0.653s] -- Found ament_lint_auto: 0.9.8 (/opt/ros/foxy/share/ament_lint_auto/cmake)
[0.847s] -- Added test 'flake8' to check Python code syntax and style conventions
[0.848s] -- Added test 'lint_cmake' to check CMake code style
[0.856s] -- Added test 'pep257' to check Python code against some of the style conventions in PEP 257
[0.878s] -- Added test 'xmllint' to check XML markup files
[0.955s] -- Configuring done
[1.061s] -- Generating done
[1.065s] -- Build files have been written to: /home/marvin/marvin/marvin_sim_ws/build/marvin_sim_bringup
[1.074s] Invoked command in '/home/marvin/marvin/marvin_sim_ws/build/marvin_sim_bringup' returned '0': CMAKE_PREFIX_PATH=${CMAKE_PREFIX_PATH}:/opt/ros/foxy /usr/bin/cmake /home/marvin/marvin/marvin_sim_ws/src/marvin_sim_bringup -DCMAKE_INSTALL_PREFIX=/home/marvin/marvin/marvin_sim_ws/install/marvin_sim_bringup
[1.083s] Invoking command in '/home/marvin/marvin/marvin_sim_ws/build/marvin_sim_bringup': CMAKE_PREFIX_PATH=${CMAKE_PREFIX_PATH}:/opt/ros/foxy /usr/bin/cmake --build /home/marvin/marvin/marvin_sim_ws/build/marvin_sim_bringup -- -j6 -l6
[1.266s] Invoked command in '/home/marvin/marvin/marvin_sim_ws/build/marvin_sim_bringup' returned '0': CMAKE_PREFIX_PATH=${CMAKE_PREFIX_PATH}:/opt/ros/foxy /usr/bin/cmake --build /home/marvin/marvin/marvin_sim_ws/build/marvin_sim_bringup -- -j6 -l6
[1.348s] Invoking command in '/home/marvin/marvin/marvin_sim_ws/build/marvin_sim_bringup': CMAKE_PREFIX_PATH=${CMAKE_PREFIX_PATH}:/opt/ros/foxy /usr/bin/cmake --install /home/marvin/marvin/marvin_sim_ws/build/marvin_sim_bringup
[1.385s] -- Install configuration: ""
[1.385s] -- Execute custom install script
[1.385s] -- Up-to-date symlink: /home/marvin/marvin/marvin_sim_ws/install/marvin_sim_bringup/share/marvin_sim_bringup/launch/joy_teleop.launch.py
[1.386s] -- Up-to-date symlink: /home/marvin/marvin/marvin_sim_ws/install/marvin_sim_bringup/share/marvin_sim_bringup/config/joy.yaml
[1.386s] -- Up-to-date symlink: /home/marvin/marvin/marvin_sim_ws/install/marvin_sim_bringup/share/marvin_sim_bringup/config/twist_mux.yaml
[1.386s] -- Up-to-date symlink: /home/marvin/marvin/marvin_sim_ws/install/marvin_sim_bringup/share/ament_index/resource_index/package_run_dependencies/marvin_sim_bringup
[1.386s] -- Up-to-date symlink: /home/marvin/marvin/marvin_sim_ws/install/marvin_sim_bringup/share/ament_index/resource_index/parent_prefix_path/marvin_sim_bringup
[1.386s] -- Up-to-date symlink: /home/marvin/marvin/marvin_sim_ws/install/marvin_sim_bringup/share/marvin_sim_bringup/environment/ament_prefix_path.sh
[1.386s] -- Up-to-date symlink: /home/marvin/marvin/marvin_sim_ws/install/marvin_sim_bringup/share/marvin_sim_bringup/environment/ament_prefix_path.dsv
[1.386s] -- Up-to-date symlink: /home/marvin/marvin/marvin_sim_ws/install/marvin_sim_bringup/share/marvin_sim_bringup/environment/path.sh
[1.386s] -- Up-to-date symlink: /home/marvin/marvin/marvin_sim_ws/install/marvin_sim_bringup/share/marvin_sim_bringup/environment/path.dsv
[1.387s] -- Up-to-date symlink: /home/marvin/marvin/marvin_sim_ws/install/marvin_sim_bringup/share/marvin_sim_bringup/local_setup.bash
[1.387s] -- Up-to-date symlink: /home/marvin/marvin/marvin_sim_ws/install/marvin_sim_bringup/share/marvin_sim_bringup/local_setup.sh
[1.387s] -- Up-to-date symlink: /home/marvin/marvin/marvin_sim_ws/install/marvin_sim_bringup/share/marvin_sim_bringup/local_setup.zsh
[1.387s] -- Up-to-date symlink: /home/marvin/marvin/marvin_sim_ws/install/marvin_sim_bringup/share/marvin_sim_bringup/local_setup.dsv
[1.387s] -- Symlinking: /home/marvin/marvin/marvin_sim_ws/install/marvin_sim_bringup/share/marvin_sim_bringup/package.dsv
[1.407s] -- Up-to-date symlink: /home/marvin/marvin/marvin_sim_ws/install/marvin_sim_bringup/share/ament_index/resource_index/packages/marvin_sim_bringup
[1.408s] -- Up-to-date symlink: /home/marvin/marvin/marvin_sim_ws/install/marvin_sim_bringup/share/marvin_sim_bringup/cmake/marvin_sim_bringupConfig.cmake
[1.409s] -- Up-to-date symlink: /home/marvin/marvin/marvin_sim_ws/install/marvin_sim_bringup/share/marvin_sim_bringup/cmake/marvin_sim_bringupConfig-version.cmake
[1.410s] -- Up-to-date symlink: /home/marvin/marvin/marvin_sim_ws/install/marvin_sim_bringup/share/marvin_sim_bringup/package.xml
[1.730s] Invoked command in '/home/marvin/marvin/marvin_sim_ws/build/marvin_sim_bringup' returned '0': CMAKE_PREFIX_PATH=${CMAKE_PREFIX_PATH}:/opt/ros/foxy /usr/bin/cmake --install /home/marvin/marvin/marvin_sim_ws/build/marvin_sim_bringup
