[0.303s] DEBUG:colcon:Command line arguments: ['/usr/bin/colcon', 'build', '--symlink-install']
[0.303s] DEBUG:colcon:Parsed command line arguments: Namespace(allow_overriding=[], ament_cmake_args=None, base_paths=['.'], build_base='build', catkin_cmake_args=None, catkin_skip_building_tests=False, cmake_args=None, cmake_clean_cache=False, cmake_clean_first=False, cmake_force_configure=False, cmake_target=None, cmake_target_skip_unavailable=False, continue_on_error=False, event_handlers=None, executor='parallel', ignore_user_meta=False, install_base='install', log_base=None, log_level=None, main=<bound method BuildVerb.main of <colcon_core.verb.build.BuildVerb object at 0x7fac8ceb19a0>>, merge_install=False, metas=['./colcon.meta'], packages_above=None, packages_above_and_dependencies=None, packages_above_depth=None, packages_end=None, packages_ignore=None, packages_ignore_regex=None, packages_select=None, packages_select_build_failed=False, packages_select_by_dep=None, packages_select_regex=None, packages_select_test_failures=False, packages_skip=None, packages_skip_build_finished=False, packages_skip_by_dep=None, packages_skip_regex=None, packages_skip_test_passed=False, packages_skip_up_to=None, packages_start=None, packages_up_to=None, packages_up_to_regex=None, parallel_workers=6, paths=None, symlink_install=True, test_result_base=None, verb_extension=<colcon_core.verb.build.BuildVerb object at 0x7fac8ceb19a0>, verb_name='build', verb_parser=<colcon_defaults.argument_parser.defaults.DefaultArgumentsDecorator object at 0x7fac8ceb1f10>)
[0.331s] Level 1:colcon.colcon_core.package_discovery:discover_packages(colcon_meta) check parameters
[0.331s] Level 1:colcon.colcon_core.package_discovery:discover_packages(recursive) check parameters
[0.331s] Level 1:colcon.colcon_core.package_discovery:discover_packages(ignore) check parameters
[0.331s] Level 1:colcon.colcon_core.package_discovery:discover_packages(path) check parameters
[0.331s] Level 1:colcon.colcon_core.package_discovery:discover_packages(colcon_meta) discover
[0.331s] Level 1:colcon.colcon_core.package_discovery:discover_packages(recursive) discover
[0.331s] INFO:colcon.colcon_core.package_discovery:Crawling recursively for packages in '/home/marvin/marvin/marvin_sim_ws'
[0.331s] Level 1:colcon.colcon_core.package_identification:_identify(.) by extensions ['ignore', 'ignore_ament_install']
[0.331s] Level 1:colcon.colcon_core.package_identification:_identify(.) by extension 'ignore'
[0.331s] Level 1:colcon.colcon_core.package_identification:_identify(.) by extension 'ignore_ament_install'
[0.332s] Level 1:colcon.colcon_core.package_identification:_identify(.) by extensions ['colcon_pkg']
[0.332s] Level 1:colcon.colcon_core.package_identification:_identify(.) by extension 'colcon_pkg'
[0.332s] Level 1:colcon.colcon_core.package_identification:_identify(.) by extensions ['colcon_meta']
[0.332s] Level 1:colcon.colcon_core.package_identification:_identify(.) by extension 'colcon_meta'
[0.332s] Level 1:colcon.colcon_core.package_identification:_identify(.) by extensions ['ros']
[0.332s] Level 1:colcon.colcon_core.package_identification:_identify(.) by extension 'ros'
[0.350s] Level 1:colcon.colcon_core.package_identification:_identify(.) by extensions ['cmake', 'python']
[0.350s] Level 1:colcon.colcon_core.package_identification:_identify(.) by extension 'cmake'
[0.350s] Level 1:colcon.colcon_core.package_identification:_identify(.) by extension 'python'
[0.350s] Level 1:colcon.colcon_core.package_identification:_identify(.) by extensions ['python_setup_py']
[0.350s] Level 1:colcon.colcon_core.package_identification:_identify(.) by extension 'python_setup_py'
[0.351s] Level 1:colcon.colcon_core.package_identification:_identify(build) by extensions ['ignore', 'ignore_ament_install']
[0.351s] Level 1:colcon.colcon_core.package_identification:_identify(build) by extension 'ignore'
[0.351s] Level 1:colcon.colcon_core.package_identification:_identify(build) ignored
[0.351s] Level 1:colcon.colcon_core.package_identification:_identify(install) by extensions ['ignore', 'ignore_ament_install']
[0.351s] Level 1:colcon.colcon_core.package_identification:_identify(install) by extension 'ignore'
[0.351s] Level 1:colcon.colcon_core.package_identification:_identify(install) ignored
[0.351s] Level 1:colcon.colcon_core.package_identification:_identify(log) by extensions ['ignore', 'ignore_ament_install']
[0.351s] Level 1:colcon.colcon_core.package_identification:_identify(log) by extension 'ignore'
[0.351s] Level 1:colcon.colcon_core.package_identification:_identify(log) ignored
[0.352s] Level 1:colcon.colcon_core.package_identification:_identify(src) by extensions ['ignore', 'ignore_ament_install']
[0.352s] Level 1:colcon.colcon_core.package_identification:_identify(src) by extension 'ignore'
[0.352s] Level 1:colcon.colcon_core.package_identification:_identify(src) by extension 'ignore_ament_install'
[0.352s] Level 1:colcon.colcon_core.package_identification:_identify(src) by extensions ['colcon_pkg']
[0.352s] Level 1:colcon.colcon_core.package_identification:_identify(src) by extension 'colcon_pkg'
[0.352s] Level 1:colcon.colcon_core.package_identification:_identify(src) by extensions ['colcon_meta']
[0.352s] Level 1:colcon.colcon_core.package_identification:_identify(src) by extension 'colcon_meta'
[0.352s] Level 1:colcon.colcon_core.package_identification:_identify(src) by extensions ['ros']
[0.352s] Level 1:colcon.colcon_core.package_identification:_identify(src) by extension 'ros'
[0.352s] Level 1:colcon.colcon_core.package_identification:_identify(src) by extensions ['cmake', 'python']
[0.352s] Level 1:colcon.colcon_core.package_identification:_identify(src) by extension 'cmake'
[0.352s] Level 1:colcon.colcon_core.package_identification:_identify(src) by extension 'python'
[0.352s] Level 1:colcon.colcon_core.package_identification:_identify(src) by extensions ['python_setup_py']
[0.352s] Level 1:colcon.colcon_core.package_identification:_identify(src) by extension 'python_setup_py'
[0.352s] Level 1:colcon.colcon_core.package_identification:_identify(src/marvin) by extensions ['ignore', 'ignore_ament_install']
[0.352s] Level 1:colcon.colcon_core.package_identification:_identify(src/marvin) by extension 'ignore'
[0.353s] Level 1:colcon.colcon_core.package_identification:_identify(src/marvin) by extension 'ignore_ament_install'
[0.353s] Level 1:colcon.colcon_core.package_identification:_identify(src/marvin) by extensions ['colcon_pkg']
[0.353s] Level 1:colcon.colcon_core.package_identification:_identify(src/marvin) by extension 'colcon_pkg'
[0.353s] Level 1:colcon.colcon_core.package_identification:_identify(src/marvin) by extensions ['colcon_meta']
[0.353s] Level 1:colcon.colcon_core.package_identification:_identify(src/marvin) by extension 'colcon_meta'
[0.353s] Level 1:colcon.colcon_core.package_identification:_identify(src/marvin) by extensions ['ros']
[0.353s] Level 1:colcon.colcon_core.package_identification:_identify(src/marvin) by extension 'ros'
[0.355s] DEBUG:colcon.colcon_core.package_identification:Package 'src/marvin' with type 'ros.ament_cmake' and name 'marvin'
[0.355s] Level 1:colcon.colcon_core.package_identification:_identify(src/marvin_description) by extensions ['ignore', 'ignore_ament_install']
[0.355s] Level 1:colcon.colcon_core.package_identification:_identify(src/marvin_description) by extension 'ignore'
[0.355s] Level 1:colcon.colcon_core.package_identification:_identify(src/marvin_description) by extension 'ignore_ament_install'
[0.355s] Level 1:colcon.colcon_core.package_identification:_identify(src/marvin_description) by extensions ['colcon_pkg']
[0.356s] Level 1:colcon.colcon_core.package_identification:_identify(src/marvin_description) by extension 'colcon_pkg'
[0.356s] Level 1:colcon.colcon_core.package_identification:_identify(src/marvin_description) by extensions ['colcon_meta']
[0.356s] Level 1:colcon.colcon_core.package_identification:_identify(src/marvin_description) by extension 'colcon_meta'
[0.356s] Level 1:colcon.colcon_core.package_identification:_identify(src/marvin_description) by extensions ['ros']
[0.356s] Level 1:colcon.colcon_core.package_identification:_identify(src/marvin_description) by extension 'ros'
[0.356s] DEBUG:colcon.colcon_core.package_identification:Package 'src/marvin_description' with type 'ros.ament_cmake' and name 'marvin_description'
[0.356s] Level 1:colcon.colcon_core.package_identification:_identify(src/marvin_navigation) by extensions ['ignore', 'ignore_ament_install']
[0.357s] Level 1:colcon.colcon_core.package_identification:_identify(src/marvin_navigation) by extension 'ignore'
[0.357s] Level 1:colcon.colcon_core.package_identification:_identify(src/marvin_navigation) by extension 'ignore_ament_install'
[0.357s] Level 1:colcon.colcon_core.package_identification:_identify(src/marvin_navigation) by extensions ['colcon_pkg']
[0.357s] Level 1:colcon.colcon_core.package_identification:_identify(src/marvin_navigation) by extension 'colcon_pkg'
[0.357s] Level 1:colcon.colcon_core.package_identification:_identify(src/marvin_navigation) by extensions ['colcon_meta']
[0.357s] Level 1:colcon.colcon_core.package_identification:_identify(src/marvin_navigation) by extension 'colcon_meta'
[0.357s] Level 1:colcon.colcon_core.package_identification:_identify(src/marvin_navigation) by extensions ['ros']
[0.357s] Level 1:colcon.colcon_core.package_identification:_identify(src/marvin_navigation) by extension 'ros'
[0.357s] DEBUG:colcon.colcon_core.package_identification:Package 'src/marvin_navigation' with type 'ros.ament_cmake' and name 'marvin_navigation'
[0.357s] Level 1:colcon.colcon_core.package_identification:_identify(src/marvin_sim_bringup) by extensions ['ignore', 'ignore_ament_install']
[0.358s] Level 1:colcon.colcon_core.package_identification:_identify(src/marvin_sim_bringup) by extension 'ignore'
[0.358s] Level 1:colcon.colcon_core.package_identification:_identify(src/marvin_sim_bringup) by extension 'ignore_ament_install'
[0.358s] Level 1:colcon.colcon_core.package_identification:_identify(src/marvin_sim_bringup) by extensions ['colcon_pkg']
[0.358s] Level 1:colcon.colcon_core.package_identification:_identify(src/marvin_sim_bringup) by extension 'colcon_pkg'
[0.358s] Level 1:colcon.colcon_core.package_identification:_identify(src/marvin_sim_bringup) by extensions ['colcon_meta']
[0.358s] Level 1:colcon.colcon_core.package_identification:_identify(src/marvin_sim_bringup) by extension 'colcon_meta'
[0.358s] Level 1:colcon.colcon_core.package_identification:_identify(src/marvin_sim_bringup) by extensions ['ros']
[0.358s] Level 1:colcon.colcon_core.package_identification:_identify(src/marvin_sim_bringup) by extension 'ros'
[0.358s] DEBUG:colcon.colcon_core.package_identification:Package 'src/marvin_sim_bringup' with type 'ros.ament_cmake' and name 'marvin_sim_bringup'
[0.359s] Level 1:colcon.colcon_core.package_identification:_identify(src/marvin_sim_gazebo) by extensions ['ignore', 'ignore_ament_install']
[0.359s] Level 1:colcon.colcon_core.package_identification:_identify(src/marvin_sim_gazebo) by extension 'ignore'
[0.359s] Level 1:colcon.colcon_core.package_identification:_identify(src/marvin_sim_gazebo) by extension 'ignore_ament_install'
[0.359s] Level 1:colcon.colcon_core.package_identification:_identify(src/marvin_sim_gazebo) by extensions ['colcon_pkg']
[0.359s] Level 1:colcon.colcon_core.package_identification:_identify(src/marvin_sim_gazebo) by extension 'colcon_pkg'
[0.359s] Level 1:colcon.colcon_core.package_identification:_identify(src/marvin_sim_gazebo) by extensions ['colcon_meta']
[0.359s] Level 1:colcon.colcon_core.package_identification:_identify(src/marvin_sim_gazebo) by extension 'colcon_meta'
[0.359s] Level 1:colcon.colcon_core.package_identification:_identify(src/marvin_sim_gazebo) by extensions ['ros']
[0.359s] Level 1:colcon.colcon_core.package_identification:_identify(src/marvin_sim_gazebo) by extension 'ros'
[0.360s] DEBUG:colcon.colcon_core.package_identification:Package 'src/marvin_sim_gazebo' with type 'ros.ament_cmake' and name 'marvin_sim_gazebo'
[0.360s] Level 1:colcon.colcon_core.package_discovery:discover_packages(recursive) using defaults
[0.360s] Level 1:colcon.colcon_core.package_discovery:discover_packages(ignore) discover
[0.360s] Level 1:colcon.colcon_core.package_discovery:discover_packages(ignore) using defaults
[0.360s] Level 1:colcon.colcon_core.package_discovery:discover_packages(path) discover
[0.360s] Level 1:colcon.colcon_core.package_discovery:discover_packages(path) using defaults
[0.380s] Level 1:colcon.colcon_core.package_discovery:discover_packages(prefix_path) check parameters
[0.381s] Level 1:colcon.colcon_core.package_discovery:discover_packages(prefix_path) discover
[0.384s] DEBUG:colcon.colcon_installed_package_information.package_discovery:Found 5 installed packages in /home/marvin/marvin/marvin_sim_ws/install
[0.386s] DEBUG:colcon.colcon_installed_package_information.package_discovery:Found 311 installed packages in /opt/ros/foxy
[0.387s] Level 1:colcon.colcon_core.package_discovery:discover_packages(prefix_path) using defaults
[0.466s] Level 5:colcon.colcon_core.verb:set package 'marvin' build argument 'cmake_args' from command line to 'None'
[0.466s] Level 5:colcon.colcon_core.verb:set package 'marvin' build argument 'cmake_target' from command line to 'None'
[0.466s] Level 5:colcon.colcon_core.verb:set package 'marvin' build argument 'cmake_target_skip_unavailable' from command line to 'False'
[0.466s] Level 5:colcon.colcon_core.verb:set package 'marvin' build argument 'cmake_clean_cache' from command line to 'False'
[0.466s] Level 5:colcon.colcon_core.verb:set package 'marvin' build argument 'cmake_clean_first' from command line to 'False'
[0.466s] Level 5:colcon.colcon_core.verb:set package 'marvin' build argument 'cmake_force_configure' from command line to 'False'
[0.466s] Level 5:colcon.colcon_core.verb:set package 'marvin' build argument 'ament_cmake_args' from command line to 'None'
[0.466s] Level 5:colcon.colcon_core.verb:set package 'marvin' build argument 'catkin_cmake_args' from command line to 'None'
[0.466s] Level 5:colcon.colcon_core.verb:set package 'marvin' build argument 'catkin_skip_building_tests' from command line to 'False'
[0.466s] DEBUG:colcon.colcon_core.verb:Building package 'marvin' with the following arguments: {'ament_cmake_args': None, 'build_base': '/home/marvin/marvin/marvin_sim_ws/build/marvin', 'catkin_cmake_args': None, 'catkin_skip_building_tests': False, 'cmake_args': None, 'cmake_clean_cache': False, 'cmake_clean_first': False, 'cmake_force_configure': False, 'cmake_target': None, 'cmake_target_skip_unavailable': False, 'install_base': '/home/marvin/marvin/marvin_sim_ws/install/marvin', 'merge_install': False, 'path': '/home/marvin/marvin/marvin_sim_ws/src/marvin', 'symlink_install': True, 'test_result_base': None}
[0.467s] Level 5:colcon.colcon_core.verb:set package 'marvin_description' build argument 'cmake_args' from command line to 'None'
[0.468s] Level 5:colcon.colcon_core.verb:set package 'marvin_description' build argument 'cmake_target' from command line to 'None'
[0.468s] Level 5:colcon.colcon_core.verb:set package 'marvin_description' build argument 'cmake_target_skip_unavailable' from command line to 'False'
[0.468s] Level 5:colcon.colcon_core.verb:set package 'marvin_description' build argument 'cmake_clean_cache' from command line to 'False'
[0.468s] Level 5:colcon.colcon_core.verb:set package 'marvin_description' build argument 'cmake_clean_first' from command line to 'False'
[0.468s] Level 5:colcon.colcon_core.verb:set package 'marvin_description' build argument 'cmake_force_configure' from command line to 'False'
[0.468s] Level 5:colcon.colcon_core.verb:set package 'marvin_description' build argument 'ament_cmake_args' from command line to 'None'
[0.468s] Level 5:colcon.colcon_core.verb:set package 'marvin_description' build argument 'catkin_cmake_args' from command line to 'None'
[0.468s] Level 5:colcon.colcon_core.verb:set package 'marvin_description' build argument 'catkin_skip_building_tests' from command line to 'False'
[0.468s] DEBUG:colcon.colcon_core.verb:Building package 'marvin_description' with the following arguments: {'ament_cmake_args': None, 'build_base': '/home/marvin/marvin/marvin_sim_ws/build/marvin_description', 'catkin_cmake_args': None, 'catkin_skip_building_tests': False, 'cmake_args': None, 'cmake_clean_cache': False, 'cmake_clean_first': False, 'cmake_force_configure': False, 'cmake_target': None, 'cmake_target_skip_unavailable': False, 'install_base': '/home/marvin/marvin/marvin_sim_ws/install/marvin_description', 'merge_install': False, 'path': '/home/marvin/marvin/marvin_sim_ws/src/marvin_description', 'symlink_install': True, 'test_result_base': None}
[0.469s] Level 5:colcon.colcon_core.verb:set package 'marvin_navigation' build argument 'cmake_args' from command line to 'None'
[0.469s] Level 5:colcon.colcon_core.verb:set package 'marvin_navigation' build argument 'cmake_target' from command line to 'None'
[0.469s] Level 5:colcon.colcon_core.verb:set package 'marvin_navigation' build argument 'cmake_target_skip_unavailable' from command line to 'False'
[0.469s] Level 5:colcon.colcon_core.verb:set package 'marvin_navigation' build argument 'cmake_clean_cache' from command line to 'False'
[0.469s] Level 5:colcon.colcon_core.verb:set package 'marvin_navigation' build argument 'cmake_clean_first' from command line to 'False'
[0.469s] Level 5:colcon.colcon_core.verb:set package 'marvin_navigation' build argument 'cmake_force_configure' from command line to 'False'
[0.469s] Level 5:colcon.colcon_core.verb:set package 'marvin_navigation' build argument 'ament_cmake_args' from command line to 'None'
[0.469s] Level 5:colcon.colcon_core.verb:set package 'marvin_navigation' build argument 'catkin_cmake_args' from command line to 'None'
[0.469s] Level 5:colcon.colcon_core.verb:set package 'marvin_navigation' build argument 'catkin_skip_building_tests' from command line to 'False'
[0.469s] DEBUG:colcon.colcon_core.verb:Building package 'marvin_navigation' with the following arguments: {'ament_cmake_args': None, 'build_base': '/home/marvin/marvin/marvin_sim_ws/build/marvin_navigation', 'catkin_cmake_args': None, 'catkin_skip_building_tests': False, 'cmake_args': None, 'cmake_clean_cache': False, 'cmake_clean_first': False, 'cmake_force_configure': False, 'cmake_target': None, 'cmake_target_skip_unavailable': False, 'install_base': '/home/marvin/marvin/marvin_sim_ws/install/marvin_navigation', 'merge_install': False, 'path': '/home/marvin/marvin/marvin_sim_ws/src/marvin_navigation', 'symlink_install': True, 'test_result_base': None}
[0.470s] Level 5:colcon.colcon_core.verb:set package 'marvin_sim_bringup' build argument 'cmake_args' from command line to 'None'
[0.470s] Level 5:colcon.colcon_core.verb:set package 'marvin_sim_bringup' build argument 'cmake_target' from command line to 'None'
[0.470s] Level 5:colcon.colcon_core.verb:set package 'marvin_sim_bringup' build argument 'cmake_target_skip_unavailable' from command line to 'False'
[0.470s] Level 5:colcon.colcon_core.verb:set package 'marvin_sim_bringup' build argument 'cmake_clean_cache' from command line to 'False'
[0.470s] Level 5:colcon.colcon_core.verb:set package 'marvin_sim_bringup' build argument 'cmake_clean_first' from command line to 'False'
[0.470s] Level 5:colcon.colcon_core.verb:set package 'marvin_sim_bringup' build argument 'cmake_force_configure' from command line to 'False'
[0.470s] Level 5:colcon.colcon_core.verb:set package 'marvin_sim_bringup' build argument 'ament_cmake_args' from command line to 'None'
[0.470s] Level 5:colcon.colcon_core.verb:set package 'marvin_sim_bringup' build argument 'catkin_cmake_args' from command line to 'None'
[0.470s] Level 5:colcon.colcon_core.verb:set package 'marvin_sim_bringup' build argument 'catkin_skip_building_tests' from command line to 'False'
[0.470s] DEBUG:colcon.colcon_core.verb:Building package 'marvin_sim_bringup' with the following arguments: {'ament_cmake_args': None, 'build_base': '/home/marvin/marvin/marvin_sim_ws/build/marvin_sim_bringup', 'catkin_cmake_args': None, 'catkin_skip_building_tests': False, 'cmake_args': None, 'cmake_clean_cache': False, 'cmake_clean_first': False, 'cmake_force_configure': False, 'cmake_target': None, 'cmake_target_skip_unavailable': False, 'install_base': '/home/marvin/marvin/marvin_sim_ws/install/marvin_sim_bringup', 'merge_install': False, 'path': '/home/marvin/marvin/marvin_sim_ws/src/marvin_sim_bringup', 'symlink_install': True, 'test_result_base': None}
[0.471s] Level 5:colcon.colcon_core.verb:set package 'marvin_sim_gazebo' build argument 'cmake_args' from command line to 'None'
[0.471s] Level 5:colcon.colcon_core.verb:set package 'marvin_sim_gazebo' build argument 'cmake_target' from command line to 'None'
[0.471s] Level 5:colcon.colcon_core.verb:set package 'marvin_sim_gazebo' build argument 'cmake_target_skip_unavailable' from command line to 'False'
[0.471s] Level 5:colcon.colcon_core.verb:set package 'marvin_sim_gazebo' build argument 'cmake_clean_cache' from command line to 'False'
[0.472s] Level 5:colcon.colcon_core.verb:set package 'marvin_sim_gazebo' build argument 'cmake_clean_first' from command line to 'False'
[0.472s] Level 5:colcon.colcon_core.verb:set package 'marvin_sim_gazebo' build argument 'cmake_force_configure' from command line to 'False'
[0.472s] Level 5:colcon.colcon_core.verb:set package 'marvin_sim_gazebo' build argument 'ament_cmake_args' from command line to 'None'
[0.472s] Level 5:colcon.colcon_core.verb:set package 'marvin_sim_gazebo' build argument 'catkin_cmake_args' from command line to 'None'
[0.472s] Level 5:colcon.colcon_core.verb:set package 'marvin_sim_gazebo' build argument 'catkin_skip_building_tests' from command line to 'False'
[0.472s] DEBUG:colcon.colcon_core.verb:Building package 'marvin_sim_gazebo' with the following arguments: {'ament_cmake_args': None, 'build_base': '/home/marvin/marvin/marvin_sim_ws/build/marvin_sim_gazebo', 'catkin_cmake_args': None, 'catkin_skip_building_tests': False, 'cmake_args': None, 'cmake_clean_cache': False, 'cmake_clean_first': False, 'cmake_force_configure': False, 'cmake_target': None, 'cmake_target_skip_unavailable': False, 'install_base': '/home/marvin/marvin/marvin_sim_ws/install/marvin_sim_gazebo', 'merge_install': False, 'path': '/home/marvin/marvin/marvin_sim_ws/src/marvin_sim_gazebo', 'symlink_install': True, 'test_result_base': None}
[0.472s] INFO:colcon.colcon_core.executor:Executing jobs using 'parallel' executor
[0.476s] DEBUG:colcon.colcon_parallel_executor.executor.parallel:run_until_complete
[0.476s] INFO:colcon.colcon_ros.task.ament_cmake.build:Building ROS package in '/home/marvin/marvin/marvin_sim_ws/src/marvin' with build type 'ament_cmake'
[0.476s] INFO:colcon.colcon_cmake.task.cmake.build:Building CMake package in '/home/marvin/marvin/marvin_sim_ws/src/marvin'
[0.481s] INFO:colcon.colcon_core.plugin_system:Skipping extension 'colcon_core.shell.bat': Not used on non-Windows systems
[0.481s] INFO:colcon.colcon_core.shell:Skip shell extension 'powershell' for command environment: Not usable outside of PowerShell
[0.481s] DEBUG:colcon.colcon_core.shell:Skip shell extension 'dsv' for command environment
[0.489s] INFO:colcon.colcon_ros.task.ament_cmake.build:Building ROS package in '/home/marvin/marvin/marvin_sim_ws/src/marvin_description' with build type 'ament_cmake'
[0.489s] INFO:colcon.colcon_cmake.task.cmake.build:Building CMake package in '/home/marvin/marvin/marvin_sim_ws/src/marvin_description'
[0.491s] INFO:colcon.colcon_core.shell:Skip shell extension 'powershell' for command environment: Not usable outside of PowerShell
[0.491s] DEBUG:colcon.colcon_core.shell:Skip shell extension 'dsv' for command environment
[0.499s] INFO:colcon.colcon_ros.task.ament_cmake.build:Building ROS package in '/home/marvin/marvin/marvin_sim_ws/src/marvin_navigation' with build type 'ament_cmake'
[0.500s] INFO:colcon.colcon_cmake.task.cmake.build:Building CMake package in '/home/marvin/marvin/marvin_sim_ws/src/marvin_navigation'
[0.501s] INFO:colcon.colcon_core.shell:Skip shell extension 'powershell' for command environment: Not usable outside of PowerShell
[0.501s] DEBUG:colcon.colcon_core.shell:Skip shell extension 'dsv' for command environment
[0.510s] INFO:colcon.colcon_ros.task.ament_cmake.build:Building ROS package in '/home/marvin/marvin/marvin_sim_ws/src/marvin_sim_bringup' with build type 'ament_cmake'
[0.511s] INFO:colcon.colcon_cmake.task.cmake.build:Building CMake package in '/home/marvin/marvin/marvin_sim_ws/src/marvin_sim_bringup'
[0.513s] INFO:colcon.colcon_core.shell:Skip shell extension 'powershell' for command environment: Not usable outside of PowerShell
[0.513s] DEBUG:colcon.colcon_core.shell:Skip shell extension 'dsv' for command environment
[0.521s] INFO:colcon.colcon_ros.task.ament_cmake.build:Building ROS package in '/home/marvin/marvin/marvin_sim_ws/src/marvin_sim_gazebo' with build type 'ament_cmake'
[0.522s] INFO:colcon.colcon_cmake.task.cmake.build:Building CMake package in '/home/marvin/marvin/marvin_sim_ws/src/marvin_sim_gazebo'
[0.524s] INFO:colcon.colcon_core.shell:Skip shell extension 'powershell' for command environment: Not usable outside of PowerShell
[0.524s] DEBUG:colcon.colcon_core.shell:Skip shell extension 'dsv' for command environment
[0.545s] DEBUG:colcon.colcon_core.event_handler.log_command:Invoking command in '/home/marvin/marvin/marvin_sim_ws/build/marvin': CMAKE_PREFIX_PATH=${CMAKE_PREFIX_PATH}:/opt/ros/foxy /usr/bin/cmake --build /home/marvin/marvin/marvin_sim_ws/build/marvin -- -j6 -l6
[0.552s] DEBUG:colcon.colcon_core.event_handler.log_command:Invoking command in '/home/marvin/marvin/marvin_sim_ws/build/marvin_description': CMAKE_PREFIX_PATH=${CMAKE_PREFIX_PATH}:/opt/ros/foxy /usr/bin/cmake --build /home/marvin/marvin/marvin_sim_ws/build/marvin_description -- -j6 -l6
[0.558s] DEBUG:colcon.colcon_core.event_handler.log_command:Invoking command in '/home/marvin/marvin/marvin_sim_ws/build/marvin_navigation': CMAKE_PREFIX_PATH=${CMAKE_PREFIX_PATH}:/opt/ros/foxy /usr/bin/cmake --build /home/marvin/marvin/marvin_sim_ws/build/marvin_navigation -- -j6 -l6
[0.561s] DEBUG:colcon.colcon_core.event_handler.log_command:Invoking command in '/home/marvin/marvin/marvin_sim_ws/build/marvin_sim_bringup': CMAKE_PREFIX_PATH=${CMAKE_PREFIX_PATH}:/opt/ros/foxy /usr/bin/cmake --build /home/marvin/marvin/marvin_sim_ws/build/marvin_sim_bringup -- -j6 -l6
[0.575s] DEBUG:colcon.colcon_core.event_handler.log_command:Invoking command in '/home/marvin/marvin/marvin_sim_ws/build/marvin_sim_gazebo': CMAKE_PREFIX_PATH=${CMAKE_PREFIX_PATH}:/opt/ros/foxy /usr/bin/cmake --build /home/marvin/marvin/marvin_sim_ws/build/marvin_sim_gazebo -- -j6 -l6
[0.605s] DEBUG:colcon.colcon_core.event_handler.log_command:Invoked command in '/home/marvin/marvin/marvin_sim_ws/build/marvin' returned '0': CMAKE_PREFIX_PATH=${CMAKE_PREFIX_PATH}:/opt/ros/foxy /usr/bin/cmake --build /home/marvin/marvin/marvin_sim_ws/build/marvin -- -j6 -l6
[0.614s] DEBUG:colcon.colcon_core.event_handler.log_command:Invoked command in '/home/marvin/marvin/marvin_sim_ws/build/marvin_description' returned '0': CMAKE_PREFIX_PATH=${CMAKE_PREFIX_PATH}:/opt/ros/foxy /usr/bin/cmake --build /home/marvin/marvin/marvin_sim_ws/build/marvin_description -- -j6 -l6
[0.630s] DEBUG:colcon.colcon_core.event_handler.log_command:Invoked command in '/home/marvin/marvin/marvin_sim_ws/build/marvin_navigation' returned '0': CMAKE_PREFIX_PATH=${CMAKE_PREFIX_PATH}:/opt/ros/foxy /usr/bin/cmake --build /home/marvin/marvin/marvin_sim_ws/build/marvin_navigation -- -j6 -l6
[0.637s] DEBUG:colcon.colcon_core.event_handler.log_command:Invoked command in '/home/marvin/marvin/marvin_sim_ws/build/marvin_sim_bringup' returned '0': CMAKE_PREFIX_PATH=${CMAKE_PREFIX_PATH}:/opt/ros/foxy /usr/bin/cmake --build /home/marvin/marvin/marvin_sim_ws/build/marvin_sim_bringup -- -j6 -l6
[0.658s] DEBUG:colcon.colcon_core.event_handler.log_command:Invoking command in '/home/marvin/marvin/marvin_sim_ws/build/marvin': CMAKE_PREFIX_PATH=${CMAKE_PREFIX_PATH}:/opt/ros/foxy /usr/bin/cmake --install /home/marvin/marvin/marvin_sim_ws/build/marvin
[0.660s] DEBUG:colcon.colcon_core.event_handler.log_command:Invoked command in '/home/marvin/marvin/marvin_sim_ws/build/marvin_sim_gazebo' returned '0': CMAKE_PREFIX_PATH=${CMAKE_PREFIX_PATH}:/opt/ros/foxy /usr/bin/cmake --build /home/marvin/marvin/marvin_sim_ws/build/marvin_sim_gazebo -- -j6 -l6
[0.668s] DEBUG:colcon.colcon_core.event_handler.log_command:Invoking command in '/home/marvin/marvin/marvin_sim_ws/build/marvin_description': CMAKE_PREFIX_PATH=${CMAKE_PREFIX_PATH}:/opt/ros/foxy /usr/bin/cmake --install /home/marvin/marvin/marvin_sim_ws/build/marvin_description
[0.674s] DEBUG:colcon.colcon_core.event_handler.log_command:Invoking command in '/home/marvin/marvin/marvin_sim_ws/build/marvin_navigation': CMAKE_PREFIX_PATH=${CMAKE_PREFIX_PATH}:/opt/ros/foxy /usr/bin/cmake --install /home/marvin/marvin/marvin_sim_ws/build/marvin_navigation
[0.682s] DEBUG:colcon.colcon_core.event_handler.log_command:Invoking command in '/home/marvin/marvin/marvin_sim_ws/build/marvin_sim_bringup': CMAKE_PREFIX_PATH=${CMAKE_PREFIX_PATH}:/opt/ros/foxy /usr/bin/cmake --install /home/marvin/marvin/marvin_sim_ws/build/marvin_sim_bringup
[0.697s] Level 1:colcon.colcon_core.environment:create_environment_scripts_only(marvin)
[0.706s] DEBUG:colcon.colcon_core.event_handler.log_command:Invoked command in '/home/marvin/marvin/marvin_sim_ws/build/marvin' returned '0': CMAKE_PREFIX_PATH=${CMAKE_PREFIX_PATH}:/opt/ros/foxy /usr/bin/cmake --install /home/marvin/marvin/marvin_sim_ws/build/marvin
[0.716s] Level 1:colcon.colcon_core.environment:checking '/home/marvin/marvin/marvin_sim_ws/install/marvin' for CMake module files
[0.717s] Level 1:colcon.colcon_core.environment:checking '/home/marvin/marvin/marvin_sim_ws/install/marvin' for CMake config files
[0.717s] Level 1:colcon.colcon_core.shell:create_environment_hook('marvin', 'cmake_prefix_path')
[0.719s] INFO:colcon.colcon_core.shell:Creating environment hook '/home/marvin/marvin/marvin_sim_ws/install/marvin/share/marvin/hook/cmake_prefix_path.ps1'
[0.720s] INFO:colcon.colcon_core.shell:Creating environment descriptor '/home/marvin/marvin/marvin_sim_ws/install/marvin/share/marvin/hook/cmake_prefix_path.dsv'
[0.720s] INFO:colcon.colcon_core.shell:Creating environment hook '/home/marvin/marvin/marvin_sim_ws/install/marvin/share/marvin/hook/cmake_prefix_path.sh'
[0.722s] Level 1:colcon.colcon_core.environment:checking '/home/marvin/marvin/marvin_sim_ws/install/marvin/bin'
[0.722s] Level 1:colcon.colcon_core.environment:checking '/home/marvin/marvin/marvin_sim_ws/install/marvin/lib/pkgconfig/marvin.pc'
[0.722s] Level 1:colcon.colcon_core.environment:checking '/home/marvin/marvin/marvin_sim_ws/install/marvin/lib/python3.8/site-packages'
[0.722s] Level 1:colcon.colcon_core.environment:checking '/home/marvin/marvin/marvin_sim_ws/install/marvin/bin'
[0.723s] INFO:colcon.colcon_core.shell:Creating package script '/home/marvin/marvin/marvin_sim_ws/install/marvin/share/marvin/package.ps1'
[0.726s] INFO:colcon.colcon_core.shell:Creating package descriptor '/home/marvin/marvin/marvin_sim_ws/install/marvin/share/marvin/package.dsv'
[0.726s] INFO:colcon.colcon_core.shell:Creating package script '/home/marvin/marvin/marvin_sim_ws/install/marvin/share/marvin/package.sh'
[0.727s] INFO:colcon.colcon_core.shell:Creating package script '/home/marvin/marvin/marvin_sim_ws/install/marvin/share/marvin/package.bash'
[0.728s] INFO:colcon.colcon_core.shell:Creating package script '/home/marvin/marvin/marvin_sim_ws/install/marvin/share/marvin/package.zsh'
[0.729s] Level 1:colcon.colcon_core.environment:create_file_with_runtime_dependencies(/home/marvin/marvin/marvin_sim_ws/install/marvin/share/colcon-core/packages/marvin)
[0.734s] Level 1:colcon.colcon_core.environment:create_environment_scripts_only(marvin_navigation)
[0.738s] Level 1:colcon.colcon_core.environment:checking '/home/marvin/marvin/marvin_sim_ws/install/marvin_navigation' for CMake module files
[0.738s] DEBUG:colcon.colcon_core.event_handler.log_command:Invoked command in '/home/marvin/marvin/marvin_sim_ws/build/marvin_navigation' returned '0': CMAKE_PREFIX_PATH=${CMAKE_PREFIX_PATH}:/opt/ros/foxy /usr/bin/cmake --install /home/marvin/marvin/marvin_sim_ws/build/marvin_navigation
[0.739s] Level 1:colcon.colcon_core.environment:checking '/home/marvin/marvin/marvin_sim_ws/install/marvin_navigation' for CMake config files
[0.739s] Level 1:colcon.colcon_core.shell:create_environment_hook('marvin_navigation', 'cmake_prefix_path')
[0.741s] INFO:colcon.colcon_core.shell:Creating environment hook '/home/marvin/marvin/marvin_sim_ws/install/marvin_navigation/share/marvin_navigation/hook/cmake_prefix_path.ps1'
[0.742s] INFO:colcon.colcon_core.shell:Creating environment descriptor '/home/marvin/marvin/marvin_sim_ws/install/marvin_navigation/share/marvin_navigation/hook/cmake_prefix_path.dsv'
[0.743s] INFO:colcon.colcon_core.shell:Creating environment hook '/home/marvin/marvin/marvin_sim_ws/install/marvin_navigation/share/marvin_navigation/hook/cmake_prefix_path.sh'
[0.743s] Level 1:colcon.colcon_core.environment:checking '/home/marvin/marvin/marvin_sim_ws/install/marvin_navigation/bin'
[0.743s] Level 1:colcon.colcon_core.environment:checking '/home/marvin/marvin/marvin_sim_ws/install/marvin_navigation/lib/pkgconfig/marvin_navigation.pc'
[0.744s] Level 1:colcon.colcon_core.environment:checking '/home/marvin/marvin/marvin_sim_ws/install/marvin_navigation/lib/python3.8/site-packages'
[0.744s] Level 1:colcon.colcon_core.environment:checking '/home/marvin/marvin/marvin_sim_ws/install/marvin_navigation/bin'
[0.745s] INFO:colcon.colcon_core.shell:Creating package script '/home/marvin/marvin/marvin_sim_ws/install/marvin_navigation/share/marvin_navigation/package.ps1'
[0.746s] INFO:colcon.colcon_core.shell:Creating package descriptor '/home/marvin/marvin/marvin_sim_ws/install/marvin_navigation/share/marvin_navigation/package.dsv'
[0.746s] INFO:colcon.colcon_core.shell:Creating package script '/home/marvin/marvin/marvin_sim_ws/install/marvin_navigation/share/marvin_navigation/package.sh'
[0.747s] INFO:colcon.colcon_core.shell:Creating package script '/home/marvin/marvin/marvin_sim_ws/install/marvin_navigation/share/marvin_navigation/package.bash'
[0.747s] INFO:colcon.colcon_core.shell:Creating package script '/home/marvin/marvin/marvin_sim_ws/install/marvin_navigation/share/marvin_navigation/package.zsh'
[0.748s] Level 1:colcon.colcon_core.environment:create_file_with_runtime_dependencies(/home/marvin/marvin/marvin_sim_ws/install/marvin_navigation/share/colcon-core/packages/marvin_navigation)
[0.751s] Level 1:colcon.colcon_core.environment:create_environment_scripts_only(marvin_description)
[0.752s] DEBUG:colcon.colcon_core.event_handler.log_command:Invoked command in '/home/marvin/marvin/marvin_sim_ws/build/marvin_description' returned '0': CMAKE_PREFIX_PATH=${CMAKE_PREFIX_PATH}:/opt/ros/foxy /usr/bin/cmake --install /home/marvin/marvin/marvin_sim_ws/build/marvin_description
[0.755s] Level 1:colcon.colcon_core.environment:checking '/home/marvin/marvin/marvin_sim_ws/install/marvin_description' for CMake module files
[0.756s] Level 1:colcon.colcon_core.environment:checking '/home/marvin/marvin/marvin_sim_ws/install/marvin_description' for CMake config files
[0.756s] Level 1:colcon.colcon_core.shell:create_environment_hook('marvin_description', 'cmake_prefix_path')
[0.758s] INFO:colcon.colcon_core.shell:Creating environment hook '/home/marvin/marvin/marvin_sim_ws/install/marvin_description/share/marvin_description/hook/cmake_prefix_path.ps1'
[0.758s] INFO:colcon.colcon_core.shell:Creating environment descriptor '/home/marvin/marvin/marvin_sim_ws/install/marvin_description/share/marvin_description/hook/cmake_prefix_path.dsv'
[0.759s] INFO:colcon.colcon_core.shell:Creating environment hook '/home/marvin/marvin/marvin_sim_ws/install/marvin_description/share/marvin_description/hook/cmake_prefix_path.sh'
[0.759s] Level 1:colcon.colcon_core.environment:checking '/home/marvin/marvin/marvin_sim_ws/install/marvin_description/bin'
[0.759s] Level 1:colcon.colcon_core.environment:checking '/home/marvin/marvin/marvin_sim_ws/install/marvin_description/lib/pkgconfig/marvin_description.pc'
[0.760s] Level 1:colcon.colcon_core.environment:checking '/home/marvin/marvin/marvin_sim_ws/install/marvin_description/lib/python3.8/site-packages'
[0.760s] Level 1:colcon.colcon_core.environment:checking '/home/marvin/marvin/marvin_sim_ws/install/marvin_description/bin'
[0.761s] INFO:colcon.colcon_core.shell:Creating package script '/home/marvin/marvin/marvin_sim_ws/install/marvin_description/share/marvin_description/package.ps1'
[0.762s] INFO:colcon.colcon_core.shell:Creating package descriptor '/home/marvin/marvin/marvin_sim_ws/install/marvin_description/share/marvin_description/package.dsv'
[0.762s] INFO:colcon.colcon_core.shell:Creating package script '/home/marvin/marvin/marvin_sim_ws/install/marvin_description/share/marvin_description/package.sh'
[0.763s] INFO:colcon.colcon_core.shell:Creating package script '/home/marvin/marvin/marvin_sim_ws/install/marvin_description/share/marvin_description/package.bash'
[0.763s] INFO:colcon.colcon_core.shell:Creating package script '/home/marvin/marvin/marvin_sim_ws/install/marvin_description/share/marvin_description/package.zsh'
[0.764s] Level 1:colcon.colcon_core.environment:create_file_with_runtime_dependencies(/home/marvin/marvin/marvin_sim_ws/install/marvin_description/share/colcon-core/packages/marvin_description)
[0.771s] DEBUG:colcon.colcon_core.event_handler.log_command:Invoking command in '/home/marvin/marvin/marvin_sim_ws/build/marvin_sim_gazebo': CMAKE_PREFIX_PATH=${CMAKE_PREFIX_PATH}:/opt/ros/foxy /usr/bin/cmake --install /home/marvin/marvin/marvin_sim_ws/build/marvin_sim_gazebo
[0.773s] Level 1:colcon.colcon_core.environment:create_environment_scripts_only(marvin_sim_bringup)
[0.776s] Level 1:colcon.colcon_core.environment:checking '/home/marvin/marvin/marvin_sim_ws/install/marvin_sim_bringup' for CMake module files
[0.777s] DEBUG:colcon.colcon_core.event_handler.log_command:Invoked command in '/home/marvin/marvin/marvin_sim_ws/build/marvin_sim_bringup' returned '0': CMAKE_PREFIX_PATH=${CMAKE_PREFIX_PATH}:/opt/ros/foxy /usr/bin/cmake --install /home/marvin/marvin/marvin_sim_ws/build/marvin_sim_bringup
[0.777s] Level 1:colcon.colcon_core.environment:checking '/home/marvin/marvin/marvin_sim_ws/install/marvin_sim_bringup' for CMake config files
[0.778s] Level 1:colcon.colcon_core.shell:create_environment_hook('marvin_sim_bringup', 'cmake_prefix_path')
[0.780s] INFO:colcon.colcon_core.shell:Creating environment hook '/home/marvin/marvin/marvin_sim_ws/install/marvin_sim_bringup/share/marvin_sim_bringup/hook/cmake_prefix_path.ps1'
[0.780s] INFO:colcon.colcon_core.shell:Creating environment descriptor '/home/marvin/marvin/marvin_sim_ws/install/marvin_sim_bringup/share/marvin_sim_bringup/hook/cmake_prefix_path.dsv'
[0.781s] INFO:colcon.colcon_core.shell:Creating environment hook '/home/marvin/marvin/marvin_sim_ws/install/marvin_sim_bringup/share/marvin_sim_bringup/hook/cmake_prefix_path.sh'
[0.782s] Level 1:colcon.colcon_core.environment:checking '/home/marvin/marvin/marvin_sim_ws/install/marvin_sim_bringup/bin'
[0.782s] Level 1:colcon.colcon_core.environment:checking '/home/marvin/marvin/marvin_sim_ws/install/marvin_sim_bringup/lib/pkgconfig/marvin_sim_bringup.pc'
[0.783s] Level 1:colcon.colcon_core.environment:checking '/home/marvin/marvin/marvin_sim_ws/install/marvin_sim_bringup/lib/python3.8/site-packages'
[0.783s] Level 1:colcon.colcon_core.environment:checking '/home/marvin/marvin/marvin_sim_ws/install/marvin_sim_bringup/bin'
[0.784s] INFO:colcon.colcon_core.shell:Creating package script '/home/marvin/marvin/marvin_sim_ws/install/marvin_sim_bringup/share/marvin_sim_bringup/package.ps1'
[0.785s] INFO:colcon.colcon_core.shell:Creating package descriptor '/home/marvin/marvin/marvin_sim_ws/install/marvin_sim_bringup/share/marvin_sim_bringup/package.dsv'
[0.786s] INFO:colcon.colcon_core.shell:Creating package script '/home/marvin/marvin/marvin_sim_ws/install/marvin_sim_bringup/share/marvin_sim_bringup/package.sh'
[0.786s] INFO:colcon.colcon_core.shell:Creating package script '/home/marvin/marvin/marvin_sim_ws/install/marvin_sim_bringup/share/marvin_sim_bringup/package.bash'
[0.787s] INFO:colcon.colcon_core.shell:Creating package script '/home/marvin/marvin/marvin_sim_ws/install/marvin_sim_bringup/share/marvin_sim_bringup/package.zsh'
[0.787s] Level 1:colcon.colcon_core.environment:create_file_with_runtime_dependencies(/home/marvin/marvin/marvin_sim_ws/install/marvin_sim_bringup/share/colcon-core/packages/marvin_sim_bringup)
[0.795s] Level 1:colcon.colcon_core.environment:create_environment_scripts_only(marvin)
[0.798s] Level 1:colcon.colcon_core.environment:checking '/home/marvin/marvin/marvin_sim_ws/install/marvin' for CMake module files
[0.802s] Level 1:colcon.colcon_core.environment:checking '/home/marvin/marvin/marvin_sim_ws/install/marvin' for CMake config files
[0.804s] Level 1:colcon.colcon_core.shell:create_environment_hook('marvin', 'cmake_prefix_path')
[0.806s] INFO:colcon.colcon_core.shell:Creating environment hook '/home/marvin/marvin/marvin_sim_ws/install/marvin/share/marvin/hook/cmake_prefix_path.ps1'
[0.807s] INFO:colcon.colcon_core.shell:Creating environment descriptor '/home/marvin/marvin/marvin_sim_ws/install/marvin/share/marvin/hook/cmake_prefix_path.dsv'
[0.807s] INFO:colcon.colcon_core.shell:Creating environment hook '/home/marvin/marvin/marvin_sim_ws/install/marvin/share/marvin/hook/cmake_prefix_path.sh'
[0.808s] Level 1:colcon.colcon_core.environment:checking '/home/marvin/marvin/marvin_sim_ws/install/marvin/bin'
[0.808s] Level 1:colcon.colcon_core.environment:checking '/home/marvin/marvin/marvin_sim_ws/install/marvin/lib/pkgconfig/marvin.pc'
[0.808s] Level 1:colcon.colcon_core.environment:checking '/home/marvin/marvin/marvin_sim_ws/install/marvin/lib/python3.8/site-packages'
[0.809s] Level 1:colcon.colcon_core.environment:checking '/home/marvin/marvin/marvin_sim_ws/install/marvin/bin'
[0.811s] INFO:colcon.colcon_core.shell:Creating package script '/home/marvin/marvin/marvin_sim_ws/install/marvin/share/marvin/package.ps1'
[0.813s] INFO:colcon.colcon_core.shell:Creating package descriptor '/home/marvin/marvin/marvin_sim_ws/install/marvin/share/marvin/package.dsv'
[0.814s] INFO:colcon.colcon_core.shell:Creating package script '/home/marvin/marvin/marvin_sim_ws/install/marvin/share/marvin/package.sh'
[0.814s] INFO:colcon.colcon_core.shell:Creating package script '/home/marvin/marvin/marvin_sim_ws/install/marvin/share/marvin/package.bash'
[0.815s] INFO:colcon.colcon_core.shell:Creating package script '/home/marvin/marvin/marvin_sim_ws/install/marvin/share/marvin/package.zsh'
[0.815s] Level 1:colcon.colcon_core.environment:create_file_with_runtime_dependencies(/home/marvin/marvin/marvin_sim_ws/install/marvin/share/colcon-core/packages/marvin)
[0.818s] Level 1:colcon.colcon_core.environment:create_environment_scripts_only(marvin_navigation)
[0.820s] Level 1:colcon.colcon_core.environment:checking '/home/marvin/marvin/marvin_sim_ws/install/marvin_navigation' for CMake module files
[0.821s] Level 1:colcon.colcon_core.environment:checking '/home/marvin/marvin/marvin_sim_ws/install/marvin_navigation' for CMake config files
[0.822s] Level 1:colcon.colcon_core.shell:create_environment_hook('marvin_navigation', 'cmake_prefix_path')
[0.823s] INFO:colcon.colcon_core.shell:Creating environment hook '/home/marvin/marvin/marvin_sim_ws/install/marvin_navigation/share/marvin_navigation/hook/cmake_prefix_path.ps1'
[0.824s] INFO:colcon.colcon_core.shell:Creating environment descriptor '/home/marvin/marvin/marvin_sim_ws/install/marvin_navigation/share/marvin_navigation/hook/cmake_prefix_path.dsv'
[0.824s] INFO:colcon.colcon_core.shell:Creating environment hook '/home/marvin/marvin/marvin_sim_ws/install/marvin_navigation/share/marvin_navigation/hook/cmake_prefix_path.sh'
[0.825s] Level 1:colcon.colcon_core.environment:checking '/home/marvin/marvin/marvin_sim_ws/install/marvin_navigation/bin'
[0.825s] Level 1:colcon.colcon_core.environment:checking '/home/marvin/marvin/marvin_sim_ws/install/marvin_navigation/lib/pkgconfig/marvin_navigation.pc'
[0.825s] Level 1:colcon.colcon_core.environment:checking '/home/marvin/marvin/marvin_sim_ws/install/marvin_navigation/lib/python3.8/site-packages'
[0.825s] Level 1:colcon.colcon_core.environment:checking '/home/marvin/marvin/marvin_sim_ws/install/marvin_navigation/bin'
[0.827s] INFO:colcon.colcon_core.shell:Creating package script '/home/marvin/marvin/marvin_sim_ws/install/marvin_navigation/share/marvin_navigation/package.ps1'
[0.827s] INFO:colcon.colcon_core.shell:Creating package descriptor '/home/marvin/marvin/marvin_sim_ws/install/marvin_navigation/share/marvin_navigation/package.dsv'
[0.828s] INFO:colcon.colcon_core.shell:Creating package script '/home/marvin/marvin/marvin_sim_ws/install/marvin_navigation/share/marvin_navigation/package.sh'
[0.828s] INFO:colcon.colcon_core.shell:Creating package script '/home/marvin/marvin/marvin_sim_ws/install/marvin_navigation/share/marvin_navigation/package.bash'
[0.831s] INFO:colcon.colcon_core.shell:Creating package script '/home/marvin/marvin/marvin_sim_ws/install/marvin_navigation/share/marvin_navigation/package.zsh'
[0.831s] Level 1:colcon.colcon_core.environment:create_file_with_runtime_dependencies(/home/marvin/marvin/marvin_sim_ws/install/marvin_navigation/share/colcon-core/packages/marvin_navigation)
[0.833s] Level 1:colcon.colcon_core.environment:create_environment_scripts_only(marvin_description)
[0.835s] Level 1:colcon.colcon_core.environment:checking '/home/marvin/marvin/marvin_sim_ws/install/marvin_description' for CMake module files
[0.837s] Level 1:colcon.colcon_core.environment:checking '/home/marvin/marvin/marvin_sim_ws/install/marvin_description' for CMake config files
[0.838s] Level 1:colcon.colcon_core.shell:create_environment_hook('marvin_description', 'cmake_prefix_path')
[0.840s] INFO:colcon.colcon_core.shell:Creating environment hook '/home/marvin/marvin/marvin_sim_ws/install/marvin_description/share/marvin_description/hook/cmake_prefix_path.ps1'
[0.840s] INFO:colcon.colcon_core.shell:Creating environment descriptor '/home/marvin/marvin/marvin_sim_ws/install/marvin_description/share/marvin_description/hook/cmake_prefix_path.dsv'
[0.841s] INFO:colcon.colcon_core.shell:Creating environment hook '/home/marvin/marvin/marvin_sim_ws/install/marvin_description/share/marvin_description/hook/cmake_prefix_path.sh'
[0.843s] Level 1:colcon.colcon_core.environment:checking '/home/marvin/marvin/marvin_sim_ws/install/marvin_description/bin'
[0.844s] Level 1:colcon.colcon_core.environment:checking '/home/marvin/marvin/marvin_sim_ws/install/marvin_description/lib/pkgconfig/marvin_description.pc'
[0.844s] Level 1:colcon.colcon_core.environment:checking '/home/marvin/marvin/marvin_sim_ws/install/marvin_description/lib/python3.8/site-packages'
[0.845s] Level 1:colcon.colcon_core.environment:checking '/home/marvin/marvin/marvin_sim_ws/install/marvin_description/bin'
[0.846s] INFO:colcon.colcon_core.shell:Creating package script '/home/marvin/marvin/marvin_sim_ws/install/marvin_description/share/marvin_description/package.ps1'
[0.848s] INFO:colcon.colcon_core.shell:Creating package descriptor '/home/marvin/marvin/marvin_sim_ws/install/marvin_description/share/marvin_description/package.dsv'
[0.849s] INFO:colcon.colcon_core.shell:Creating package script '/home/marvin/marvin/marvin_sim_ws/install/marvin_description/share/marvin_description/package.sh'
[0.849s] INFO:colcon.colcon_core.shell:Creating package script '/home/marvin/marvin/marvin_sim_ws/install/marvin_description/share/marvin_description/package.bash'
[0.850s] INFO:colcon.colcon_core.shell:Creating package script '/home/marvin/marvin/marvin_sim_ws/install/marvin_description/share/marvin_description/package.zsh'
[0.850s] Level 1:colcon.colcon_core.environment:create_file_with_runtime_dependencies(/home/marvin/marvin/marvin_sim_ws/install/marvin_description/share/colcon-core/packages/marvin_description)
[0.852s] Level 1:colcon.colcon_core.environment:create_environment_scripts_only(marvin_sim_bringup)
[0.854s] Level 1:colcon.colcon_core.environment:checking '/home/marvin/marvin/marvin_sim_ws/install/marvin_sim_bringup' for CMake module files
[0.855s] Level 1:colcon.colcon_core.environment:checking '/home/marvin/marvin/marvin_sim_ws/install/marvin_sim_bringup' for CMake config files
[0.856s] Level 1:colcon.colcon_core.shell:create_environment_hook('marvin_sim_bringup', 'cmake_prefix_path')
[0.857s] INFO:colcon.colcon_core.shell:Creating environment hook '/home/marvin/marvin/marvin_sim_ws/install/marvin_sim_bringup/share/marvin_sim_bringup/hook/cmake_prefix_path.ps1'
[0.857s] INFO:colcon.colcon_core.shell:Creating environment descriptor '/home/marvin/marvin/marvin_sim_ws/install/marvin_sim_bringup/share/marvin_sim_bringup/hook/cmake_prefix_path.dsv'
[0.858s] INFO:colcon.colcon_core.shell:Creating environment hook '/home/marvin/marvin/marvin_sim_ws/install/marvin_sim_bringup/share/marvin_sim_bringup/hook/cmake_prefix_path.sh'
[0.858s] Level 1:colcon.colcon_core.environment:checking '/home/marvin/marvin/marvin_sim_ws/install/marvin_sim_bringup/bin'
[0.858s] Level 1:colcon.colcon_core.environment:checking '/home/marvin/marvin/marvin_sim_ws/install/marvin_sim_bringup/lib/pkgconfig/marvin_sim_bringup.pc'
[0.859s] Level 1:colcon.colcon_core.environment:checking '/home/marvin/marvin/marvin_sim_ws/install/marvin_sim_bringup/lib/python3.8/site-packages'
[0.859s] Level 1:colcon.colcon_core.environment:checking '/home/marvin/marvin/marvin_sim_ws/install/marvin_sim_bringup/bin'
[0.860s] INFO:colcon.colcon_core.shell:Creating package script '/home/marvin/marvin/marvin_sim_ws/install/marvin_sim_bringup/share/marvin_sim_bringup/package.ps1'
[0.861s] INFO:colcon.colcon_core.shell:Creating package descriptor '/home/marvin/marvin/marvin_sim_ws/install/marvin_sim_bringup/share/marvin_sim_bringup/package.dsv'
[0.861s] INFO:colcon.colcon_core.shell:Creating package script '/home/marvin/marvin/marvin_sim_ws/install/marvin_sim_bringup/share/marvin_sim_bringup/package.sh'
[0.862s] INFO:colcon.colcon_core.shell:Creating package script '/home/marvin/marvin/marvin_sim_ws/install/marvin_sim_bringup/share/marvin_sim_bringup/package.bash'
[0.862s] INFO:colcon.colcon_core.shell:Creating package script '/home/marvin/marvin/marvin_sim_ws/install/marvin_sim_bringup/share/marvin_sim_bringup/package.zsh'
[0.863s] Level 1:colcon.colcon_core.environment:create_file_with_runtime_dependencies(/home/marvin/marvin/marvin_sim_ws/install/marvin_sim_bringup/share/colcon-core/packages/marvin_sim_bringup)
[0.864s] Level 1:colcon.colcon_core.environment:create_environment_scripts_only(marvin_sim_gazebo)
[0.866s] Level 1:colcon.colcon_core.environment:checking '/home/marvin/marvin/marvin_sim_ws/install/marvin_sim_gazebo' for CMake module files
[0.867s] Level 1:colcon.colcon_core.environment:checking '/home/marvin/marvin/marvin_sim_ws/install/marvin_sim_gazebo' for CMake config files
[0.868s] DEBUG:colcon.colcon_core.event_handler.log_command:Invoked command in '/home/marvin/marvin/marvin_sim_ws/build/marvin_sim_gazebo' returned '0': CMAKE_PREFIX_PATH=${CMAKE_PREFIX_PATH}:/opt/ros/foxy /usr/bin/cmake --install /home/marvin/marvin/marvin_sim_ws/build/marvin_sim_gazebo
[0.868s] Level 1:colcon.colcon_core.shell:create_environment_hook('marvin_sim_gazebo', 'cmake_prefix_path')
[0.869s] INFO:colcon.colcon_core.shell:Creating environment hook '/home/marvin/marvin/marvin_sim_ws/install/marvin_sim_gazebo/share/marvin_sim_gazebo/hook/cmake_prefix_path.ps1'
[0.870s] INFO:colcon.colcon_core.shell:Creating environment descriptor '/home/marvin/marvin/marvin_sim_ws/install/marvin_sim_gazebo/share/marvin_sim_gazebo/hook/cmake_prefix_path.dsv'
[0.870s] INFO:colcon.colcon_core.shell:Creating environment hook '/home/marvin/marvin/marvin_sim_ws/install/marvin_sim_gazebo/share/marvin_sim_gazebo/hook/cmake_prefix_path.sh'
[0.871s] Level 1:colcon.colcon_core.environment:checking '/home/marvin/marvin/marvin_sim_ws/install/marvin_sim_gazebo/lib'
[0.871s] Level 1:colcon.colcon_core.environment:checking '/home/marvin/marvin/marvin_sim_ws/install/marvin_sim_gazebo/bin'
[0.871s] Level 1:colcon.colcon_core.environment:checking '/home/marvin/marvin/marvin_sim_ws/install/marvin_sim_gazebo/lib/pkgconfig/marvin_sim_gazebo.pc'
[0.872s] Level 1:colcon.colcon_core.environment:checking '/home/marvin/marvin/marvin_sim_ws/install/marvin_sim_gazebo/lib/python3.8/site-packages'
[0.872s] Level 1:colcon.colcon_core.shell:create_environment_hook('marvin_sim_gazebo', 'pythonpath')
[0.874s] INFO:colcon.colcon_core.shell:Creating environment hook '/home/marvin/marvin/marvin_sim_ws/install/marvin_sim_gazebo/share/marvin_sim_gazebo/hook/pythonpath.ps1'
[0.875s] INFO:colcon.colcon_core.shell:Creating environment descriptor '/home/marvin/marvin/marvin_sim_ws/install/marvin_sim_gazebo/share/marvin_sim_gazebo/hook/pythonpath.dsv'
[0.875s] INFO:colcon.colcon_core.shell:Creating environment hook '/home/marvin/marvin/marvin_sim_ws/install/marvin_sim_gazebo/share/marvin_sim_gazebo/hook/pythonpath.sh'
[0.876s] Level 1:colcon.colcon_core.environment:checking '/home/marvin/marvin/marvin_sim_ws/install/marvin_sim_gazebo/bin'
[0.877s] INFO:colcon.colcon_core.shell:Creating package script '/home/marvin/marvin/marvin_sim_ws/install/marvin_sim_gazebo/share/marvin_sim_gazebo/package.ps1'
[0.878s] INFO:colcon.colcon_core.shell:Creating package descriptor '/home/marvin/marvin/marvin_sim_ws/install/marvin_sim_gazebo/share/marvin_sim_gazebo/package.dsv'
[0.878s] INFO:colcon.colcon_core.shell:Creating package script '/home/marvin/marvin/marvin_sim_ws/install/marvin_sim_gazebo/share/marvin_sim_gazebo/package.sh'
[0.879s] INFO:colcon.colcon_core.shell:Creating package script '/home/marvin/marvin/marvin_sim_ws/install/marvin_sim_gazebo/share/marvin_sim_gazebo/package.bash'
[0.879s] INFO:colcon.colcon_core.shell:Creating package script '/home/marvin/marvin/marvin_sim_ws/install/marvin_sim_gazebo/share/marvin_sim_gazebo/package.zsh'
[0.880s] Level 1:colcon.colcon_core.environment:create_file_with_runtime_dependencies(/home/marvin/marvin/marvin_sim_ws/install/marvin_sim_gazebo/share/colcon-core/packages/marvin_sim_gazebo)
[0.914s] Level 1:colcon.colcon_core.environment:create_environment_scripts_only(marvin_sim_gazebo)
[0.916s] Level 1:colcon.colcon_core.environment:checking '/home/marvin/marvin/marvin_sim_ws/install/marvin_sim_gazebo' for CMake module files
[0.916s] Level 1:colcon.colcon_core.environment:checking '/home/marvin/marvin/marvin_sim_ws/install/marvin_sim_gazebo' for CMake config files
[0.917s] Level 1:colcon.colcon_core.shell:create_environment_hook('marvin_sim_gazebo', 'cmake_prefix_path')
[0.918s] INFO:colcon.colcon_core.shell:Creating environment hook '/home/marvin/marvin/marvin_sim_ws/install/marvin_sim_gazebo/share/marvin_sim_gazebo/hook/cmake_prefix_path.ps1'
[0.919s] INFO:colcon.colcon_core.shell:Creating environment descriptor '/home/marvin/marvin/marvin_sim_ws/install/marvin_sim_gazebo/share/marvin_sim_gazebo/hook/cmake_prefix_path.dsv'
[0.919s] INFO:colcon.colcon_core.shell:Creating environment hook '/home/marvin/marvin/marvin_sim_ws/install/marvin_sim_gazebo/share/marvin_sim_gazebo/hook/cmake_prefix_path.sh'
[0.920s] Level 1:colcon.colcon_core.environment:checking '/home/marvin/marvin/marvin_sim_ws/install/marvin_sim_gazebo/lib'
[0.920s] Level 1:colcon.colcon_core.environment:checking '/home/marvin/marvin/marvin_sim_ws/install/marvin_sim_gazebo/bin'
[0.920s] Level 1:colcon.colcon_core.environment:checking '/home/marvin/marvin/marvin_sim_ws/install/marvin_sim_gazebo/lib/pkgconfig/marvin_sim_gazebo.pc'
[0.920s] Level 1:colcon.colcon_core.environment:checking '/home/marvin/marvin/marvin_sim_ws/install/marvin_sim_gazebo/lib/python3.8/site-packages'
[0.921s] Level 1:colcon.colcon_core.shell:create_environment_hook('marvin_sim_gazebo', 'pythonpath')
[0.922s] INFO:colcon.colcon_core.shell:Creating environment hook '/home/marvin/marvin/marvin_sim_ws/install/marvin_sim_gazebo/share/marvin_sim_gazebo/hook/pythonpath.ps1'
[0.922s] INFO:colcon.colcon_core.shell:Creating environment descriptor '/home/marvin/marvin/marvin_sim_ws/install/marvin_sim_gazebo/share/marvin_sim_gazebo/hook/pythonpath.dsv'
[0.923s] INFO:colcon.colcon_core.shell:Creating environment hook '/home/marvin/marvin/marvin_sim_ws/install/marvin_sim_gazebo/share/marvin_sim_gazebo/hook/pythonpath.sh'
[0.923s] Level 1:colcon.colcon_core.environment:checking '/home/marvin/marvin/marvin_sim_ws/install/marvin_sim_gazebo/bin'
[0.924s] INFO:colcon.colcon_core.shell:Creating package script '/home/marvin/marvin/marvin_sim_ws/install/marvin_sim_gazebo/share/marvin_sim_gazebo/package.ps1'
[0.925s] INFO:colcon.colcon_core.shell:Creating package descriptor '/home/marvin/marvin/marvin_sim_ws/install/marvin_sim_gazebo/share/marvin_sim_gazebo/package.dsv'
[0.926s] INFO:colcon.colcon_core.shell:Creating package script '/home/marvin/marvin/marvin_sim_ws/install/marvin_sim_gazebo/share/marvin_sim_gazebo/package.sh'
[0.926s] INFO:colcon.colcon_core.shell:Creating package script '/home/marvin/marvin/marvin_sim_ws/install/marvin_sim_gazebo/share/marvin_sim_gazebo/package.bash'
[0.927s] INFO:colcon.colcon_core.shell:Creating package script '/home/marvin/marvin/marvin_sim_ws/install/marvin_sim_gazebo/share/marvin_sim_gazebo/package.zsh'
[0.927s] Level 1:colcon.colcon_core.environment:create_file_with_runtime_dependencies(/home/marvin/marvin/marvin_sim_ws/install/marvin_sim_gazebo/share/colcon-core/packages/marvin_sim_gazebo)
[0.928s] DEBUG:colcon.colcon_parallel_executor.executor.parallel:closing loop
[0.928s] DEBUG:colcon.colcon_parallel_executor.executor.parallel:loop closed
[0.928s] DEBUG:colcon.colcon_parallel_executor.executor.parallel:run_until_complete finished with '0'
[0.928s] DEBUG:colcon.colcon_core.event_reactor:joining thread
[0.936s] INFO:colcon.colcon_core.plugin_system:Skipping extension 'colcon_notification.desktop_notification.terminal_notifier': Not used on non-Darwin systems
[0.936s] INFO:colcon.colcon_core.plugin_system:Skipping extension 'colcon_notification.desktop_notification.win32': Not used on non-Windows systems
[0.936s] INFO:colcon.colcon_notification.desktop_notification:Sending desktop notification using 'notify2'
[0.953s] DEBUG:colcon.colcon_core.event_reactor:joined thread
[0.955s] INFO:colcon.colcon_core.shell:Creating prefix script '/home/marvin/marvin/marvin_sim_ws/install/local_setup.ps1'
[0.956s] INFO:colcon.colcon_core.shell:Creating prefix util module '/home/marvin/marvin/marvin_sim_ws/install/_local_setup_util_ps1.py'
[0.958s] INFO:colcon.colcon_core.shell:Creating prefix chain script '/home/marvin/marvin/marvin_sim_ws/install/setup.ps1'
[0.959s] INFO:colcon.colcon_core.shell:Creating prefix script '/home/marvin/marvin/marvin_sim_ws/install/local_setup.sh'
[0.960s] INFO:colcon.colcon_core.shell:Creating prefix util module '/home/marvin/marvin/marvin_sim_ws/install/_local_setup_util_sh.py'
[0.960s] INFO:colcon.colcon_core.shell:Creating prefix chain script '/home/marvin/marvin/marvin_sim_ws/install/setup.sh'
[0.962s] INFO:colcon.colcon_core.shell:Creating prefix script '/home/marvin/marvin/marvin_sim_ws/install/local_setup.bash'
[0.963s] INFO:colcon.colcon_core.shell:Creating prefix chain script '/home/marvin/marvin/marvin_sim_ws/install/setup.bash'
[0.964s] INFO:colcon.colcon_core.shell:Creating prefix script '/home/marvin/marvin/marvin_sim_ws/install/local_setup.zsh'
[0.965s] INFO:colcon.colcon_core.shell:Creating prefix chain script '/home/marvin/marvin/marvin_sim_ws/install/setup.zsh'
