[0.047s] Invoking command in '/home/marvin/marvin/marvin_sim_ws/build/marvin_sim_gazebo': CMAKE_PREFIX_PATH=${CMAKE_PREFIX_PATH}:/opt/ros/foxy /usr/bin/cmake --build /home/marvin/marvin/marvin_sim_ws/build/marvin_sim_gazebo -- -j6 -l6
[0.123s] Invoked command in '/home/marvin/marvin/marvin_sim_ws/build/marvin_sim_gazebo' returned '0': CMAKE_PREFIX_PATH=${CMAKE_PREFIX_PATH}:/opt/ros/foxy /usr/bin/cmake --build /home/marvin/marvin/marvin_sim_ws/build/marvin_sim_gazebo -- -j6 -l6
[0.170s] Invoking command in '/home/marvin/marvin/marvin_sim_ws/build/marvin_sim_gazebo': CMAKE_PREFIX_PATH=${CMAKE_PREFIX_PATH}:/opt/ros/foxy /usr/bin/cmake --install /home/marvin/marvin/marvin_sim_ws/build/marvin_sim_gazebo
[0.210s] -- Install configuration: ""
[0.210s] -- Execute custom install script
[0.210s] -- Up-to-date symlink: /home/marvin/marvin/marvin_sim_ws/install/marvin_sim_gazebo/share/marvin_sim_gazebo/launch/gazebo_spawn.launch.py
[0.211s] -- Up-to-date symlink: /home/marvin/marvin/marvin_sim_ws/install/marvin_sim_gazebo/share/marvin_sim_gazebo/worlds/obstacles.world
[0.211s] -- Up-to-date symlink: /home/marvin/marvin/marvin_sim_ws/install/marvin_sim_gazebo/share/marvin_sim_gazebo/worlds/small_city.world
[0.211s] -- Up-to-date symlink: /home/marvin/marvin/marvin_sim_ws/install/marvin_sim_gazebo/share/marvin_sim_gazebo/worlds/test_city.world
[0.211s] -- Up-to-date symlink: /home/marvin/marvin/marvin_sim_ws/install/marvin_sim_gazebo/share/marvin_sim_gazebo/config/gazebo_params.yaml
[0.211s] -- Up-to-date symlink: /home/marvin/marvin/marvin_sim_ws/install/marvin_sim_gazebo/share/marvin_sim_gazebo/rviz/description.rviz
[0.212s] -- Up-to-date symlink: /home/marvin/marvin/marvin_sim_ws/install/marvin_sim_gazebo/share/marvin_sim_gazebo/environment/pythonpath.sh
[0.212s] -- Up-to-date symlink: /home/marvin/marvin/marvin_sim_ws/install/marvin_sim_gazebo/share/marvin_sim_gazebo/environment/pythonpath.dsv
[0.212s] -- Up-to-date symlink: /home/marvin/marvin/marvin_sim_ws/install/marvin_sim_gazebo/lib/python3.8/site-packages/marvin_sim_gazebo/__init__.py
[0.212s] -- Up-to-date symlink: /home/marvin/marvin/marvin_sim_ws/install/marvin_sim_gazebo/share/ament_index/resource_index/package_run_dependencies/marvin_sim_gazebo
[0.212s] -- Up-to-date symlink: /home/marvin/marvin/marvin_sim_ws/install/marvin_sim_gazebo/share/ament_index/resource_index/parent_prefix_path/marvin_sim_gazebo
[0.213s] -- Up-to-date symlink: /home/marvin/marvin/marvin_sim_ws/install/marvin_sim_gazebo/share/marvin_sim_gazebo/environment/ament_prefix_path.sh
[0.213s] -- Up-to-date symlink: /home/marvin/marvin/marvin_sim_ws/install/marvin_sim_gazebo/share/marvin_sim_gazebo/environment/ament_prefix_path.dsv
[0.213s] -- Up-to-date symlink: /home/marvin/marvin/marvin_sim_ws/install/marvin_sim_gazebo/share/marvin_sim_gazebo/environment/path.sh
[0.213s] -- Up-to-date symlink: /home/marvin/marvin/marvin_sim_ws/install/marvin_sim_gazebo/share/marvin_sim_gazebo/environment/path.dsv
[0.214s] -- Up-to-date symlink: /home/marvin/marvin/marvin_sim_ws/install/marvin_sim_gazebo/share/marvin_sim_gazebo/local_setup.bash
[0.214s] -- Up-to-date symlink: /home/marvin/marvin/marvin_sim_ws/install/marvin_sim_gazebo/share/marvin_sim_gazebo/local_setup.sh
[0.214s] -- Up-to-date symlink: /home/marvin/marvin/marvin_sim_ws/install/marvin_sim_gazebo/share/marvin_sim_gazebo/local_setup.zsh
[0.214s] -- Up-to-date symlink: /home/marvin/marvin/marvin_sim_ws/install/marvin_sim_gazebo/share/marvin_sim_gazebo/local_setup.dsv
[0.215s] -- Symlinking: /home/marvin/marvin/marvin_sim_ws/install/marvin_sim_gazebo/share/marvin_sim_gazebo/package.dsv
[0.224s] -- Up-to-date symlink: /home/marvin/marvin/marvin_sim_ws/install/marvin_sim_gazebo/share/ament_index/resource_index/packages/marvin_sim_gazebo
[0.224s] -- Up-to-date symlink: /home/marvin/marvin/marvin_sim_ws/install/marvin_sim_gazebo/share/marvin_sim_gazebo/cmake/marvin_sim_gazeboConfig.cmake
[0.224s] -- Up-to-date symlink: /home/marvin/marvin/marvin_sim_ws/install/marvin_sim_gazebo/share/marvin_sim_gazebo/cmake/marvin_sim_gazeboConfig-version.cmake
[0.224s] -- Up-to-date symlink: /home/marvin/marvin/marvin_sim_ws/install/marvin_sim_gazebo/share/marvin_sim_gazebo/package.xml
[0.257s] Listing '/home/marvin/marvin/marvin_sim_ws/install/marvin_sim_gazebo/lib/python3.8/site-packages/marvin_sim_gazebo'...
[0.294s] Invoked command in '/home/marvin/marvin/marvin_sim_ws/build/marvin_sim_gazebo' returned '0': CMAKE_PREFIX_PATH=${CMAKE_PREFIX_PATH}:/opt/ros/foxy /usr/bin/cmake --install /home/marvin/marvin/marvin_sim_ws/build/marvin_sim_gazebo
