[0.057s] Invoking command in '/home/marvin/marvin/marvin_sim_ws/build/marvin_sim_bringup': CMAKE_PREFIX_PATH=${CMAKE_PREFIX_PATH}:/home/marvin/marvin/marvin_ws/install/marvincar_nav:/home/marvin/marvin/marvin_ws/install/marvincar_laser:/home/marvin/marvin/marvin_ws/install/marvincar_description:/home/marvin/marvin/marvin_ws/install/marvincar_ctrl:/home/marvin/marvin/marvin_ws/install/marvincar_bringup:/opt/ros/foxy /usr/bin/cmake --build /home/marvin/marvin/marvin_sim_ws/build/marvin_sim_bringup -- -j6 -l6
[0.150s] Invoked command in '/home/marvin/marvin/marvin_sim_ws/build/marvin_sim_bringup' returned '0': CMAKE_PREFIX_PATH=${CMAKE_PREFIX_PATH}:/home/marvin/marvin/marvin_ws/install/marvincar_nav:/home/marvin/marvin/marvin_ws/install/marvincar_laser:/home/marvin/marvin/marvin_ws/install/marvincar_description:/home/marvin/marvin/marvin_ws/install/marvincar_ctrl:/home/marvin/marvin/marvin_ws/install/marvincar_bringup:/opt/ros/foxy /usr/bin/cmake --build /home/marvin/marvin/marvin_sim_ws/build/marvin_sim_bringup -- -j6 -l6
[0.244s] Invoking command in '/home/marvin/marvin/marvin_sim_ws/build/marvin_sim_bringup': CMAKE_PREFIX_PATH=${CMAKE_PREFIX_PATH}:/home/marvin/marvin/marvin_ws/install/marvincar_nav:/home/marvin/marvin/marvin_ws/install/marvincar_laser:/home/marvin/marvin/marvin_ws/install/marvincar_description:/home/marvin/marvin/marvin_ws/install/marvincar_ctrl:/home/marvin/marvin/marvin_ws/install/marvincar_bringup:/opt/ros/foxy /usr/bin/cmake --install /home/marvin/marvin/marvin_sim_ws/build/marvin_sim_bringup
[0.276s] -- Install configuration: ""
[0.276s] -- Execute custom install script
[0.277s] -- Up-to-date symlink: /home/marvin/marvin/marvin_sim_ws/install/marvin_sim_bringup/share/marvin_sim_bringup/launch/joy_teleop.launch.py
[0.277s] -- Up-to-date symlink: /home/marvin/marvin/marvin_sim_ws/install/marvin_sim_bringup/share/marvin_sim_bringup/config/joy.yaml
[0.277s] -- Up-to-date symlink: /home/marvin/marvin/marvin_sim_ws/install/marvin_sim_bringup/share/marvin_sim_bringup/config/twist_mux.yaml
[0.278s] -- Up-to-date symlink: /home/marvin/marvin/marvin_sim_ws/install/marvin_sim_bringup/share/ament_index/resource_index/package_run_dependencies/marvin_sim_bringup
[0.278s] -- Up-to-date symlink: /home/marvin/marvin/marvin_sim_ws/install/marvin_sim_bringup/share/ament_index/resource_index/parent_prefix_path/marvin_sim_bringup
[0.278s] -- Up-to-date symlink: /home/marvin/marvin/marvin_sim_ws/install/marvin_sim_bringup/share/marvin_sim_bringup/environment/ament_prefix_path.sh
[0.278s] -- Up-to-date symlink: /home/marvin/marvin/marvin_sim_ws/install/marvin_sim_bringup/share/marvin_sim_bringup/environment/ament_prefix_path.dsv
[0.278s] -- Up-to-date symlink: /home/marvin/marvin/marvin_sim_ws/install/marvin_sim_bringup/share/marvin_sim_bringup/environment/path.sh
[0.279s] -- Up-to-date symlink: /home/marvin/marvin/marvin_sim_ws/install/marvin_sim_bringup/share/marvin_sim_bringup/environment/path.dsv
[0.279s] -- Up-to-date symlink: /home/marvin/marvin/marvin_sim_ws/install/marvin_sim_bringup/share/marvin_sim_bringup/local_setup.bash
[0.279s] -- Up-to-date symlink: /home/marvin/marvin/marvin_sim_ws/install/marvin_sim_bringup/share/marvin_sim_bringup/local_setup.sh
[0.279s] -- Up-to-date symlink: /home/marvin/marvin/marvin_sim_ws/install/marvin_sim_bringup/share/marvin_sim_bringup/local_setup.zsh
[0.279s] -- Up-to-date symlink: /home/marvin/marvin/marvin_sim_ws/install/marvin_sim_bringup/share/marvin_sim_bringup/local_setup.dsv
[0.279s] -- Symlinking: /home/marvin/marvin/marvin_sim_ws/install/marvin_sim_bringup/share/marvin_sim_bringup/package.dsv
[0.279s] -- Up-to-date symlink: /home/marvin/marvin/marvin_sim_ws/install/marvin_sim_bringup/share/ament_index/resource_index/packages/marvin_sim_bringup
[0.279s] -- Up-to-date symlink: /home/marvin/marvin/marvin_sim_ws/install/marvin_sim_bringup/share/marvin_sim_bringup/cmake/marvin_sim_bringupConfig.cmake
[0.279s] -- Up-to-date symlink: /home/marvin/marvin/marvin_sim_ws/install/marvin_sim_bringup/share/marvin_sim_bringup/cmake/marvin_sim_bringupConfig-version.cmake
[0.279s] -- Up-to-date symlink: /home/marvin/marvin/marvin_sim_ws/install/marvin_sim_bringup/share/marvin_sim_bringup/package.xml
[0.312s] Invoked command in '/home/marvin/marvin/marvin_sim_ws/build/marvin_sim_bringup' returned '0': CMAKE_PREFIX_PATH=${CMAKE_PREFIX_PATH}:/home/marvin/marvin/marvin_ws/install/marvincar_nav:/home/marvin/marvin/marvin_ws/install/marvincar_laser:/home/marvin/marvin/marvin_ws/install/marvincar_description:/home/marvin/marvin/marvin_ws/install/marvincar_ctrl:/home/marvin/marvin/marvin_ws/install/marvincar_bringup:/opt/ros/foxy /usr/bin/cmake --install /home/marvin/marvin/marvin_sim_ws/build/marvin_sim_bringup
