[0.089s] Invoking command in '/home/marvin/marvin/marvin_sim_ws/build/marvin_description': CMAKE_PREFIX_PATH=${CMAKE_PREFIX_PATH}:/home/marvin/marvin/marvin_ws/install/marvincar_nav:/home/marvin/marvin/marvin_ws/install/marvincar_laser:/home/marvin/marvin/marvin_ws/install/marvincar_description:/home/marvin/marvin/marvin_ws/install/marvincar_ctrl:/home/marvin/marvin/marvin_ws/install/marvincar_bringup:/opt/ros/foxy /usr/bin/cmake /home/marvin/marvin/marvin_sim_ws/src/marvin_description -DCMAKE_INSTALL_PREFIX=/home/marvin/marvin/marvin_sim_ws/install/marvin_description
[0.358s] -- The C compiler identification is GNU 9.4.0
[0.535s] -- The CXX compiler identification is GNU 9.4.0
[0.547s] -- Check for working C compiler: /usr/bin/cc
[0.683s] -- Check for working C compiler: /usr/bin/cc -- works
[0.695s] -- Detecting C compiler ABI info
[0.836s] -- Detecting C compiler ABI info - done
[0.854s] -- Detecting C compile features
[0.855s] -- Detecting C compile features - done
[0.859s] -- Check for working CXX compiler: /usr/bin/c++
[0.994s] -- Check for working CXX compiler: /usr/bin/c++ -- works
[0.996s] -- Detecting CXX compiler ABI info
[1.144s] -- Detecting CXX compiler ABI info - done
[1.165s] -- Detecting CXX compile features
[1.165s] -- Detecting CXX compile features - done
[1.490s] -- Found ament_cmake: 0.9.12 (/opt/ros/foxy/share/ament_cmake/cmake)
[2.008s] -- Found PythonInterp: /usr/bin/python3 (found suitable version "3.8.10", minimum required is "3") 
[2.010s] -- Using PYTHON_EXECUTABLE: /usr/bin/python3
[3.899s] -- Found urdf: 2.4.0 (/opt/ros/foxy/share/urdf/cmake)
[4.396s] -- Found ament_lint_auto: 0.9.8 (/opt/ros/foxy/share/ament_lint_auto/cmake)
[4.550s] -- Added test 'flake8' to check Python code syntax and style conventions
[4.551s] -- Added test 'lint_cmake' to check CMake code style
[4.552s] -- Added test 'pep257' to check Python code against some of the style conventions in PEP 257
[4.553s] -- Added test 'xmllint' to check XML markup files
[4.558s] -- Configuring done
[4.562s] -- Generating done
[4.562s] -- Build files have been written to: /home/marvin/marvin/marvin_sim_ws/build/marvin_description
[4.576s] Invoked command in '/home/marvin/marvin/marvin_sim_ws/build/marvin_description' returned '0': CMAKE_PREFIX_PATH=${CMAKE_PREFIX_PATH}:/home/marvin/marvin/marvin_ws/install/marvincar_nav:/home/marvin/marvin/marvin_ws/install/marvincar_laser:/home/marvin/marvin/marvin_ws/install/marvincar_description:/home/marvin/marvin/marvin_ws/install/marvincar_ctrl:/home/marvin/marvin/marvin_ws/install/marvincar_bringup:/opt/ros/foxy /usr/bin/cmake /home/marvin/marvin/marvin_sim_ws/src/marvin_description -DCMAKE_INSTALL_PREFIX=/home/marvin/marvin/marvin_sim_ws/install/marvin_description
[4.578s] Invoking command in '/home/marvin/marvin/marvin_sim_ws/build/marvin_description': CMAKE_PREFIX_PATH=${CMAKE_PREFIX_PATH}:/home/marvin/marvin/marvin_ws/install/marvincar_nav:/home/marvin/marvin/marvin_ws/install/marvincar_laser:/home/marvin/marvin/marvin_ws/install/marvincar_description:/home/marvin/marvin/marvin_ws/install/marvincar_ctrl:/home/marvin/marvin/marvin_ws/install/marvincar_bringup:/opt/ros/foxy /usr/bin/cmake --build /home/marvin/marvin/marvin_sim_ws/build/marvin_description -- -j6 -l6
[4.681s] Invoked command in '/home/marvin/marvin/marvin_sim_ws/build/marvin_description' returned '0': CMAKE_PREFIX_PATH=${CMAKE_PREFIX_PATH}:/home/marvin/marvin/marvin_ws/install/marvincar_nav:/home/marvin/marvin/marvin_ws/install/marvincar_laser:/home/marvin/marvin/marvin_ws/install/marvincar_description:/home/marvin/marvin/marvin_ws/install/marvincar_ctrl:/home/marvin/marvin/marvin_ws/install/marvincar_bringup:/opt/ros/foxy /usr/bin/cmake --build /home/marvin/marvin/marvin_sim_ws/build/marvin_description -- -j6 -l6
[4.775s] Invoking command in '/home/marvin/marvin/marvin_sim_ws/build/marvin_description': CMAKE_PREFIX_PATH=${CMAKE_PREFIX_PATH}:/home/marvin/marvin/marvin_ws/install/marvincar_nav:/home/marvin/marvin/marvin_ws/install/marvincar_laser:/home/marvin/marvin/marvin_ws/install/marvincar_description:/home/marvin/marvin/marvin_ws/install/marvincar_ctrl:/home/marvin/marvin/marvin_ws/install/marvincar_bringup:/opt/ros/foxy /usr/bin/cmake --install /home/marvin/marvin/marvin_sim_ws/build/marvin_description
[4.789s] -- Install configuration: ""
[4.789s] -- Installing: /home/marvin/marvin/marvin_sim_ws/install/marvin_description/share/marvin_description/launch
[4.790s] -- Installing: /home/marvin/marvin/marvin_sim_ws/install/marvin_description/share/marvin_description/launch/description.launch.py
[4.790s] -- Installing: /home/marvin/marvin/marvin_sim_ws/install/marvin_description/share/marvin_description/urdf
[4.790s] -- Installing: /home/marvin/marvin/marvin_sim_ws/install/marvin_description/share/marvin_description/urdf/marvin.urdf.xacro
[4.790s] -- Installing: /home/marvin/marvin/marvin_sim_ws/install/marvin_description/share/marvin_description/urdf/sensors
[4.790s] -- Installing: /home/marvin/marvin/marvin_sim_ws/install/marvin_description/share/marvin_description/urdf/sensors/camera_depth.xacro
[4.791s] -- Installing: /home/marvin/marvin/marvin_sim_ws/install/marvin_description/share/marvin_description/urdf/sensors/camera_left.xacro
[4.792s] -- Installing: /home/marvin/marvin/marvin_sim_ws/install/marvin_description/share/marvin_description/urdf/sensors/imu.xacro
[4.792s] -- Installing: /home/marvin/marvin/marvin_sim_ws/install/marvin_description/share/marvin_description/urdf/sensors/lidar.xacro
[4.793s] -- Installing: /home/marvin/marvin/marvin_sim_ws/install/marvin_description/share/marvin_description/urdf/sensors/camera_right.xacro
[4.795s] -- Installing: /home/marvin/marvin/marvin_sim_ws/install/marvin_description/share/marvin_description/urdf/controller
[4.795s] -- Installing: /home/marvin/marvin/marvin_sim_ws/install/marvin_description/share/marvin_description/urdf/controller/ackermann_drive.xacro
[4.795s] -- Installing: /home/marvin/marvin/marvin_sim_ws/install/marvin_description/share/marvin_description/rviz
[4.796s] -- Installing: /home/marvin/marvin/marvin_sim_ws/install/marvin_description/share/marvin_description/rviz/description.rviz
[4.796s] -- Installing: /home/marvin/marvin/marvin_sim_ws/install/marvin_description/share/marvin_description/meshes
[4.797s] -- Installing: /home/marvin/marvin/marvin_sim_ws/install/marvin_description/share/marvin_description/meshes/back_wheel_right.STL
[4.802s] -- Installing: /home/marvin/marvin/marvin_sim_ws/install/marvin_description/share/marvin_description/meshes/front_handle_left.STL
[4.803s] -- Installing: /home/marvin/marvin/marvin_sim_ws/install/marvin_description/share/marvin_description/meshes/camera_left.STL
[4.821s] -- Installing: /home/marvin/marvin/marvin_sim_ws/install/marvin_description/share/marvin_description/meshes/front_wheel_left.STL
[4.825s] -- Installing: /home/marvin/marvin/marvin_sim_ws/install/marvin_description/share/marvin_description/meshes/lidar.STL
[4.826s] -- Installing: /home/marvin/marvin/marvin_sim_ws/install/marvin_description/share/marvin_description/meshes/front_handle_right.STL
[4.835s] -- Installing: /home/marvin/marvin/marvin_sim_ws/install/marvin_description/share/marvin_description/meshes/camera_right.STL
[4.849s] -- Installing: /home/marvin/marvin/marvin_sim_ws/install/marvin_description/share/marvin_description/meshes/back_wheel_left.STL
[4.851s] -- Installing: /home/marvin/marvin/marvin_sim_ws/install/marvin_description/share/marvin_description/meshes/depth_camera.STL
[4.862s] -- Installing: /home/marvin/marvin/marvin_sim_ws/install/marvin_description/share/marvin_description/meshes/base_link.STL
[4.920s] -- Installing: /home/marvin/marvin/marvin_sim_ws/install/marvin_description/share/marvin_description/meshes/front_wheel_right.STL
[4.921s] -- Installing: /home/marvin/marvin/marvin_sim_ws/install/marvin_description/share/ament_index/resource_index/package_run_dependencies/marvin_description
[4.922s] -- Installing: /home/marvin/marvin/marvin_sim_ws/install/marvin_description/share/ament_index/resource_index/parent_prefix_path/marvin_description
[4.922s] -- Installing: /home/marvin/marvin/marvin_sim_ws/install/marvin_description/share/marvin_description/environment/ament_prefix_path.sh
[4.923s] -- Installing: /home/marvin/marvin/marvin_sim_ws/install/marvin_description/share/marvin_description/environment/ament_prefix_path.dsv
[4.924s] -- Installing: /home/marvin/marvin/marvin_sim_ws/install/marvin_description/share/marvin_description/environment/path.sh
[4.924s] -- Installing: /home/marvin/marvin/marvin_sim_ws/install/marvin_description/share/marvin_description/environment/path.dsv
[4.924s] -- Installing: /home/marvin/marvin/marvin_sim_ws/install/marvin_description/share/marvin_description/local_setup.bash
[4.926s] -- Installing: /home/marvin/marvin/marvin_sim_ws/install/marvin_description/share/marvin_description/local_setup.sh
[4.927s] -- Installing: /home/marvin/marvin/marvin_sim_ws/install/marvin_description/share/marvin_description/local_setup.zsh
[4.927s] -- Installing: /home/marvin/marvin/marvin_sim_ws/install/marvin_description/share/marvin_description/local_setup.dsv
[4.932s] -- Installing: /home/marvin/marvin/marvin_sim_ws/install/marvin_description/share/marvin_description/package.dsv
[4.932s] -- Installing: /home/marvin/marvin/marvin_sim_ws/install/marvin_description/share/ament_index/resource_index/packages/marvin_description
[4.933s] -- Installing: /home/marvin/marvin/marvin_sim_ws/install/marvin_description/share/marvin_description/cmake/marvin_descriptionConfig.cmake
[4.933s] -- Installing: /home/marvin/marvin/marvin_sim_ws/install/marvin_description/share/marvin_description/cmake/marvin_descriptionConfig-version.cmake
[4.933s] -- Installing: /home/marvin/marvin/marvin_sim_ws/install/marvin_description/share/marvin_description/package.xml
[4.955s] Invoked command in '/home/marvin/marvin/marvin_sim_ws/build/marvin_description' returned '0': CMAKE_PREFIX_PATH=${CMAKE_PREFIX_PATH}:/home/marvin/marvin/marvin_ws/install/marvincar_nav:/home/marvin/marvin/marvin_ws/install/marvincar_laser:/home/marvin/marvin/marvin_ws/install/marvincar_description:/home/marvin/marvin/marvin_ws/install/marvincar_ctrl:/home/marvin/marvin/marvin_ws/install/marvincar_bringup:/opt/ros/foxy /usr/bin/cmake --install /home/marvin/marvin/marvin_sim_ws/build/marvin_description
