[0.070s] Invoking command in '/home/marvin/marvin/marvin_sim_ws/build/marvin_sim_bringup': CMAKE_PREFIX_PATH=/opt/ros/foxy /usr/bin/cmake --build /home/marvin/marvin/marvin_sim_ws/build/marvin_sim_bringup -- -j6 -l6
[0.175s] Invoked command in '/home/marvin/marvin/marvin_sim_ws/build/marvin_sim_bringup' returned '0': CMAKE_PREFIX_PATH=/opt/ros/foxy /usr/bin/cmake --build /home/marvin/marvin/marvin_sim_ws/build/marvin_sim_bringup -- -j6 -l6
[0.273s] Invoking command in '/home/marvin/marvin/marvin_sim_ws/build/marvin_sim_bringup': CMAKE_PREFIX_PATH=/opt/ros/foxy /usr/bin/cmake --install /home/marvin/marvin/marvin_sim_ws/build/marvin_sim_bringup
[0.287s] -- Install configuration: ""
[0.293s] -- Execute custom install script
[0.294s] -- Up-to-date symlink: /home/marvin/marvin/marvin_sim_ws/install/marvin_sim_bringup/share/marvin_sim_bringup/launch/joy_teleop.launch.py
[0.294s] -- Up-to-date symlink: /home/marvin/marvin/marvin_sim_ws/install/marvin_sim_bringup/share/marvin_sim_bringup/config/joy.yaml
[0.295s] -- Up-to-date symlink: /home/marvin/marvin/marvin_sim_ws/install/marvin_sim_bringup/share/marvin_sim_bringup/config/twist_mux.yaml
[0.299s] -- Up-to-date symlink: /home/marvin/marvin/marvin_sim_ws/install/marvin_sim_bringup/share/ament_index/resource_index/package_run_dependencies/marvin_sim_bringup
[0.299s] -- Up-to-date symlink: /home/marvin/marvin/marvin_sim_ws/install/marvin_sim_bringup/share/ament_index/resource_index/parent_prefix_path/marvin_sim_bringup
[0.299s] -- Up-to-date symlink: /home/marvin/marvin/marvin_sim_ws/install/marvin_sim_bringup/share/marvin_sim_bringup/environment/ament_prefix_path.sh
[0.299s] -- Up-to-date symlink: /home/marvin/marvin/marvin_sim_ws/install/marvin_sim_bringup/share/marvin_sim_bringup/environment/ament_prefix_path.dsv
[0.299s] -- Up-to-date symlink: /home/marvin/marvin/marvin_sim_ws/install/marvin_sim_bringup/share/marvin_sim_bringup/environment/path.sh
[0.300s] -- Up-to-date symlink: /home/marvin/marvin/marvin_sim_ws/install/marvin_sim_bringup/share/marvin_sim_bringup/environment/path.dsv
[0.300s] -- Up-to-date symlink: /home/marvin/marvin/marvin_sim_ws/install/marvin_sim_bringup/share/marvin_sim_bringup/local_setup.bash
[0.300s] -- Up-to-date symlink: /home/marvin/marvin/marvin_sim_ws/install/marvin_sim_bringup/share/marvin_sim_bringup/local_setup.sh
[0.301s] -- Up-to-date symlink: /home/marvin/marvin/marvin_sim_ws/install/marvin_sim_bringup/share/marvin_sim_bringup/local_setup.zsh
[0.304s] -- Up-to-date symlink: /home/marvin/marvin/marvin_sim_ws/install/marvin_sim_bringup/share/marvin_sim_bringup/local_setup.dsv
[0.304s] -- Symlinking: /home/marvin/marvin/marvin_sim_ws/install/marvin_sim_bringup/share/marvin_sim_bringup/package.dsv
[0.323s] -- Up-to-date symlink: /home/marvin/marvin/marvin_sim_ws/install/marvin_sim_bringup/share/ament_index/resource_index/packages/marvin_sim_bringup
[0.323s] -- Up-to-date symlink: /home/marvin/marvin/marvin_sim_ws/install/marvin_sim_bringup/share/marvin_sim_bringup/cmake/marvin_sim_bringupConfig.cmake
[0.323s] -- Up-to-date symlink: /home/marvin/marvin/marvin_sim_ws/install/marvin_sim_bringup/share/marvin_sim_bringup/cmake/marvin_sim_bringupConfig-version.cmake
[0.324s] -- Up-to-date symlink: /home/marvin/marvin/marvin_sim_ws/install/marvin_sim_bringup/share/marvin_sim_bringup/package.xml
[0.364s] Invoked command in '/home/marvin/marvin/marvin_sim_ws/build/marvin_sim_bringup' returned '0': CMAKE_PREFIX_PATH=/opt/ros/foxy /usr/bin/cmake --install /home/marvin/marvin/marvin_sim_ws/build/marvin_sim_bringup
