[0.076s] Invoking command in '/home/marvin/marvin/marvin_sim_ws/build/marvin': CMAKE_PREFIX_PATH=${CMAKE_PREFIX_PATH}:/home/marvin/marvin/marvin_ws/install/marvincar_nav:/home/marvin/marvin/marvin_ws/install/marvincar_laser:/home/marvin/marvin/marvin_ws/install/marvincar_description:/home/marvin/marvin/marvin_ws/install/marvincar_ctrl:/home/marvin/marvin/marvin_ws/install/marvincar_bringup:/opt/ros/foxy /usr/bin/cmake --build /home/marvin/marvin/marvin_sim_ws/build/marvin -- -j6 -l6
[0.140s] Invoked command in '/home/marvin/marvin/marvin_sim_ws/build/marvin' returned '0': CMAKE_PREFIX_PATH=${CMAKE_PREFIX_PATH}:/home/marvin/marvin/marvin_ws/install/marvincar_nav:/home/marvin/marvin/marvin_ws/install/marvincar_laser:/home/marvin/marvin/marvin_ws/install/marvincar_description:/home/marvin/marvin/marvin_ws/install/marvincar_ctrl:/home/marvin/marvin/marvin_ws/install/marvincar_bringup:/opt/ros/foxy /usr/bin/cmake --build /home/marvin/marvin/marvin_sim_ws/build/marvin -- -j6 -l6
[0.188s] Invoking command in '/home/marvin/marvin/marvin_sim_ws/build/marvin': CMAKE_PREFIX_PATH=${CMAKE_PREFIX_PATH}:/home/marvin/marvin/marvin_ws/install/marvincar_nav:/home/marvin/marvin/marvin_ws/install/marvincar_laser:/home/marvin/marvin/marvin_ws/install/marvincar_description:/home/marvin/marvin/marvin_ws/install/marvincar_ctrl:/home/marvin/marvin/marvin_ws/install/marvincar_bringup:/opt/ros/foxy /usr/bin/cmake --install /home/marvin/marvin/marvin_sim_ws/build/marvin
[0.202s] -- Install configuration: ""
[0.202s] -- Execute custom install script
[0.202s] -- Up-to-date symlink: /home/marvin/marvin/marvin_sim_ws/install/marvin/share/ament_index/resource_index/package_run_dependencies/marvin
[0.202s] -- Up-to-date symlink: /home/marvin/marvin/marvin_sim_ws/install/marvin/share/ament_index/resource_index/parent_prefix_path/marvin
[0.203s] -- Up-to-date symlink: /home/marvin/marvin/marvin_sim_ws/install/marvin/share/marvin/environment/ament_prefix_path.sh
[0.203s] -- Up-to-date symlink: /home/marvin/marvin/marvin_sim_ws/install/marvin/share/marvin/environment/ament_prefix_path.dsv
[0.209s] -- Up-to-date symlink: /home/marvin/marvin/marvin_sim_ws/install/marvin/share/marvin/environment/path.sh
[0.209s] -- Up-to-date symlink: /home/marvin/marvin/marvin_sim_ws/install/marvin/share/marvin/environment/path.dsv
[0.210s] -- Up-to-date symlink: /home/marvin/marvin/marvin_sim_ws/install/marvin/share/marvin/local_setup.bash
[0.210s] -- Up-to-date symlink: /home/marvin/marvin/marvin_sim_ws/install/marvin/share/marvin/local_setup.sh
[0.210s] -- Up-to-date symlink: /home/marvin/marvin/marvin_sim_ws/install/marvin/share/marvin/local_setup.zsh
[0.210s] -- Up-to-date symlink: /home/marvin/marvin/marvin_sim_ws/install/marvin/share/marvin/local_setup.dsv
[0.211s] -- Symlinking: /home/marvin/marvin/marvin_sim_ws/install/marvin/share/marvin/package.dsv
[0.223s] -- Up-to-date symlink: /home/marvin/marvin/marvin_sim_ws/install/marvin/share/ament_index/resource_index/packages/marvin
[0.224s] -- Up-to-date symlink: /home/marvin/marvin/marvin_sim_ws/install/marvin/share/marvin/cmake/marvinConfig.cmake
[0.224s] -- Up-to-date symlink: /home/marvin/marvin/marvin_sim_ws/install/marvin/share/marvin/cmake/marvinConfig-version.cmake
[0.224s] -- Up-to-date symlink: /home/marvin/marvin/marvin_sim_ws/install/marvin/share/marvin/package.xml
[0.233s] Invoked command in '/home/marvin/marvin/marvin_sim_ws/build/marvin' returned '0': CMAKE_PREFIX_PATH=${CMAKE_PREFIX_PATH}:/home/marvin/marvin/marvin_ws/install/marvincar_nav:/home/marvin/marvin/marvin_ws/install/marvincar_laser:/home/marvin/marvin/marvin_ws/install/marvincar_description:/home/marvin/marvin/marvin_ws/install/marvincar_ctrl:/home/marvin/marvin/marvin_ws/install/marvincar_bringup:/opt/ros/foxy /usr/bin/cmake --install /home/marvin/marvin/marvin_sim_ws/build/marvin
