[0.076s] Invoking command in '/home/marvin/marvin/marvin_sim_ws/build/marvin': CMAKE_PREFIX_PATH=${CMAKE_PREFIX_PATH}:/home/marvin/marvin/marvin_ws/install/marvincar_nav:/home/marvin/marvin/marvin_ws/install/marvincar_laser:/home/marvin/marvin/marvin_ws/install/marvincar_description:/home/marvin/marvin/marvin_ws/install/marvincar_ctrl:/home/marvin/marvin/marvin_ws/install/marvincar_bringup:/opt/ros/foxy /usr/bin/cmake --build /home/marvin/marvin/marvin_sim_ws/build/marvin -- -j6 -l6
[0.150s] Invoked command in '/home/marvin/marvin/marvin_sim_ws/build/marvin' returned '0': CMAKE_PREFIX_PATH=${CMAKE_PREFIX_PATH}:/home/marvin/marvin/marvin_ws/install/marvincar_nav:/home/marvin/marvin/marvin_ws/install/marvincar_laser:/home/marvin/marvin/marvin_ws/install/marvincar_description:/home/marvin/marvin/marvin_ws/install/marvincar_ctrl:/home/marvin/marvin/marvin_ws/install/marvincar_bringup:/opt/ros/foxy /usr/bin/cmake --build /home/marvin/marvin/marvin_sim_ws/build/marvin -- -j6 -l6
[0.210s] Invoking command in '/home/marvin/marvin/marvin_sim_ws/build/marvin': CMAKE_PREFIX_PATH=${CMAKE_PREFIX_PATH}:/home/marvin/marvin/marvin_ws/install/marvincar_nav:/home/marvin/marvin/marvin_ws/install/marvincar_laser:/home/marvin/marvin/marvin_ws/install/marvincar_description:/home/marvin/marvin/marvin_ws/install/marvincar_ctrl:/home/marvin/marvin/marvin_ws/install/marvincar_bringup:/opt/ros/foxy /usr/bin/cmake --install /home/marvin/marvin/marvin_sim_ws/build/marvin
[0.227s] -- Install configuration: ""
[0.227s] -- Execute custom install script
[0.228s] -- Up-to-date symlink: /home/marvin/marvin/marvin_sim_ws/install/marvin/share/ament_index/resource_index/package_run_dependencies/marvin
[0.229s] -- Up-to-date symlink: /home/marvin/marvin/marvin_sim_ws/install/marvin/share/ament_index/resource_index/parent_prefix_path/marvin
[0.229s] -- Up-to-date symlink: /home/marvin/marvin/marvin_sim_ws/install/marvin/share/marvin/environment/ament_prefix_path.sh
[0.230s] -- Up-to-date symlink: /home/marvin/marvin/marvin_sim_ws/install/marvin/share/marvin/environment/ament_prefix_path.dsv
[0.230s] -- Up-to-date symlink: /home/marvin/marvin/marvin_sim_ws/install/marvin/share/marvin/environment/path.sh
[0.232s] -- Up-to-date symlink: /home/marvin/marvin/marvin_sim_ws/install/marvin/share/marvin/environment/path.dsv
[0.232s] -- Up-to-date symlink: /home/marvin/marvin/marvin_sim_ws/install/marvin/share/marvin/local_setup.bash
[0.232s] -- Up-to-date symlink: /home/marvin/marvin/marvin_sim_ws/install/marvin/share/marvin/local_setup.sh
[0.232s] -- Up-to-date symlink: /home/marvin/marvin/marvin_sim_ws/install/marvin/share/marvin/local_setup.zsh
[0.233s] -- Up-to-date symlink: /home/marvin/marvin/marvin_sim_ws/install/marvin/share/marvin/local_setup.dsv
[0.233s] -- Symlinking: /home/marvin/marvin/marvin_sim_ws/install/marvin/share/marvin/package.dsv
[0.240s] -- Up-to-date symlink: /home/marvin/marvin/marvin_sim_ws/install/marvin/share/ament_index/resource_index/packages/marvin
[0.241s] -- Up-to-date symlink: /home/marvin/marvin/marvin_sim_ws/install/marvin/share/marvin/cmake/marvinConfig.cmake
[0.241s] -- Up-to-date symlink: /home/marvin/marvin/marvin_sim_ws/install/marvin/share/marvin/cmake/marvinConfig-version.cmake
[0.242s] -- Up-to-date symlink: /home/marvin/marvin/marvin_sim_ws/install/marvin/share/marvin/package.xml
[0.264s] Invoked command in '/home/marvin/marvin/marvin_sim_ws/build/marvin' returned '0': CMAKE_PREFIX_PATH=${CMAKE_PREFIX_PATH}:/home/marvin/marvin/marvin_ws/install/marvincar_nav:/home/marvin/marvin/marvin_ws/install/marvincar_laser:/home/marvin/marvin/marvin_ws/install/marvincar_description:/home/marvin/marvin/marvin_ws/install/marvincar_ctrl:/home/marvin/marvin/marvin_ws/install/marvincar_bringup:/opt/ros/foxy /usr/bin/cmake --install /home/marvin/marvin/marvin_sim_ws/build/marvin
