[0.345s] DEBUG:colcon:Command line arguments: ['/usr/bin/colcon', 'build', '--symlink-install']
[0.345s] DEBUG:colcon:Parsed command line arguments: Namespace(allow_overriding=[], ament_cmake_args=None, base_paths=['.'], build_base='build', catkin_cmake_args=None, catkin_skip_building_tests=False, cmake_args=None, cmake_clean_cache=False, cmake_clean_first=False, cmake_force_configure=False, cmake_target=None, cmake_target_skip_unavailable=False, continue_on_error=False, event_handlers=None, executor='parallel', ignore_user_meta=False, install_base='install', log_base=None, log_level=None, main=<bound method BuildVerb.main of <colcon_core.verb.build.BuildVerb object at 0x7fa42cd8dc40>>, merge_install=False, metas=['./colcon.meta'], packages_above=None, packages_above_and_dependencies=None, packages_above_depth=None, packages_end=None, packages_ignore=None, packages_ignore_regex=None, packages_select=None, packages_select_build_failed=False, packages_select_by_dep=None, packages_select_regex=None, packages_select_test_failures=False, packages_skip=None, packages_skip_build_finished=False, packages_skip_by_dep=None, packages_skip_regex=None, packages_skip_test_passed=False, packages_skip_up_to=None, packages_start=None, packages_up_to=None, packages_up_to_regex=None, parallel_workers=6, paths=None, symlink_install=True, test_result_base=None, verb_extension=<colcon_core.verb.build.BuildVerb object at 0x7fa42cd8dc40>, verb_name='build', verb_parser=<colcon_defaults.argument_parser.defaults.DefaultArgumentsDecorator object at 0x7fa42cd171f0>)
[0.376s] Level 1:colcon.colcon_core.package_discovery:discover_packages(colcon_meta) check parameters
[0.376s] Level 1:colcon.colcon_core.package_discovery:discover_packages(recursive) check parameters
[0.376s] Level 1:colcon.colcon_core.package_discovery:discover_packages(ignore) check parameters
[0.376s] Level 1:colcon.colcon_core.package_discovery:discover_packages(path) check parameters
[0.376s] Level 1:colcon.colcon_core.package_discovery:discover_packages(colcon_meta) discover
[0.376s] Level 1:colcon.colcon_core.package_discovery:discover_packages(recursive) discover
[0.376s] INFO:colcon.colcon_core.package_discovery:Crawling recursively for packages in '/home/marvin/marvin/marvin_sim_ws'
[0.376s] Level 1:colcon.colcon_core.package_identification:_identify(.) by extensions ['ignore', 'ignore_ament_install']
[0.376s] Level 1:colcon.colcon_core.package_identification:_identify(.) by extension 'ignore'
[0.376s] Level 1:colcon.colcon_core.package_identification:_identify(.) by extension 'ignore_ament_install'
[0.377s] Level 1:colcon.colcon_core.package_identification:_identify(.) by extensions ['colcon_pkg']
[0.377s] Level 1:colcon.colcon_core.package_identification:_identify(.) by extension 'colcon_pkg'
[0.377s] Level 1:colcon.colcon_core.package_identification:_identify(.) by extensions ['colcon_meta']
[0.377s] Level 1:colcon.colcon_core.package_identification:_identify(.) by extension 'colcon_meta'
[0.377s] Level 1:colcon.colcon_core.package_identification:_identify(.) by extensions ['ros']
[0.377s] Level 1:colcon.colcon_core.package_identification:_identify(.) by extension 'ros'
[0.397s] Level 1:colcon.colcon_core.package_identification:_identify(.) by extensions ['cmake', 'python']
[0.397s] Level 1:colcon.colcon_core.package_identification:_identify(.) by extension 'cmake'
[0.397s] Level 1:colcon.colcon_core.package_identification:_identify(.) by extension 'python'
[0.397s] Level 1:colcon.colcon_core.package_identification:_identify(.) by extensions ['python_setup_py']
[0.398s] Level 1:colcon.colcon_core.package_identification:_identify(.) by extension 'python_setup_py'
[0.398s] Level 1:colcon.colcon_core.package_identification:_identify(build) by extensions ['ignore', 'ignore_ament_install']
[0.398s] Level 1:colcon.colcon_core.package_identification:_identify(build) by extension 'ignore'
[0.398s] Level 1:colcon.colcon_core.package_identification:_identify(build) ignored
[0.398s] Level 1:colcon.colcon_core.package_identification:_identify(install) by extensions ['ignore', 'ignore_ament_install']
[0.398s] Level 1:colcon.colcon_core.package_identification:_identify(install) by extension 'ignore'
[0.398s] Level 1:colcon.colcon_core.package_identification:_identify(install) ignored
[0.398s] Level 1:colcon.colcon_core.package_identification:_identify(log) by extensions ['ignore', 'ignore_ament_install']
[0.399s] Level 1:colcon.colcon_core.package_identification:_identify(log) by extension 'ignore'
[0.399s] Level 1:colcon.colcon_core.package_identification:_identify(log) ignored
[0.399s] Level 1:colcon.colcon_core.package_identification:_identify(src) by extensions ['ignore', 'ignore_ament_install']
[0.399s] Level 1:colcon.colcon_core.package_identification:_identify(src) by extension 'ignore'
[0.399s] Level 1:colcon.colcon_core.package_identification:_identify(src) by extension 'ignore_ament_install'
[0.399s] Level 1:colcon.colcon_core.package_identification:_identify(src) by extensions ['colcon_pkg']
[0.399s] Level 1:colcon.colcon_core.package_identification:_identify(src) by extension 'colcon_pkg'
[0.399s] Level 1:colcon.colcon_core.package_identification:_identify(src) by extensions ['colcon_meta']
[0.399s] Level 1:colcon.colcon_core.package_identification:_identify(src) by extension 'colcon_meta'
[0.399s] Level 1:colcon.colcon_core.package_identification:_identify(src) by extensions ['ros']
[0.399s] Level 1:colcon.colcon_core.package_identification:_identify(src) by extension 'ros'
[0.399s] Level 1:colcon.colcon_core.package_identification:_identify(src) by extensions ['cmake', 'python']
[0.399s] Level 1:colcon.colcon_core.package_identification:_identify(src) by extension 'cmake'
[0.400s] Level 1:colcon.colcon_core.package_identification:_identify(src) by extension 'python'
[0.400s] Level 1:colcon.colcon_core.package_identification:_identify(src) by extensions ['python_setup_py']
[0.400s] Level 1:colcon.colcon_core.package_identification:_identify(src) by extension 'python_setup_py'
[0.400s] Level 1:colcon.colcon_core.package_identification:_identify(src/marvin) by extensions ['ignore', 'ignore_ament_install']
[0.400s] Level 1:colcon.colcon_core.package_identification:_identify(src/marvin) by extension 'ignore'
[0.400s] Level 1:colcon.colcon_core.package_identification:_identify(src/marvin) by extension 'ignore_ament_install'
[0.400s] Level 1:colcon.colcon_core.package_identification:_identify(src/marvin) by extensions ['colcon_pkg']
[0.400s] Level 1:colcon.colcon_core.package_identification:_identify(src/marvin) by extension 'colcon_pkg'
[0.400s] Level 1:colcon.colcon_core.package_identification:_identify(src/marvin) by extensions ['colcon_meta']
[0.400s] Level 1:colcon.colcon_core.package_identification:_identify(src/marvin) by extension 'colcon_meta'
[0.400s] Level 1:colcon.colcon_core.package_identification:_identify(src/marvin) by extensions ['ros']
[0.400s] Level 1:colcon.colcon_core.package_identification:_identify(src/marvin) by extension 'ros'
[0.403s] DEBUG:colcon.colcon_core.package_identification:Package 'src/marvin' with type 'ros.ament_cmake' and name 'marvin'
[0.403s] Level 1:colcon.colcon_core.package_identification:_identify(src/marvin_description) by extensions ['ignore', 'ignore_ament_install']
[0.403s] Level 1:colcon.colcon_core.package_identification:_identify(src/marvin_description) by extension 'ignore'
[0.403s] Level 1:colcon.colcon_core.package_identification:_identify(src/marvin_description) by extension 'ignore_ament_install'
[0.403s] Level 1:colcon.colcon_core.package_identification:_identify(src/marvin_description) by extensions ['colcon_pkg']
[0.403s] Level 1:colcon.colcon_core.package_identification:_identify(src/marvin_description) by extension 'colcon_pkg'
[0.403s] Level 1:colcon.colcon_core.package_identification:_identify(src/marvin_description) by extensions ['colcon_meta']
[0.403s] Level 1:colcon.colcon_core.package_identification:_identify(src/marvin_description) by extension 'colcon_meta'
[0.403s] Level 1:colcon.colcon_core.package_identification:_identify(src/marvin_description) by extensions ['ros']
[0.403s] Level 1:colcon.colcon_core.package_identification:_identify(src/marvin_description) by extension 'ros'
[0.404s] DEBUG:colcon.colcon_core.package_identification:Package 'src/marvin_description' with type 'ros.ament_cmake' and name 'marvin_description'
[0.404s] Level 1:colcon.colcon_core.package_identification:_identify(src/marvin_navigation) by extensions ['ignore', 'ignore_ament_install']
[0.404s] Level 1:colcon.colcon_core.package_identification:_identify(src/marvin_navigation) by extension 'ignore'
[0.404s] Level 1:colcon.colcon_core.package_identification:_identify(src/marvin_navigation) by extension 'ignore_ament_install'
[0.405s] Level 1:colcon.colcon_core.package_identification:_identify(src/marvin_navigation) by extensions ['colcon_pkg']
[0.405s] Level 1:colcon.colcon_core.package_identification:_identify(src/marvin_navigation) by extension 'colcon_pkg'
[0.405s] Level 1:colcon.colcon_core.package_identification:_identify(src/marvin_navigation) by extensions ['colcon_meta']
[0.405s] Level 1:colcon.colcon_core.package_identification:_identify(src/marvin_navigation) by extension 'colcon_meta'
[0.405s] Level 1:colcon.colcon_core.package_identification:_identify(src/marvin_navigation) by extensions ['ros']
[0.405s] Level 1:colcon.colcon_core.package_identification:_identify(src/marvin_navigation) by extension 'ros'
[0.405s] DEBUG:colcon.colcon_core.package_identification:Package 'src/marvin_navigation' with type 'ros.ament_cmake' and name 'marvin_navigation'
[0.405s] Level 1:colcon.colcon_core.package_identification:_identify(src/marvin_sim_bringup) by extensions ['ignore', 'ignore_ament_install']
[0.405s] Level 1:colcon.colcon_core.package_identification:_identify(src/marvin_sim_bringup) by extension 'ignore'
[0.406s] Level 1:colcon.colcon_core.package_identification:_identify(src/marvin_sim_bringup) by extension 'ignore_ament_install'
[0.406s] Level 1:colcon.colcon_core.package_identification:_identify(src/marvin_sim_bringup) by extensions ['colcon_pkg']
[0.406s] Level 1:colcon.colcon_core.package_identification:_identify(src/marvin_sim_bringup) by extension 'colcon_pkg'
[0.406s] Level 1:colcon.colcon_core.package_identification:_identify(src/marvin_sim_bringup) by extensions ['colcon_meta']
[0.406s] Level 1:colcon.colcon_core.package_identification:_identify(src/marvin_sim_bringup) by extension 'colcon_meta'
[0.406s] Level 1:colcon.colcon_core.package_identification:_identify(src/marvin_sim_bringup) by extensions ['ros']
[0.406s] Level 1:colcon.colcon_core.package_identification:_identify(src/marvin_sim_bringup) by extension 'ros'
[0.406s] DEBUG:colcon.colcon_core.package_identification:Package 'src/marvin_sim_bringup' with type 'ros.ament_cmake' and name 'marvin_sim_bringup'
[0.407s] Level 1:colcon.colcon_core.package_identification:_identify(src/marvin_sim_gazebo) by extensions ['ignore', 'ignore_ament_install']
[0.407s] Level 1:colcon.colcon_core.package_identification:_identify(src/marvin_sim_gazebo) by extension 'ignore'
[0.407s] Level 1:colcon.colcon_core.package_identification:_identify(src/marvin_sim_gazebo) by extension 'ignore_ament_install'
[0.407s] Level 1:colcon.colcon_core.package_identification:_identify(src/marvin_sim_gazebo) by extensions ['colcon_pkg']
[0.407s] Level 1:colcon.colcon_core.package_identification:_identify(src/marvin_sim_gazebo) by extension 'colcon_pkg'
[0.407s] Level 1:colcon.colcon_core.package_identification:_identify(src/marvin_sim_gazebo) by extensions ['colcon_meta']
[0.407s] Level 1:colcon.colcon_core.package_identification:_identify(src/marvin_sim_gazebo) by extension 'colcon_meta'
[0.407s] Level 1:colcon.colcon_core.package_identification:_identify(src/marvin_sim_gazebo) by extensions ['ros']
[0.407s] Level 1:colcon.colcon_core.package_identification:_identify(src/marvin_sim_gazebo) by extension 'ros'
[0.408s] DEBUG:colcon.colcon_core.package_identification:Package 'src/marvin_sim_gazebo' with type 'ros.ament_cmake' and name 'marvin_sim_gazebo'
[0.408s] Level 1:colcon.colcon_core.package_discovery:discover_packages(recursive) using defaults
[0.408s] Level 1:colcon.colcon_core.package_discovery:discover_packages(ignore) discover
[0.408s] Level 1:colcon.colcon_core.package_discovery:discover_packages(ignore) using defaults
[0.408s] Level 1:colcon.colcon_core.package_discovery:discover_packages(path) discover
[0.408s] Level 1:colcon.colcon_core.package_discovery:discover_packages(path) using defaults
[0.430s] Level 1:colcon.colcon_core.package_discovery:discover_packages(prefix_path) check parameters
[0.431s] Level 1:colcon.colcon_core.package_discovery:discover_packages(prefix_path) discover
[0.435s] DEBUG:colcon.colcon_installed_package_information.package_discovery:Found 5 installed packages in /home/marvin/marvin/marvin_sim_ws/install
[0.449s] DEBUG:colcon.colcon_installed_package_information.package_discovery:Found 311 installed packages in /opt/ros/foxy
[0.454s] Level 1:colcon.colcon_core.package_discovery:discover_packages(prefix_path) using defaults
[0.548s] Level 5:colcon.colcon_core.verb:set package 'marvin' build argument 'cmake_args' from command line to 'None'
[0.548s] Level 5:colcon.colcon_core.verb:set package 'marvin' build argument 'cmake_target' from command line to 'None'
[0.548s] Level 5:colcon.colcon_core.verb:set package 'marvin' build argument 'cmake_target_skip_unavailable' from command line to 'False'
[0.548s] Level 5:colcon.colcon_core.verb:set package 'marvin' build argument 'cmake_clean_cache' from command line to 'False'
[0.548s] Level 5:colcon.colcon_core.verb:set package 'marvin' build argument 'cmake_clean_first' from command line to 'False'
[0.548s] Level 5:colcon.colcon_core.verb:set package 'marvin' build argument 'cmake_force_configure' from command line to 'False'
[0.548s] Level 5:colcon.colcon_core.verb:set package 'marvin' build argument 'ament_cmake_args' from command line to 'None'
[0.548s] Level 5:colcon.colcon_core.verb:set package 'marvin' build argument 'catkin_cmake_args' from command line to 'None'
[0.548s] Level 5:colcon.colcon_core.verb:set package 'marvin' build argument 'catkin_skip_building_tests' from command line to 'False'
[0.549s] DEBUG:colcon.colcon_core.verb:Building package 'marvin' with the following arguments: {'ament_cmake_args': None, 'build_base': '/home/marvin/marvin/marvin_sim_ws/build/marvin', 'catkin_cmake_args': None, 'catkin_skip_building_tests': False, 'cmake_args': None, 'cmake_clean_cache': False, 'cmake_clean_first': False, 'cmake_force_configure': False, 'cmake_target': None, 'cmake_target_skip_unavailable': False, 'install_base': '/home/marvin/marvin/marvin_sim_ws/install/marvin', 'merge_install': False, 'path': '/home/marvin/marvin/marvin_sim_ws/src/marvin', 'symlink_install': True, 'test_result_base': None}
[0.550s] Level 5:colcon.colcon_core.verb:set package 'marvin_description' build argument 'cmake_args' from command line to 'None'
[0.550s] Level 5:colcon.colcon_core.verb:set package 'marvin_description' build argument 'cmake_target' from command line to 'None'
[0.550s] Level 5:colcon.colcon_core.verb:set package 'marvin_description' build argument 'cmake_target_skip_unavailable' from command line to 'False'
[0.550s] Level 5:colcon.colcon_core.verb:set package 'marvin_description' build argument 'cmake_clean_cache' from command line to 'False'
[0.550s] Level 5:colcon.colcon_core.verb:set package 'marvin_description' build argument 'cmake_clean_first' from command line to 'False'
[0.550s] Level 5:colcon.colcon_core.verb:set package 'marvin_description' build argument 'cmake_force_configure' from command line to 'False'
[0.550s] Level 5:colcon.colcon_core.verb:set package 'marvin_description' build argument 'ament_cmake_args' from command line to 'None'
[0.550s] Level 5:colcon.colcon_core.verb:set package 'marvin_description' build argument 'catkin_cmake_args' from command line to 'None'
[0.550s] Level 5:colcon.colcon_core.verb:set package 'marvin_description' build argument 'catkin_skip_building_tests' from command line to 'False'
[0.550s] DEBUG:colcon.colcon_core.verb:Building package 'marvin_description' with the following arguments: {'ament_cmake_args': None, 'build_base': '/home/marvin/marvin/marvin_sim_ws/build/marvin_description', 'catkin_cmake_args': None, 'catkin_skip_building_tests': False, 'cmake_args': None, 'cmake_clean_cache': False, 'cmake_clean_first': False, 'cmake_force_configure': False, 'cmake_target': None, 'cmake_target_skip_unavailable': False, 'install_base': '/home/marvin/marvin/marvin_sim_ws/install/marvin_description', 'merge_install': False, 'path': '/home/marvin/marvin/marvin_sim_ws/src/marvin_description', 'symlink_install': True, 'test_result_base': None}
[0.551s] Level 5:colcon.colcon_core.verb:set package 'marvin_navigation' build argument 'cmake_args' from command line to 'None'
[0.551s] Level 5:colcon.colcon_core.verb:set package 'marvin_navigation' build argument 'cmake_target' from command line to 'None'
[0.551s] Level 5:colcon.colcon_core.verb:set package 'marvin_navigation' build argument 'cmake_target_skip_unavailable' from command line to 'False'
[0.551s] Level 5:colcon.colcon_core.verb:set package 'marvin_navigation' build argument 'cmake_clean_cache' from command line to 'False'
[0.551s] Level 5:colcon.colcon_core.verb:set package 'marvin_navigation' build argument 'cmake_clean_first' from command line to 'False'
[0.551s] Level 5:colcon.colcon_core.verb:set package 'marvin_navigation' build argument 'cmake_force_configure' from command line to 'False'
[0.551s] Level 5:colcon.colcon_core.verb:set package 'marvin_navigation' build argument 'ament_cmake_args' from command line to 'None'
[0.551s] Level 5:colcon.colcon_core.verb:set package 'marvin_navigation' build argument 'catkin_cmake_args' from command line to 'None'
[0.551s] Level 5:colcon.colcon_core.verb:set package 'marvin_navigation' build argument 'catkin_skip_building_tests' from command line to 'False'
[0.551s] DEBUG:colcon.colcon_core.verb:Building package 'marvin_navigation' with the following arguments: {'ament_cmake_args': None, 'build_base': '/home/marvin/marvin/marvin_sim_ws/build/marvin_navigation', 'catkin_cmake_args': None, 'catkin_skip_building_tests': False, 'cmake_args': None, 'cmake_clean_cache': False, 'cmake_clean_first': False, 'cmake_force_configure': False, 'cmake_target': None, 'cmake_target_skip_unavailable': False, 'install_base': '/home/marvin/marvin/marvin_sim_ws/install/marvin_navigation', 'merge_install': False, 'path': '/home/marvin/marvin/marvin_sim_ws/src/marvin_navigation', 'symlink_install': True, 'test_result_base': None}
[0.552s] Level 5:colcon.colcon_core.verb:set package 'marvin_sim_bringup' build argument 'cmake_args' from command line to 'None'
[0.553s] Level 5:colcon.colcon_core.verb:set package 'marvin_sim_bringup' build argument 'cmake_target' from command line to 'None'
[0.553s] Level 5:colcon.colcon_core.verb:set package 'marvin_sim_bringup' build argument 'cmake_target_skip_unavailable' from command line to 'False'
[0.553s] Level 5:colcon.colcon_core.verb:set package 'marvin_sim_bringup' build argument 'cmake_clean_cache' from command line to 'False'
[0.553s] Level 5:colcon.colcon_core.verb:set package 'marvin_sim_bringup' build argument 'cmake_clean_first' from command line to 'False'
[0.553s] Level 5:colcon.colcon_core.verb:set package 'marvin_sim_bringup' build argument 'cmake_force_configure' from command line to 'False'
[0.553s] Level 5:colcon.colcon_core.verb:set package 'marvin_sim_bringup' build argument 'ament_cmake_args' from command line to 'None'
[0.553s] Level 5:colcon.colcon_core.verb:set package 'marvin_sim_bringup' build argument 'catkin_cmake_args' from command line to 'None'
[0.553s] Level 5:colcon.colcon_core.verb:set package 'marvin_sim_bringup' build argument 'catkin_skip_building_tests' from command line to 'False'
[0.553s] DEBUG:colcon.colcon_core.verb:Building package 'marvin_sim_bringup' with the following arguments: {'ament_cmake_args': None, 'build_base': '/home/marvin/marvin/marvin_sim_ws/build/marvin_sim_bringup', 'catkin_cmake_args': None, 'catkin_skip_building_tests': False, 'cmake_args': None, 'cmake_clean_cache': False, 'cmake_clean_first': False, 'cmake_force_configure': False, 'cmake_target': None, 'cmake_target_skip_unavailable': False, 'install_base': '/home/marvin/marvin/marvin_sim_ws/install/marvin_sim_bringup', 'merge_install': False, 'path': '/home/marvin/marvin/marvin_sim_ws/src/marvin_sim_bringup', 'symlink_install': True, 'test_result_base': None}
[0.554s] Level 5:colcon.colcon_core.verb:set package 'marvin_sim_gazebo' build argument 'cmake_args' from command line to 'None'
[0.554s] Level 5:colcon.colcon_core.verb:set package 'marvin_sim_gazebo' build argument 'cmake_target' from command line to 'None'
[0.554s] Level 5:colcon.colcon_core.verb:set package 'marvin_sim_gazebo' build argument 'cmake_target_skip_unavailable' from command line to 'False'
[0.554s] Level 5:colcon.colcon_core.verb:set package 'marvin_sim_gazebo' build argument 'cmake_clean_cache' from command line to 'False'
[0.554s] Level 5:colcon.colcon_core.verb:set package 'marvin_sim_gazebo' build argument 'cmake_clean_first' from command line to 'False'
[0.554s] Level 5:colcon.colcon_core.verb:set package 'marvin_sim_gazebo' build argument 'cmake_force_configure' from command line to 'False'
[0.554s] Level 5:colcon.colcon_core.verb:set package 'marvin_sim_gazebo' build argument 'ament_cmake_args' from command line to 'None'
[0.554s] Level 5:colcon.colcon_core.verb:set package 'marvin_sim_gazebo' build argument 'catkin_cmake_args' from command line to 'None'
[0.554s] Level 5:colcon.colcon_core.verb:set package 'marvin_sim_gazebo' build argument 'catkin_skip_building_tests' from command line to 'False'
[0.554s] DEBUG:colcon.colcon_core.verb:Building package 'marvin_sim_gazebo' with the following arguments: {'ament_cmake_args': None, 'build_base': '/home/marvin/marvin/marvin_sim_ws/build/marvin_sim_gazebo', 'catkin_cmake_args': None, 'catkin_skip_building_tests': False, 'cmake_args': None, 'cmake_clean_cache': False, 'cmake_clean_first': False, 'cmake_force_configure': False, 'cmake_target': None, 'cmake_target_skip_unavailable': False, 'install_base': '/home/marvin/marvin/marvin_sim_ws/install/marvin_sim_gazebo', 'merge_install': False, 'path': '/home/marvin/marvin/marvin_sim_ws/src/marvin_sim_gazebo', 'symlink_install': True, 'test_result_base': None}
[0.555s] INFO:colcon.colcon_core.executor:Executing jobs using 'parallel' executor
[0.559s] DEBUG:colcon.colcon_parallel_executor.executor.parallel:run_until_complete
[0.559s] INFO:colcon.colcon_ros.task.ament_cmake.build:Building ROS package in '/home/marvin/marvin/marvin_sim_ws/src/marvin' with build type 'ament_cmake'
[0.559s] INFO:colcon.colcon_cmake.task.cmake.build:Building CMake package in '/home/marvin/marvin/marvin_sim_ws/src/marvin'
[0.565s] INFO:colcon.colcon_core.plugin_system:Skipping extension 'colcon_core.shell.bat': Not used on non-Windows systems
[0.565s] INFO:colcon.colcon_core.shell:Skip shell extension 'powershell' for command environment: Not usable outside of PowerShell
[0.565s] DEBUG:colcon.colcon_core.shell:Skip shell extension 'dsv' for command environment
[0.573s] INFO:colcon.colcon_ros.task.ament_cmake.build:Building ROS package in '/home/marvin/marvin/marvin_sim_ws/src/marvin_description' with build type 'ament_cmake'
[0.574s] INFO:colcon.colcon_cmake.task.cmake.build:Building CMake package in '/home/marvin/marvin/marvin_sim_ws/src/marvin_description'
[0.576s] INFO:colcon.colcon_core.shell:Skip shell extension 'powershell' for command environment: Not usable outside of PowerShell
[0.576s] DEBUG:colcon.colcon_core.shell:Skip shell extension 'dsv' for command environment
[0.585s] INFO:colcon.colcon_ros.task.ament_cmake.build:Building ROS package in '/home/marvin/marvin/marvin_sim_ws/src/marvin_navigation' with build type 'ament_cmake'
[0.585s] INFO:colcon.colcon_cmake.task.cmake.build:Building CMake package in '/home/marvin/marvin/marvin_sim_ws/src/marvin_navigation'
[0.589s] INFO:colcon.colcon_core.shell:Skip shell extension 'powershell' for command environment: Not usable outside of PowerShell
[0.589s] DEBUG:colcon.colcon_core.shell:Skip shell extension 'dsv' for command environment
[0.597s] INFO:colcon.colcon_ros.task.ament_cmake.build:Building ROS package in '/home/marvin/marvin/marvin_sim_ws/src/marvin_sim_bringup' with build type 'ament_cmake'
[0.597s] INFO:colcon.colcon_cmake.task.cmake.build:Building CMake package in '/home/marvin/marvin/marvin_sim_ws/src/marvin_sim_bringup'
[0.599s] INFO:colcon.colcon_core.shell:Skip shell extension 'powershell' for command environment: Not usable outside of PowerShell
[0.599s] DEBUG:colcon.colcon_core.shell:Skip shell extension 'dsv' for command environment
[0.607s] INFO:colcon.colcon_ros.task.ament_cmake.build:Building ROS package in '/home/marvin/marvin/marvin_sim_ws/src/marvin_sim_gazebo' with build type 'ament_cmake'
[0.607s] INFO:colcon.colcon_cmake.task.cmake.build:Building CMake package in '/home/marvin/marvin/marvin_sim_ws/src/marvin_sim_gazebo'
[0.609s] INFO:colcon.colcon_core.shell:Skip shell extension 'powershell' for command environment: Not usable outside of PowerShell
[0.609s] DEBUG:colcon.colcon_core.shell:Skip shell extension 'dsv' for command environment
[0.625s] DEBUG:colcon.colcon_core.event_handler.log_command:Invoking command in '/home/marvin/marvin/marvin_sim_ws/build/marvin': CMAKE_PREFIX_PATH=${CMAKE_PREFIX_PATH}:/opt/ros/foxy /usr/bin/cmake --build /home/marvin/marvin/marvin_sim_ws/build/marvin -- -j6 -l6
[0.639s] DEBUG:colcon.colcon_core.event_handler.log_command:Invoking command in '/home/marvin/marvin/marvin_sim_ws/build/marvin_description': CMAKE_PREFIX_PATH=${CMAKE_PREFIX_PATH}:/opt/ros/foxy /usr/bin/cmake --build /home/marvin/marvin/marvin_sim_ws/build/marvin_description -- -j6 -l6
[0.646s] DEBUG:colcon.colcon_core.event_handler.log_command:Invoking command in '/home/marvin/marvin/marvin_sim_ws/build/marvin_navigation': CMAKE_PREFIX_PATH=${CMAKE_PREFIX_PATH}:/opt/ros/foxy /usr/bin/cmake --build /home/marvin/marvin/marvin_sim_ws/build/marvin_navigation -- -j6 -l6
[0.656s] DEBUG:colcon.colcon_core.event_handler.log_command:Invoking command in '/home/marvin/marvin/marvin_sim_ws/build/marvin_sim_bringup': CMAKE_PREFIX_PATH=${CMAKE_PREFIX_PATH}:/opt/ros/foxy /usr/bin/cmake --build /home/marvin/marvin/marvin_sim_ws/build/marvin_sim_bringup -- -j6 -l6
[0.670s] DEBUG:colcon.colcon_core.event_handler.log_command:Invoking command in '/home/marvin/marvin/marvin_sim_ws/build/marvin_sim_gazebo': CMAKE_PREFIX_PATH=${CMAKE_PREFIX_PATH}:/opt/ros/foxy /usr/bin/cmake --build /home/marvin/marvin/marvin_sim_ws/build/marvin_sim_gazebo -- -j6 -l6
[0.697s] DEBUG:colcon.colcon_core.event_handler.log_command:Invoked command in '/home/marvin/marvin/marvin_sim_ws/build/marvin' returned '0': CMAKE_PREFIX_PATH=${CMAKE_PREFIX_PATH}:/opt/ros/foxy /usr/bin/cmake --build /home/marvin/marvin/marvin_sim_ws/build/marvin -- -j6 -l6
[0.705s] DEBUG:colcon.colcon_core.event_handler.log_command:Invoked command in '/home/marvin/marvin/marvin_sim_ws/build/marvin_description' returned '0': CMAKE_PREFIX_PATH=${CMAKE_PREFIX_PATH}:/opt/ros/foxy /usr/bin/cmake --build /home/marvin/marvin/marvin_sim_ws/build/marvin_description -- -j6 -l6
[0.709s] DEBUG:colcon.colcon_core.event_handler.log_command:Invoked command in '/home/marvin/marvin/marvin_sim_ws/build/marvin_navigation' returned '0': CMAKE_PREFIX_PATH=${CMAKE_PREFIX_PATH}:/opt/ros/foxy /usr/bin/cmake --build /home/marvin/marvin/marvin_sim_ws/build/marvin_navigation -- -j6 -l6
[0.721s] DEBUG:colcon.colcon_core.event_handler.log_command:Invoked command in '/home/marvin/marvin/marvin_sim_ws/build/marvin_sim_bringup' returned '0': CMAKE_PREFIX_PATH=${CMAKE_PREFIX_PATH}:/opt/ros/foxy /usr/bin/cmake --build /home/marvin/marvin/marvin_sim_ws/build/marvin_sim_bringup -- -j6 -l6
[0.750s] DEBUG:colcon.colcon_core.event_handler.log_command:Invoking command in '/home/marvin/marvin/marvin_sim_ws/build/marvin': CMAKE_PREFIX_PATH=${CMAKE_PREFIX_PATH}:/opt/ros/foxy /usr/bin/cmake --install /home/marvin/marvin/marvin_sim_ws/build/marvin
[0.755s] DEBUG:colcon.colcon_core.event_handler.log_command:Invoking command in '/home/marvin/marvin/marvin_sim_ws/build/marvin_navigation': CMAKE_PREFIX_PATH=${CMAKE_PREFIX_PATH}:/opt/ros/foxy /usr/bin/cmake --install /home/marvin/marvin/marvin_sim_ws/build/marvin_navigation
[0.757s] DEBUG:colcon.colcon_core.event_handler.log_command:Invoking command in '/home/marvin/marvin/marvin_sim_ws/build/marvin_description': CMAKE_PREFIX_PATH=${CMAKE_PREFIX_PATH}:/opt/ros/foxy /usr/bin/cmake --install /home/marvin/marvin/marvin_sim_ws/build/marvin_description
[0.765s] DEBUG:colcon.colcon_core.event_handler.log_command:Invoking command in '/home/marvin/marvin/marvin_sim_ws/build/marvin_sim_bringup': CMAKE_PREFIX_PATH=${CMAKE_PREFIX_PATH}:/opt/ros/foxy /usr/bin/cmake --install /home/marvin/marvin/marvin_sim_ws/build/marvin_sim_bringup
[0.783s] DEBUG:colcon.colcon_core.event_handler.log_command:Invoked command in '/home/marvin/marvin/marvin_sim_ws/build/marvin_sim_gazebo' returned '0': CMAKE_PREFIX_PATH=${CMAKE_PREFIX_PATH}:/opt/ros/foxy /usr/bin/cmake --build /home/marvin/marvin/marvin_sim_ws/build/marvin_sim_gazebo -- -j6 -l6
[0.792s] Level 1:colcon.colcon_core.environment:create_environment_scripts_only(marvin)
[0.802s] DEBUG:colcon.colcon_core.event_handler.log_command:Invoked command in '/home/marvin/marvin/marvin_sim_ws/build/marvin' returned '0': CMAKE_PREFIX_PATH=${CMAKE_PREFIX_PATH}:/opt/ros/foxy /usr/bin/cmake --install /home/marvin/marvin/marvin_sim_ws/build/marvin
[0.814s] Level 1:colcon.colcon_core.environment:checking '/home/marvin/marvin/marvin_sim_ws/install/marvin' for CMake module files
[0.815s] Level 1:colcon.colcon_core.environment:checking '/home/marvin/marvin/marvin_sim_ws/install/marvin' for CMake config files
[0.815s] Level 1:colcon.colcon_core.shell:create_environment_hook('marvin', 'cmake_prefix_path')
[0.817s] INFO:colcon.colcon_core.shell:Creating environment hook '/home/marvin/marvin/marvin_sim_ws/install/marvin/share/marvin/hook/cmake_prefix_path.ps1'
[0.818s] INFO:colcon.colcon_core.shell:Creating environment descriptor '/home/marvin/marvin/marvin_sim_ws/install/marvin/share/marvin/hook/cmake_prefix_path.dsv'
[0.819s] INFO:colcon.colcon_core.shell:Creating environment hook '/home/marvin/marvin/marvin_sim_ws/install/marvin/share/marvin/hook/cmake_prefix_path.sh'
[0.820s] Level 1:colcon.colcon_core.environment:checking '/home/marvin/marvin/marvin_sim_ws/install/marvin/bin'
[0.820s] Level 1:colcon.colcon_core.environment:checking '/home/marvin/marvin/marvin_sim_ws/install/marvin/lib/pkgconfig/marvin.pc'
[0.820s] Level 1:colcon.colcon_core.environment:checking '/home/marvin/marvin/marvin_sim_ws/install/marvin/lib/python3.8/site-packages'
[0.820s] Level 1:colcon.colcon_core.environment:checking '/home/marvin/marvin/marvin_sim_ws/install/marvin/bin'
[0.822s] INFO:colcon.colcon_core.shell:Creating package script '/home/marvin/marvin/marvin_sim_ws/install/marvin/share/marvin/package.ps1'
[0.823s] INFO:colcon.colcon_core.shell:Creating package descriptor '/home/marvin/marvin/marvin_sim_ws/install/marvin/share/marvin/package.dsv'
[0.824s] INFO:colcon.colcon_core.shell:Creating package script '/home/marvin/marvin/marvin_sim_ws/install/marvin/share/marvin/package.sh'
[0.825s] INFO:colcon.colcon_core.shell:Creating package script '/home/marvin/marvin/marvin_sim_ws/install/marvin/share/marvin/package.bash'
[0.826s] INFO:colcon.colcon_core.shell:Creating package script '/home/marvin/marvin/marvin_sim_ws/install/marvin/share/marvin/package.zsh'
[0.826s] Level 1:colcon.colcon_core.environment:create_file_with_runtime_dependencies(/home/marvin/marvin/marvin_sim_ws/install/marvin/share/colcon-core/packages/marvin)
[0.837s] DEBUG:colcon.colcon_core.event_handler.log_command:Invoking command in '/home/marvin/marvin/marvin_sim_ws/build/marvin_sim_gazebo': CMAKE_PREFIX_PATH=${CMAKE_PREFIX_PATH}:/opt/ros/foxy /usr/bin/cmake --install /home/marvin/marvin/marvin_sim_ws/build/marvin_sim_gazebo
[0.839s] Level 1:colcon.colcon_core.environment:create_environment_scripts_only(marvin_navigation)
[0.842s] Level 1:colcon.colcon_core.environment:checking '/home/marvin/marvin/marvin_sim_ws/install/marvin_navigation' for CMake module files
[0.843s] DEBUG:colcon.colcon_core.event_handler.log_command:Invoked command in '/home/marvin/marvin/marvin_sim_ws/build/marvin_navigation' returned '0': CMAKE_PREFIX_PATH=${CMAKE_PREFIX_PATH}:/opt/ros/foxy /usr/bin/cmake --install /home/marvin/marvin/marvin_sim_ws/build/marvin_navigation
[0.843s] Level 1:colcon.colcon_core.environment:checking '/home/marvin/marvin/marvin_sim_ws/install/marvin_navigation' for CMake config files
[0.844s] Level 1:colcon.colcon_core.shell:create_environment_hook('marvin_navigation', 'cmake_prefix_path')
[0.845s] INFO:colcon.colcon_core.shell:Creating environment hook '/home/marvin/marvin/marvin_sim_ws/install/marvin_navigation/share/marvin_navigation/hook/cmake_prefix_path.ps1'
[0.846s] INFO:colcon.colcon_core.shell:Creating environment descriptor '/home/marvin/marvin/marvin_sim_ws/install/marvin_navigation/share/marvin_navigation/hook/cmake_prefix_path.dsv'
[0.847s] INFO:colcon.colcon_core.shell:Creating environment hook '/home/marvin/marvin/marvin_sim_ws/install/marvin_navigation/share/marvin_navigation/hook/cmake_prefix_path.sh'
[0.848s] Level 1:colcon.colcon_core.environment:checking '/home/marvin/marvin/marvin_sim_ws/install/marvin_navigation/bin'
[0.849s] Level 1:colcon.colcon_core.environment:checking '/home/marvin/marvin/marvin_sim_ws/install/marvin_navigation/lib/pkgconfig/marvin_navigation.pc'
[0.849s] Level 1:colcon.colcon_core.environment:checking '/home/marvin/marvin/marvin_sim_ws/install/marvin_navigation/lib/python3.8/site-packages'
[0.850s] Level 1:colcon.colcon_core.environment:checking '/home/marvin/marvin/marvin_sim_ws/install/marvin_navigation/bin'
[0.851s] INFO:colcon.colcon_core.shell:Creating package script '/home/marvin/marvin/marvin_sim_ws/install/marvin_navigation/share/marvin_navigation/package.ps1'
[0.854s] INFO:colcon.colcon_core.shell:Creating package descriptor '/home/marvin/marvin/marvin_sim_ws/install/marvin_navigation/share/marvin_navigation/package.dsv'
[0.857s] INFO:colcon.colcon_core.shell:Creating package script '/home/marvin/marvin/marvin_sim_ws/install/marvin_navigation/share/marvin_navigation/package.sh'
[0.859s] INFO:colcon.colcon_core.shell:Creating package script '/home/marvin/marvin/marvin_sim_ws/install/marvin_navigation/share/marvin_navigation/package.bash'
[0.859s] INFO:colcon.colcon_core.shell:Creating package script '/home/marvin/marvin/marvin_sim_ws/install/marvin_navigation/share/marvin_navigation/package.zsh'
[0.860s] Level 1:colcon.colcon_core.environment:create_file_with_runtime_dependencies(/home/marvin/marvin/marvin_sim_ws/install/marvin_navigation/share/colcon-core/packages/marvin_navigation)
[0.864s] Level 1:colcon.colcon_core.environment:create_environment_scripts_only(marvin_description)
[0.867s] Level 1:colcon.colcon_core.environment:checking '/home/marvin/marvin/marvin_sim_ws/install/marvin_description' for CMake module files
[0.867s] DEBUG:colcon.colcon_core.event_handler.log_command:Invoked command in '/home/marvin/marvin/marvin_sim_ws/build/marvin_description' returned '0': CMAKE_PREFIX_PATH=${CMAKE_PREFIX_PATH}:/opt/ros/foxy /usr/bin/cmake --install /home/marvin/marvin/marvin_sim_ws/build/marvin_description
[0.868s] Level 1:colcon.colcon_core.environment:checking '/home/marvin/marvin/marvin_sim_ws/install/marvin_description' for CMake config files
[0.868s] Level 1:colcon.colcon_core.shell:create_environment_hook('marvin_description', 'cmake_prefix_path')
[0.870s] INFO:colcon.colcon_core.shell:Creating environment hook '/home/marvin/marvin/marvin_sim_ws/install/marvin_description/share/marvin_description/hook/cmake_prefix_path.ps1'
[0.871s] INFO:colcon.colcon_core.shell:Creating environment descriptor '/home/marvin/marvin/marvin_sim_ws/install/marvin_description/share/marvin_description/hook/cmake_prefix_path.dsv'
[0.872s] INFO:colcon.colcon_core.shell:Creating environment hook '/home/marvin/marvin/marvin_sim_ws/install/marvin_description/share/marvin_description/hook/cmake_prefix_path.sh'
[0.873s] Level 1:colcon.colcon_core.environment:checking '/home/marvin/marvin/marvin_sim_ws/install/marvin_description/bin'
[0.873s] Level 1:colcon.colcon_core.environment:checking '/home/marvin/marvin/marvin_sim_ws/install/marvin_description/lib/pkgconfig/marvin_description.pc'
[0.874s] Level 1:colcon.colcon_core.environment:checking '/home/marvin/marvin/marvin_sim_ws/install/marvin_description/lib/python3.8/site-packages'
[0.874s] Level 1:colcon.colcon_core.environment:checking '/home/marvin/marvin/marvin_sim_ws/install/marvin_description/bin'
[0.875s] INFO:colcon.colcon_core.shell:Creating package script '/home/marvin/marvin/marvin_sim_ws/install/marvin_description/share/marvin_description/package.ps1'
[0.876s] INFO:colcon.colcon_core.shell:Creating package descriptor '/home/marvin/marvin/marvin_sim_ws/install/marvin_description/share/marvin_description/package.dsv'
[0.877s] INFO:colcon.colcon_core.shell:Creating package script '/home/marvin/marvin/marvin_sim_ws/install/marvin_description/share/marvin_description/package.sh'
[0.877s] INFO:colcon.colcon_core.shell:Creating package script '/home/marvin/marvin/marvin_sim_ws/install/marvin_description/share/marvin_description/package.bash'
[0.878s] INFO:colcon.colcon_core.shell:Creating package script '/home/marvin/marvin/marvin_sim_ws/install/marvin_description/share/marvin_description/package.zsh'
[0.878s] Level 1:colcon.colcon_core.environment:create_file_with_runtime_dependencies(/home/marvin/marvin/marvin_sim_ws/install/marvin_description/share/colcon-core/packages/marvin_description)
[0.882s] Level 1:colcon.colcon_core.environment:create_environment_scripts_only(marvin_sim_bringup)
[0.883s] DEBUG:colcon.colcon_core.event_handler.log_command:Invoked command in '/home/marvin/marvin/marvin_sim_ws/build/marvin_sim_bringup' returned '0': CMAKE_PREFIX_PATH=${CMAKE_PREFIX_PATH}:/opt/ros/foxy /usr/bin/cmake --install /home/marvin/marvin/marvin_sim_ws/build/marvin_sim_bringup
[0.886s] Level 1:colcon.colcon_core.environment:checking '/home/marvin/marvin/marvin_sim_ws/install/marvin_sim_bringup' for CMake module files
[0.887s] Level 1:colcon.colcon_core.environment:checking '/home/marvin/marvin/marvin_sim_ws/install/marvin_sim_bringup' for CMake config files
[0.887s] Level 1:colcon.colcon_core.shell:create_environment_hook('marvin_sim_bringup', 'cmake_prefix_path')
[0.889s] INFO:colcon.colcon_core.shell:Creating environment hook '/home/marvin/marvin/marvin_sim_ws/install/marvin_sim_bringup/share/marvin_sim_bringup/hook/cmake_prefix_path.ps1'
[0.890s] INFO:colcon.colcon_core.shell:Creating environment descriptor '/home/marvin/marvin/marvin_sim_ws/install/marvin_sim_bringup/share/marvin_sim_bringup/hook/cmake_prefix_path.dsv'
[0.890s] INFO:colcon.colcon_core.shell:Creating environment hook '/home/marvin/marvin/marvin_sim_ws/install/marvin_sim_bringup/share/marvin_sim_bringup/hook/cmake_prefix_path.sh'
[0.891s] Level 1:colcon.colcon_core.environment:checking '/home/marvin/marvin/marvin_sim_ws/install/marvin_sim_bringup/bin'
[0.891s] Level 1:colcon.colcon_core.environment:checking '/home/marvin/marvin/marvin_sim_ws/install/marvin_sim_bringup/lib/pkgconfig/marvin_sim_bringup.pc'
[0.892s] Level 1:colcon.colcon_core.environment:checking '/home/marvin/marvin/marvin_sim_ws/install/marvin_sim_bringup/lib/python3.8/site-packages'
[0.892s] Level 1:colcon.colcon_core.environment:checking '/home/marvin/marvin/marvin_sim_ws/install/marvin_sim_bringup/bin'
[0.894s] INFO:colcon.colcon_core.shell:Creating package script '/home/marvin/marvin/marvin_sim_ws/install/marvin_sim_bringup/share/marvin_sim_bringup/package.ps1'
[0.894s] INFO:colcon.colcon_core.shell:Creating package descriptor '/home/marvin/marvin/marvin_sim_ws/install/marvin_sim_bringup/share/marvin_sim_bringup/package.dsv'
[0.895s] INFO:colcon.colcon_core.shell:Creating package script '/home/marvin/marvin/marvin_sim_ws/install/marvin_sim_bringup/share/marvin_sim_bringup/package.sh'
[0.896s] INFO:colcon.colcon_core.shell:Creating package script '/home/marvin/marvin/marvin_sim_ws/install/marvin_sim_bringup/share/marvin_sim_bringup/package.bash'
[0.896s] INFO:colcon.colcon_core.shell:Creating package script '/home/marvin/marvin/marvin_sim_ws/install/marvin_sim_bringup/share/marvin_sim_bringup/package.zsh'
[0.897s] Level 1:colcon.colcon_core.environment:create_file_with_runtime_dependencies(/home/marvin/marvin/marvin_sim_ws/install/marvin_sim_bringup/share/colcon-core/packages/marvin_sim_bringup)
[0.906s] Level 1:colcon.colcon_core.environment:create_environment_scripts_only(marvin)
[0.908s] Level 1:colcon.colcon_core.environment:checking '/home/marvin/marvin/marvin_sim_ws/install/marvin' for CMake module files
[0.910s] Level 1:colcon.colcon_core.environment:checking '/home/marvin/marvin/marvin_sim_ws/install/marvin' for CMake config files
[0.910s] Level 1:colcon.colcon_core.shell:create_environment_hook('marvin', 'cmake_prefix_path')
[0.912s] INFO:colcon.colcon_core.shell:Creating environment hook '/home/marvin/marvin/marvin_sim_ws/install/marvin/share/marvin/hook/cmake_prefix_path.ps1'
[0.913s] INFO:colcon.colcon_core.shell:Creating environment descriptor '/home/marvin/marvin/marvin_sim_ws/install/marvin/share/marvin/hook/cmake_prefix_path.dsv'
[0.913s] INFO:colcon.colcon_core.shell:Creating environment hook '/home/marvin/marvin/marvin_sim_ws/install/marvin/share/marvin/hook/cmake_prefix_path.sh'
[0.914s] Level 1:colcon.colcon_core.environment:checking '/home/marvin/marvin/marvin_sim_ws/install/marvin/bin'
[0.914s] Level 1:colcon.colcon_core.environment:checking '/home/marvin/marvin/marvin_sim_ws/install/marvin/lib/pkgconfig/marvin.pc'
[0.915s] Level 1:colcon.colcon_core.environment:checking '/home/marvin/marvin/marvin_sim_ws/install/marvin/lib/python3.8/site-packages'
[0.915s] Level 1:colcon.colcon_core.environment:checking '/home/marvin/marvin/marvin_sim_ws/install/marvin/bin'
[0.916s] INFO:colcon.colcon_core.shell:Creating package script '/home/marvin/marvin/marvin_sim_ws/install/marvin/share/marvin/package.ps1'
[0.917s] INFO:colcon.colcon_core.shell:Creating package descriptor '/home/marvin/marvin/marvin_sim_ws/install/marvin/share/marvin/package.dsv'
[0.918s] INFO:colcon.colcon_core.shell:Creating package script '/home/marvin/marvin/marvin_sim_ws/install/marvin/share/marvin/package.sh'
[0.919s] INFO:colcon.colcon_core.shell:Creating package script '/home/marvin/marvin/marvin_sim_ws/install/marvin/share/marvin/package.bash'
[0.920s] INFO:colcon.colcon_core.shell:Creating package script '/home/marvin/marvin/marvin_sim_ws/install/marvin/share/marvin/package.zsh'
[0.921s] Level 1:colcon.colcon_core.environment:create_file_with_runtime_dependencies(/home/marvin/marvin/marvin_sim_ws/install/marvin/share/colcon-core/packages/marvin)
[0.924s] Level 1:colcon.colcon_core.environment:create_environment_scripts_only(marvin_navigation)
[0.926s] Level 1:colcon.colcon_core.environment:checking '/home/marvin/marvin/marvin_sim_ws/install/marvin_navigation' for CMake module files
[0.927s] Level 1:colcon.colcon_core.environment:checking '/home/marvin/marvin/marvin_sim_ws/install/marvin_navigation' for CMake config files
[0.927s] Level 1:colcon.colcon_core.shell:create_environment_hook('marvin_navigation', 'cmake_prefix_path')
[0.929s] INFO:colcon.colcon_core.shell:Creating environment hook '/home/marvin/marvin/marvin_sim_ws/install/marvin_navigation/share/marvin_navigation/hook/cmake_prefix_path.ps1'
[0.929s] INFO:colcon.colcon_core.shell:Creating environment descriptor '/home/marvin/marvin/marvin_sim_ws/install/marvin_navigation/share/marvin_navigation/hook/cmake_prefix_path.dsv'
[0.930s] INFO:colcon.colcon_core.shell:Creating environment hook '/home/marvin/marvin/marvin_sim_ws/install/marvin_navigation/share/marvin_navigation/hook/cmake_prefix_path.sh'
[0.930s] Level 1:colcon.colcon_core.environment:checking '/home/marvin/marvin/marvin_sim_ws/install/marvin_navigation/bin'
[0.931s] Level 1:colcon.colcon_core.environment:checking '/home/marvin/marvin/marvin_sim_ws/install/marvin_navigation/lib/pkgconfig/marvin_navigation.pc'
[0.931s] Level 1:colcon.colcon_core.environment:checking '/home/marvin/marvin/marvin_sim_ws/install/marvin_navigation/lib/python3.8/site-packages'
[0.931s] Level 1:colcon.colcon_core.environment:checking '/home/marvin/marvin/marvin_sim_ws/install/marvin_navigation/bin'
[0.933s] INFO:colcon.colcon_core.shell:Creating package script '/home/marvin/marvin/marvin_sim_ws/install/marvin_navigation/share/marvin_navigation/package.ps1'
[0.933s] INFO:colcon.colcon_core.shell:Creating package descriptor '/home/marvin/marvin/marvin_sim_ws/install/marvin_navigation/share/marvin_navigation/package.dsv'
[0.934s] INFO:colcon.colcon_core.shell:Creating package script '/home/marvin/marvin/marvin_sim_ws/install/marvin_navigation/share/marvin_navigation/package.sh'
[0.935s] INFO:colcon.colcon_core.shell:Creating package script '/home/marvin/marvin/marvin_sim_ws/install/marvin_navigation/share/marvin_navigation/package.bash'
[0.935s] INFO:colcon.colcon_core.shell:Creating package script '/home/marvin/marvin/marvin_sim_ws/install/marvin_navigation/share/marvin_navigation/package.zsh'
[0.936s] Level 1:colcon.colcon_core.environment:create_file_with_runtime_dependencies(/home/marvin/marvin/marvin_sim_ws/install/marvin_navigation/share/colcon-core/packages/marvin_navigation)
[0.939s] Level 1:colcon.colcon_core.environment:create_environment_scripts_only(marvin_description)
[0.941s] Level 1:colcon.colcon_core.environment:checking '/home/marvin/marvin/marvin_sim_ws/install/marvin_description' for CMake module files
[0.943s] Level 1:colcon.colcon_core.environment:checking '/home/marvin/marvin/marvin_sim_ws/install/marvin_description' for CMake config files
[0.943s] Level 1:colcon.colcon_core.shell:create_environment_hook('marvin_description', 'cmake_prefix_path')
[0.945s] INFO:colcon.colcon_core.shell:Creating environment hook '/home/marvin/marvin/marvin_sim_ws/install/marvin_description/share/marvin_description/hook/cmake_prefix_path.ps1'
[0.945s] INFO:colcon.colcon_core.shell:Creating environment descriptor '/home/marvin/marvin/marvin_sim_ws/install/marvin_description/share/marvin_description/hook/cmake_prefix_path.dsv'
[0.946s] INFO:colcon.colcon_core.shell:Creating environment hook '/home/marvin/marvin/marvin_sim_ws/install/marvin_description/share/marvin_description/hook/cmake_prefix_path.sh'
[0.947s] Level 1:colcon.colcon_core.environment:checking '/home/marvin/marvin/marvin_sim_ws/install/marvin_description/bin'
[0.947s] Level 1:colcon.colcon_core.environment:checking '/home/marvin/marvin/marvin_sim_ws/install/marvin_description/lib/pkgconfig/marvin_description.pc'
[0.947s] Level 1:colcon.colcon_core.environment:checking '/home/marvin/marvin/marvin_sim_ws/install/marvin_description/lib/python3.8/site-packages'
[0.947s] Level 1:colcon.colcon_core.environment:checking '/home/marvin/marvin/marvin_sim_ws/install/marvin_description/bin'
[0.949s] INFO:colcon.colcon_core.shell:Creating package script '/home/marvin/marvin/marvin_sim_ws/install/marvin_description/share/marvin_description/package.ps1'
[0.949s] INFO:colcon.colcon_core.shell:Creating package descriptor '/home/marvin/marvin/marvin_sim_ws/install/marvin_description/share/marvin_description/package.dsv'
[0.950s] INFO:colcon.colcon_core.shell:Creating package script '/home/marvin/marvin/marvin_sim_ws/install/marvin_description/share/marvin_description/package.sh'
[0.951s] INFO:colcon.colcon_core.shell:Creating package script '/home/marvin/marvin/marvin_sim_ws/install/marvin_description/share/marvin_description/package.bash'
[0.952s] INFO:colcon.colcon_core.shell:Creating package script '/home/marvin/marvin/marvin_sim_ws/install/marvin_description/share/marvin_description/package.zsh'
[0.952s] Level 1:colcon.colcon_core.environment:create_file_with_runtime_dependencies(/home/marvin/marvin/marvin_sim_ws/install/marvin_description/share/colcon-core/packages/marvin_description)
[0.955s] Level 1:colcon.colcon_core.environment:create_environment_scripts_only(marvin_sim_bringup)
[0.957s] Level 1:colcon.colcon_core.environment:checking '/home/marvin/marvin/marvin_sim_ws/install/marvin_sim_bringup' for CMake module files
[0.958s] Level 1:colcon.colcon_core.environment:checking '/home/marvin/marvin/marvin_sim_ws/install/marvin_sim_bringup' for CMake config files
[0.959s] Level 1:colcon.colcon_core.shell:create_environment_hook('marvin_sim_bringup', 'cmake_prefix_path')
[0.960s] INFO:colcon.colcon_core.shell:Creating environment hook '/home/marvin/marvin/marvin_sim_ws/install/marvin_sim_bringup/share/marvin_sim_bringup/hook/cmake_prefix_path.ps1'
[0.961s] INFO:colcon.colcon_core.shell:Creating environment descriptor '/home/marvin/marvin/marvin_sim_ws/install/marvin_sim_bringup/share/marvin_sim_bringup/hook/cmake_prefix_path.dsv'
[0.962s] INFO:colcon.colcon_core.shell:Creating environment hook '/home/marvin/marvin/marvin_sim_ws/install/marvin_sim_bringup/share/marvin_sim_bringup/hook/cmake_prefix_path.sh'
[0.962s] Level 1:colcon.colcon_core.environment:checking '/home/marvin/marvin/marvin_sim_ws/install/marvin_sim_bringup/bin'
[0.963s] Level 1:colcon.colcon_core.environment:checking '/home/marvin/marvin/marvin_sim_ws/install/marvin_sim_bringup/lib/pkgconfig/marvin_sim_bringup.pc'
[0.963s] Level 1:colcon.colcon_core.environment:checking '/home/marvin/marvin/marvin_sim_ws/install/marvin_sim_bringup/lib/python3.8/site-packages'
[0.963s] Level 1:colcon.colcon_core.environment:checking '/home/marvin/marvin/marvin_sim_ws/install/marvin_sim_bringup/bin'
[0.965s] INFO:colcon.colcon_core.shell:Creating package script '/home/marvin/marvin/marvin_sim_ws/install/marvin_sim_bringup/share/marvin_sim_bringup/package.ps1'
[0.966s] INFO:colcon.colcon_core.shell:Creating package descriptor '/home/marvin/marvin/marvin_sim_ws/install/marvin_sim_bringup/share/marvin_sim_bringup/package.dsv'
[0.967s] INFO:colcon.colcon_core.shell:Creating package script '/home/marvin/marvin/marvin_sim_ws/install/marvin_sim_bringup/share/marvin_sim_bringup/package.sh'
[0.968s] INFO:colcon.colcon_core.shell:Creating package script '/home/marvin/marvin/marvin_sim_ws/install/marvin_sim_bringup/share/marvin_sim_bringup/package.bash'
[0.969s] INFO:colcon.colcon_core.shell:Creating package script '/home/marvin/marvin/marvin_sim_ws/install/marvin_sim_bringup/share/marvin_sim_bringup/package.zsh'
[0.969s] Level 1:colcon.colcon_core.environment:create_file_with_runtime_dependencies(/home/marvin/marvin/marvin_sim_ws/install/marvin_sim_bringup/share/colcon-core/packages/marvin_sim_bringup)
[0.970s] Level 1:colcon.colcon_core.environment:create_environment_scripts_only(marvin_sim_gazebo)
[0.972s] Level 1:colcon.colcon_core.environment:checking '/home/marvin/marvin/marvin_sim_ws/install/marvin_sim_gazebo' for CMake module files
[0.974s] DEBUG:colcon.colcon_core.event_handler.log_command:Invoked command in '/home/marvin/marvin/marvin_sim_ws/build/marvin_sim_gazebo' returned '0': CMAKE_PREFIX_PATH=${CMAKE_PREFIX_PATH}:/opt/ros/foxy /usr/bin/cmake --install /home/marvin/marvin/marvin_sim_ws/build/marvin_sim_gazebo
[0.974s] Level 1:colcon.colcon_core.environment:checking '/home/marvin/marvin/marvin_sim_ws/install/marvin_sim_gazebo' for CMake config files
[0.975s] Level 1:colcon.colcon_core.shell:create_environment_hook('marvin_sim_gazebo', 'cmake_prefix_path')
[0.977s] INFO:colcon.colcon_core.shell:Creating environment hook '/home/marvin/marvin/marvin_sim_ws/install/marvin_sim_gazebo/share/marvin_sim_gazebo/hook/cmake_prefix_path.ps1'
[0.978s] INFO:colcon.colcon_core.shell:Creating environment descriptor '/home/marvin/marvin/marvin_sim_ws/install/marvin_sim_gazebo/share/marvin_sim_gazebo/hook/cmake_prefix_path.dsv'
[0.978s] INFO:colcon.colcon_core.shell:Creating environment hook '/home/marvin/marvin/marvin_sim_ws/install/marvin_sim_gazebo/share/marvin_sim_gazebo/hook/cmake_prefix_path.sh'
[0.979s] Level 1:colcon.colcon_core.environment:checking '/home/marvin/marvin/marvin_sim_ws/install/marvin_sim_gazebo/lib'
[0.979s] Level 1:colcon.colcon_core.environment:checking '/home/marvin/marvin/marvin_sim_ws/install/marvin_sim_gazebo/bin'
[0.979s] Level 1:colcon.colcon_core.environment:checking '/home/marvin/marvin/marvin_sim_ws/install/marvin_sim_gazebo/lib/pkgconfig/marvin_sim_gazebo.pc'
[0.980s] Level 1:colcon.colcon_core.environment:checking '/home/marvin/marvin/marvin_sim_ws/install/marvin_sim_gazebo/lib/python3.8/site-packages'
[0.980s] Level 1:colcon.colcon_core.shell:create_environment_hook('marvin_sim_gazebo', 'pythonpath')
[0.982s] INFO:colcon.colcon_core.shell:Creating environment hook '/home/marvin/marvin/marvin_sim_ws/install/marvin_sim_gazebo/share/marvin_sim_gazebo/hook/pythonpath.ps1'
[0.982s] INFO:colcon.colcon_core.shell:Creating environment descriptor '/home/marvin/marvin/marvin_sim_ws/install/marvin_sim_gazebo/share/marvin_sim_gazebo/hook/pythonpath.dsv'
[0.983s] INFO:colcon.colcon_core.shell:Creating environment hook '/home/marvin/marvin/marvin_sim_ws/install/marvin_sim_gazebo/share/marvin_sim_gazebo/hook/pythonpath.sh'
[0.984s] Level 1:colcon.colcon_core.environment:checking '/home/marvin/marvin/marvin_sim_ws/install/marvin_sim_gazebo/bin'
[0.986s] INFO:colcon.colcon_core.shell:Creating package script '/home/marvin/marvin/marvin_sim_ws/install/marvin_sim_gazebo/share/marvin_sim_gazebo/package.ps1'
[0.987s] INFO:colcon.colcon_core.shell:Creating package descriptor '/home/marvin/marvin/marvin_sim_ws/install/marvin_sim_gazebo/share/marvin_sim_gazebo/package.dsv'
[0.988s] INFO:colcon.colcon_core.shell:Creating package script '/home/marvin/marvin/marvin_sim_ws/install/marvin_sim_gazebo/share/marvin_sim_gazebo/package.sh'
[0.989s] INFO:colcon.colcon_core.shell:Creating package script '/home/marvin/marvin/marvin_sim_ws/install/marvin_sim_gazebo/share/marvin_sim_gazebo/package.bash'
[0.990s] INFO:colcon.colcon_core.shell:Creating package script '/home/marvin/marvin/marvin_sim_ws/install/marvin_sim_gazebo/share/marvin_sim_gazebo/package.zsh'
[0.991s] Level 1:colcon.colcon_core.environment:create_file_with_runtime_dependencies(/home/marvin/marvin/marvin_sim_ws/install/marvin_sim_gazebo/share/colcon-core/packages/marvin_sim_gazebo)
[1.019s] Level 1:colcon.colcon_core.environment:create_environment_scripts_only(marvin_sim_gazebo)
[1.021s] Level 1:colcon.colcon_core.environment:checking '/home/marvin/marvin/marvin_sim_ws/install/marvin_sim_gazebo' for CMake module files
[1.022s] Level 1:colcon.colcon_core.environment:checking '/home/marvin/marvin/marvin_sim_ws/install/marvin_sim_gazebo' for CMake config files
[1.023s] Level 1:colcon.colcon_core.shell:create_environment_hook('marvin_sim_gazebo', 'cmake_prefix_path')
[1.025s] INFO:colcon.colcon_core.shell:Creating environment hook '/home/marvin/marvin/marvin_sim_ws/install/marvin_sim_gazebo/share/marvin_sim_gazebo/hook/cmake_prefix_path.ps1'
[1.026s] INFO:colcon.colcon_core.shell:Creating environment descriptor '/home/marvin/marvin/marvin_sim_ws/install/marvin_sim_gazebo/share/marvin_sim_gazebo/hook/cmake_prefix_path.dsv'
[1.026s] INFO:colcon.colcon_core.shell:Creating environment hook '/home/marvin/marvin/marvin_sim_ws/install/marvin_sim_gazebo/share/marvin_sim_gazebo/hook/cmake_prefix_path.sh'
[1.027s] Level 1:colcon.colcon_core.environment:checking '/home/marvin/marvin/marvin_sim_ws/install/marvin_sim_gazebo/lib'
[1.027s] Level 1:colcon.colcon_core.environment:checking '/home/marvin/marvin/marvin_sim_ws/install/marvin_sim_gazebo/bin'
[1.027s] Level 1:colcon.colcon_core.environment:checking '/home/marvin/marvin/marvin_sim_ws/install/marvin_sim_gazebo/lib/pkgconfig/marvin_sim_gazebo.pc'
[1.028s] Level 1:colcon.colcon_core.environment:checking '/home/marvin/marvin/marvin_sim_ws/install/marvin_sim_gazebo/lib/python3.8/site-packages'
[1.028s] Level 1:colcon.colcon_core.shell:create_environment_hook('marvin_sim_gazebo', 'pythonpath')
[1.029s] INFO:colcon.colcon_core.shell:Creating environment hook '/home/marvin/marvin/marvin_sim_ws/install/marvin_sim_gazebo/share/marvin_sim_gazebo/hook/pythonpath.ps1'
[1.030s] INFO:colcon.colcon_core.shell:Creating environment descriptor '/home/marvin/marvin/marvin_sim_ws/install/marvin_sim_gazebo/share/marvin_sim_gazebo/hook/pythonpath.dsv'
[1.030s] INFO:colcon.colcon_core.shell:Creating environment hook '/home/marvin/marvin/marvin_sim_ws/install/marvin_sim_gazebo/share/marvin_sim_gazebo/hook/pythonpath.sh'
[1.031s] Level 1:colcon.colcon_core.environment:checking '/home/marvin/marvin/marvin_sim_ws/install/marvin_sim_gazebo/bin'
[1.032s] INFO:colcon.colcon_core.shell:Creating package script '/home/marvin/marvin/marvin_sim_ws/install/marvin_sim_gazebo/share/marvin_sim_gazebo/package.ps1'
[1.033s] INFO:colcon.colcon_core.shell:Creating package descriptor '/home/marvin/marvin/marvin_sim_ws/install/marvin_sim_gazebo/share/marvin_sim_gazebo/package.dsv'
[1.033s] INFO:colcon.colcon_core.shell:Creating package script '/home/marvin/marvin/marvin_sim_ws/install/marvin_sim_gazebo/share/marvin_sim_gazebo/package.sh'
[1.034s] INFO:colcon.colcon_core.shell:Creating package script '/home/marvin/marvin/marvin_sim_ws/install/marvin_sim_gazebo/share/marvin_sim_gazebo/package.bash'
[1.034s] INFO:colcon.colcon_core.shell:Creating package script '/home/marvin/marvin/marvin_sim_ws/install/marvin_sim_gazebo/share/marvin_sim_gazebo/package.zsh'
[1.035s] Level 1:colcon.colcon_core.environment:create_file_with_runtime_dependencies(/home/marvin/marvin/marvin_sim_ws/install/marvin_sim_gazebo/share/colcon-core/packages/marvin_sim_gazebo)
[1.035s] DEBUG:colcon.colcon_parallel_executor.executor.parallel:closing loop
[1.036s] DEBUG:colcon.colcon_parallel_executor.executor.parallel:loop closed
[1.036s] DEBUG:colcon.colcon_parallel_executor.executor.parallel:run_until_complete finished with '0'
[1.036s] DEBUG:colcon.colcon_core.event_reactor:joining thread
[1.044s] INFO:colcon.colcon_core.plugin_system:Skipping extension 'colcon_notification.desktop_notification.terminal_notifier': Not used on non-Darwin systems
[1.044s] INFO:colcon.colcon_core.plugin_system:Skipping extension 'colcon_notification.desktop_notification.win32': Not used on non-Windows systems
[1.044s] INFO:colcon.colcon_notification.desktop_notification:Sending desktop notification using 'notify2'
[1.062s] DEBUG:colcon.colcon_core.event_reactor:joined thread
[1.064s] INFO:colcon.colcon_core.shell:Creating prefix script '/home/marvin/marvin/marvin_sim_ws/install/local_setup.ps1'
[1.065s] INFO:colcon.colcon_core.shell:Creating prefix util module '/home/marvin/marvin/marvin_sim_ws/install/_local_setup_util_ps1.py'
[1.066s] INFO:colcon.colcon_core.shell:Creating prefix chain script '/home/marvin/marvin/marvin_sim_ws/install/setup.ps1'
[1.068s] INFO:colcon.colcon_core.shell:Creating prefix script '/home/marvin/marvin/marvin_sim_ws/install/local_setup.sh'
[1.068s] INFO:colcon.colcon_core.shell:Creating prefix util module '/home/marvin/marvin/marvin_sim_ws/install/_local_setup_util_sh.py'
[1.069s] INFO:colcon.colcon_core.shell:Creating prefix chain script '/home/marvin/marvin/marvin_sim_ws/install/setup.sh'
[1.070s] INFO:colcon.colcon_core.shell:Creating prefix script '/home/marvin/marvin/marvin_sim_ws/install/local_setup.bash'
[1.071s] INFO:colcon.colcon_core.shell:Creating prefix chain script '/home/marvin/marvin/marvin_sim_ws/install/setup.bash'
[1.073s] INFO:colcon.colcon_core.shell:Creating prefix script '/home/marvin/marvin/marvin_sim_ws/install/local_setup.zsh'
[1.074s] INFO:colcon.colcon_core.shell:Creating prefix chain script '/home/marvin/marvin/marvin_sim_ws/install/setup.zsh'
