[0.077s] Invoking command in '/home/marvin/marvin/marvin_sim_ws/build/marvin': CMAKE_PREFIX_PATH=${CMAKE_PREFIX_PATH}:/opt/ros/foxy /usr/bin/cmake --build /home/marvin/marvin/marvin_sim_ws/build/marvin -- -j6 -l6
[0.183s] Invoked command in '/home/marvin/marvin/marvin_sim_ws/build/marvin' returned '0': CMAKE_PREFIX_PATH=${CMAKE_PREFIX_PATH}:/opt/ros/foxy /usr/bin/cmake --build /home/marvin/marvin/marvin_sim_ws/build/marvin -- -j6 -l6
[0.229s] Invoking command in '/home/marvin/marvin/marvin_sim_ws/build/marvin': CMAKE_PREFIX_PATH=${CMAKE_PREFIX_PATH}:/opt/ros/foxy /usr/bin/cmake --install /home/marvin/marvin/marvin_sim_ws/build/marvin
[0.261s] -- Install configuration: ""
[0.261s] -- Execute custom install script
[0.261s] -- Up-to-date symlink: /home/marvin/marvin/marvin_sim_ws/install/marvin/share/ament_index/resource_index/package_run_dependencies/marvin
[0.261s] -- Up-to-date symlink: /home/marvin/marvin/marvin_sim_ws/install/marvin/share/ament_index/resource_index/parent_prefix_path/marvin
[0.262s] -- Up-to-date symlink: /home/marvin/marvin/marvin_sim_ws/install/marvin/share/marvin/environment/ament_prefix_path.sh
[0.264s] -- Up-to-date symlink: /home/marvin/marvin/marvin_sim_ws/install/marvin/share/marvin/environment/ament_prefix_path.dsv
[0.264s] -- Up-to-date symlink: /home/marvin/marvin/marvin_sim_ws/install/marvin/share/marvin/environment/path.sh
[0.264s] -- Up-to-date symlink: /home/marvin/marvin/marvin_sim_ws/install/marvin/share/marvin/environment/path.dsv
[0.264s] -- Up-to-date symlink: /home/marvin/marvin/marvin_sim_ws/install/marvin/share/marvin/local_setup.bash
[0.264s] -- Up-to-date symlink: /home/marvin/marvin/marvin_sim_ws/install/marvin/share/marvin/local_setup.sh
[0.264s] -- Up-to-date symlink: /home/marvin/marvin/marvin_sim_ws/install/marvin/share/marvin/local_setup.zsh
[0.264s] -- Up-to-date symlink: /home/marvin/marvin/marvin_sim_ws/install/marvin/share/marvin/local_setup.dsv
[0.264s] -- Symlinking: /home/marvin/marvin/marvin_sim_ws/install/marvin/share/marvin/package.dsv
[0.275s] -- Up-to-date symlink: /home/marvin/marvin/marvin_sim_ws/install/marvin/share/ament_index/resource_index/packages/marvin
[0.275s] -- Up-to-date symlink: /home/marvin/marvin/marvin_sim_ws/install/marvin/share/marvin/cmake/marvinConfig.cmake
[0.276s] -- Up-to-date symlink: /home/marvin/marvin/marvin_sim_ws/install/marvin/share/marvin/cmake/marvinConfig-version.cmake
[0.276s] -- Up-to-date symlink: /home/marvin/marvin/marvin_sim_ws/install/marvin/share/marvin/package.xml
[0.356s] Invoked command in '/home/marvin/marvin/marvin_sim_ws/build/marvin' returned '0': CMAKE_PREFIX_PATH=${CMAKE_PREFIX_PATH}:/opt/ros/foxy /usr/bin/cmake --install /home/marvin/marvin/marvin_sim_ws/build/marvin
