[0.330s] DEBUG:colcon:Command line arguments: ['/usr/bin/colcon', 'build', '--symlink-install']
[0.330s] DEBUG:colcon:Parsed command line arguments: Namespace(allow_overriding=[], ament_cmake_args=None, base_paths=['.'], build_base='build', catkin_cmake_args=None, catkin_skip_building_tests=False, cmake_args=None, cmake_clean_cache=False, cmake_clean_first=False, cmake_force_configure=False, cmake_target=None, cmake_target_skip_unavailable=False, continue_on_error=False, event_handlers=None, executor='parallel', ignore_user_meta=False, install_base='install', log_base=None, log_level=None, main=<bound method BuildVerb.main of <colcon_core.verb.build.BuildVerb object at 0x7f9e11694c40>>, merge_install=False, metas=['./colcon.meta'], packages_above=None, packages_above_and_dependencies=None, packages_above_depth=None, packages_end=None, packages_ignore=None, packages_ignore_regex=None, packages_select=None, packages_select_build_failed=False, packages_select_by_dep=None, packages_select_regex=None, packages_select_test_failures=False, packages_skip=None, packages_skip_build_finished=False, packages_skip_by_dep=None, packages_skip_regex=None, packages_skip_test_passed=False, packages_skip_up_to=None, packages_start=None, packages_up_to=None, packages_up_to_regex=None, parallel_workers=6, paths=None, symlink_install=True, test_result_base=None, verb_extension=<colcon_core.verb.build.BuildVerb object at 0x7f9e11694c40>, verb_name='build', verb_parser=<colcon_defaults.argument_parser.defaults.DefaultArgumentsDecorator object at 0x7f9e1161d1f0>)
[0.357s] Level 1:colcon.colcon_core.package_discovery:discover_packages(colcon_meta) check parameters
[0.358s] Level 1:colcon.colcon_core.package_discovery:discover_packages(recursive) check parameters
[0.358s] Level 1:colcon.colcon_core.package_discovery:discover_packages(ignore) check parameters
[0.358s] Level 1:colcon.colcon_core.package_discovery:discover_packages(path) check parameters
[0.358s] Level 1:colcon.colcon_core.package_discovery:discover_packages(colcon_meta) discover
[0.358s] Level 1:colcon.colcon_core.package_discovery:discover_packages(recursive) discover
[0.358s] INFO:colcon.colcon_core.package_discovery:Crawling recursively for packages in '/home/marvin/marvin/marvin_sim_ws'
[0.358s] Level 1:colcon.colcon_core.package_identification:_identify(.) by extensions ['ignore', 'ignore_ament_install']
[0.358s] Level 1:colcon.colcon_core.package_identification:_identify(.) by extension 'ignore'
[0.358s] Level 1:colcon.colcon_core.package_identification:_identify(.) by extension 'ignore_ament_install'
[0.358s] Level 1:colcon.colcon_core.package_identification:_identify(.) by extensions ['colcon_pkg']
[0.358s] Level 1:colcon.colcon_core.package_identification:_identify(.) by extension 'colcon_pkg'
[0.358s] Level 1:colcon.colcon_core.package_identification:_identify(.) by extensions ['colcon_meta']
[0.358s] Level 1:colcon.colcon_core.package_identification:_identify(.) by extension 'colcon_meta'
[0.358s] Level 1:colcon.colcon_core.package_identification:_identify(.) by extensions ['ros']
[0.358s] Level 1:colcon.colcon_core.package_identification:_identify(.) by extension 'ros'
[0.376s] Level 1:colcon.colcon_core.package_identification:_identify(.) by extensions ['cmake', 'python']
[0.376s] Level 1:colcon.colcon_core.package_identification:_identify(.) by extension 'cmake'
[0.376s] Level 1:colcon.colcon_core.package_identification:_identify(.) by extension 'python'
[0.377s] Level 1:colcon.colcon_core.package_identification:_identify(.) by extensions ['python_setup_py']
[0.377s] Level 1:colcon.colcon_core.package_identification:_identify(.) by extension 'python_setup_py'
[0.377s] Level 1:colcon.colcon_core.package_identification:_identify(build) by extensions ['ignore', 'ignore_ament_install']
[0.377s] Level 1:colcon.colcon_core.package_identification:_identify(build) by extension 'ignore'
[0.377s] Level 1:colcon.colcon_core.package_identification:_identify(build) ignored
[0.377s] Level 1:colcon.colcon_core.package_identification:_identify(install) by extensions ['ignore', 'ignore_ament_install']
[0.377s] Level 1:colcon.colcon_core.package_identification:_identify(install) by extension 'ignore'
[0.377s] Level 1:colcon.colcon_core.package_identification:_identify(install) ignored
[0.377s] Level 1:colcon.colcon_core.package_identification:_identify(log) by extensions ['ignore', 'ignore_ament_install']
[0.378s] Level 1:colcon.colcon_core.package_identification:_identify(log) by extension 'ignore'
[0.378s] Level 1:colcon.colcon_core.package_identification:_identify(log) ignored
[0.378s] Level 1:colcon.colcon_core.package_identification:_identify(src) by extensions ['ignore', 'ignore_ament_install']
[0.378s] Level 1:colcon.colcon_core.package_identification:_identify(src) by extension 'ignore'
[0.378s] Level 1:colcon.colcon_core.package_identification:_identify(src) by extension 'ignore_ament_install'
[0.378s] Level 1:colcon.colcon_core.package_identification:_identify(src) by extensions ['colcon_pkg']
[0.378s] Level 1:colcon.colcon_core.package_identification:_identify(src) by extension 'colcon_pkg'
[0.378s] Level 1:colcon.colcon_core.package_identification:_identify(src) by extensions ['colcon_meta']
[0.378s] Level 1:colcon.colcon_core.package_identification:_identify(src) by extension 'colcon_meta'
[0.378s] Level 1:colcon.colcon_core.package_identification:_identify(src) by extensions ['ros']
[0.378s] Level 1:colcon.colcon_core.package_identification:_identify(src) by extension 'ros'
[0.378s] Level 1:colcon.colcon_core.package_identification:_identify(src) by extensions ['cmake', 'python']
[0.378s] Level 1:colcon.colcon_core.package_identification:_identify(src) by extension 'cmake'
[0.378s] Level 1:colcon.colcon_core.package_identification:_identify(src) by extension 'python'
[0.378s] Level 1:colcon.colcon_core.package_identification:_identify(src) by extensions ['python_setup_py']
[0.378s] Level 1:colcon.colcon_core.package_identification:_identify(src) by extension 'python_setup_py'
[0.379s] Level 1:colcon.colcon_core.package_identification:_identify(src/marvin) by extensions ['ignore', 'ignore_ament_install']
[0.379s] Level 1:colcon.colcon_core.package_identification:_identify(src/marvin) by extension 'ignore'
[0.379s] Level 1:colcon.colcon_core.package_identification:_identify(src/marvin) by extension 'ignore_ament_install'
[0.379s] Level 1:colcon.colcon_core.package_identification:_identify(src/marvin) by extensions ['colcon_pkg']
[0.379s] Level 1:colcon.colcon_core.package_identification:_identify(src/marvin) by extension 'colcon_pkg'
[0.379s] Level 1:colcon.colcon_core.package_identification:_identify(src/marvin) by extensions ['colcon_meta']
[0.379s] Level 1:colcon.colcon_core.package_identification:_identify(src/marvin) by extension 'colcon_meta'
[0.379s] Level 1:colcon.colcon_core.package_identification:_identify(src/marvin) by extensions ['ros']
[0.379s] Level 1:colcon.colcon_core.package_identification:_identify(src/marvin) by extension 'ros'
[0.381s] DEBUG:colcon.colcon_core.package_identification:Package 'src/marvin' with type 'ros.ament_cmake' and name 'marvin'
[0.381s] Level 1:colcon.colcon_core.package_identification:_identify(src/marvin_description) by extensions ['ignore', 'ignore_ament_install']
[0.381s] Level 1:colcon.colcon_core.package_identification:_identify(src/marvin_description) by extension 'ignore'
[0.382s] Level 1:colcon.colcon_core.package_identification:_identify(src/marvin_description) by extension 'ignore_ament_install'
[0.382s] Level 1:colcon.colcon_core.package_identification:_identify(src/marvin_description) by extensions ['colcon_pkg']
[0.382s] Level 1:colcon.colcon_core.package_identification:_identify(src/marvin_description) by extension 'colcon_pkg'
[0.382s] Level 1:colcon.colcon_core.package_identification:_identify(src/marvin_description) by extensions ['colcon_meta']
[0.382s] Level 1:colcon.colcon_core.package_identification:_identify(src/marvin_description) by extension 'colcon_meta'
[0.382s] Level 1:colcon.colcon_core.package_identification:_identify(src/marvin_description) by extensions ['ros']
[0.382s] Level 1:colcon.colcon_core.package_identification:_identify(src/marvin_description) by extension 'ros'
[0.382s] DEBUG:colcon.colcon_core.package_identification:Package 'src/marvin_description' with type 'ros.ament_cmake' and name 'marvin_description'
[0.383s] Level 1:colcon.colcon_core.package_identification:_identify(src/marvin_navigation) by extensions ['ignore', 'ignore_ament_install']
[0.383s] Level 1:colcon.colcon_core.package_identification:_identify(src/marvin_navigation) by extension 'ignore'
[0.383s] Level 1:colcon.colcon_core.package_identification:_identify(src/marvin_navigation) by extension 'ignore_ament_install'
[0.383s] Level 1:colcon.colcon_core.package_identification:_identify(src/marvin_navigation) by extensions ['colcon_pkg']
[0.383s] Level 1:colcon.colcon_core.package_identification:_identify(src/marvin_navigation) by extension 'colcon_pkg'
[0.383s] Level 1:colcon.colcon_core.package_identification:_identify(src/marvin_navigation) by extensions ['colcon_meta']
[0.383s] Level 1:colcon.colcon_core.package_identification:_identify(src/marvin_navigation) by extension 'colcon_meta'
[0.383s] Level 1:colcon.colcon_core.package_identification:_identify(src/marvin_navigation) by extensions ['ros']
[0.383s] Level 1:colcon.colcon_core.package_identification:_identify(src/marvin_navigation) by extension 'ros'
[0.383s] DEBUG:colcon.colcon_core.package_identification:Package 'src/marvin_navigation' with type 'ros.ament_cmake' and name 'marvin_navigation'
[0.384s] Level 1:colcon.colcon_core.package_identification:_identify(src/marvin_sim_bringup) by extensions ['ignore', 'ignore_ament_install']
[0.384s] Level 1:colcon.colcon_core.package_identification:_identify(src/marvin_sim_bringup) by extension 'ignore'
[0.384s] Level 1:colcon.colcon_core.package_identification:_identify(src/marvin_sim_bringup) by extension 'ignore_ament_install'
[0.384s] Level 1:colcon.colcon_core.package_identification:_identify(src/marvin_sim_bringup) by extensions ['colcon_pkg']
[0.384s] Level 1:colcon.colcon_core.package_identification:_identify(src/marvin_sim_bringup) by extension 'colcon_pkg'
[0.384s] Level 1:colcon.colcon_core.package_identification:_identify(src/marvin_sim_bringup) by extensions ['colcon_meta']
[0.384s] Level 1:colcon.colcon_core.package_identification:_identify(src/marvin_sim_bringup) by extension 'colcon_meta'
[0.384s] Level 1:colcon.colcon_core.package_identification:_identify(src/marvin_sim_bringup) by extensions ['ros']
[0.384s] Level 1:colcon.colcon_core.package_identification:_identify(src/marvin_sim_bringup) by extension 'ros'
[0.384s] DEBUG:colcon.colcon_core.package_identification:Package 'src/marvin_sim_bringup' with type 'ros.ament_cmake' and name 'marvin_sim_bringup'
[0.385s] Level 1:colcon.colcon_core.package_identification:_identify(src/marvin_sim_gazebo) by extensions ['ignore', 'ignore_ament_install']
[0.385s] Level 1:colcon.colcon_core.package_identification:_identify(src/marvin_sim_gazebo) by extension 'ignore'
[0.385s] Level 1:colcon.colcon_core.package_identification:_identify(src/marvin_sim_gazebo) by extension 'ignore_ament_install'
[0.385s] Level 1:colcon.colcon_core.package_identification:_identify(src/marvin_sim_gazebo) by extensions ['colcon_pkg']
[0.385s] Level 1:colcon.colcon_core.package_identification:_identify(src/marvin_sim_gazebo) by extension 'colcon_pkg'
[0.385s] Level 1:colcon.colcon_core.package_identification:_identify(src/marvin_sim_gazebo) by extensions ['colcon_meta']
[0.385s] Level 1:colcon.colcon_core.package_identification:_identify(src/marvin_sim_gazebo) by extension 'colcon_meta'
[0.385s] Level 1:colcon.colcon_core.package_identification:_identify(src/marvin_sim_gazebo) by extensions ['ros']
[0.385s] Level 1:colcon.colcon_core.package_identification:_identify(src/marvin_sim_gazebo) by extension 'ros'
[0.386s] DEBUG:colcon.colcon_core.package_identification:Package 'src/marvin_sim_gazebo' with type 'ros.ament_cmake' and name 'marvin_sim_gazebo'
[0.386s] Level 1:colcon.colcon_core.package_discovery:discover_packages(recursive) using defaults
[0.386s] Level 1:colcon.colcon_core.package_discovery:discover_packages(ignore) discover
[0.386s] Level 1:colcon.colcon_core.package_discovery:discover_packages(ignore) using defaults
[0.386s] Level 1:colcon.colcon_core.package_discovery:discover_packages(path) discover
[0.386s] Level 1:colcon.colcon_core.package_discovery:discover_packages(path) using defaults
[0.406s] Level 1:colcon.colcon_core.package_discovery:discover_packages(prefix_path) check parameters
[0.406s] Level 1:colcon.colcon_core.package_discovery:discover_packages(prefix_path) discover
[0.409s] DEBUG:colcon.colcon_installed_package_information.package_discovery:Found 5 installed packages in /home/marvin/marvin/marvin_sim_ws/install
[0.411s] DEBUG:colcon.colcon_installed_package_information.package_discovery:Found 311 installed packages in /opt/ros/foxy
[0.413s] Level 1:colcon.colcon_core.package_discovery:discover_packages(prefix_path) using defaults
[0.493s] Level 5:colcon.colcon_core.verb:set package 'marvin' build argument 'cmake_args' from command line to 'None'
[0.493s] Level 5:colcon.colcon_core.verb:set package 'marvin' build argument 'cmake_target' from command line to 'None'
[0.493s] Level 5:colcon.colcon_core.verb:set package 'marvin' build argument 'cmake_target_skip_unavailable' from command line to 'False'
[0.493s] Level 5:colcon.colcon_core.verb:set package 'marvin' build argument 'cmake_clean_cache' from command line to 'False'
[0.493s] Level 5:colcon.colcon_core.verb:set package 'marvin' build argument 'cmake_clean_first' from command line to 'False'
[0.493s] Level 5:colcon.colcon_core.verb:set package 'marvin' build argument 'cmake_force_configure' from command line to 'False'
[0.493s] Level 5:colcon.colcon_core.verb:set package 'marvin' build argument 'ament_cmake_args' from command line to 'None'
[0.493s] Level 5:colcon.colcon_core.verb:set package 'marvin' build argument 'catkin_cmake_args' from command line to 'None'
[0.493s] Level 5:colcon.colcon_core.verb:set package 'marvin' build argument 'catkin_skip_building_tests' from command line to 'False'
[0.494s] DEBUG:colcon.colcon_core.verb:Building package 'marvin' with the following arguments: {'ament_cmake_args': None, 'build_base': '/home/marvin/marvin/marvin_sim_ws/build/marvin', 'catkin_cmake_args': None, 'catkin_skip_building_tests': False, 'cmake_args': None, 'cmake_clean_cache': False, 'cmake_clean_first': False, 'cmake_force_configure': False, 'cmake_target': None, 'cmake_target_skip_unavailable': False, 'install_base': '/home/marvin/marvin/marvin_sim_ws/install/marvin', 'merge_install': False, 'path': '/home/marvin/marvin/marvin_sim_ws/src/marvin', 'symlink_install': True, 'test_result_base': None}
[0.495s] Level 5:colcon.colcon_core.verb:set package 'marvin_description' build argument 'cmake_args' from command line to 'None'
[0.495s] Level 5:colcon.colcon_core.verb:set package 'marvin_description' build argument 'cmake_target' from command line to 'None'
[0.495s] Level 5:colcon.colcon_core.verb:set package 'marvin_description' build argument 'cmake_target_skip_unavailable' from command line to 'False'
[0.495s] Level 5:colcon.colcon_core.verb:set package 'marvin_description' build argument 'cmake_clean_cache' from command line to 'False'
[0.495s] Level 5:colcon.colcon_core.verb:set package 'marvin_description' build argument 'cmake_clean_first' from command line to 'False'
[0.495s] Level 5:colcon.colcon_core.verb:set package 'marvin_description' build argument 'cmake_force_configure' from command line to 'False'
[0.495s] Level 5:colcon.colcon_core.verb:set package 'marvin_description' build argument 'ament_cmake_args' from command line to 'None'
[0.495s] Level 5:colcon.colcon_core.verb:set package 'marvin_description' build argument 'catkin_cmake_args' from command line to 'None'
[0.495s] Level 5:colcon.colcon_core.verb:set package 'marvin_description' build argument 'catkin_skip_building_tests' from command line to 'False'
[0.495s] DEBUG:colcon.colcon_core.verb:Building package 'marvin_description' with the following arguments: {'ament_cmake_args': None, 'build_base': '/home/marvin/marvin/marvin_sim_ws/build/marvin_description', 'catkin_cmake_args': None, 'catkin_skip_building_tests': False, 'cmake_args': None, 'cmake_clean_cache': False, 'cmake_clean_first': False, 'cmake_force_configure': False, 'cmake_target': None, 'cmake_target_skip_unavailable': False, 'install_base': '/home/marvin/marvin/marvin_sim_ws/install/marvin_description', 'merge_install': False, 'path': '/home/marvin/marvin/marvin_sim_ws/src/marvin_description', 'symlink_install': True, 'test_result_base': None}
[0.496s] Level 5:colcon.colcon_core.verb:set package 'marvin_navigation' build argument 'cmake_args' from command line to 'None'
[0.496s] Level 5:colcon.colcon_core.verb:set package 'marvin_navigation' build argument 'cmake_target' from command line to 'None'
[0.496s] Level 5:colcon.colcon_core.verb:set package 'marvin_navigation' build argument 'cmake_target_skip_unavailable' from command line to 'False'
[0.496s] Level 5:colcon.colcon_core.verb:set package 'marvin_navigation' build argument 'cmake_clean_cache' from command line to 'False'
[0.496s] Level 5:colcon.colcon_core.verb:set package 'marvin_navigation' build argument 'cmake_clean_first' from command line to 'False'
[0.496s] Level 5:colcon.colcon_core.verb:set package 'marvin_navigation' build argument 'cmake_force_configure' from command line to 'False'
[0.496s] Level 5:colcon.colcon_core.verb:set package 'marvin_navigation' build argument 'ament_cmake_args' from command line to 'None'
[0.496s] Level 5:colcon.colcon_core.verb:set package 'marvin_navigation' build argument 'catkin_cmake_args' from command line to 'None'
[0.496s] Level 5:colcon.colcon_core.verb:set package 'marvin_navigation' build argument 'catkin_skip_building_tests' from command line to 'False'
[0.496s] DEBUG:colcon.colcon_core.verb:Building package 'marvin_navigation' with the following arguments: {'ament_cmake_args': None, 'build_base': '/home/marvin/marvin/marvin_sim_ws/build/marvin_navigation', 'catkin_cmake_args': None, 'catkin_skip_building_tests': False, 'cmake_args': None, 'cmake_clean_cache': False, 'cmake_clean_first': False, 'cmake_force_configure': False, 'cmake_target': None, 'cmake_target_skip_unavailable': False, 'install_base': '/home/marvin/marvin/marvin_sim_ws/install/marvin_navigation', 'merge_install': False, 'path': '/home/marvin/marvin/marvin_sim_ws/src/marvin_navigation', 'symlink_install': True, 'test_result_base': None}
[0.497s] Level 5:colcon.colcon_core.verb:set package 'marvin_sim_bringup' build argument 'cmake_args' from command line to 'None'
[0.497s] Level 5:colcon.colcon_core.verb:set package 'marvin_sim_bringup' build argument 'cmake_target' from command line to 'None'
[0.497s] Level 5:colcon.colcon_core.verb:set package 'marvin_sim_bringup' build argument 'cmake_target_skip_unavailable' from command line to 'False'
[0.497s] Level 5:colcon.colcon_core.verb:set package 'marvin_sim_bringup' build argument 'cmake_clean_cache' from command line to 'False'
[0.497s] Level 5:colcon.colcon_core.verb:set package 'marvin_sim_bringup' build argument 'cmake_clean_first' from command line to 'False'
[0.497s] Level 5:colcon.colcon_core.verb:set package 'marvin_sim_bringup' build argument 'cmake_force_configure' from command line to 'False'
[0.497s] Level 5:colcon.colcon_core.verb:set package 'marvin_sim_bringup' build argument 'ament_cmake_args' from command line to 'None'
[0.497s] Level 5:colcon.colcon_core.verb:set package 'marvin_sim_bringup' build argument 'catkin_cmake_args' from command line to 'None'
[0.497s] Level 5:colcon.colcon_core.verb:set package 'marvin_sim_bringup' build argument 'catkin_skip_building_tests' from command line to 'False'
[0.498s] DEBUG:colcon.colcon_core.verb:Building package 'marvin_sim_bringup' with the following arguments: {'ament_cmake_args': None, 'build_base': '/home/marvin/marvin/marvin_sim_ws/build/marvin_sim_bringup', 'catkin_cmake_args': None, 'catkin_skip_building_tests': False, 'cmake_args': None, 'cmake_clean_cache': False, 'cmake_clean_first': False, 'cmake_force_configure': False, 'cmake_target': None, 'cmake_target_skip_unavailable': False, 'install_base': '/home/marvin/marvin/marvin_sim_ws/install/marvin_sim_bringup', 'merge_install': False, 'path': '/home/marvin/marvin/marvin_sim_ws/src/marvin_sim_bringup', 'symlink_install': True, 'test_result_base': None}
[0.499s] Level 5:colcon.colcon_core.verb:set package 'marvin_sim_gazebo' build argument 'cmake_args' from command line to 'None'
[0.499s] Level 5:colcon.colcon_core.verb:set package 'marvin_sim_gazebo' build argument 'cmake_target' from command line to 'None'
[0.499s] Level 5:colcon.colcon_core.verb:set package 'marvin_sim_gazebo' build argument 'cmake_target_skip_unavailable' from command line to 'False'
[0.499s] Level 5:colcon.colcon_core.verb:set package 'marvin_sim_gazebo' build argument 'cmake_clean_cache' from command line to 'False'
[0.499s] Level 5:colcon.colcon_core.verb:set package 'marvin_sim_gazebo' build argument 'cmake_clean_first' from command line to 'False'
[0.499s] Level 5:colcon.colcon_core.verb:set package 'marvin_sim_gazebo' build argument 'cmake_force_configure' from command line to 'False'
[0.499s] Level 5:colcon.colcon_core.verb:set package 'marvin_sim_gazebo' build argument 'ament_cmake_args' from command line to 'None'
[0.499s] Level 5:colcon.colcon_core.verb:set package 'marvin_sim_gazebo' build argument 'catkin_cmake_args' from command line to 'None'
[0.499s] Level 5:colcon.colcon_core.verb:set package 'marvin_sim_gazebo' build argument 'catkin_skip_building_tests' from command line to 'False'
[0.499s] DEBUG:colcon.colcon_core.verb:Building package 'marvin_sim_gazebo' with the following arguments: {'ament_cmake_args': None, 'build_base': '/home/marvin/marvin/marvin_sim_ws/build/marvin_sim_gazebo', 'catkin_cmake_args': None, 'catkin_skip_building_tests': False, 'cmake_args': None, 'cmake_clean_cache': False, 'cmake_clean_first': False, 'cmake_force_configure': False, 'cmake_target': None, 'cmake_target_skip_unavailable': False, 'install_base': '/home/marvin/marvin/marvin_sim_ws/install/marvin_sim_gazebo', 'merge_install': False, 'path': '/home/marvin/marvin/marvin_sim_ws/src/marvin_sim_gazebo', 'symlink_install': True, 'test_result_base': None}
[0.500s] INFO:colcon.colcon_core.executor:Executing jobs using 'parallel' executor
[0.503s] DEBUG:colcon.colcon_parallel_executor.executor.parallel:run_until_complete
[0.504s] INFO:colcon.colcon_ros.task.ament_cmake.build:Building ROS package in '/home/marvin/marvin/marvin_sim_ws/src/marvin' with build type 'ament_cmake'
[0.504s] INFO:colcon.colcon_cmake.task.cmake.build:Building CMake package in '/home/marvin/marvin/marvin_sim_ws/src/marvin'
[0.508s] INFO:colcon.colcon_core.plugin_system:Skipping extension 'colcon_core.shell.bat': Not used on non-Windows systems
[0.509s] INFO:colcon.colcon_core.shell:Skip shell extension 'powershell' for command environment: Not usable outside of PowerShell
[0.509s] DEBUG:colcon.colcon_core.shell:Skip shell extension 'dsv' for command environment
[0.516s] INFO:colcon.colcon_ros.task.ament_cmake.build:Building ROS package in '/home/marvin/marvin/marvin_sim_ws/src/marvin_description' with build type 'ament_cmake'
[0.516s] INFO:colcon.colcon_cmake.task.cmake.build:Building CMake package in '/home/marvin/marvin/marvin_sim_ws/src/marvin_description'
[0.518s] INFO:colcon.colcon_core.shell:Skip shell extension 'powershell' for command environment: Not usable outside of PowerShell
[0.518s] DEBUG:colcon.colcon_core.shell:Skip shell extension 'dsv' for command environment
[0.527s] INFO:colcon.colcon_ros.task.ament_cmake.build:Building ROS package in '/home/marvin/marvin/marvin_sim_ws/src/marvin_navigation' with build type 'ament_cmake'
[0.527s] INFO:colcon.colcon_cmake.task.cmake.build:Building CMake package in '/home/marvin/marvin/marvin_sim_ws/src/marvin_navigation'
[0.529s] INFO:colcon.colcon_core.shell:Skip shell extension 'powershell' for command environment: Not usable outside of PowerShell
[0.529s] DEBUG:colcon.colcon_core.shell:Skip shell extension 'dsv' for command environment
[0.537s] INFO:colcon.colcon_ros.task.ament_cmake.build:Building ROS package in '/home/marvin/marvin/marvin_sim_ws/src/marvin_sim_bringup' with build type 'ament_cmake'
[0.538s] INFO:colcon.colcon_cmake.task.cmake.build:Building CMake package in '/home/marvin/marvin/marvin_sim_ws/src/marvin_sim_bringup'
[0.540s] INFO:colcon.colcon_core.shell:Skip shell extension 'powershell' for command environment: Not usable outside of PowerShell
[0.540s] DEBUG:colcon.colcon_core.shell:Skip shell extension 'dsv' for command environment
[0.549s] INFO:colcon.colcon_ros.task.ament_cmake.build:Building ROS package in '/home/marvin/marvin/marvin_sim_ws/src/marvin_sim_gazebo' with build type 'ament_cmake'
[0.549s] INFO:colcon.colcon_cmake.task.cmake.build:Building CMake package in '/home/marvin/marvin/marvin_sim_ws/src/marvin_sim_gazebo'
[0.551s] INFO:colcon.colcon_core.shell:Skip shell extension 'powershell' for command environment: Not usable outside of PowerShell
[0.551s] DEBUG:colcon.colcon_core.shell:Skip shell extension 'dsv' for command environment
[0.575s] DEBUG:colcon.colcon_core.event_handler.log_command:Invoking command in '/home/marvin/marvin/marvin_sim_ws/build/marvin': CMAKE_PREFIX_PATH=${CMAKE_PREFIX_PATH}:/opt/ros/foxy /usr/bin/cmake --build /home/marvin/marvin/marvin_sim_ws/build/marvin -- -j6 -l6
[0.582s] DEBUG:colcon.colcon_core.event_handler.log_command:Invoking command in '/home/marvin/marvin/marvin_sim_ws/build/marvin_description': CMAKE_PREFIX_PATH=${CMAKE_PREFIX_PATH}:/opt/ros/foxy /usr/bin/cmake --build /home/marvin/marvin/marvin_sim_ws/build/marvin_description -- -j6 -l6
[0.594s] DEBUG:colcon.colcon_core.event_handler.log_command:Invoking command in '/home/marvin/marvin/marvin_sim_ws/build/marvin_navigation': CMAKE_PREFIX_PATH=${CMAKE_PREFIX_PATH}:/opt/ros/foxy /usr/bin/cmake --build /home/marvin/marvin/marvin_sim_ws/build/marvin_navigation -- -j6 -l6
[0.597s] DEBUG:colcon.colcon_core.event_handler.log_command:Invoking command in '/home/marvin/marvin/marvin_sim_ws/build/marvin_sim_bringup': CMAKE_PREFIX_PATH=${CMAKE_PREFIX_PATH}:/opt/ros/foxy /usr/bin/cmake --build /home/marvin/marvin/marvin_sim_ws/build/marvin_sim_bringup -- -j6 -l6
[0.603s] DEBUG:colcon.colcon_core.event_handler.log_command:Invoking command in '/home/marvin/marvin/marvin_sim_ws/build/marvin_sim_gazebo': CMAKE_PREFIX_PATH=${CMAKE_PREFIX_PATH}:/opt/ros/foxy /usr/bin/cmake --build /home/marvin/marvin/marvin_sim_ws/build/marvin_sim_gazebo -- -j6 -l6
[0.636s] DEBUG:colcon.colcon_core.event_handler.log_command:Invoked command in '/home/marvin/marvin/marvin_sim_ws/build/marvin' returned '0': CMAKE_PREFIX_PATH=${CMAKE_PREFIX_PATH}:/opt/ros/foxy /usr/bin/cmake --build /home/marvin/marvin/marvin_sim_ws/build/marvin -- -j6 -l6
[0.645s] DEBUG:colcon.colcon_core.event_handler.log_command:Invoked command in '/home/marvin/marvin/marvin_sim_ws/build/marvin_description' returned '0': CMAKE_PREFIX_PATH=${CMAKE_PREFIX_PATH}:/opt/ros/foxy /usr/bin/cmake --build /home/marvin/marvin/marvin_sim_ws/build/marvin_description -- -j6 -l6
[0.654s] DEBUG:colcon.colcon_core.event_handler.log_command:Invoked command in '/home/marvin/marvin/marvin_sim_ws/build/marvin_navigation' returned '0': CMAKE_PREFIX_PATH=${CMAKE_PREFIX_PATH}:/opt/ros/foxy /usr/bin/cmake --build /home/marvin/marvin/marvin_sim_ws/build/marvin_navigation -- -j6 -l6
[0.658s] DEBUG:colcon.colcon_core.event_handler.log_command:Invoked command in '/home/marvin/marvin/marvin_sim_ws/build/marvin_sim_bringup' returned '0': CMAKE_PREFIX_PATH=${CMAKE_PREFIX_PATH}:/opt/ros/foxy /usr/bin/cmake --build /home/marvin/marvin/marvin_sim_ws/build/marvin_sim_bringup -- -j6 -l6
[0.673s] DEBUG:colcon.colcon_core.event_handler.log_command:Invoked command in '/home/marvin/marvin/marvin_sim_ws/build/marvin_sim_gazebo' returned '0': CMAKE_PREFIX_PATH=${CMAKE_PREFIX_PATH}:/opt/ros/foxy /usr/bin/cmake --build /home/marvin/marvin/marvin_sim_ws/build/marvin_sim_gazebo -- -j6 -l6
[0.694s] DEBUG:colcon.colcon_core.event_handler.log_command:Invoking command in '/home/marvin/marvin/marvin_sim_ws/build/marvin': CMAKE_PREFIX_PATH=${CMAKE_PREFIX_PATH}:/opt/ros/foxy /usr/bin/cmake --install /home/marvin/marvin/marvin_sim_ws/build/marvin
[0.701s] DEBUG:colcon.colcon_core.event_handler.log_command:Invoking command in '/home/marvin/marvin/marvin_sim_ws/build/marvin_description': CMAKE_PREFIX_PATH=${CMAKE_PREFIX_PATH}:/opt/ros/foxy /usr/bin/cmake --install /home/marvin/marvin/marvin_sim_ws/build/marvin_description
[0.705s] DEBUG:colcon.colcon_core.event_handler.log_command:Invoking command in '/home/marvin/marvin/marvin_sim_ws/build/marvin_navigation': CMAKE_PREFIX_PATH=${CMAKE_PREFIX_PATH}:/opt/ros/foxy /usr/bin/cmake --install /home/marvin/marvin/marvin_sim_ws/build/marvin_navigation
[0.714s] DEBUG:colcon.colcon_core.event_handler.log_command:Invoking command in '/home/marvin/marvin/marvin_sim_ws/build/marvin_sim_bringup': CMAKE_PREFIX_PATH=${CMAKE_PREFIX_PATH}:/opt/ros/foxy /usr/bin/cmake --install /home/marvin/marvin/marvin_sim_ws/build/marvin_sim_bringup
[0.735s] DEBUG:colcon.colcon_core.event_handler.log_command:Invoking command in '/home/marvin/marvin/marvin_sim_ws/build/marvin_sim_gazebo': CMAKE_PREFIX_PATH=${CMAKE_PREFIX_PATH}:/opt/ros/foxy /usr/bin/cmake --install /home/marvin/marvin/marvin_sim_ws/build/marvin_sim_gazebo
[0.746s] Level 1:colcon.colcon_core.environment:create_environment_scripts_only(marvin)
[0.753s] DEBUG:colcon.colcon_core.event_handler.log_command:Invoked command in '/home/marvin/marvin/marvin_sim_ws/build/marvin' returned '0': CMAKE_PREFIX_PATH=${CMAKE_PREFIX_PATH}:/opt/ros/foxy /usr/bin/cmake --install /home/marvin/marvin/marvin_sim_ws/build/marvin
[0.761s] Level 1:colcon.colcon_core.environment:checking '/home/marvin/marvin/marvin_sim_ws/install/marvin' for CMake module files
[0.762s] Level 1:colcon.colcon_core.environment:checking '/home/marvin/marvin/marvin_sim_ws/install/marvin' for CMake config files
[0.762s] Level 1:colcon.colcon_core.shell:create_environment_hook('marvin', 'cmake_prefix_path')
[0.763s] INFO:colcon.colcon_core.shell:Creating environment hook '/home/marvin/marvin/marvin_sim_ws/install/marvin/share/marvin/hook/cmake_prefix_path.ps1'
[0.765s] INFO:colcon.colcon_core.shell:Creating environment descriptor '/home/marvin/marvin/marvin_sim_ws/install/marvin/share/marvin/hook/cmake_prefix_path.dsv'
[0.765s] INFO:colcon.colcon_core.shell:Creating environment hook '/home/marvin/marvin/marvin_sim_ws/install/marvin/share/marvin/hook/cmake_prefix_path.sh'
[0.768s] Level 1:colcon.colcon_core.environment:checking '/home/marvin/marvin/marvin_sim_ws/install/marvin/bin'
[0.768s] Level 1:colcon.colcon_core.environment:checking '/home/marvin/marvin/marvin_sim_ws/install/marvin/lib/pkgconfig/marvin.pc'
[0.768s] Level 1:colcon.colcon_core.environment:checking '/home/marvin/marvin/marvin_sim_ws/install/marvin/lib/python3.8/site-packages'
[0.768s] Level 1:colcon.colcon_core.environment:checking '/home/marvin/marvin/marvin_sim_ws/install/marvin/bin'
[0.770s] INFO:colcon.colcon_core.shell:Creating package script '/home/marvin/marvin/marvin_sim_ws/install/marvin/share/marvin/package.ps1'
[0.771s] INFO:colcon.colcon_core.shell:Creating package descriptor '/home/marvin/marvin/marvin_sim_ws/install/marvin/share/marvin/package.dsv'
[0.772s] INFO:colcon.colcon_core.shell:Creating package script '/home/marvin/marvin/marvin_sim_ws/install/marvin/share/marvin/package.sh'
[0.773s] INFO:colcon.colcon_core.shell:Creating package script '/home/marvin/marvin/marvin_sim_ws/install/marvin/share/marvin/package.bash'
[0.774s] INFO:colcon.colcon_core.shell:Creating package script '/home/marvin/marvin/marvin_sim_ws/install/marvin/share/marvin/package.zsh'
[0.775s] Level 1:colcon.colcon_core.environment:create_file_with_runtime_dependencies(/home/marvin/marvin/marvin_sim_ws/install/marvin/share/colcon-core/packages/marvin)
[0.778s] Level 1:colcon.colcon_core.environment:create_environment_scripts_only(marvin_description)
[0.781s] Level 1:colcon.colcon_core.environment:checking '/home/marvin/marvin/marvin_sim_ws/install/marvin_description' for CMake module files
[0.783s] DEBUG:colcon.colcon_core.event_handler.log_command:Invoked command in '/home/marvin/marvin/marvin_sim_ws/build/marvin_description' returned '0': CMAKE_PREFIX_PATH=${CMAKE_PREFIX_PATH}:/opt/ros/foxy /usr/bin/cmake --install /home/marvin/marvin/marvin_sim_ws/build/marvin_description
[0.784s] Level 1:colcon.colcon_core.environment:checking '/home/marvin/marvin/marvin_sim_ws/install/marvin_description' for CMake config files
[0.784s] Level 1:colcon.colcon_core.shell:create_environment_hook('marvin_description', 'cmake_prefix_path')
[0.786s] INFO:colcon.colcon_core.shell:Creating environment hook '/home/marvin/marvin/marvin_sim_ws/install/marvin_description/share/marvin_description/hook/cmake_prefix_path.ps1'
[0.786s] INFO:colcon.colcon_core.shell:Creating environment descriptor '/home/marvin/marvin/marvin_sim_ws/install/marvin_description/share/marvin_description/hook/cmake_prefix_path.dsv'
[0.787s] INFO:colcon.colcon_core.shell:Creating environment hook '/home/marvin/marvin/marvin_sim_ws/install/marvin_description/share/marvin_description/hook/cmake_prefix_path.sh'
[0.788s] Level 1:colcon.colcon_core.environment:checking '/home/marvin/marvin/marvin_sim_ws/install/marvin_description/bin'
[0.788s] Level 1:colcon.colcon_core.environment:checking '/home/marvin/marvin/marvin_sim_ws/install/marvin_description/lib/pkgconfig/marvin_description.pc'
[0.788s] Level 1:colcon.colcon_core.environment:checking '/home/marvin/marvin/marvin_sim_ws/install/marvin_description/lib/python3.8/site-packages'
[0.788s] Level 1:colcon.colcon_core.environment:checking '/home/marvin/marvin/marvin_sim_ws/install/marvin_description/bin'
[0.790s] INFO:colcon.colcon_core.shell:Creating package script '/home/marvin/marvin/marvin_sim_ws/install/marvin_description/share/marvin_description/package.ps1'
[0.790s] INFO:colcon.colcon_core.shell:Creating package descriptor '/home/marvin/marvin/marvin_sim_ws/install/marvin_description/share/marvin_description/package.dsv'
[0.791s] INFO:colcon.colcon_core.shell:Creating package script '/home/marvin/marvin/marvin_sim_ws/install/marvin_description/share/marvin_description/package.sh'
[0.791s] INFO:colcon.colcon_core.shell:Creating package script '/home/marvin/marvin/marvin_sim_ws/install/marvin_description/share/marvin_description/package.bash'
[0.792s] INFO:colcon.colcon_core.shell:Creating package script '/home/marvin/marvin/marvin_sim_ws/install/marvin_description/share/marvin_description/package.zsh'
[0.792s] Level 1:colcon.colcon_core.environment:create_file_with_runtime_dependencies(/home/marvin/marvin/marvin_sim_ws/install/marvin_description/share/colcon-core/packages/marvin_description)
[0.797s] Level 1:colcon.colcon_core.environment:create_environment_scripts_only(marvin_navigation)
[0.800s] Level 1:colcon.colcon_core.environment:checking '/home/marvin/marvin/marvin_sim_ws/install/marvin_navigation' for CMake module files
[0.801s] DEBUG:colcon.colcon_core.event_handler.log_command:Invoked command in '/home/marvin/marvin/marvin_sim_ws/build/marvin_navigation' returned '0': CMAKE_PREFIX_PATH=${CMAKE_PREFIX_PATH}:/opt/ros/foxy /usr/bin/cmake --install /home/marvin/marvin/marvin_sim_ws/build/marvin_navigation
[0.802s] Level 1:colcon.colcon_core.environment:checking '/home/marvin/marvin/marvin_sim_ws/install/marvin_navigation' for CMake config files
[0.803s] Level 1:colcon.colcon_core.shell:create_environment_hook('marvin_navigation', 'cmake_prefix_path')
[0.805s] INFO:colcon.colcon_core.shell:Creating environment hook '/home/marvin/marvin/marvin_sim_ws/install/marvin_navigation/share/marvin_navigation/hook/cmake_prefix_path.ps1'
[0.806s] INFO:colcon.colcon_core.shell:Creating environment descriptor '/home/marvin/marvin/marvin_sim_ws/install/marvin_navigation/share/marvin_navigation/hook/cmake_prefix_path.dsv'
[0.806s] INFO:colcon.colcon_core.shell:Creating environment hook '/home/marvin/marvin/marvin_sim_ws/install/marvin_navigation/share/marvin_navigation/hook/cmake_prefix_path.sh'
[0.807s] Level 1:colcon.colcon_core.environment:checking '/home/marvin/marvin/marvin_sim_ws/install/marvin_navigation/bin'
[0.807s] Level 1:colcon.colcon_core.environment:checking '/home/marvin/marvin/marvin_sim_ws/install/marvin_navigation/lib/pkgconfig/marvin_navigation.pc'
[0.808s] Level 1:colcon.colcon_core.environment:checking '/home/marvin/marvin/marvin_sim_ws/install/marvin_navigation/lib/python3.8/site-packages'
[0.808s] Level 1:colcon.colcon_core.environment:checking '/home/marvin/marvin/marvin_sim_ws/install/marvin_navigation/bin'
[0.809s] INFO:colcon.colcon_core.shell:Creating package script '/home/marvin/marvin/marvin_sim_ws/install/marvin_navigation/share/marvin_navigation/package.ps1'
[0.810s] INFO:colcon.colcon_core.shell:Creating package descriptor '/home/marvin/marvin/marvin_sim_ws/install/marvin_navigation/share/marvin_navigation/package.dsv'
[0.811s] INFO:colcon.colcon_core.shell:Creating package script '/home/marvin/marvin/marvin_sim_ws/install/marvin_navigation/share/marvin_navigation/package.sh'
[0.811s] INFO:colcon.colcon_core.shell:Creating package script '/home/marvin/marvin/marvin_sim_ws/install/marvin_navigation/share/marvin_navigation/package.bash'
[0.812s] INFO:colcon.colcon_core.shell:Creating package script '/home/marvin/marvin/marvin_sim_ws/install/marvin_navigation/share/marvin_navigation/package.zsh'
[0.812s] Level 1:colcon.colcon_core.environment:create_file_with_runtime_dependencies(/home/marvin/marvin/marvin_sim_ws/install/marvin_navigation/share/colcon-core/packages/marvin_navigation)
[0.817s] Level 1:colcon.colcon_core.environment:create_environment_scripts_only(marvin_sim_bringup)
[0.820s] Level 1:colcon.colcon_core.environment:checking '/home/marvin/marvin/marvin_sim_ws/install/marvin_sim_bringup' for CMake module files
[0.820s] DEBUG:colcon.colcon_core.event_handler.log_command:Invoked command in '/home/marvin/marvin/marvin_sim_ws/build/marvin_sim_bringup' returned '0': CMAKE_PREFIX_PATH=${CMAKE_PREFIX_PATH}:/opt/ros/foxy /usr/bin/cmake --install /home/marvin/marvin/marvin_sim_ws/build/marvin_sim_bringup
[0.821s] Level 1:colcon.colcon_core.environment:checking '/home/marvin/marvin/marvin_sim_ws/install/marvin_sim_bringup' for CMake config files
[0.821s] Level 1:colcon.colcon_core.shell:create_environment_hook('marvin_sim_bringup', 'cmake_prefix_path')
[0.823s] INFO:colcon.colcon_core.shell:Creating environment hook '/home/marvin/marvin/marvin_sim_ws/install/marvin_sim_bringup/share/marvin_sim_bringup/hook/cmake_prefix_path.ps1'
[0.824s] INFO:colcon.colcon_core.shell:Creating environment descriptor '/home/marvin/marvin/marvin_sim_ws/install/marvin_sim_bringup/share/marvin_sim_bringup/hook/cmake_prefix_path.dsv'
[0.824s] INFO:colcon.colcon_core.shell:Creating environment hook '/home/marvin/marvin/marvin_sim_ws/install/marvin_sim_bringup/share/marvin_sim_bringup/hook/cmake_prefix_path.sh'
[0.825s] Level 1:colcon.colcon_core.environment:checking '/home/marvin/marvin/marvin_sim_ws/install/marvin_sim_bringup/bin'
[0.825s] Level 1:colcon.colcon_core.environment:checking '/home/marvin/marvin/marvin_sim_ws/install/marvin_sim_bringup/lib/pkgconfig/marvin_sim_bringup.pc'
[0.825s] Level 1:colcon.colcon_core.environment:checking '/home/marvin/marvin/marvin_sim_ws/install/marvin_sim_bringup/lib/python3.8/site-packages'
[0.825s] Level 1:colcon.colcon_core.environment:checking '/home/marvin/marvin/marvin_sim_ws/install/marvin_sim_bringup/bin'
[0.827s] INFO:colcon.colcon_core.shell:Creating package script '/home/marvin/marvin/marvin_sim_ws/install/marvin_sim_bringup/share/marvin_sim_bringup/package.ps1'
[0.828s] INFO:colcon.colcon_core.shell:Creating package descriptor '/home/marvin/marvin/marvin_sim_ws/install/marvin_sim_bringup/share/marvin_sim_bringup/package.dsv'
[0.828s] INFO:colcon.colcon_core.shell:Creating package script '/home/marvin/marvin/marvin_sim_ws/install/marvin_sim_bringup/share/marvin_sim_bringup/package.sh'
[0.828s] INFO:colcon.colcon_core.shell:Creating package script '/home/marvin/marvin/marvin_sim_ws/install/marvin_sim_bringup/share/marvin_sim_bringup/package.bash'
[0.829s] INFO:colcon.colcon_core.shell:Creating package script '/home/marvin/marvin/marvin_sim_ws/install/marvin_sim_bringup/share/marvin_sim_bringup/package.zsh'
[0.829s] Level 1:colcon.colcon_core.environment:create_file_with_runtime_dependencies(/home/marvin/marvin/marvin_sim_ws/install/marvin_sim_bringup/share/colcon-core/packages/marvin_sim_bringup)
[0.834s] Level 1:colcon.colcon_core.environment:create_environment_scripts_only(marvin_sim_gazebo)
[0.836s] Level 1:colcon.colcon_core.environment:checking '/home/marvin/marvin/marvin_sim_ws/install/marvin_sim_gazebo' for CMake module files
[0.837s] DEBUG:colcon.colcon_core.event_handler.log_command:Invoked command in '/home/marvin/marvin/marvin_sim_ws/build/marvin_sim_gazebo' returned '0': CMAKE_PREFIX_PATH=${CMAKE_PREFIX_PATH}:/opt/ros/foxy /usr/bin/cmake --install /home/marvin/marvin/marvin_sim_ws/build/marvin_sim_gazebo
[0.838s] Level 1:colcon.colcon_core.environment:checking '/home/marvin/marvin/marvin_sim_ws/install/marvin_sim_gazebo' for CMake config files
[0.838s] Level 1:colcon.colcon_core.shell:create_environment_hook('marvin_sim_gazebo', 'cmake_prefix_path')
[0.840s] INFO:colcon.colcon_core.shell:Creating environment hook '/home/marvin/marvin/marvin_sim_ws/install/marvin_sim_gazebo/share/marvin_sim_gazebo/hook/cmake_prefix_path.ps1'
[0.841s] INFO:colcon.colcon_core.shell:Creating environment descriptor '/home/marvin/marvin/marvin_sim_ws/install/marvin_sim_gazebo/share/marvin_sim_gazebo/hook/cmake_prefix_path.dsv'
[0.841s] INFO:colcon.colcon_core.shell:Creating environment hook '/home/marvin/marvin/marvin_sim_ws/install/marvin_sim_gazebo/share/marvin_sim_gazebo/hook/cmake_prefix_path.sh'
[0.842s] Level 1:colcon.colcon_core.environment:checking '/home/marvin/marvin/marvin_sim_ws/install/marvin_sim_gazebo/lib'
[0.843s] Level 1:colcon.colcon_core.environment:checking '/home/marvin/marvin/marvin_sim_ws/install/marvin_sim_gazebo/bin'
[0.843s] Level 1:colcon.colcon_core.environment:checking '/home/marvin/marvin/marvin_sim_ws/install/marvin_sim_gazebo/lib/pkgconfig/marvin_sim_gazebo.pc'
[0.843s] Level 1:colcon.colcon_core.environment:checking '/home/marvin/marvin/marvin_sim_ws/install/marvin_sim_gazebo/lib/python3.8/site-packages'
[0.843s] Level 1:colcon.colcon_core.shell:create_environment_hook('marvin_sim_gazebo', 'pythonpath')
[0.845s] INFO:colcon.colcon_core.shell:Creating environment hook '/home/marvin/marvin/marvin_sim_ws/install/marvin_sim_gazebo/share/marvin_sim_gazebo/hook/pythonpath.ps1'
[0.846s] INFO:colcon.colcon_core.shell:Creating environment descriptor '/home/marvin/marvin/marvin_sim_ws/install/marvin_sim_gazebo/share/marvin_sim_gazebo/hook/pythonpath.dsv'
[0.846s] INFO:colcon.colcon_core.shell:Creating environment hook '/home/marvin/marvin/marvin_sim_ws/install/marvin_sim_gazebo/share/marvin_sim_gazebo/hook/pythonpath.sh'
[0.847s] Level 1:colcon.colcon_core.environment:checking '/home/marvin/marvin/marvin_sim_ws/install/marvin_sim_gazebo/bin'
[0.848s] INFO:colcon.colcon_core.shell:Creating package script '/home/marvin/marvin/marvin_sim_ws/install/marvin_sim_gazebo/share/marvin_sim_gazebo/package.ps1'
[0.849s] INFO:colcon.colcon_core.shell:Creating package descriptor '/home/marvin/marvin/marvin_sim_ws/install/marvin_sim_gazebo/share/marvin_sim_gazebo/package.dsv'
[0.849s] INFO:colcon.colcon_core.shell:Creating package script '/home/marvin/marvin/marvin_sim_ws/install/marvin_sim_gazebo/share/marvin_sim_gazebo/package.sh'
[0.850s] INFO:colcon.colcon_core.shell:Creating package script '/home/marvin/marvin/marvin_sim_ws/install/marvin_sim_gazebo/share/marvin_sim_gazebo/package.bash'
[0.850s] INFO:colcon.colcon_core.shell:Creating package script '/home/marvin/marvin/marvin_sim_ws/install/marvin_sim_gazebo/share/marvin_sim_gazebo/package.zsh'
[0.851s] Level 1:colcon.colcon_core.environment:create_file_with_runtime_dependencies(/home/marvin/marvin/marvin_sim_ws/install/marvin_sim_gazebo/share/colcon-core/packages/marvin_sim_gazebo)
[0.856s] Level 1:colcon.colcon_core.environment:create_environment_scripts_only(marvin)
[0.859s] Level 1:colcon.colcon_core.environment:checking '/home/marvin/marvin/marvin_sim_ws/install/marvin' for CMake module files
[0.860s] Level 1:colcon.colcon_core.environment:checking '/home/marvin/marvin/marvin_sim_ws/install/marvin' for CMake config files
[0.860s] Level 1:colcon.colcon_core.shell:create_environment_hook('marvin', 'cmake_prefix_path')
[0.861s] INFO:colcon.colcon_core.shell:Creating environment hook '/home/marvin/marvin/marvin_sim_ws/install/marvin/share/marvin/hook/cmake_prefix_path.ps1'
[0.862s] INFO:colcon.colcon_core.shell:Creating environment descriptor '/home/marvin/marvin/marvin_sim_ws/install/marvin/share/marvin/hook/cmake_prefix_path.dsv'
[0.862s] INFO:colcon.colcon_core.shell:Creating environment hook '/home/marvin/marvin/marvin_sim_ws/install/marvin/share/marvin/hook/cmake_prefix_path.sh'
[0.863s] Level 1:colcon.colcon_core.environment:checking '/home/marvin/marvin/marvin_sim_ws/install/marvin/bin'
[0.863s] Level 1:colcon.colcon_core.environment:checking '/home/marvin/marvin/marvin_sim_ws/install/marvin/lib/pkgconfig/marvin.pc'
[0.864s] Level 1:colcon.colcon_core.environment:checking '/home/marvin/marvin/marvin_sim_ws/install/marvin/lib/python3.8/site-packages'
[0.864s] Level 1:colcon.colcon_core.environment:checking '/home/marvin/marvin/marvin_sim_ws/install/marvin/bin'
[0.866s] INFO:colcon.colcon_core.shell:Creating package script '/home/marvin/marvin/marvin_sim_ws/install/marvin/share/marvin/package.ps1'
[0.867s] INFO:colcon.colcon_core.shell:Creating package descriptor '/home/marvin/marvin/marvin_sim_ws/install/marvin/share/marvin/package.dsv'
[0.868s] INFO:colcon.colcon_core.shell:Creating package script '/home/marvin/marvin/marvin_sim_ws/install/marvin/share/marvin/package.sh'
[0.868s] INFO:colcon.colcon_core.shell:Creating package script '/home/marvin/marvin/marvin_sim_ws/install/marvin/share/marvin/package.bash'
[0.869s] INFO:colcon.colcon_core.shell:Creating package script '/home/marvin/marvin/marvin_sim_ws/install/marvin/share/marvin/package.zsh'
[0.869s] Level 1:colcon.colcon_core.environment:create_file_with_runtime_dependencies(/home/marvin/marvin/marvin_sim_ws/install/marvin/share/colcon-core/packages/marvin)
[0.873s] Level 1:colcon.colcon_core.environment:create_environment_scripts_only(marvin_description)
[0.875s] Level 1:colcon.colcon_core.environment:checking '/home/marvin/marvin/marvin_sim_ws/install/marvin_description' for CMake module files
[0.876s] Level 1:colcon.colcon_core.environment:checking '/home/marvin/marvin/marvin_sim_ws/install/marvin_description' for CMake config files
[0.876s] Level 1:colcon.colcon_core.shell:create_environment_hook('marvin_description', 'cmake_prefix_path')
[0.877s] INFO:colcon.colcon_core.shell:Creating environment hook '/home/marvin/marvin/marvin_sim_ws/install/marvin_description/share/marvin_description/hook/cmake_prefix_path.ps1'
[0.878s] INFO:colcon.colcon_core.shell:Creating environment descriptor '/home/marvin/marvin/marvin_sim_ws/install/marvin_description/share/marvin_description/hook/cmake_prefix_path.dsv'
[0.879s] INFO:colcon.colcon_core.shell:Creating environment hook '/home/marvin/marvin/marvin_sim_ws/install/marvin_description/share/marvin_description/hook/cmake_prefix_path.sh'
[0.879s] Level 1:colcon.colcon_core.environment:checking '/home/marvin/marvin/marvin_sim_ws/install/marvin_description/bin'
[0.880s] Level 1:colcon.colcon_core.environment:checking '/home/marvin/marvin/marvin_sim_ws/install/marvin_description/lib/pkgconfig/marvin_description.pc'
[0.880s] Level 1:colcon.colcon_core.environment:checking '/home/marvin/marvin/marvin_sim_ws/install/marvin_description/lib/python3.8/site-packages'
[0.880s] Level 1:colcon.colcon_core.environment:checking '/home/marvin/marvin/marvin_sim_ws/install/marvin_description/bin'
[0.881s] INFO:colcon.colcon_core.shell:Creating package script '/home/marvin/marvin/marvin_sim_ws/install/marvin_description/share/marvin_description/package.ps1'
[0.882s] INFO:colcon.colcon_core.shell:Creating package descriptor '/home/marvin/marvin/marvin_sim_ws/install/marvin_description/share/marvin_description/package.dsv'
[0.882s] INFO:colcon.colcon_core.shell:Creating package script '/home/marvin/marvin/marvin_sim_ws/install/marvin_description/share/marvin_description/package.sh'
[0.883s] INFO:colcon.colcon_core.shell:Creating package script '/home/marvin/marvin/marvin_sim_ws/install/marvin_description/share/marvin_description/package.bash'
[0.883s] INFO:colcon.colcon_core.shell:Creating package script '/home/marvin/marvin/marvin_sim_ws/install/marvin_description/share/marvin_description/package.zsh'
[0.884s] Level 1:colcon.colcon_core.environment:create_file_with_runtime_dependencies(/home/marvin/marvin/marvin_sim_ws/install/marvin_description/share/colcon-core/packages/marvin_description)
[0.887s] Level 1:colcon.colcon_core.environment:create_environment_scripts_only(marvin_navigation)
[0.888s] Level 1:colcon.colcon_core.environment:checking '/home/marvin/marvin/marvin_sim_ws/install/marvin_navigation' for CMake module files
[0.889s] Level 1:colcon.colcon_core.environment:checking '/home/marvin/marvin/marvin_sim_ws/install/marvin_navigation' for CMake config files
[0.890s] Level 1:colcon.colcon_core.shell:create_environment_hook('marvin_navigation', 'cmake_prefix_path')
[0.891s] INFO:colcon.colcon_core.shell:Creating environment hook '/home/marvin/marvin/marvin_sim_ws/install/marvin_navigation/share/marvin_navigation/hook/cmake_prefix_path.ps1'
[0.891s] INFO:colcon.colcon_core.shell:Creating environment descriptor '/home/marvin/marvin/marvin_sim_ws/install/marvin_navigation/share/marvin_navigation/hook/cmake_prefix_path.dsv'
[0.892s] INFO:colcon.colcon_core.shell:Creating environment hook '/home/marvin/marvin/marvin_sim_ws/install/marvin_navigation/share/marvin_navigation/hook/cmake_prefix_path.sh'
[0.892s] Level 1:colcon.colcon_core.environment:checking '/home/marvin/marvin/marvin_sim_ws/install/marvin_navigation/bin'
[0.892s] Level 1:colcon.colcon_core.environment:checking '/home/marvin/marvin/marvin_sim_ws/install/marvin_navigation/lib/pkgconfig/marvin_navigation.pc'
[0.893s] Level 1:colcon.colcon_core.environment:checking '/home/marvin/marvin/marvin_sim_ws/install/marvin_navigation/lib/python3.8/site-packages'
[0.893s] Level 1:colcon.colcon_core.environment:checking '/home/marvin/marvin/marvin_sim_ws/install/marvin_navigation/bin'
[0.894s] INFO:colcon.colcon_core.shell:Creating package script '/home/marvin/marvin/marvin_sim_ws/install/marvin_navigation/share/marvin_navigation/package.ps1'
[0.895s] INFO:colcon.colcon_core.shell:Creating package descriptor '/home/marvin/marvin/marvin_sim_ws/install/marvin_navigation/share/marvin_navigation/package.dsv'
[0.895s] INFO:colcon.colcon_core.shell:Creating package script '/home/marvin/marvin/marvin_sim_ws/install/marvin_navigation/share/marvin_navigation/package.sh'
[0.896s] INFO:colcon.colcon_core.shell:Creating package script '/home/marvin/marvin/marvin_sim_ws/install/marvin_navigation/share/marvin_navigation/package.bash'
[0.896s] INFO:colcon.colcon_core.shell:Creating package script '/home/marvin/marvin/marvin_sim_ws/install/marvin_navigation/share/marvin_navigation/package.zsh'
[0.897s] Level 1:colcon.colcon_core.environment:create_file_with_runtime_dependencies(/home/marvin/marvin/marvin_sim_ws/install/marvin_navigation/share/colcon-core/packages/marvin_navigation)
[0.898s] Level 1:colcon.colcon_core.environment:create_environment_scripts_only(marvin_sim_bringup)
[0.900s] Level 1:colcon.colcon_core.environment:checking '/home/marvin/marvin/marvin_sim_ws/install/marvin_sim_bringup' for CMake module files
[0.901s] Level 1:colcon.colcon_core.environment:checking '/home/marvin/marvin/marvin_sim_ws/install/marvin_sim_bringup' for CMake config files
[0.902s] Level 1:colcon.colcon_core.shell:create_environment_hook('marvin_sim_bringup', 'cmake_prefix_path')
[0.903s] INFO:colcon.colcon_core.shell:Creating environment hook '/home/marvin/marvin/marvin_sim_ws/install/marvin_sim_bringup/share/marvin_sim_bringup/hook/cmake_prefix_path.ps1'
[0.904s] INFO:colcon.colcon_core.shell:Creating environment descriptor '/home/marvin/marvin/marvin_sim_ws/install/marvin_sim_bringup/share/marvin_sim_bringup/hook/cmake_prefix_path.dsv'
[0.904s] INFO:colcon.colcon_core.shell:Creating environment hook '/home/marvin/marvin/marvin_sim_ws/install/marvin_sim_bringup/share/marvin_sim_bringup/hook/cmake_prefix_path.sh'
[0.905s] Level 1:colcon.colcon_core.environment:checking '/home/marvin/marvin/marvin_sim_ws/install/marvin_sim_bringup/bin'
[0.905s] Level 1:colcon.colcon_core.environment:checking '/home/marvin/marvin/marvin_sim_ws/install/marvin_sim_bringup/lib/pkgconfig/marvin_sim_bringup.pc'
[0.905s] Level 1:colcon.colcon_core.environment:checking '/home/marvin/marvin/marvin_sim_ws/install/marvin_sim_bringup/lib/python3.8/site-packages'
[0.905s] Level 1:colcon.colcon_core.environment:checking '/home/marvin/marvin/marvin_sim_ws/install/marvin_sim_bringup/bin'
[0.907s] INFO:colcon.colcon_core.shell:Creating package script '/home/marvin/marvin/marvin_sim_ws/install/marvin_sim_bringup/share/marvin_sim_bringup/package.ps1'
[0.907s] INFO:colcon.colcon_core.shell:Creating package descriptor '/home/marvin/marvin/marvin_sim_ws/install/marvin_sim_bringup/share/marvin_sim_bringup/package.dsv'
[0.908s] INFO:colcon.colcon_core.shell:Creating package script '/home/marvin/marvin/marvin_sim_ws/install/marvin_sim_bringup/share/marvin_sim_bringup/package.sh'
[0.909s] INFO:colcon.colcon_core.shell:Creating package script '/home/marvin/marvin/marvin_sim_ws/install/marvin_sim_bringup/share/marvin_sim_bringup/package.bash'
[0.910s] INFO:colcon.colcon_core.shell:Creating package script '/home/marvin/marvin/marvin_sim_ws/install/marvin_sim_bringup/share/marvin_sim_bringup/package.zsh'
[0.910s] Level 1:colcon.colcon_core.environment:create_file_with_runtime_dependencies(/home/marvin/marvin/marvin_sim_ws/install/marvin_sim_bringup/share/colcon-core/packages/marvin_sim_bringup)
[0.912s] Level 1:colcon.colcon_core.environment:create_environment_scripts_only(marvin_sim_gazebo)
[0.914s] Level 1:colcon.colcon_core.environment:checking '/home/marvin/marvin/marvin_sim_ws/install/marvin_sim_gazebo' for CMake module files
[0.916s] Level 1:colcon.colcon_core.environment:checking '/home/marvin/marvin/marvin_sim_ws/install/marvin_sim_gazebo' for CMake config files
[0.916s] Level 1:colcon.colcon_core.shell:create_environment_hook('marvin_sim_gazebo', 'cmake_prefix_path')
[0.918s] INFO:colcon.colcon_core.shell:Creating environment hook '/home/marvin/marvin/marvin_sim_ws/install/marvin_sim_gazebo/share/marvin_sim_gazebo/hook/cmake_prefix_path.ps1'
[0.918s] INFO:colcon.colcon_core.shell:Creating environment descriptor '/home/marvin/marvin/marvin_sim_ws/install/marvin_sim_gazebo/share/marvin_sim_gazebo/hook/cmake_prefix_path.dsv'
[0.919s] INFO:colcon.colcon_core.shell:Creating environment hook '/home/marvin/marvin/marvin_sim_ws/install/marvin_sim_gazebo/share/marvin_sim_gazebo/hook/cmake_prefix_path.sh'
[0.920s] Level 1:colcon.colcon_core.environment:checking '/home/marvin/marvin/marvin_sim_ws/install/marvin_sim_gazebo/lib'
[0.920s] Level 1:colcon.colcon_core.environment:checking '/home/marvin/marvin/marvin_sim_ws/install/marvin_sim_gazebo/bin'
[0.920s] Level 1:colcon.colcon_core.environment:checking '/home/marvin/marvin/marvin_sim_ws/install/marvin_sim_gazebo/lib/pkgconfig/marvin_sim_gazebo.pc'
[0.921s] Level 1:colcon.colcon_core.environment:checking '/home/marvin/marvin/marvin_sim_ws/install/marvin_sim_gazebo/lib/python3.8/site-packages'
[0.921s] Level 1:colcon.colcon_core.shell:create_environment_hook('marvin_sim_gazebo', 'pythonpath')
[0.922s] INFO:colcon.colcon_core.shell:Creating environment hook '/home/marvin/marvin/marvin_sim_ws/install/marvin_sim_gazebo/share/marvin_sim_gazebo/hook/pythonpath.ps1'
[0.923s] INFO:colcon.colcon_core.shell:Creating environment descriptor '/home/marvin/marvin/marvin_sim_ws/install/marvin_sim_gazebo/share/marvin_sim_gazebo/hook/pythonpath.dsv'
[0.923s] INFO:colcon.colcon_core.shell:Creating environment hook '/home/marvin/marvin/marvin_sim_ws/install/marvin_sim_gazebo/share/marvin_sim_gazebo/hook/pythonpath.sh'
[0.925s] Level 1:colcon.colcon_core.environment:checking '/home/marvin/marvin/marvin_sim_ws/install/marvin_sim_gazebo/bin'
[0.926s] INFO:colcon.colcon_core.shell:Creating package script '/home/marvin/marvin/marvin_sim_ws/install/marvin_sim_gazebo/share/marvin_sim_gazebo/package.ps1'
[0.928s] INFO:colcon.colcon_core.shell:Creating package descriptor '/home/marvin/marvin/marvin_sim_ws/install/marvin_sim_gazebo/share/marvin_sim_gazebo/package.dsv'
[0.928s] INFO:colcon.colcon_core.shell:Creating package script '/home/marvin/marvin/marvin_sim_ws/install/marvin_sim_gazebo/share/marvin_sim_gazebo/package.sh'
[0.929s] INFO:colcon.colcon_core.shell:Creating package script '/home/marvin/marvin/marvin_sim_ws/install/marvin_sim_gazebo/share/marvin_sim_gazebo/package.bash'
[0.930s] INFO:colcon.colcon_core.shell:Creating package script '/home/marvin/marvin/marvin_sim_ws/install/marvin_sim_gazebo/share/marvin_sim_gazebo/package.zsh'
[0.930s] Level 1:colcon.colcon_core.environment:create_file_with_runtime_dependencies(/home/marvin/marvin/marvin_sim_ws/install/marvin_sim_gazebo/share/colcon-core/packages/marvin_sim_gazebo)
[0.931s] DEBUG:colcon.colcon_parallel_executor.executor.parallel:closing loop
[0.932s] DEBUG:colcon.colcon_parallel_executor.executor.parallel:loop closed
[0.932s] DEBUG:colcon.colcon_parallel_executor.executor.parallel:run_until_complete finished with '0'
[0.932s] DEBUG:colcon.colcon_core.event_reactor:joining thread
[0.940s] INFO:colcon.colcon_core.plugin_system:Skipping extension 'colcon_notification.desktop_notification.terminal_notifier': Not used on non-Darwin systems
[0.941s] INFO:colcon.colcon_core.plugin_system:Skipping extension 'colcon_notification.desktop_notification.win32': Not used on non-Windows systems
[0.941s] INFO:colcon.colcon_notification.desktop_notification:Sending desktop notification using 'notify2'
[0.957s] DEBUG:colcon.colcon_core.event_reactor:joined thread
[0.958s] INFO:colcon.colcon_core.shell:Creating prefix script '/home/marvin/marvin/marvin_sim_ws/install/local_setup.ps1'
[0.959s] INFO:colcon.colcon_core.shell:Creating prefix util module '/home/marvin/marvin/marvin_sim_ws/install/_local_setup_util_ps1.py'
[0.961s] INFO:colcon.colcon_core.shell:Creating prefix chain script '/home/marvin/marvin/marvin_sim_ws/install/setup.ps1'
[0.963s] INFO:colcon.colcon_core.shell:Creating prefix script '/home/marvin/marvin/marvin_sim_ws/install/local_setup.sh'
[0.963s] INFO:colcon.colcon_core.shell:Creating prefix util module '/home/marvin/marvin/marvin_sim_ws/install/_local_setup_util_sh.py'
[0.964s] INFO:colcon.colcon_core.shell:Creating prefix chain script '/home/marvin/marvin/marvin_sim_ws/install/setup.sh'
[0.965s] INFO:colcon.colcon_core.shell:Creating prefix script '/home/marvin/marvin/marvin_sim_ws/install/local_setup.bash'
[0.966s] INFO:colcon.colcon_core.shell:Creating prefix chain script '/home/marvin/marvin/marvin_sim_ws/install/setup.bash'
[0.968s] INFO:colcon.colcon_core.shell:Creating prefix script '/home/marvin/marvin/marvin_sim_ws/install/local_setup.zsh'
[0.968s] INFO:colcon.colcon_core.shell:Creating prefix chain script '/home/marvin/marvin/marvin_sim_ws/install/setup.zsh'
