[0.060s] Invoking command in '/home/marvin/marvin/marvin_sim_ws/build/marvin_sim_bringup': CMAKE_PREFIX_PATH=${CMAKE_PREFIX_PATH}:/home/marvin/marvin/marvin_ws/install/marvincar_nav:/home/marvin/marvin/marvin_ws/install/marvincar_laser:/home/marvin/marvin/marvin_ws/install/marvincar_description:/home/marvin/marvin/marvin_ws/install/marvincar_ctrl:/home/marvin/marvin/marvin_ws/install/marvincar_bringup:/opt/ros/foxy /usr/bin/cmake /home/marvin/marvin/marvin_sim_ws/src/marvin_sim_bringup -DCMAKE_INSTALL_PREFIX=/home/marvin/marvin/marvin_sim_ws/install/marvin_sim_bringup
[0.301s] -- The C compiler identification is GNU 9.4.0
[0.487s] -- The CXX compiler identification is GNU 9.4.0
[0.508s] -- Check for working C compiler: /usr/bin/cc
[0.649s] -- Check for working C compiler: /usr/bin/cc -- works
[0.656s] -- Detecting C compiler ABI info
[0.792s] -- Detecting C compiler ABI info - done
[0.809s] -- Detecting C compile features
[0.809s] -- Detecting C compile features - done
[0.813s] -- Check for working CXX compiler: /usr/bin/c++
[0.949s] -- Check for working CXX compiler: /usr/bin/c++ -- works
[0.955s] -- Detecting CXX compiler ABI info
[1.113s] -- Detecting CXX compiler ABI info - done
[1.130s] -- Detecting CXX compile features
[1.131s] -- Detecting CXX compile features - done
[1.450s] -- Found ament_cmake: 0.9.12 (/opt/ros/foxy/share/ament_cmake/cmake)
[1.971s] -- Found PythonInterp: /usr/bin/python3 (found suitable version "3.8.10", minimum required is "3") 
[1.972s] -- Using PYTHON_EXECUTABLE: /usr/bin/python3
[3.856s] -- Found ament_lint_auto: 0.9.8 (/opt/ros/foxy/share/ament_lint_auto/cmake)
[4.390s] -- Added test 'flake8' to check Python code syntax and style conventions
[4.391s] -- Added test 'lint_cmake' to check CMake code style
[4.393s] -- Added test 'pep257' to check Python code against some of the style conventions in PEP 257
[4.396s] -- Added test 'xmllint' to check XML markup files
[4.402s] -- Configuring done
[4.406s] -- Generating done
[4.408s] -- Build files have been written to: /home/marvin/marvin/marvin_sim_ws/build/marvin_sim_bringup
[4.428s] Invoked command in '/home/marvin/marvin/marvin_sim_ws/build/marvin_sim_bringup' returned '0': CMAKE_PREFIX_PATH=${CMAKE_PREFIX_PATH}:/home/marvin/marvin/marvin_ws/install/marvincar_nav:/home/marvin/marvin/marvin_ws/install/marvincar_laser:/home/marvin/marvin/marvin_ws/install/marvincar_description:/home/marvin/marvin/marvin_ws/install/marvincar_ctrl:/home/marvin/marvin/marvin_ws/install/marvincar_bringup:/opt/ros/foxy /usr/bin/cmake /home/marvin/marvin/marvin_sim_ws/src/marvin_sim_bringup -DCMAKE_INSTALL_PREFIX=/home/marvin/marvin/marvin_sim_ws/install/marvin_sim_bringup
[4.435s] Invoking command in '/home/marvin/marvin/marvin_sim_ws/build/marvin_sim_bringup': CMAKE_PREFIX_PATH=${CMAKE_PREFIX_PATH}:/home/marvin/marvin/marvin_ws/install/marvincar_nav:/home/marvin/marvin/marvin_ws/install/marvincar_laser:/home/marvin/marvin/marvin_ws/install/marvincar_description:/home/marvin/marvin/marvin_ws/install/marvincar_ctrl:/home/marvin/marvin/marvin_ws/install/marvincar_bringup:/opt/ros/foxy /usr/bin/cmake --build /home/marvin/marvin/marvin_sim_ws/build/marvin_sim_bringup -- -j6 -l6
[4.518s] Invoked command in '/home/marvin/marvin/marvin_sim_ws/build/marvin_sim_bringup' returned '0': CMAKE_PREFIX_PATH=${CMAKE_PREFIX_PATH}:/home/marvin/marvin/marvin_ws/install/marvincar_nav:/home/marvin/marvin/marvin_ws/install/marvincar_laser:/home/marvin/marvin/marvin_ws/install/marvincar_description:/home/marvin/marvin/marvin_ws/install/marvincar_ctrl:/home/marvin/marvin/marvin_ws/install/marvincar_bringup:/opt/ros/foxy /usr/bin/cmake --build /home/marvin/marvin/marvin_sim_ws/build/marvin_sim_bringup -- -j6 -l6
[4.572s] Invoking command in '/home/marvin/marvin/marvin_sim_ws/build/marvin_sim_bringup': CMAKE_PREFIX_PATH=${CMAKE_PREFIX_PATH}:/home/marvin/marvin/marvin_ws/install/marvincar_nav:/home/marvin/marvin/marvin_ws/install/marvincar_laser:/home/marvin/marvin/marvin_ws/install/marvincar_description:/home/marvin/marvin/marvin_ws/install/marvincar_ctrl:/home/marvin/marvin/marvin_ws/install/marvincar_bringup:/opt/ros/foxy /usr/bin/cmake --install /home/marvin/marvin/marvin_sim_ws/build/marvin_sim_bringup
[4.590s] -- Install configuration: ""
[4.591s] -- Installing: /home/marvin/marvin/marvin_sim_ws/install/marvin_sim_bringup/share/marvin_sim_bringup/launch
[4.592s] -- Installing: /home/marvin/marvin/marvin_sim_ws/install/marvin_sim_bringup/share/marvin_sim_bringup/launch/joy_teleop.launch.py
[4.592s] -- Installing: /home/marvin/marvin/marvin_sim_ws/install/marvin_sim_bringup/share/marvin_sim_bringup/config
[4.593s] -- Installing: /home/marvin/marvin/marvin_sim_ws/install/marvin_sim_bringup/share/marvin_sim_bringup/config/joy.yaml
[4.593s] -- Installing: /home/marvin/marvin/marvin_sim_ws/install/marvin_sim_bringup/share/marvin_sim_bringup/config/twist_mux.yaml
[4.594s] -- Installing: /home/marvin/marvin/marvin_sim_ws/install/marvin_sim_bringup/share/ament_index/resource_index/package_run_dependencies/marvin_sim_bringup
[4.595s] -- Installing: /home/marvin/marvin/marvin_sim_ws/install/marvin_sim_bringup/share/ament_index/resource_index/parent_prefix_path/marvin_sim_bringup
[4.597s] -- Installing: /home/marvin/marvin/marvin_sim_ws/install/marvin_sim_bringup/share/marvin_sim_bringup/environment/ament_prefix_path.sh
[4.598s] -- Installing: /home/marvin/marvin/marvin_sim_ws/install/marvin_sim_bringup/share/marvin_sim_bringup/environment/ament_prefix_path.dsv
[4.598s] -- Installing: /home/marvin/marvin/marvin_sim_ws/install/marvin_sim_bringup/share/marvin_sim_bringup/environment/path.sh
[4.598s] -- Installing: /home/marvin/marvin/marvin_sim_ws/install/marvin_sim_bringup/share/marvin_sim_bringup/environment/path.dsv
[4.598s] -- Installing: /home/marvin/marvin/marvin_sim_ws/install/marvin_sim_bringup/share/marvin_sim_bringup/local_setup.bash
[4.598s] -- Installing: /home/marvin/marvin/marvin_sim_ws/install/marvin_sim_bringup/share/marvin_sim_bringup/local_setup.sh
[4.598s] -- Installing: /home/marvin/marvin/marvin_sim_ws/install/marvin_sim_bringup/share/marvin_sim_bringup/local_setup.zsh
[4.598s] -- Installing: /home/marvin/marvin/marvin_sim_ws/install/marvin_sim_bringup/share/marvin_sim_bringup/local_setup.dsv
[4.599s] -- Installing: /home/marvin/marvin/marvin_sim_ws/install/marvin_sim_bringup/share/marvin_sim_bringup/package.dsv
[4.600s] -- Installing: /home/marvin/marvin/marvin_sim_ws/install/marvin_sim_bringup/share/ament_index/resource_index/packages/marvin_sim_bringup
[4.600s] -- Installing: /home/marvin/marvin/marvin_sim_ws/install/marvin_sim_bringup/share/marvin_sim_bringup/cmake/marvin_sim_bringupConfig.cmake
[4.600s] -- Installing: /home/marvin/marvin/marvin_sim_ws/install/marvin_sim_bringup/share/marvin_sim_bringup/cmake/marvin_sim_bringupConfig-version.cmake
[4.600s] -- Installing: /home/marvin/marvin/marvin_sim_ws/install/marvin_sim_bringup/share/marvin_sim_bringup/package.xml
[4.678s] Invoked command in '/home/marvin/marvin/marvin_sim_ws/build/marvin_sim_bringup' returned '0': CMAKE_PREFIX_PATH=${CMAKE_PREFIX_PATH}:/home/marvin/marvin/marvin_ws/install/marvincar_nav:/home/marvin/marvin/marvin_ws/install/marvincar_laser:/home/marvin/marvin/marvin_ws/install/marvincar_description:/home/marvin/marvin/marvin_ws/install/marvincar_ctrl:/home/marvin/marvin/marvin_ws/install/marvincar_bringup:/opt/ros/foxy /usr/bin/cmake --install /home/marvin/marvin/marvin_sim_ws/build/marvin_sim_bringup
